model_id download_pretrained_from_hf: laion/CLIP-ViT-B-32-DataComp.XL-s13B-b90K
Official model name open-clip:laion/CLIP-ViT-B-32-DataComp.XL-s13B-b90K
Converting OpenCLIP weights
model_id download_pretrained_from_hf: laion/CLIP-ViT-B-32-DataComp.XL-s13B-b90K
visual projection shape torch.Size([768, 512])
visual projection shape torch.Size([768, 512])
Setting center_writing_weights to False for OpenCLIP
Setting fold_ln to False for OpenCLIP
Loaded pretrained model open-clip:laion/CLIP-ViT-B-32-DataComp.XL-s13B-b90K into HookedTransformer
Model loaded: open-clip:laion/CLIP-ViT-B-32-DataComp.XL-s13B-b90K
Number of layers: 12
Finished caching activations and image indices for 49984 images.

======== GPU REPORT ========

==============NVSMI LOG==============

Timestamp                                 : Sun Dec 15 15:31:36 2024
Driver Version                            : 535.161.08
CUDA Version                              : 12.2

Attached GPUs                             : 1
GPU 00000000:07:00.0
    Accounting Mode                       : Enabled
    Accounting Mode Buffer Size           : 4000
    Accounted Processes
        Process ID                        : 470384
            GPU Utilization               : 7 %
            Memory Utilization            : 1 %
            Max memory usage              : 1086 MiB
            Time                          : 1135141 ms
            Is Running                    : 0

Sun Dec 15 15:31:36 2024       
+---------------------------------------------------------------------------------------+
| NVIDIA-SMI 535.161.08             Driver Version: 535.161.08   CUDA Version: 12.2     |
|-----------------------------------------+----------------------+----------------------+
| GPU  Name                 Persistence-M | Bus-Id        Disp.A | Volatile Uncorr. ECC |
| Fan  Temp   Perf          Pwr:Usage/Cap |         Memory-Usage | GPU-Util  Compute M. |
|                                         |                      |               MIG M. |
|=========================================+======================+======================|
|   0  Tesla V100-SXM2-32GB-LS        On  | 00000000:07:00.0 Off |                    0 |
| N/A   34C    P0              48W / 163W |      0MiB / 32768MiB |     31%      Default |
|                                         |                      |                  N/A |
+-----------------------------------------+----------------------+----------------------+
                                                                                         
+---------------------------------------------------------------------------------------+
| Processes:                                                                            |
|  GPU   GI   CI        PID   Type   Process name                            GPU Memory |
|        ID   ID                                                             Usage      |
|=======================================================================================|
|  No running processes found                                                           |
+---------------------------------------------------------------------------------------+
