Loading training dataset
Found 3318333 annotations in TSV file
Successfully loaded image files from cache
Successfully loaded 2860642 valid image-annotation pairs from cache
model_id download_pretrained_from_hf: laion/CLIP-ViT-B-32-DataComp.XL-s13B-b90K
Official model name open-clip:laion/CLIP-ViT-B-32-DataComp.XL-s13B-b90K
Converting OpenCLIP weights
model_id download_pretrained_from_hf: laion/CLIP-ViT-B-32-DataComp.XL-s13B-b90K
visual projection shape torch.Size([768, 512])
visual projection shape torch.Size([768, 512])
Setting center_writing_weights to False for OpenCLIP
Setting fold_ln to False for OpenCLIP
Loaded pretrained model open-clip:laion/CLIP-ViT-B-32-DataComp.XL-s13B-b90K into HookedTransformer
Model loaded: open-clip:laion/CLIP-ViT-B-32-DataComp.XL-s13B-b90K

======== GPU REPORT ========

==============NVSMI LOG==============

Timestamp                                 : Thu Dec 12 23:16:35 2024
Driver Version                            : 560.35.03
CUDA Version                              : 12.6

Attached GPUs                             : 1
GPU 00000000:15:00.0
    Accounting Mode                       : Enabled
    Accounting Mode Buffer Size           : 4000
    Accounted Processes
        Process ID                        : 1763953
            GPU Utilization               : 4 %
            Memory Utilization            : 1 %
            Max memory usage              : 2164 MiB
            Time                          : 29261522 ms
            Is Running                    : 0

Thu Dec 12 23:16:35 2024       
+-----------------------------------------------------------------------------------------+
| NVIDIA-SMI 560.35.03              Driver Version: 560.35.03      CUDA Version: 12.6     |
|-----------------------------------------+------------------------+----------------------+
| GPU  Name                 Persistence-M | Bus-Id          Disp.A | Volatile Uncorr. ECC |
| Fan  Temp   Perf          Pwr:Usage/Cap |           Memory-Usage | GPU-Util  Compute M. |
|                                         |                        |               MIG M. |
|=========================================+========================+======================|
|   0  Tesla V100-SXM2-32GB           On  |   00000000:15:00.0 Off |                    0 |
| N/A   33C    P0             69W /  300W |       1MiB /  32768MiB |     34%      Default |
|                                         |                        |                  N/A |
+-----------------------------------------+------------------------+----------------------+
                                                                                         
+-----------------------------------------------------------------------------------------+
| Processes:                                                                              |
|  GPU   GI   CI        PID   Type   Process name                              GPU Memory |
|        ID   ID                                                               Usage      |
|=========================================================================================|
|  No running processes found                                                             |
+-----------------------------------------------------------------------------------------+
