Loading validation dataset
Found 15840 annotations in TSV file
Successfully loaded image files from cache
Successfully loaded 13204 valid image-annotation pairs from cache
model_id download_pretrained_from_hf: laion/CLIP-ViT-B-32-DataComp.XL-s13B-b90K
Official model name open-clip:laion/CLIP-ViT-B-32-DataComp.XL-s13B-b90K
Converting OpenCLIP weights
model_id download_pretrained_from_hf: laion/CLIP-ViT-B-32-DataComp.XL-s13B-b90K
visual projection shape torch.Size([768, 512])
visual projection shape torch.Size([768, 512])
Setting center_writing_weights to False for OpenCLIP
Setting fold_ln to False for OpenCLIP
Loaded pretrained model open-clip:laion/CLIP-ViT-B-32-DataComp.XL-s13B-b90K into HookedTransformer
Model loaded: open-clip:laion/CLIP-ViT-B-32-DataComp.XL-s13B-b90K
Number of layers: 12
Finished caching activations and image indices for 13204 images.

======== GPU REPORT ========

==============NVSMI LOG==============

Timestamp                                 : Fri Dec 13 14:42:14 2024
Driver Version                            : 560.35.03
CUDA Version                              : 12.6

Attached GPUs                             : 1
GPU 00000000:C4:00.0
    Accounting Mode                       : Enabled
    Accounting Mode Buffer Size           : 4000
    Accounted Processes
        Process ID                        : 2627698
            GPU Utilization               : 7 %
            Memory Utilization            : 4 %
            Max memory usage              : 1916 MiB
            Time                          : 216695 ms
            Is Running                    : 0

Fri Dec 13 14:42:14 2024       
+-----------------------------------------------------------------------------------------+
| NVIDIA-SMI 560.35.03              Driver Version: 560.35.03      CUDA Version: 12.6     |
|-----------------------------------------+------------------------+----------------------+
| GPU  Name                 Persistence-M | Bus-Id          Disp.A | Volatile Uncorr. ECC |
| Fan  Temp   Perf          Pwr:Usage/Cap |           Memory-Usage | GPU-Util  Compute M. |
|                                         |                        |               MIG M. |
|=========================================+========================+======================|
|   0  Quadro RTX 8000                On  |   00000000:C4:00.0 Off |                    0 |
| 32%   39C    P2             85W /  235W |       1MiB /  46080MiB |     19%      Default |
|                                         |                        |                  N/A |
+-----------------------------------------+------------------------+----------------------+
                                                                                         
+-----------------------------------------------------------------------------------------+
| Processes:                                                                              |
|  GPU   GI   CI        PID   Type   Process name                              GPU Memory |
|        ID   ID                                                               Usage      |
|=========================================================================================|
|  No running processes found                                                             |
+-----------------------------------------------------------------------------------------+
