Loading imagenet21k
model_id download_pretrained_from_hf: laion/CLIP-ViT-B-32-DataComp.XL-s13B-b90K
Official model name open-clip:laion/CLIP-ViT-B-32-DataComp.XL-s13B-b90K
Converting OpenCLIP weights
model_id download_pretrained_from_hf: laion/CLIP-ViT-B-32-DataComp.XL-s13B-b90K
visual projection shape torch.Size([768, 512])
visual projection shape torch.Size([768, 512])
Setting center_writing_weights to False for OpenCLIP
Setting fold_ln to False for OpenCLIP
Loaded pretrained model open-clip:laion/CLIP-ViT-B-32-DataComp.XL-s13B-b90K into HookedTransformer
Model loaded: open-clip:laion/CLIP-ViT-B-32-DataComp.XL-s13B-b90K
Number of layers: 12
Error processing image n01896844_997.JPEG: cannot identify image file <_io.BytesIO object at 0x7f51bd6aa340>
Error processing image n01678043_6448.JPEG: cannot identify image file <_io.BytesIO object at 0x7f51bd435a30>
Error processing image n04257684_9033.JPEG: cannot identify image file <_io.BytesIO object at 0x7f51bd5ceb10>
Error processing image n12353203_3849.JPEG: cannot identify image file <_io.BytesIO object at 0x7f51bd68fbf0>
Error processing image n09224725_3995.JPEG: cannot identify image file <_io.BytesIO object at 0x7f51bd542110>
Error processing image n02597972_5463.JPEG: cannot identify image file <_io.BytesIO object at 0x7f51bd28ad40>
Error processing image n04427559_2974.JPEG: cannot identify image file <_io.BytesIO object at 0x7f51bd4bed90>
Error processing image n02368116_318.JPEG: cannot identify image file <_io.BytesIO object at 0x7f51bd463a60>
Error processing image n09359803_8155.JPEG: cannot identify image file <_io.BytesIO object at 0x7f51bd3b9710>
Error processing image n09894445_7463.JPEG: cannot identify image file <_io.BytesIO object at 0x7f51bd2b28e0>
Error processing image n12630763_8018.JPEG: cannot identify image file <_io.BytesIO object at 0x7f51bd115760>
Error processing image n06470073_47249.JPEG: cannot identify image file <_io.BytesIO object at 0x7f51bd07f6f0>
Error processing image n07930062_4147.JPEG: cannot identify image file <_io.BytesIO object at 0x7f51bd06b330>
Error processing image n02428089_710.JPEG: cannot identify image file <_io.BytesIO object at 0x7f51bcaff970>
Error processing image n02487347_1956.JPEG: cannot identify image file <_io.BytesIO object at 0x7f51bcb41e40>
Error processing image n04135315_8814.JPEG: cannot identify image file <_io.BytesIO object at 0x7f51bcbd4ae0>
Error processing image n04135315_9318.JPEG: cannot identify image file <_io.BytesIO object at 0x7f51bcafd800>
Error processing image n03957420_8296.JPEG: cannot identify image file <_io.BytesIO object at 0x7f51bca54950>
Error processing image n03957420_30695.JPEG: cannot identify image file <_io.BytesIO object at 0x7f51bcb9bb50>
Error processing image n03957420_33553.JPEG: cannot identify image file <_io.BytesIO object at 0x7f51bca55210>

======== GPU REPORT ========

==============NVSMI LOG==============

Timestamp                                 : Fri Dec 27 19:08:42 2024
Driver Version                            : 560.35.03
CUDA Version                              : 12.6

Attached GPUs                             : 1
GPU 00000000:8A:00.0
    Accounting Mode                       : Enabled
    Accounting Mode Buffer Size           : 4000
    Accounted Processes
        Process ID                        : 2113181
            GPU Utilization               : 13 %
            Memory Utilization            : 4 %
            Max memory usage              : 1418 MiB
            Time                          : 100336421 ms
            Is Running                    : 0

Fri Dec 27 19:08:42 2024       
+-----------------------------------------------------------------------------------------+
| NVIDIA-SMI 560.35.03              Driver Version: 560.35.03      CUDA Version: 12.6     |
|-----------------------------------------+------------------------+----------------------+
| GPU  Name                 Persistence-M | Bus-Id          Disp.A | Volatile Uncorr. ECC |
| Fan  Temp   Perf          Pwr:Usage/Cap |           Memory-Usage | GPU-Util  Compute M. |
|                                         |                        |               MIG M. |
|=========================================+========================+======================|
|   0  Tesla V100-SXM2-32GB           On  |   00000000:8A:00.0 Off |                    0 |
| N/A   35C    P0             62W /  300W |       1MiB /  32768MiB |     24%      Default |
|                                         |                        |                  N/A |
+-----------------------------------------+------------------------+----------------------+
                                                                                         
+-----------------------------------------------------------------------------------------+
| Processes:                                                                              |
|  GPU   GI   CI        PID   Type   Process name                              GPU Memory |
|        ID   ID                                                               Usage      |
|=========================================================================================|
|  No running processes found                                                             |
+-----------------------------------------------------------------------------------------+
