Loading imagenet21k
model_id download_pretrained_from_hf: laion/CLIP-ViT-B-32-DataComp.XL-s13B-b90K
Official model name open-clip:laion/CLIP-ViT-B-32-DataComp.XL-s13B-b90K
Converting OpenCLIP weights
model_id download_pretrained_from_hf: laion/CLIP-ViT-B-32-DataComp.XL-s13B-b90K
visual projection shape torch.Size([768, 512])
visual projection shape torch.Size([768, 512])
Setting center_writing_weights to False for OpenCLIP
Setting fold_ln to False for OpenCLIP
Loaded pretrained model open-clip:laion/CLIP-ViT-B-32-DataComp.XL-s13B-b90K into HookedTransformer
Model loaded: open-clip:laion/CLIP-ViT-B-32-DataComp.XL-s13B-b90K
Number of layers: 12
Error processing image n01896844_997.JPEG: cannot identify image file <_io.BytesIO object at 0x7f0fcc5b4310>
Error processing image n01678043_6448.JPEG: cannot identify image file <_io.BytesIO object at 0x7f0fcc528db0>
Error processing image n04257684_9033.JPEG: cannot identify image file <_io.BytesIO object at 0x7f0fcc466de0>
Error processing image n12353203_3849.JPEG: cannot identify image file <_io.BytesIO object at 0x7f0fcc2427f0>
Error processing image n09224725_3995.JPEG: cannot identify image file <_io.BytesIO object at 0x7f0fcc370040>
Error processing image n02597972_5463.JPEG: cannot identify image file <_io.BytesIO object at 0x7f0fcc4fdfd0>
Error processing image n04427559_2974.JPEG: cannot identify image file <_io.BytesIO object at 0x7f0fcc2eb060>
Error processing image n02368116_318.JPEG: cannot identify image file <_io.BytesIO object at 0x7f0fcc3236f0>
Error processing image n09359803_8155.JPEG: cannot identify image file <_io.BytesIO object at 0x7f0fcc2dfce0>
Error processing image n09894445_7463.JPEG: cannot identify image file <_io.BytesIO object at 0x7f0fcc12ea20>
Error processing image n12630763_8018.JPEG: cannot identify image file <_io.BytesIO object at 0x7f0fc07cfbf0>
Error processing image n06470073_47249.JPEG: cannot identify image file <_io.BytesIO object at 0x7f0fc0645080>
Error processing image n07930062_4147.JPEG: cannot identify image file <_io.BytesIO object at 0x7f0fcc1fc7c0>
Error processing image n02428089_710.JPEG: cannot identify image file <_io.BytesIO object at 0x7f0fc04b8810>
Error processing image n02487347_1956.JPEG: cannot identify image file <_io.BytesIO object at 0x7f0fc0155a30>
Error processing image n04135315_8814.JPEG: cannot identify image file <_io.BytesIO object at 0x7f0fc013b560>
Error processing image n04135315_9318.JPEG: cannot identify image file <_io.BytesIO object at 0x7f0fc013a340>
Error processing image n03957420_8296.JPEG: cannot identify image file <_io.BytesIO object at 0x7f0fc03132e0>
Error processing image n03957420_30695.JPEG: cannot identify image file <_io.BytesIO object at 0x7f0fc0104c20>
Error processing image n03957420_33553.JPEG: cannot identify image file <_io.BytesIO object at 0x7f0fc02bf150>
Finished caching activations and image indices for 13153480 images.

======== GPU REPORT ========

==============NVSMI LOG==============

Timestamp                                 : Sun Dec 29 00:43:47 2024
Driver Version                            : 560.35.03
CUDA Version                              : 12.6

Attached GPUs                             : 1
GPU 00000000:A3:00.0
    Accounting Mode                       : Enabled
    Accounting Mode Buffer Size           : 4000
    Accounted Processes
        Process ID                        : 1113624
            GPU Utilization               : 19 %
            Memory Utilization            : 10 %
            Max memory usage              : 1242 MiB
            Time                          : 87929908 ms
            Is Running                    : 0

Sun Dec 29 00:43:48 2024       
+-----------------------------------------------------------------------------------------+
| NVIDIA-SMI 560.35.03              Driver Version: 560.35.03      CUDA Version: 12.6     |
|-----------------------------------------+------------------------+----------------------+
| GPU  Name                 Persistence-M | Bus-Id          Disp.A | Volatile Uncorr. ECC |
| Fan  Temp   Perf          Pwr:Usage/Cap |           Memory-Usage | GPU-Util  Compute M. |
|                                         |                        |               MIG M. |
|=========================================+========================+======================|
|   0  Quadro RTX 8000                On  |   00000000:A3:00.0 Off |                    0 |
| 33%   43C    P2             65W /  235W |       1MiB /  46080MiB |      0%      Default |
|                                         |                        |                  N/A |
+-----------------------------------------+------------------------+----------------------+
                                                                                         
+-----------------------------------------------------------------------------------------+
| Processes:                                                                              |
|  GPU   GI   CI        PID   Type   Process name                              GPU Memory |
|        ID   ID                                                               Usage      |
|=========================================================================================|
|  No running processes found                                                             |
+-----------------------------------------------------------------------------------------+
