{'n_layers': 12, 'd_model': 512, 'd_head': 64, 'model_name': '', 'n_heads': 8, 'd_mlp': 2048, 'activation_name': 'gelu', 'eps': 1e-05, 'original_architecture': 'vit_clip_vision_encoder', 'initializer_range': 0.02, 'n_channels': 3, 'patch_size': 32, 'image_size': 224, 'n_classes': 512, 'n_params': None, 'layer_norm_pre': True, 'return_type': 'class_logits'}
LayerNorm folded.
Centered weights writing to residual stream
Loaded pretrained model wkcn/TinyCLIP-ViT-40M-32-Text-19M-LAION400M into HookedTransformer
Neuron 36, Layer 7, SD intervals: (4.0, 5.0)
Saved image to /network/scratch/s/sonia.joseph/CLIP_AUDIT/sampled_images/TinyCLIP40M/layer_7/neuron_36/neuron_36_layer_7_top_k_only.png
Neuron 164, Layer 7, SD intervals: (4.0, 6.0)
Saved image to /network/scratch/s/sonia.joseph/CLIP_AUDIT/sampled_images/TinyCLIP40M/layer_7/neuron_164/neuron_164_layer_7_top_k_only.png
Neuron 206, Layer 7, SD intervals: (4.0, 6.0)
Saved image to /network/scratch/s/sonia.joseph/CLIP_AUDIT/sampled_images/TinyCLIP40M/layer_7/neuron_206/neuron_206_layer_7_top_k_only.png
Neuron 14, Layer 7, SD intervals: (4.0, 6.0)
Saved image to /network/scratch/s/sonia.joseph/CLIP_AUDIT/sampled_images/TinyCLIP40M/layer_7/neuron_14/neuron_14_layer_7_top_k_only.png
Neuron 9, Layer 7, SD intervals: (6.0, 8.0)
Saved image to /network/scratch/s/sonia.joseph/CLIP_AUDIT/sampled_images/TinyCLIP40M/layer_7/neuron_9/neuron_9_layer_7_top_k_only.png
Neuron 259, Layer 7, SD intervals: (4.0, 6.0)
Saved image to /network/scratch/s/sonia.joseph/CLIP_AUDIT/sampled_images/TinyCLIP40M/layer_7/neuron_259/neuron_259_layer_7_top_k_only.png
Neuron 487, Layer 7, SD intervals: (5.0, 7.0)
Saved image to /network/scratch/s/sonia.joseph/CLIP_AUDIT/sampled_images/TinyCLIP40M/layer_7/neuron_487/neuron_487_layer_7_top_k_only.png
Neuron 330, Layer 7, SD intervals: (4.0, 7.0)
Saved image to /network/scratch/s/sonia.joseph/CLIP_AUDIT/sampled_images/TinyCLIP40M/layer_7/neuron_330/neuron_330_layer_7_top_k_only.png
Neuron 458, Layer 7, SD intervals: (4.0, 6.0)
Saved image to /network/scratch/s/sonia.joseph/CLIP_AUDIT/sampled_images/TinyCLIP40M/layer_7/neuron_458/neuron_458_layer_7_top_k_only.png
Neuron 180, Layer 7, SD intervals: (4.0, 6.0)
Saved image to /network/scratch/s/sonia.joseph/CLIP_AUDIT/sampled_images/TinyCLIP40M/layer_7/neuron_180/neuron_180_layer_7_top_k_only.png
Neuron 302, Layer 7, SD intervals: (4.0, 6.0)
Saved image to /network/scratch/s/sonia.joseph/CLIP_AUDIT/sampled_images/TinyCLIP40M/layer_7/neuron_302/neuron_302_layer_7_top_k_only.png
Neuron 447, Layer 7, SD intervals: (4.0, 6.0)
Saved image to /network/scratch/s/sonia.joseph/CLIP_AUDIT/sampled_images/TinyCLIP40M/layer_7/neuron_447/neuron_447_layer_7_top_k_only.png
Neuron 250, Layer 7, SD intervals: (4.0, 6.0)
Saved image to /network/scratch/s/sonia.joseph/CLIP_AUDIT/sampled_images/TinyCLIP40M/layer_7/neuron_250/neuron_250_layer_7_top_k_only.png
Neuron 305, Layer 7, SD intervals: (4.0, 6.0)
Saved image to /network/scratch/s/sonia.joseph/CLIP_AUDIT/sampled_images/TinyCLIP40M/layer_7/neuron_305/neuron_305_layer_7_top_k_only.png
Neuron 129, Layer 7, SD intervals: (4.0, 6.0)
Saved image to /network/scratch/s/sonia.joseph/CLIP_AUDIT/sampled_images/TinyCLIP40M/layer_7/neuron_129/neuron_129_layer_7_top_k_only.png
Neuron 505, Layer 7, SD intervals: (4.0, 8.0)
Saved image to /network/scratch/s/sonia.joseph/CLIP_AUDIT/sampled_images/TinyCLIP40M/layer_7/neuron_505/neuron_505_layer_7_top_k_only.png
Neuron 88, Layer 7, SD intervals: (4.0, 6.0)
Saved image to /network/scratch/s/sonia.joseph/CLIP_AUDIT/sampled_images/TinyCLIP40M/layer_7/neuron_88/neuron_88_layer_7_top_k_only.png
Neuron 329, Layer 7, SD intervals: (5.0, 6.0)
Saved image to /network/scratch/s/sonia.joseph/CLIP_AUDIT/sampled_images/TinyCLIP40M/layer_7/neuron_329/neuron_329_layer_7_top_k_only.png
Neuron 20, Layer 7, SD intervals: (4.0, 6.0)
Saved image to /network/scratch/s/sonia.joseph/CLIP_AUDIT/sampled_images/TinyCLIP40M/layer_7/neuron_20/neuron_20_layer_7_top_k_only.png
Neuron 414, Layer 7, SD intervals: (4.0, 6.0)
Saved image to /network/scratch/s/sonia.joseph/CLIP_AUDIT/sampled_images/TinyCLIP40M/layer_7/neuron_414/neuron_414_layer_7_top_k_only.png
Neuron 229, Layer 7, SD intervals: (4.0, 6.0)
Saved image to /network/scratch/s/sonia.joseph/CLIP_AUDIT/sampled_images/TinyCLIP40M/layer_7/neuron_229/neuron_229_layer_7_top_k_only.png
Neuron 424, Layer 7, SD intervals: (5.0, 7.0)
Saved image to /network/scratch/s/sonia.joseph/CLIP_AUDIT/sampled_images/TinyCLIP40M/layer_7/neuron_424/neuron_424_layer_7_top_k_only.png
Neuron 375, Layer 7, SD intervals: (4.0, 6.0)
Saved image to /network/scratch/s/sonia.joseph/CLIP_AUDIT/sampled_images/TinyCLIP40M/layer_7/neuron_375/neuron_375_layer_7_top_k_only.png
Neuron 122, Layer 7, SD intervals: (4.0, 6.0)
Saved image to /network/scratch/s/sonia.joseph/CLIP_AUDIT/sampled_images/TinyCLIP40M/layer_7/neuron_122/neuron_122_layer_7_top_k_only.png
Neuron 276, Layer 7, SD intervals: (4.0, 6.0)
Saved image to /network/scratch/s/sonia.joseph/CLIP_AUDIT/sampled_images/TinyCLIP40M/layer_7/neuron_276/neuron_276_layer_7_top_k_only.png
Neuron 354, Layer 7, SD intervals: (5.0, 7.0)
Saved image to /network/scratch/s/sonia.joseph/CLIP_AUDIT/sampled_images/TinyCLIP40M/layer_7/neuron_354/neuron_354_layer_7_top_k_only.png
Neuron 271, Layer 7, SD intervals: (4.0, 6.0)
Saved image to /network/scratch/s/sonia.joseph/CLIP_AUDIT/sampled_images/TinyCLIP40M/layer_7/neuron_271/neuron_271_layer_7_top_k_only.png
Neuron 77, Layer 7, SD intervals: (4.0, 6.0)
Saved image to /network/scratch/s/sonia.joseph/CLIP_AUDIT/sampled_images/TinyCLIP40M/layer_7/neuron_77/neuron_77_layer_7_top_k_only.png
Neuron 503, Layer 7, SD intervals: (6.0, 8.0)
Saved image to /network/scratch/s/sonia.joseph/CLIP_AUDIT/sampled_images/TinyCLIP40M/layer_7/neuron_503/neuron_503_layer_7_top_k_only.png
Neuron 120, Layer 7, SD intervals: (4.0, 6.0)
Saved image to /network/scratch/s/sonia.joseph/CLIP_AUDIT/sampled_images/TinyCLIP40M/layer_7/neuron_120/neuron_120_layer_7_top_k_only.png
Neuron 463, Layer 7, SD intervals: (4.0, 6.0)
Saved image to /network/scratch/s/sonia.joseph/CLIP_AUDIT/sampled_images/TinyCLIP40M/layer_7/neuron_463/neuron_463_layer_7_top_k_only.png
Neuron 404, Layer 7, SD intervals: (4.0, 6.0)
Saved image to /network/scratch/s/sonia.joseph/CLIP_AUDIT/sampled_images/TinyCLIP40M/layer_7/neuron_404/neuron_404_layer_7_top_k_only.png
Neuron 336, Layer 7, SD intervals: (4.0, 6.0)
Saved image to /network/scratch/s/sonia.joseph/CLIP_AUDIT/sampled_images/TinyCLIP40M/layer_7/neuron_336/neuron_336_layer_7_top_k_only.png
Neuron 422, Layer 7, SD intervals: (5.0, 7.0)
Saved image to /network/scratch/s/sonia.joseph/CLIP_AUDIT/sampled_images/TinyCLIP40M/layer_7/neuron_422/neuron_422_layer_7_top_k_only.png
Neuron 417, Layer 7, SD intervals: (4.0, 6.0)
Saved image to /network/scratch/s/sonia.joseph/CLIP_AUDIT/sampled_images/TinyCLIP40M/layer_7/neuron_417/neuron_417_layer_7_top_k_only.png
Neuron 197, Layer 7, SD intervals: (4.0, 6.0)
Saved image to /network/scratch/s/sonia.joseph/CLIP_AUDIT/sampled_images/TinyCLIP40M/layer_7/neuron_197/neuron_197_layer_7_top_k_only.png
Neuron 234, Layer 7, SD intervals: (4.0, 6.0)
Saved image to /network/scratch/s/sonia.joseph/CLIP_AUDIT/sampled_images/TinyCLIP40M/layer_7/neuron_234/neuron_234_layer_7_top_k_only.png
Neuron 17, Layer 7, SD intervals: (5.0, 6.0)
Saved image to /network/scratch/s/sonia.joseph/CLIP_AUDIT/sampled_images/TinyCLIP40M/layer_7/neuron_17/neuron_17_layer_7_top_k_only.png
Neuron 407, Layer 7, SD intervals: (4.0, 6.0)
Saved image to /network/scratch/s/sonia.joseph/CLIP_AUDIT/sampled_images/TinyCLIP40M/layer_7/neuron_407/neuron_407_layer_7_top_k_only.png
Neuron 390, Layer 7, SD intervals: (4.0, 6.0)
Saved image to /network/scratch/s/sonia.joseph/CLIP_AUDIT/sampled_images/TinyCLIP40M/layer_7/neuron_390/neuron_390_layer_7_top_k_only.png
Neuron 18, Layer 7, SD intervals: (4.0, 6.0)
Saved image to /network/scratch/s/sonia.joseph/CLIP_AUDIT/sampled_images/TinyCLIP40M/layer_7/neuron_18/neuron_18_layer_7_top_k_only.png
Neuron 509, Layer 7, SD intervals: (5.0, 7.0)
Saved image to /network/scratch/s/sonia.joseph/CLIP_AUDIT/sampled_images/TinyCLIP40M/layer_7/neuron_509/neuron_509_layer_7_top_k_only.png
Neuron 165, Layer 7, SD intervals: (4.0, 6.0)
Saved image to /network/scratch/s/sonia.joseph/CLIP_AUDIT/sampled_images/TinyCLIP40M/layer_7/neuron_165/neuron_165_layer_7_top_k_only.png
Neuron 127, Layer 7, SD intervals: (5.0, 7.0)
Saved image to /network/scratch/s/sonia.joseph/CLIP_AUDIT/sampled_images/TinyCLIP40M/layer_7/neuron_127/neuron_127_layer_7_top_k_only.png
Neuron 462, Layer 7, SD intervals: (5.0, 6.0)
Saved image to /network/scratch/s/sonia.joseph/CLIP_AUDIT/sampled_images/TinyCLIP40M/layer_7/neuron_462/neuron_462_layer_7_top_k_only.png
Neuron 204, Layer 7, SD intervals: (4.0, 6.0)
Saved image to /network/scratch/s/sonia.joseph/CLIP_AUDIT/sampled_images/TinyCLIP40M/layer_7/neuron_204/neuron_204_layer_7_top_k_only.png
Neuron 56, Layer 7, SD intervals: (5.0, 7.0)
Saved image to /network/scratch/s/sonia.joseph/CLIP_AUDIT/sampled_images/TinyCLIP40M/layer_7/neuron_56/neuron_56_layer_7_top_k_only.png
Neuron 482, Layer 7, SD intervals: (4.0, 6.0)
Saved image to /network/scratch/s/sonia.joseph/CLIP_AUDIT/sampled_images/TinyCLIP40M/layer_7/neuron_482/neuron_482_layer_7_top_k_only.png
Neuron 106, Layer 7, SD intervals: (4.0, 6.0)
Saved image to /network/scratch/s/sonia.joseph/CLIP_AUDIT/sampled_images/TinyCLIP40M/layer_7/neuron_106/neuron_106_layer_7_top_k_only.png
Neuron 372, Layer 7, SD intervals: (4.0, 7.0)
Saved image to /network/scratch/s/sonia.joseph/CLIP_AUDIT/sampled_images/TinyCLIP40M/layer_7/neuron_372/neuron_372_layer_7_top_k_only.png
Neuron 386, Layer 7, SD intervals: (4.0, 5.0)
Saved image to /network/scratch/s/sonia.joseph/CLIP_AUDIT/sampled_images/TinyCLIP40M/layer_7/neuron_386/neuron_386_layer_7_top_k_only.png
Neuron 209, Layer 7, SD intervals: (4.0, 6.0)
Saved image to /network/scratch/s/sonia.joseph/CLIP_AUDIT/sampled_images/TinyCLIP40M/layer_7/neuron_209/neuron_209_layer_7_top_k_only.png
Neuron 202, Layer 7, SD intervals: (4.0, 6.0)
Saved image to /network/scratch/s/sonia.joseph/CLIP_AUDIT/sampled_images/TinyCLIP40M/layer_7/neuron_202/neuron_202_layer_7_top_k_only.png
Neuron 220, Layer 7, SD intervals: (4.0, 6.0)
Saved image to /network/scratch/s/sonia.joseph/CLIP_AUDIT/sampled_images/TinyCLIP40M/layer_7/neuron_220/neuron_220_layer_7_top_k_only.png
Neuron 400, Layer 7, SD intervals: (5.0, 7.0)
Saved image to /network/scratch/s/sonia.joseph/CLIP_AUDIT/sampled_images/TinyCLIP40M/layer_7/neuron_400/neuron_400_layer_7_top_k_only.png
Neuron 481, Layer 7, SD intervals: (4.0, 6.0)
Saved image to /network/scratch/s/sonia.joseph/CLIP_AUDIT/sampled_images/TinyCLIP40M/layer_7/neuron_481/neuron_481_layer_7_top_k_only.png
Neuron 147, Layer 7, SD intervals: (4.0, 6.0)
Saved image to /network/scratch/s/sonia.joseph/CLIP_AUDIT/sampled_images/TinyCLIP40M/layer_7/neuron_147/neuron_147_layer_7_top_k_only.png
Neuron 367, Layer 7, SD intervals: (4.0, 6.0)
Saved image to /network/scratch/s/sonia.joseph/CLIP_AUDIT/sampled_images/TinyCLIP40M/layer_7/neuron_367/neuron_367_layer_7_top_k_only.png
Neuron 11, Layer 7, SD intervals: (4.0, 6.0)
Saved image to /network/scratch/s/sonia.joseph/CLIP_AUDIT/sampled_images/TinyCLIP40M/layer_7/neuron_11/neuron_11_layer_7_top_k_only.png
Neuron 7, Layer 7, SD intervals: (5.0, 7.0)
Saved image to /network/scratch/s/sonia.joseph/CLIP_AUDIT/sampled_images/TinyCLIP40M/layer_7/neuron_7/neuron_7_layer_7_top_k_only.png
Neuron 464, Layer 7, SD intervals: (4.0, 5.0)
Saved image to /network/scratch/s/sonia.joseph/CLIP_AUDIT/sampled_images/TinyCLIP40M/layer_7/neuron_464/neuron_464_layer_7_top_k_only.png
Neuron 475, Layer 7, SD intervals: (4.0, 6.0)
Saved image to /network/scratch/s/sonia.joseph/CLIP_AUDIT/sampled_images/TinyCLIP40M/layer_7/neuron_475/neuron_475_layer_7_top_k_only.png
Neuron 236, Layer 7, SD intervals: (5.0, 7.0)
Saved image to /network/scratch/s/sonia.joseph/CLIP_AUDIT/sampled_images/TinyCLIP40M/layer_7/neuron_236/neuron_236_layer_7_top_k_only.png
Neuron 240, Layer 7, SD intervals: (4.0, 6.0)
Saved image to /network/scratch/s/sonia.joseph/CLIP_AUDIT/sampled_images/TinyCLIP40M/layer_7/neuron_240/neuron_240_layer_7_top_k_only.png
Neuron 63, Layer 7, SD intervals: (4.0, 7.0)
Saved image to /network/scratch/s/sonia.joseph/CLIP_AUDIT/sampled_images/TinyCLIP40M/layer_7/neuron_63/neuron_63_layer_7_top_k_only.png
Neuron 248, Layer 7, SD intervals: (4.0, 6.0)
Saved image to /network/scratch/s/sonia.joseph/CLIP_AUDIT/sampled_images/TinyCLIP40M/layer_7/neuron_248/neuron_248_layer_7_top_k_only.png
Neuron 506, Layer 7, SD intervals: (4.0, 6.0)
Saved image to /network/scratch/s/sonia.joseph/CLIP_AUDIT/sampled_images/TinyCLIP40M/layer_7/neuron_506/neuron_506_layer_7_top_k_only.png
Neuron 33, Layer 7, SD intervals: (4.0, 6.0)
Saved image to /network/scratch/s/sonia.joseph/CLIP_AUDIT/sampled_images/TinyCLIP40M/layer_7/neuron_33/neuron_33_layer_7_top_k_only.png
Neuron 31, Layer 7, SD intervals: (4.0, 6.0)
Saved image to /network/scratch/s/sonia.joseph/CLIP_AUDIT/sampled_images/TinyCLIP40M/layer_7/neuron_31/neuron_31_layer_7_top_k_only.png
Neuron 349, Layer 7, SD intervals: (4.0, 6.0)
Saved image to /network/scratch/s/sonia.joseph/CLIP_AUDIT/sampled_images/TinyCLIP40M/layer_7/neuron_349/neuron_349_layer_7_top_k_only.png
Neuron 199, Layer 7, SD intervals: (5.0, 7.0)
Saved image to /network/scratch/s/sonia.joseph/CLIP_AUDIT/sampled_images/TinyCLIP40M/layer_7/neuron_199/neuron_199_layer_7_top_k_only.png
Neuron 203, Layer 7, SD intervals: (4.0, 6.0)
Saved image to /network/scratch/s/sonia.joseph/CLIP_AUDIT/sampled_images/TinyCLIP40M/layer_7/neuron_203/neuron_203_layer_7_top_k_only.png
Neuron 75, Layer 7, SD intervals: (4.0, 6.0)
Saved image to /network/scratch/s/sonia.joseph/CLIP_AUDIT/sampled_images/TinyCLIP40M/layer_7/neuron_75/neuron_75_layer_7_top_k_only.png
Neuron 334, Layer 7, SD intervals: (4.0, 6.0)
Saved image to /network/scratch/s/sonia.joseph/CLIP_AUDIT/sampled_images/TinyCLIP40M/layer_7/neuron_334/neuron_334_layer_7_top_k_only.png
Neuron 252, Layer 7, SD intervals: (4.0, 6.0)
Saved image to /network/scratch/s/sonia.joseph/CLIP_AUDIT/sampled_images/TinyCLIP40M/layer_7/neuron_252/neuron_252_layer_7_top_k_only.png
Neuron 253, Layer 7, SD intervals: (5.0, 7.0)
Saved image to /network/scratch/s/sonia.joseph/CLIP_AUDIT/sampled_images/TinyCLIP40M/layer_7/neuron_253/neuron_253_layer_7_top_k_only.png
Neuron 445, Layer 7, SD intervals: (4.0, 6.0)
Saved image to /network/scratch/s/sonia.joseph/CLIP_AUDIT/sampled_images/TinyCLIP40M/layer_7/neuron_445/neuron_445_layer_7_top_k_only.png
Neuron 265, Layer 7, SD intervals: (4.0, 7.0)
Saved image to /network/scratch/s/sonia.joseph/CLIP_AUDIT/sampled_images/TinyCLIP40M/layer_7/neuron_265/neuron_265_layer_7_top_k_only.png
Neuron 79, Layer 7, SD intervals: (4.0, 6.0)
Saved image to /network/scratch/s/sonia.joseph/CLIP_AUDIT/sampled_images/TinyCLIP40M/layer_7/neuron_79/neuron_79_layer_7_top_k_only.png
Neuron 167, Layer 7, SD intervals: (4.0, 7.0)
Saved image to /network/scratch/s/sonia.joseph/CLIP_AUDIT/sampled_images/TinyCLIP40M/layer_7/neuron_167/neuron_167_layer_7_top_k_only.png
Neuron 212, Layer 7, SD intervals: (4.0, 6.0)
Saved image to /network/scratch/s/sonia.joseph/CLIP_AUDIT/sampled_images/TinyCLIP40M/layer_7/neuron_212/neuron_212_layer_7_top_k_only.png
Neuron 92, Layer 7, SD intervals: (4.0, 6.0)
Saved image to /network/scratch/s/sonia.joseph/CLIP_AUDIT/sampled_images/TinyCLIP40M/layer_7/neuron_92/neuron_92_layer_7_top_k_only.png
Neuron 383, Layer 7, SD intervals: (4.0, 6.0)
Saved image to /network/scratch/s/sonia.joseph/CLIP_AUDIT/sampled_images/TinyCLIP40M/layer_7/neuron_383/neuron_383_layer_7_top_k_only.png
Neuron 49, Layer 7, SD intervals: (4.0, 6.0)
Saved image to /network/scratch/s/sonia.joseph/CLIP_AUDIT/sampled_images/TinyCLIP40M/layer_7/neuron_49/neuron_49_layer_7_top_k_only.png
Neuron 3, Layer 7, SD intervals: (4.0, 6.0)
Saved image to /network/scratch/s/sonia.joseph/CLIP_AUDIT/sampled_images/TinyCLIP40M/layer_7/neuron_3/neuron_3_layer_7_top_k_only.png
Neuron 328, Layer 7, SD intervals: (4.0, 6.0)
Saved image to /network/scratch/s/sonia.joseph/CLIP_AUDIT/sampled_images/TinyCLIP40M/layer_7/neuron_328/neuron_328_layer_7_top_k_only.png
Neuron 381, Layer 7, SD intervals: (4.0, 7.0)
Saved image to /network/scratch/s/sonia.joseph/CLIP_AUDIT/sampled_images/TinyCLIP40M/layer_7/neuron_381/neuron_381_layer_7_top_k_only.png
Neuron 62, Layer 7, SD intervals: (4.0, 6.0)
Saved image to /network/scratch/s/sonia.joseph/CLIP_AUDIT/sampled_images/TinyCLIP40M/layer_7/neuron_62/neuron_62_layer_7_top_k_only.png
Neuron 493, Layer 7, SD intervals: (4.0, 6.0)
Saved image to /network/scratch/s/sonia.joseph/CLIP_AUDIT/sampled_images/TinyCLIP40M/layer_7/neuron_493/neuron_493_layer_7_top_k_only.png
Neuron 471, Layer 7, SD intervals: (4.0, 5.0)
Saved image to /network/scratch/s/sonia.joseph/CLIP_AUDIT/sampled_images/TinyCLIP40M/layer_7/neuron_471/neuron_471_layer_7_top_k_only.png
Neuron 25, Layer 7, SD intervals: (4.0, 6.0)
Saved image to /network/scratch/s/sonia.joseph/CLIP_AUDIT/sampled_images/TinyCLIP40M/layer_7/neuron_25/neuron_25_layer_7_top_k_only.png
Neuron 67, Layer 7, SD intervals: (4.0, 6.0)
Saved image to /network/scratch/s/sonia.joseph/CLIP_AUDIT/sampled_images/TinyCLIP40M/layer_7/neuron_67/neuron_67_layer_7_top_k_only.png
Neuron 118, Layer 7, SD intervals: (4.0, 6.0)
Saved image to /network/scratch/s/sonia.joseph/CLIP_AUDIT/sampled_images/TinyCLIP40M/layer_7/neuron_118/neuron_118_layer_7_top_k_only.png
Neuron 243, Layer 7, SD intervals: (4.0, 7.0)
Saved image to /network/scratch/s/sonia.joseph/CLIP_AUDIT/sampled_images/TinyCLIP40M/layer_7/neuron_243/neuron_243_layer_7_top_k_only.png
Neuron 260, Layer 7, SD intervals: (5.0, 8.0)
Saved image to /network/scratch/s/sonia.joseph/CLIP_AUDIT/sampled_images/TinyCLIP40M/layer_7/neuron_260/neuron_260_layer_7_top_k_only.png
Neuron 143, Layer 7, SD intervals: (5.0, 10.0)
Saved image to /network/scratch/s/sonia.joseph/CLIP_AUDIT/sampled_images/TinyCLIP40M/layer_7/neuron_143/neuron_143_layer_7_top_k_only.png
Neuron 117, Layer 7, SD intervals: (4.0, 6.0)
Saved image to /network/scratch/s/sonia.joseph/CLIP_AUDIT/sampled_images/TinyCLIP40M/layer_7/neuron_117/neuron_117_layer_7_top_k_only.png
Neuron 225, Layer 7, SD intervals: (4.0, 6.0)
Saved image to /network/scratch/s/sonia.joseph/CLIP_AUDIT/sampled_images/TinyCLIP40M/layer_7/neuron_225/neuron_225_layer_7_top_k_only.png
Neuron 436, Layer 7, SD intervals: (4.0, 6.0)
Saved image to /network/scratch/s/sonia.joseph/CLIP_AUDIT/sampled_images/TinyCLIP40M/layer_7/neuron_436/neuron_436_layer_7_top_k_only.png
Neuron 176, Layer 7, SD intervals: (4.0, 6.0)
Saved image to /network/scratch/s/sonia.joseph/CLIP_AUDIT/sampled_images/TinyCLIP40M/layer_7/neuron_176/neuron_176_layer_7_top_k_only.png

======== GPU REPORT ========

==============NVSMI LOG==============

Timestamp                                 : Thu Jul 11 11:30:02 2024
Driver Version                            : 535.161.08
CUDA Version                              : 12.2

Attached GPUs                             : 1
GPU 00000000:BD:00.0
    Accounting Mode                       : Enabled
    Accounting Mode Buffer Size           : 4000
    Accounted Processes
        Process ID                        : 2378321
            GPU Utilization               : 0 %
            Memory Utilization            : 0 %
            Max memory usage              : 684 MiB
            Time                          : 1999110 ms
            Is Running                    : 0

Thu Jul 11 11:30:02 2024       
+---------------------------------------------------------------------------------------+
| NVIDIA-SMI 535.161.08             Driver Version: 535.161.08   CUDA Version: 12.2     |
|-----------------------------------------+----------------------+----------------------+
| GPU  Name                 Persistence-M | Bus-Id        Disp.A | Volatile Uncorr. ECC |
| Fan  Temp   Perf          Pwr:Usage/Cap |         Memory-Usage | GPU-Util  Compute M. |
|                                         |                      |               MIG M. |
|=========================================+======================+======================|
|   0  NVIDIA A100-SXM4-40GB          On  | 00000000:BD:00.0 Off |                    0 |
| N/A   28C    P0              62W / 400W |      0MiB / 40960MiB |     12%      Default |
|                                         |                      |             Disabled |
+-----------------------------------------+----------------------+----------------------+
                                                                                         
+---------------------------------------------------------------------------------------+
| Processes:                                                                            |
|  GPU   GI   CI        PID   Type   Process name                            GPU Memory |
|        ID   ID                                                             Usage      |
|=======================================================================================|
|  No running processes found                                                           |
+---------------------------------------------------------------------------------------+
