{'n_layers': 12, 'd_model': 512, 'd_head': 64, 'model_name': '', 'n_heads': 8, 'd_mlp': 2048, 'activation_name': 'gelu', 'eps': 1e-05, 'original_architecture': 'vit_clip_vision_encoder', 'initializer_range': 0.02, 'n_channels': 3, 'patch_size': 32, 'image_size': 224, 'n_classes': 512, 'n_params': None, 'layer_norm_pre': True, 'return_type': 'class_logits'}
LayerNorm folded.
Centered weights writing to residual stream
Loaded pretrained model wkcn/TinyCLIP-ViT-40M-32-Text-19M-LAION400M into HookedTransformer
Neuron 146, Layer 10, SD intervals: (8.0, 10.0)
Saved image to /network/scratch/s/sonia.joseph/CLIP_AUDIT/sampled_images/TinyCLIP40M/layer_10/neuron_146/neuron_146_layer_10_top_k_only.png
Neuron 195, Layer 10, SD intervals: (8.0, 11.0)
Saved image to /network/scratch/s/sonia.joseph/CLIP_AUDIT/sampled_images/TinyCLIP40M/layer_10/neuron_195/neuron_195_layer_10_top_k_only.png
Neuron 63, Layer 10, SD intervals: (5.0, 10.0)
Saved image to /network/scratch/s/sonia.joseph/CLIP_AUDIT/sampled_images/TinyCLIP40M/layer_10/neuron_63/neuron_63_layer_10_top_k_only.png
Neuron 216, Layer 10, SD intervals: (4.0, 7.0)
Saved image to /network/scratch/s/sonia.joseph/CLIP_AUDIT/sampled_images/TinyCLIP40M/layer_10/neuron_216/neuron_216_layer_10_top_k_only.png
Neuron 424, Layer 10, SD intervals: (6.0, 8.0)
Saved image to /network/scratch/s/sonia.joseph/CLIP_AUDIT/sampled_images/TinyCLIP40M/layer_10/neuron_424/neuron_424_layer_10_top_k_only.png
Neuron 332, Layer 10, SD intervals: (6.0, 9.0)
Saved image to /network/scratch/s/sonia.joseph/CLIP_AUDIT/sampled_images/TinyCLIP40M/layer_10/neuron_332/neuron_332_layer_10_top_k_only.png
Neuron 278, Layer 10, SD intervals: (7.0, 9.0)
Saved image to /network/scratch/s/sonia.joseph/CLIP_AUDIT/sampled_images/TinyCLIP40M/layer_10/neuron_278/neuron_278_layer_10_top_k_only.png
Neuron 460, Layer 10, SD intervals: (6.0, 9.0)
Saved image to /network/scratch/s/sonia.joseph/CLIP_AUDIT/sampled_images/TinyCLIP40M/layer_10/neuron_460/neuron_460_layer_10_top_k_only.png
Neuron 225, Layer 10, SD intervals: (6.0, 8.0)
Saved image to /network/scratch/s/sonia.joseph/CLIP_AUDIT/sampled_images/TinyCLIP40M/layer_10/neuron_225/neuron_225_layer_10_top_k_only.png
Neuron 477, Layer 10, SD intervals: (6.0, 9.0)
Saved image to /network/scratch/s/sonia.joseph/CLIP_AUDIT/sampled_images/TinyCLIP40M/layer_10/neuron_477/neuron_477_layer_10_top_k_only.png
Neuron 479, Layer 10, SD intervals: (5.0, 9.0)
Saved image to /network/scratch/s/sonia.joseph/CLIP_AUDIT/sampled_images/TinyCLIP40M/layer_10/neuron_479/neuron_479_layer_10_top_k_only.png
Neuron 348, Layer 10, SD intervals: (6.0, 8.0)
Saved image to /network/scratch/s/sonia.joseph/CLIP_AUDIT/sampled_images/TinyCLIP40M/layer_10/neuron_348/neuron_348_layer_10_top_k_only.png
Neuron 53, Layer 10, SD intervals: (6.0, 10.0)
Saved image to /network/scratch/s/sonia.joseph/CLIP_AUDIT/sampled_images/TinyCLIP40M/layer_10/neuron_53/neuron_53_layer_10_top_k_only.png
Neuron 118, Layer 10, SD intervals: (6.0, 8.0)
Saved image to /network/scratch/s/sonia.joseph/CLIP_AUDIT/sampled_images/TinyCLIP40M/layer_10/neuron_118/neuron_118_layer_10_top_k_only.png
Neuron 136, Layer 10, SD intervals: (6.0, 8.0)
Saved image to /network/scratch/s/sonia.joseph/CLIP_AUDIT/sampled_images/TinyCLIP40M/layer_10/neuron_136/neuron_136_layer_10_top_k_only.png
Neuron 364, Layer 10, SD intervals: (5.0, 8.0)
Saved image to /network/scratch/s/sonia.joseph/CLIP_AUDIT/sampled_images/TinyCLIP40M/layer_10/neuron_364/neuron_364_layer_10_top_k_only.png
Neuron 73, Layer 10, SD intervals: (6.0, 11.0)
Saved image to /network/scratch/s/sonia.joseph/CLIP_AUDIT/sampled_images/TinyCLIP40M/layer_10/neuron_73/neuron_73_layer_10_top_k_only.png
Neuron 157, Layer 10, SD intervals: (5.0, 8.0)
Saved image to /network/scratch/s/sonia.joseph/CLIP_AUDIT/sampled_images/TinyCLIP40M/layer_10/neuron_157/neuron_157_layer_10_top_k_only.png
Neuron 294, Layer 10, SD intervals: (6.0, 9.0)
Saved image to /network/scratch/s/sonia.joseph/CLIP_AUDIT/sampled_images/TinyCLIP40M/layer_10/neuron_294/neuron_294_layer_10_top_k_only.png
Neuron 323, Layer 10, SD intervals: (6.0, 8.0)
Saved image to /network/scratch/s/sonia.joseph/CLIP_AUDIT/sampled_images/TinyCLIP40M/layer_10/neuron_323/neuron_323_layer_10_top_k_only.png
Neuron 188, Layer 10, SD intervals: (5.0, 8.0)
Saved image to /network/scratch/s/sonia.joseph/CLIP_AUDIT/sampled_images/TinyCLIP40M/layer_10/neuron_188/neuron_188_layer_10_top_k_only.png
Neuron 480, Layer 10, SD intervals: (5.0, 8.0)
Saved image to /network/scratch/s/sonia.joseph/CLIP_AUDIT/sampled_images/TinyCLIP40M/layer_10/neuron_480/neuron_480_layer_10_top_k_only.png
Neuron 380, Layer 10, SD intervals: (6.0, 8.0)
Saved image to /network/scratch/s/sonia.joseph/CLIP_AUDIT/sampled_images/TinyCLIP40M/layer_10/neuron_380/neuron_380_layer_10_top_k_only.png
Neuron 359, Layer 10, SD intervals: (7.0, 9.0)
Saved image to /network/scratch/s/sonia.joseph/CLIP_AUDIT/sampled_images/TinyCLIP40M/layer_10/neuron_359/neuron_359_layer_10_top_k_only.png
Neuron 213, Layer 10, SD intervals: (6.0, 8.0)
Saved image to /network/scratch/s/sonia.joseph/CLIP_AUDIT/sampled_images/TinyCLIP40M/layer_10/neuron_213/neuron_213_layer_10_top_k_only.png
Neuron 321, Layer 10, SD intervals: (7.0, 10.0)
Saved image to /network/scratch/s/sonia.joseph/CLIP_AUDIT/sampled_images/TinyCLIP40M/layer_10/neuron_321/neuron_321_layer_10_top_k_only.png
Neuron 367, Layer 10, SD intervals: (9.0, 14.0)
Saved image to /network/scratch/s/sonia.joseph/CLIP_AUDIT/sampled_images/TinyCLIP40M/layer_10/neuron_367/neuron_367_layer_10_top_k_only.png
Neuron 8, Layer 10, SD intervals: (6.0, 8.0)
Saved image to /network/scratch/s/sonia.joseph/CLIP_AUDIT/sampled_images/TinyCLIP40M/layer_10/neuron_8/neuron_8_layer_10_top_k_only.png
Neuron 137, Layer 10, SD intervals: (6.0, 10.0)
Saved image to /network/scratch/s/sonia.joseph/CLIP_AUDIT/sampled_images/TinyCLIP40M/layer_10/neuron_137/neuron_137_layer_10_top_k_only.png
Neuron 506, Layer 10, SD intervals: (5.0, 9.0)
Saved image to /network/scratch/s/sonia.joseph/CLIP_AUDIT/sampled_images/TinyCLIP40M/layer_10/neuron_506/neuron_506_layer_10_top_k_only.png
Neuron 214, Layer 10, SD intervals: (5.0, 8.0)
Saved image to /network/scratch/s/sonia.joseph/CLIP_AUDIT/sampled_images/TinyCLIP40M/layer_10/neuron_214/neuron_214_layer_10_top_k_only.png
Neuron 88, Layer 10, SD intervals: (6.0, 8.0)
Saved image to /network/scratch/s/sonia.joseph/CLIP_AUDIT/sampled_images/TinyCLIP40M/layer_10/neuron_88/neuron_88_layer_10_top_k_only.png
Neuron 99, Layer 10, SD intervals: (7.0, 10.0)
Saved image to /network/scratch/s/sonia.joseph/CLIP_AUDIT/sampled_images/TinyCLIP40M/layer_10/neuron_99/neuron_99_layer_10_top_k_only.png
Neuron 236, Layer 10, SD intervals: (6.0, 8.0)
Saved image to /network/scratch/s/sonia.joseph/CLIP_AUDIT/sampled_images/TinyCLIP40M/layer_10/neuron_236/neuron_236_layer_10_top_k_only.png
Neuron 338, Layer 10, SD intervals: (7.0, 9.0)
Saved image to /network/scratch/s/sonia.joseph/CLIP_AUDIT/sampled_images/TinyCLIP40M/layer_10/neuron_338/neuron_338_layer_10_top_k_only.png
Neuron 344, Layer 10, SD intervals: (5.0, 8.0)
Saved image to /network/scratch/s/sonia.joseph/CLIP_AUDIT/sampled_images/TinyCLIP40M/layer_10/neuron_344/neuron_344_layer_10_top_k_only.png
Neuron 119, Layer 10, SD intervals: (6.0, 9.0)
Saved image to /network/scratch/s/sonia.joseph/CLIP_AUDIT/sampled_images/TinyCLIP40M/layer_10/neuron_119/neuron_119_layer_10_top_k_only.png
Neuron 472, Layer 10, SD intervals: (7.0, 10.0)
Saved image to /network/scratch/s/sonia.joseph/CLIP_AUDIT/sampled_images/TinyCLIP40M/layer_10/neuron_472/neuron_472_layer_10_top_k_only.png
Neuron 33, Layer 10, SD intervals: (6.0, 8.0)
Saved image to /network/scratch/s/sonia.joseph/CLIP_AUDIT/sampled_images/TinyCLIP40M/layer_10/neuron_33/neuron_33_layer_10_top_k_only.png
Neuron 68, Layer 10, SD intervals: (6.0, 9.0)
Saved image to /network/scratch/s/sonia.joseph/CLIP_AUDIT/sampled_images/TinyCLIP40M/layer_10/neuron_68/neuron_68_layer_10_top_k_only.png
Neuron 205, Layer 10, SD intervals: (6.0, 9.0)
Saved image to /network/scratch/s/sonia.joseph/CLIP_AUDIT/sampled_images/TinyCLIP40M/layer_10/neuron_205/neuron_205_layer_10_top_k_only.png
Neuron 6, Layer 10, SD intervals: (5.0, 7.0)
Saved image to /network/scratch/s/sonia.joseph/CLIP_AUDIT/sampled_images/TinyCLIP40M/layer_10/neuron_6/neuron_6_layer_10_top_k_only.png
Neuron 105, Layer 10, SD intervals: (6.0, 8.0)
Saved image to /network/scratch/s/sonia.joseph/CLIP_AUDIT/sampled_images/TinyCLIP40M/layer_10/neuron_105/neuron_105_layer_10_top_k_only.png
Neuron 113, Layer 10, SD intervals: (7.0, 10.0)
Saved image to /network/scratch/s/sonia.joseph/CLIP_AUDIT/sampled_images/TinyCLIP40M/layer_10/neuron_113/neuron_113_layer_10_top_k_only.png
Neuron 112, Layer 10, SD intervals: (5.0, 8.0)
Saved image to /network/scratch/s/sonia.joseph/CLIP_AUDIT/sampled_images/TinyCLIP40M/layer_10/neuron_112/neuron_112_layer_10_top_k_only.png
Neuron 446, Layer 10, SD intervals: (7.0, 10.0)
Saved image to /network/scratch/s/sonia.joseph/CLIP_AUDIT/sampled_images/TinyCLIP40M/layer_10/neuron_446/neuron_446_layer_10_top_k_only.png
Neuron 379, Layer 10, SD intervals: (7.0, 10.0)
Saved image to /network/scratch/s/sonia.joseph/CLIP_AUDIT/sampled_images/TinyCLIP40M/layer_10/neuron_379/neuron_379_layer_10_top_k_only.png
Neuron 439, Layer 10, SD intervals: (7.0, 10.0)
Saved image to /network/scratch/s/sonia.joseph/CLIP_AUDIT/sampled_images/TinyCLIP40M/layer_10/neuron_439/neuron_439_layer_10_top_k_only.png
Neuron 193, Layer 10, SD intervals: (6.0, 8.0)
Saved image to /network/scratch/s/sonia.joseph/CLIP_AUDIT/sampled_images/TinyCLIP40M/layer_10/neuron_193/neuron_193_layer_10_top_k_only.png
Neuron 259, Layer 10, SD intervals: (6.0, 9.0)
Saved image to /network/scratch/s/sonia.joseph/CLIP_AUDIT/sampled_images/TinyCLIP40M/layer_10/neuron_259/neuron_259_layer_10_top_k_only.png
Neuron 397, Layer 10, SD intervals: (6.0, 9.0)
Saved image to /network/scratch/s/sonia.joseph/CLIP_AUDIT/sampled_images/TinyCLIP40M/layer_10/neuron_397/neuron_397_layer_10_top_k_only.png
Neuron 237, Layer 10, SD intervals: (6.0, 9.0)
Saved image to /network/scratch/s/sonia.joseph/CLIP_AUDIT/sampled_images/TinyCLIP40M/layer_10/neuron_237/neuron_237_layer_10_top_k_only.png
Neuron 131, Layer 10, SD intervals: (6.0, 9.0)
Saved image to /network/scratch/s/sonia.joseph/CLIP_AUDIT/sampled_images/TinyCLIP40M/layer_10/neuron_131/neuron_131_layer_10_top_k_only.png
Neuron 504, Layer 10, SD intervals: (6.0, 9.0)
Saved image to /network/scratch/s/sonia.joseph/CLIP_AUDIT/sampled_images/TinyCLIP40M/layer_10/neuron_504/neuron_504_layer_10_top_k_only.png
Neuron 306, Layer 10, SD intervals: (7.0, 10.0)
Saved image to /network/scratch/s/sonia.joseph/CLIP_AUDIT/sampled_images/TinyCLIP40M/layer_10/neuron_306/neuron_306_layer_10_top_k_only.png
Neuron 318, Layer 10, SD intervals: (6.0, 10.0)
Saved image to /network/scratch/s/sonia.joseph/CLIP_AUDIT/sampled_images/TinyCLIP40M/layer_10/neuron_318/neuron_318_layer_10_top_k_only.png
Neuron 491, Layer 10, SD intervals: (6.0, 8.0)
Saved image to /network/scratch/s/sonia.joseph/CLIP_AUDIT/sampled_images/TinyCLIP40M/layer_10/neuron_491/neuron_491_layer_10_top_k_only.png
Neuron 445, Layer 10, SD intervals: (9.0, 12.0)
Saved image to /network/scratch/s/sonia.joseph/CLIP_AUDIT/sampled_images/TinyCLIP40M/layer_10/neuron_445/neuron_445_layer_10_top_k_only.png
Neuron 16, Layer 10, SD intervals: (6.0, 8.0)
Saved image to /network/scratch/s/sonia.joseph/CLIP_AUDIT/sampled_images/TinyCLIP40M/layer_10/neuron_16/neuron_16_layer_10_top_k_only.png
Neuron 47, Layer 10, SD intervals: (7.0, 9.0)
Saved image to /network/scratch/s/sonia.joseph/CLIP_AUDIT/sampled_images/TinyCLIP40M/layer_10/neuron_47/neuron_47_layer_10_top_k_only.png
Neuron 443, Layer 10, SD intervals: (6.0, 11.0)
Saved image to /network/scratch/s/sonia.joseph/CLIP_AUDIT/sampled_images/TinyCLIP40M/layer_10/neuron_443/neuron_443_layer_10_top_k_only.png
Neuron 393, Layer 10, SD intervals: (4.0, 6.0)
Saved image to /network/scratch/s/sonia.joseph/CLIP_AUDIT/sampled_images/TinyCLIP40M/layer_10/neuron_393/neuron_393_layer_10_top_k_only.png
Neuron 246, Layer 10, SD intervals: (6.0, 9.0)
Saved image to /network/scratch/s/sonia.joseph/CLIP_AUDIT/sampled_images/TinyCLIP40M/layer_10/neuron_246/neuron_246_layer_10_top_k_only.png
Neuron 473, Layer 10, SD intervals: (7.0, 9.0)
Saved image to /network/scratch/s/sonia.joseph/CLIP_AUDIT/sampled_images/TinyCLIP40M/layer_10/neuron_473/neuron_473_layer_10_top_k_only.png
Neuron 13, Layer 10, SD intervals: (6.0, 8.0)
Saved image to /network/scratch/s/sonia.joseph/CLIP_AUDIT/sampled_images/TinyCLIP40M/layer_10/neuron_13/neuron_13_layer_10_top_k_only.png
Neuron 29, Layer 10, SD intervals: (6.0, 10.0)
Saved image to /network/scratch/s/sonia.joseph/CLIP_AUDIT/sampled_images/TinyCLIP40M/layer_10/neuron_29/neuron_29_layer_10_top_k_only.png
Neuron 262, Layer 10, SD intervals: (6.0, 9.0)
Saved image to /network/scratch/s/sonia.joseph/CLIP_AUDIT/sampled_images/TinyCLIP40M/layer_10/neuron_262/neuron_262_layer_10_top_k_only.png
Neuron 251, Layer 10, SD intervals: (5.0, 7.0)
Saved image to /network/scratch/s/sonia.joseph/CLIP_AUDIT/sampled_images/TinyCLIP40M/layer_10/neuron_251/neuron_251_layer_10_top_k_only.png
Neuron 353, Layer 10, SD intervals: (6.0, 9.0)
Saved image to /network/scratch/s/sonia.joseph/CLIP_AUDIT/sampled_images/TinyCLIP40M/layer_10/neuron_353/neuron_353_layer_10_top_k_only.png
Neuron 499, Layer 10, SD intervals: (7.0, 10.0)
Saved image to /network/scratch/s/sonia.joseph/CLIP_AUDIT/sampled_images/TinyCLIP40M/layer_10/neuron_499/neuron_499_layer_10_top_k_only.png
Neuron 501, Layer 10, SD intervals: (7.0, 9.0)
Saved image to /network/scratch/s/sonia.joseph/CLIP_AUDIT/sampled_images/TinyCLIP40M/layer_10/neuron_501/neuron_501_layer_10_top_k_only.png
Neuron 211, Layer 10, SD intervals: (6.0, 9.0)
Saved image to /network/scratch/s/sonia.joseph/CLIP_AUDIT/sampled_images/TinyCLIP40M/layer_10/neuron_211/neuron_211_layer_10_top_k_only.png
Neuron 163, Layer 10, SD intervals: (7.0, 12.0)
Saved image to /network/scratch/s/sonia.joseph/CLIP_AUDIT/sampled_images/TinyCLIP40M/layer_10/neuron_163/neuron_163_layer_10_top_k_only.png
Neuron 50, Layer 10, SD intervals: (5.0, 7.0)
Saved image to /network/scratch/s/sonia.joseph/CLIP_AUDIT/sampled_images/TinyCLIP40M/layer_10/neuron_50/neuron_50_layer_10_top_k_only.png
Neuron 438, Layer 10, SD intervals: (5.0, 7.0)
Saved image to /network/scratch/s/sonia.joseph/CLIP_AUDIT/sampled_images/TinyCLIP40M/layer_10/neuron_438/neuron_438_layer_10_top_k_only.png
Neuron 465, Layer 10, SD intervals: (6.0, 8.0)
Saved image to /network/scratch/s/sonia.joseph/CLIP_AUDIT/sampled_images/TinyCLIP40M/layer_10/neuron_465/neuron_465_layer_10_top_k_only.png
Neuron 281, Layer 10, SD intervals: (7.0, 13.0)
Saved image to /network/scratch/s/sonia.joseph/CLIP_AUDIT/sampled_images/TinyCLIP40M/layer_10/neuron_281/neuron_281_layer_10_top_k_only.png
Neuron 27, Layer 10, SD intervals: (6.0, 9.0)
Saved image to /network/scratch/s/sonia.joseph/CLIP_AUDIT/sampled_images/TinyCLIP40M/layer_10/neuron_27/neuron_27_layer_10_top_k_only.png
Neuron 111, Layer 10, SD intervals: (7.0, 9.0)
Saved image to /network/scratch/s/sonia.joseph/CLIP_AUDIT/sampled_images/TinyCLIP40M/layer_10/neuron_111/neuron_111_layer_10_top_k_only.png
Neuron 464, Layer 10, SD intervals: (6.0, 9.0)
Saved image to /network/scratch/s/sonia.joseph/CLIP_AUDIT/sampled_images/TinyCLIP40M/layer_10/neuron_464/neuron_464_layer_10_top_k_only.png
Neuron 301, Layer 10, SD intervals: (7.0, 10.0)
Saved image to /network/scratch/s/sonia.joseph/CLIP_AUDIT/sampled_images/TinyCLIP40M/layer_10/neuron_301/neuron_301_layer_10_top_k_only.png
Neuron 72, Layer 10, SD intervals: (5.0, 9.0)
Saved image to /network/scratch/s/sonia.joseph/CLIP_AUDIT/sampled_images/TinyCLIP40M/layer_10/neuron_72/neuron_72_layer_10_top_k_only.png
Neuron 177, Layer 10, SD intervals: (5.0, 7.0)
Saved image to /network/scratch/s/sonia.joseph/CLIP_AUDIT/sampled_images/TinyCLIP40M/layer_10/neuron_177/neuron_177_layer_10_top_k_only.png
Neuron 92, Layer 10, SD intervals: (6.0, 10.0)
Saved image to /network/scratch/s/sonia.joseph/CLIP_AUDIT/sampled_images/TinyCLIP40M/layer_10/neuron_92/neuron_92_layer_10_top_k_only.png
Neuron 261, Layer 10, SD intervals: (8.0, 11.0)
Saved image to /network/scratch/s/sonia.joseph/CLIP_AUDIT/sampled_images/TinyCLIP40M/layer_10/neuron_261/neuron_261_layer_10_top_k_only.png
Neuron 222, Layer 10, SD intervals: (7.0, 10.0)
Saved image to /network/scratch/s/sonia.joseph/CLIP_AUDIT/sampled_images/TinyCLIP40M/layer_10/neuron_222/neuron_222_layer_10_top_k_only.png
Neuron 339, Layer 10, SD intervals: (7.0, 9.0)
Saved image to /network/scratch/s/sonia.joseph/CLIP_AUDIT/sampled_images/TinyCLIP40M/layer_10/neuron_339/neuron_339_layer_10_top_k_only.png
Neuron 116, Layer 10, SD intervals: (6.0, 9.0)
Saved image to /network/scratch/s/sonia.joseph/CLIP_AUDIT/sampled_images/TinyCLIP40M/layer_10/neuron_116/neuron_116_layer_10_top_k_only.png
Neuron 41, Layer 10, SD intervals: (6.0, 8.0)
Saved image to /network/scratch/s/sonia.joseph/CLIP_AUDIT/sampled_images/TinyCLIP40M/layer_10/neuron_41/neuron_41_layer_10_top_k_only.png
Neuron 201, Layer 10, SD intervals: (6.0, 10.0)
Saved image to /network/scratch/s/sonia.joseph/CLIP_AUDIT/sampled_images/TinyCLIP40M/layer_10/neuron_201/neuron_201_layer_10_top_k_only.png
Neuron 184, Layer 10, SD intervals: (6.0, 8.0)
Saved image to /network/scratch/s/sonia.joseph/CLIP_AUDIT/sampled_images/TinyCLIP40M/layer_10/neuron_184/neuron_184_layer_10_top_k_only.png
Neuron 486, Layer 10, SD intervals: (6.0, 10.0)
Saved image to /network/scratch/s/sonia.joseph/CLIP_AUDIT/sampled_images/TinyCLIP40M/layer_10/neuron_486/neuron_486_layer_10_top_k_only.png
Neuron 430, Layer 10, SD intervals: (7.0, 10.0)
Saved image to /network/scratch/s/sonia.joseph/CLIP_AUDIT/sampled_images/TinyCLIP40M/layer_10/neuron_430/neuron_430_layer_10_top_k_only.png
Neuron 231, Layer 10, SD intervals: (6.0, 10.0)
Saved image to /network/scratch/s/sonia.joseph/CLIP_AUDIT/sampled_images/TinyCLIP40M/layer_10/neuron_231/neuron_231_layer_10_top_k_only.png
Neuron 129, Layer 10, SD intervals: (6.0, 9.0)
Saved image to /network/scratch/s/sonia.joseph/CLIP_AUDIT/sampled_images/TinyCLIP40M/layer_10/neuron_129/neuron_129_layer_10_top_k_only.png
Neuron 356, Layer 10, SD intervals: (5.0, 7.0)
Saved image to /network/scratch/s/sonia.joseph/CLIP_AUDIT/sampled_images/TinyCLIP40M/layer_10/neuron_356/neuron_356_layer_10_top_k_only.png
Neuron 435, Layer 10, SD intervals: (8.0, 10.0)
Saved image to /network/scratch/s/sonia.joseph/CLIP_AUDIT/sampled_images/TinyCLIP40M/layer_10/neuron_435/neuron_435_layer_10_top_k_only.png
Neuron 227, Layer 10, SD intervals: (7.0, 9.0)
Saved image to /network/scratch/s/sonia.joseph/CLIP_AUDIT/sampled_images/TinyCLIP40M/layer_10/neuron_227/neuron_227_layer_10_top_k_only.png
Neuron 362, Layer 10, SD intervals: (7.0, 10.0)
Saved image to /network/scratch/s/sonia.joseph/CLIP_AUDIT/sampled_images/TinyCLIP40M/layer_10/neuron_362/neuron_362_layer_10_top_k_only.png
Neuron 361, Layer 10, SD intervals: (6.0, 10.0)
Saved image to /network/scratch/s/sonia.joseph/CLIP_AUDIT/sampled_images/TinyCLIP40M/layer_10/neuron_361/neuron_361_layer_10_top_k_only.png

======== GPU REPORT ========

==============NVSMI LOG==============

Timestamp                                 : Thu Jul 11 11:29:57 2024
Driver Version                            : 535.161.08
CUDA Version                              : 12.2

Attached GPUs                             : 1
GPU 00000000:07:00.0
    Accounting Mode                       : Enabled
    Accounting Mode Buffer Size           : 4000
    Accounted Processes
        Process ID                        : 2385788
            GPU Utilization               : 0 %
            Memory Utilization            : 0 %
            Max memory usage              : 684 MiB
            Time                          : 1992416 ms
            Is Running                    : 0

Thu Jul 11 11:29:57 2024       
+---------------------------------------------------------------------------------------+
| NVIDIA-SMI 535.161.08             Driver Version: 535.161.08   CUDA Version: 12.2     |
|-----------------------------------------+----------------------+----------------------+
| GPU  Name                 Persistence-M | Bus-Id        Disp.A | Volatile Uncorr. ECC |
| Fan  Temp   Perf          Pwr:Usage/Cap |         Memory-Usage | GPU-Util  Compute M. |
|                                         |                      |               MIG M. |
|=========================================+======================+======================|
|   0  NVIDIA A100-SXM4-40GB          On  | 00000000:07:00.0 Off |                    0 |
| N/A   26C    P0              61W / 400W |      0MiB / 40960MiB |      6%      Default |
|                                         |                      |             Disabled |
+-----------------------------------------+----------------------+----------------------+
                                                                                         
+---------------------------------------------------------------------------------------+
| Processes:                                                                            |
|  GPU   GI   CI        PID   Type   Process name                            GPU Memory |
|        ID   ID                                                             Usage      |
|=======================================================================================|
|  No running processes found                                                           |
+---------------------------------------------------------------------------------------+
