{'n_layers': 12, 'd_model': 512, 'd_head': 64, 'model_name': '', 'n_heads': 8, 'd_mlp': 2048, 'activation_name': 'gelu', 'eps': 1e-05, 'original_architecture': 'vit_clip_vision_encoder', 'initializer_range': 0.02, 'n_channels': 3, 'patch_size': 32, 'image_size': 224, 'n_classes': 512, 'n_params': None, 'layer_norm_pre': True, 'return_type': 'class_logits'}
LayerNorm folded.
Centered weights writing to residual stream
Loaded pretrained model wkcn/TinyCLIP-ViT-40M-32-Text-19M-LAION400M into HookedTransformer
Neuron 374 in layer 5 already processed. Skipping.
Neuron 51 in layer 5 already processed. Skipping.
Neuron 208 in layer 5 already processed. Skipping.
Neuron 116 in layer 5 already processed. Skipping.
Neuron 427 in layer 5 already processed. Skipping.
Neuron 493 in layer 5 already processed. Skipping.
Skipping interval (-6.0, -5.0, -0.3709438741207123, -0.3493815958499908) as it has less than 20 images
Skipping interval (5.0, 6.0, 0.139460489153862, 0.1461190283298492) as it has less than 20 images
Skipping interval (-6.0, -5.0, -0.2160043120384216, -0.1879685223102569) as it has less than 20 images
Skipping interval (5.0, 6.0, 0.2704947888851166, 0.3136767745018005) as it has less than 20 images
Skipping interval (-6.0, -5.0, -0.2603369057178497, -0.2317289113998413) as it has less than 20 images
Skipping interval (5.0, 6.0, 0.2518623471260071, 0.2518623471260071) as it has less than 20 images
Skipping interval (-6.0, -5.0, -0.2416718304157257, -0.2407145500183105) as it has less than 20 images
Skipping interval (5.0, 6.0, 0.2748740017414093, 0.2943079769611358) as it has less than 20 images
Skipping interval (-6.0, -5.0, -0.2435499131679535, -0.2165630161762237) as it has less than 20 images
Skipping interval (5.0, 6.0, 0.245882511138916, 0.2659496963024139) as it has less than 20 images
Skipping interval (-6.0, -5.0, -0.2818657159805298, -0.2389939725399017) as it has less than 20 images
Skipping interval (5.0, 6.0, 0.2823716700077057, 0.2823716700077057) as it has less than 20 images
Skipping interval (-6.0, -5.0, -0.2762997448444366, -0.2457633912563324) as it has less than 20 images
Skipping interval (5.0, 6.0, 0.2471131384372711, 0.2634846568107605) as it has less than 20 images
Skipping interval (-6.0, -5.0, -0.2762728035449981, -0.2438198775053024) as it has less than 20 images
Skipping interval (5.0, 6.0, 0.2287835478782653, 0.2287835478782653) as it has less than 20 images
Skipping interval (-7.0, -6.0, -0.2510809898376465, -0.2433614432811737) as it has less than 20 images
Skipping interval (5.0, 6.0, 0.2801501750946045, 0.2821480631828308) as it has less than 20 images
Skipping interval (-7.0, -6.0, -0.2950455248355865, -0.2950455248355865) as it has less than 20 images
Skipping interval (5.0, 6.0, 0.2785690426826477, 0.2785690426826477) as it has less than 20 images
Skipping interval (-6.0, -5.0, -0.2930301129817962, -0.2826973795890808) as it has less than 20 images
Skipping interval (5.0, 6.0, 0.2049906551837921, 0.2409352660179138) as it has less than 20 images
Skipping interval (-6.0, -5.0, -0.2230921685695648, -0.2230921685695648) as it has less than 20 images
Skipping interval (5.0, 6.0, 0.2389266341924667, 0.2761799991130829) as it has less than 20 images
Skipping interval (6.0, 7.0, 0.2817833721637726, 0.2890385389328003) as it has less than 20 images
Skipping interval (-6.0, -5.0, -0.2968958020210266, -0.2469565868377685) as it has less than 20 images
Skipping interval (6.0, 7.0, 0.3274840712547302, 0.3407735526561737) as it has less than 20 images
Skipping interval (-6.0, -5.0, -0.1730434000492096, -0.1730434000492096) as it has less than 20 images
Neuron 198 in layer 5 already processed. Skipping.
Skipping interval (-6.0, -5.0, -0.2259352505207061, -0.2167569398880005) as it has less than 20 images
Skipping interval (6.0, 7.0, 0.2963980138301849, 0.2963980138301849) as it has less than 20 images
Skipping interval (7.0, 8.0, 0.3464636504650116, 0.3464636504650116) as it has less than 20 images
Neuron 173 in layer 5 already processed. Skipping.
Skipping interval (-6.0, -5.0, -0.234683483839035, -0.2104629725217819) as it has less than 20 images
Skipping interval (5.0, 6.0, 0.2332304418087005, 0.2730133533477783) as it has less than 20 images
Skipping interval (6.0, 7.0, 0.2797994911670685, 0.2797994911670685) as it has less than 20 images
Neuron 123 in layer 5 already processed. Skipping.
Skipping interval (-6.0, -5.0, -0.2402041852474212, -0.2285094857215881) as it has less than 20 images
Skipping interval (5.0, 6.0, 0.2199185490608215, 0.2224874794483184) as it has less than 20 images
Neuron 187 in layer 5 already processed. Skipping.
Skipping interval (-7.0, -6.0, -0.2552691102027893, -0.2552691102027893) as it has less than 20 images
Skipping interval (5.0, 6.0, 0.2575460970401764, 0.2952626049518585) as it has less than 20 images
Neuron 126 in layer 5 already processed. Skipping.
Skipping interval (-8.0, -7.0, -0.3313945233821869, -0.3284139931201935) as it has less than 20 images
Skipping interval (-7.0, -6.0, -0.2858524024486542, -0.2783937156200409) as it has less than 20 images
Skipping interval (-6.0, -5.0, -0.2644609212875366, -0.225863978266716) as it has less than 20 images
Skipping interval (5.0, 6.0, 0.2154856920242309, 0.2190463244915008) as it has less than 20 images
Neuron 140 in layer 5 already processed. Skipping.
Skipping interval (-6.0, -5.0, -0.3009147942066192, -0.2794690728187561) as it has less than 20 images
Skipping interval (5.0, 6.0, 0.2172655761241912, 0.2448004484176635) as it has less than 20 images
Neuron 139 in layer 5 already processed. Skipping.
Skipping interval (-7.0, -6.0, -0.2906799018383026, -0.2899833619594574) as it has less than 20 images
Skipping interval (5.0, 6.0, 0.2077778279781341, 0.2266906052827835) as it has less than 20 images
Neuron 327 in layer 5 already processed. Skipping.
Skipping interval (-6.0, -5.0, -0.2613954842090606, -0.223261147737503) as it has less than 20 images
Skipping interval (5.0, 6.0, 0.2468546032905578, 0.2744925618171692) as it has less than 20 images
Neuron 114 in layer 5 already processed. Skipping.
Skipping interval (-6.0, -5.0, -0.2349660098552703, -0.2082188129425048) as it has less than 20 images
Skipping interval (5.0, 6.0, 0.2850380837917328, 0.3137555718421936) as it has less than 20 images
Neuron 201 in layer 5 already processed. Skipping.
Skipping interval (5.0, 6.0, 0.2461772859096527, 0.2634421288967132) as it has less than 20 images
Neuron 127 in layer 5 already processed. Skipping.
Skipping interval (-6.0, -5.0, -0.2321885526180267, -0.2030085325241089) as it has less than 20 images
Skipping interval (5.0, 6.0, 0.2765101492404938, 0.2765101492404938) as it has less than 20 images
Neuron 471 in layer 5 already processed. Skipping.
Skipping interval (-6.0, -5.0, -0.205548882484436, -0.205548882484436) as it has less than 20 images
Skipping interval (5.0, 6.0, 0.2758203744888305, 0.2758203744888305) as it has less than 20 images
Neuron 342 in layer 5 already processed. Skipping.
Skipping interval (-6.0, -5.0, -0.2733799517154693, -0.24049112200737) as it has less than 20 images
Skipping interval (5.0, 6.0, 0.2444630861282348, 0.2525782585144043) as it has less than 20 images
Neuron 438 in layer 5 already processed. Skipping.
Skipping interval (-6.0, -5.0, -0.2687319219112396, -0.2429704964160919) as it has less than 20 images
Skipping interval (5.0, 6.0, 0.2439401298761367, 0.2868260145187378) as it has less than 20 images
Neuron 62 in layer 5 already processed. Skipping.
Skipping interval (-6.0, -5.0, -0.2770963907241821, -0.2524298727512359) as it has less than 20 images
Skipping interval (5.0, 6.0, 0.2516884207725525, 0.2516884207725525) as it has less than 20 images
Skipping interval (-6.0, -5.0, -0.2297812104225158, -0.2279317378997802) as it has less than 20 images
Skipping interval (5.0, 6.0, 0.1992314159870147, 0.2242562025785446) as it has less than 20 images
Skipping interval (-7.0, -6.0, -0.2656252086162567, -0.25958451628685) as it has less than 20 images
Skipping interval (5.0, 6.0, 0.2647678256034851, 0.2647678256034851) as it has less than 20 images
Neuron 203 in layer 5 already processed. Skipping.
Skipping interval (-6.0, -5.0, -0.2732804417610168, -0.2598224282264709) as it has less than 20 images
Skipping interval (5.0, 6.0, 0.2358545660972595, 0.2358545660972595) as it has less than 20 images
Skipping interval (-6.0, -5.0, -0.1200811266899108, -0.073891669511795) as it has less than 20 images
Skipping interval (6.0, 7.0, 0.5080083608627319, 0.5413872003555298) as it has less than 20 images
Skipping interval (-6.0, -5.0, -0.2888090312480926, -0.2640677988529205) as it has less than 20 images
Skipping interval (5.0, 6.0, 0.221112459897995, 0.2406737804412841) as it has less than 20 images
Skipping interval (-6.0, -5.0, -0.266651839017868, -0.2312343716621399) as it has less than 20 images
Skipping interval (5.0, 6.0, 0.2552712261676788, 0.2903206348419189) as it has less than 20 images
Skipping interval (-6.0, -5.0, -0.3320690095424652, -0.3320690095424652) as it has less than 20 images
Skipping interval (5.0, 6.0, 0.2787059843540191, 0.2787059843540191) as it has less than 20 images
Skipping interval (-6.0, -5.0, -0.2737075090408325, -0.2737075090408325) as it has less than 20 images
Skipping interval (5.0, 6.0, 0.2500111162662506, 0.2570409476757049) as it has less than 20 images
Skipping interval (-6.0, -5.0, -0.2563487887382507, -0.2290815412998199) as it has less than 20 images
Skipping interval (5.0, 6.0, 0.2065767049789428, 0.2098076045513153) as it has less than 20 images
Skipping interval (-6.0, -5.0, -0.2558334469795227, -0.2338742017745971) as it has less than 20 images
Skipping interval (5.0, 6.0, 0.2380737662315368, 0.2608352303504944) as it has less than 20 images
Skipping interval (6.0, 7.0, 0.2880253493785858, 0.2880253493785858) as it has less than 20 images
Neuron 399 in layer 5 already processed. Skipping.
Skipping interval (-6.0, -5.0, -0.2450492680072784, -0.2034859806299209) as it has less than 20 images
Skipping interval (5.0, 6.0, 0.2534481883049011, 0.2916351854801178) as it has less than 20 images
Skipping interval (6.0, 7.0, 0.3002561628818512, 0.3002561628818512) as it has less than 20 images
Neuron 412 in layer 5 already processed. Skipping.
Skipping interval (-7.0, -6.0, -0.2885001301765442, -0.2714523077011108) as it has less than 20 images
Skipping interval (-6.0, -5.0, -0.2449654936790466, -0.2220405638217926) as it has less than 20 images
Skipping interval (6.0, 7.0, 0.2955735325813293, 0.3272900581359863) as it has less than 20 images
Neuron 257 in layer 5 already processed. Skipping.
Skipping interval (-6.0, -5.0, -0.2790006697177887, -0.2423312067985534) as it has less than 20 images
Skipping interval (5.0, 6.0, 0.2504445612430572, 0.2854748964309692) as it has less than 20 images
Neuron 82 in layer 5 already processed. Skipping.
Skipping interval (-6.0, -5.0, -0.2226545512676239, -0.2049039006233215) as it has less than 20 images
Skipping interval (5.0, 6.0, 0.225722074508667, 0.2415995448827743) as it has less than 20 images
Neuron 42 in layer 5 already processed. Skipping.
Skipping interval (-7.0, -6.0, -0.3046894669532776, -0.3046894669532776) as it has less than 20 images
Skipping interval (-6.0, -5.0, -0.2771933674812317, -0.2502566277980804) as it has less than 20 images
Skipping interval (5.0, 6.0, 0.2010028660297393, 0.2181515395641327) as it has less than 20 images
Neuron 166 in layer 5 already processed. Skipping.
Neuron 296 in layer 5 already processed. Skipping.
Skipping interval (-7.0, -6.0, -0.2484145760536193, -0.2484145760536193) as it has less than 20 images
Skipping interval (-6.0, -5.0, -0.2306995242834091, -0.1909063756465912) as it has less than 20 images
Skipping interval (5.0, 6.0, 0.2655995190143585, 0.2882657647132873) as it has less than 20 images
Neuron 400 in layer 5 already processed. Skipping.
Skipping interval (5.0, 6.0, 0.2052540481090545, 0.2171960175037384) as it has less than 20 images
Neuron 323 in layer 5 already processed. Skipping.
Skipping interval (-8.0, -7.0, -0.2461202442646026, -0.2461202442646026) as it has less than 20 images
Skipping interval (-7.0, -6.0, -0.2222196757793426, -0.1892246305942535) as it has less than 20 images
Skipping interval (5.0, 6.0, 0.3229075074195862, 0.3245431780815124) as it has less than 20 images
Neuron 506 in layer 5 already processed. Skipping.
Skipping interval (-6.0, -5.0, -0.2466515302658081, -0.2293014824390411) as it has less than 20 images
Skipping interval (5.0, 6.0, 0.3155845999717712, 0.3155845999717712) as it has less than 20 images
Neuron 329 in layer 5 already processed. Skipping.
Skipping interval (-6.0, -5.0, -0.2451708912849426, -0.2451708912849426) as it has less than 20 images
Skipping interval (5.0, 6.0, 0.2165020257234573, 0.2268095314502716) as it has less than 20 images
Skipping interval (6.0, 7.0, 0.2589686512947082, 0.2589686512947082) as it has less than 20 images
Neuron 289 in layer 5 already processed. Skipping.
Skipping interval (5.0, 6.0, 0.2321597039699554, 0.254135251045227) as it has less than 20 images
Neuron 411 in layer 5 already processed. Skipping.
Skipping interval (-6.0, -5.0, -0.2642056047916412, -0.2383005321025848) as it has less than 20 images
Skipping interval (5.0, 6.0, 0.221096858382225, 0.2397027909755706) as it has less than 20 images
Neuron 284 in layer 5 already processed. Skipping.
Skipping interval (-6.0, -5.0, -0.2657969295978546, -0.2275944650173187) as it has less than 20 images
Skipping interval (5.0, 6.0, 0.2184345424175262, 0.2333686649799347) as it has less than 20 images
Neuron 320 in layer 5 already processed. Skipping.
Skipping interval (-6.0, -5.0, -0.2216653674840927, -0.2045122981071472) as it has less than 20 images
Skipping interval (5.0, 6.0, 0.2609936892986297, 0.280617743730545) as it has less than 20 images
Neuron 286 in layer 5 already processed. Skipping.
Skipping interval (-6.0, -5.0, -0.2338820993900299, -0.2068729996681213) as it has less than 20 images
Skipping interval (5.0, 6.0, 0.2531846463680267, 0.2836604416370392) as it has less than 20 images
Skipping interval (6.0, 7.0, 0.2989206910133362, 0.3046980798244476) as it has less than 20 images
Neuron 430 in layer 5 already processed. Skipping.
Skipping interval (-6.0, -5.0, -0.2355738133192062, -0.2291482090950012) as it has less than 20 images
Neuron 492 in layer 5 already processed. Skipping.
Skipping interval (-6.0, -5.0, -0.2157245576381683, -0.2118180692195892) as it has less than 20 images
Skipping interval (5.0, 6.0, 0.2354357689619064, 0.2746307253837585) as it has less than 20 images
Skipping interval (6.0, 7.0, 0.2822979390621185, 0.2822979390621185) as it has less than 20 images
Neuron 170 in layer 5 already processed. Skipping.
Skipping interval (-6.0, -5.0, -0.234752744436264, -0.2056169807910919) as it has less than 20 images
Skipping interval (5.0, 6.0, 0.2513039708137512, 0.2580377161502838) as it has less than 20 images
Neuron 30 in layer 5 already processed. Skipping.

======== GPU REPORT ========

==============NVSMI LOG==============

Timestamp                                 : Thu Jul 11 01:03:48 2024
Driver Version                            : 535.161.08
CUDA Version                              : 12.2

Attached GPUs                             : 1
GPU 00000000:41:00.0
    Accounting Mode                       : Disabled
    Accounting Mode Buffer Size           : 4000
    Accounted Processes                   : None

Thu Jul 11 01:03:48 2024       
+---------------------------------------------------------------------------------------+
| NVIDIA-SMI 535.161.08             Driver Version: 535.161.08   CUDA Version: 12.2     |
|-----------------------------------------+----------------------+----------------------+
| GPU  Name                 Persistence-M | Bus-Id        Disp.A | Volatile Uncorr. ECC |
| Fan  Temp   Perf          Pwr:Usage/Cap |         Memory-Usage | GPU-Util  Compute M. |
|                                         |                      |               MIG M. |
|=========================================+======================+======================|
|   0  NVIDIA A100-SXM4-80GB          On  | 00000000:41:00.0 Off |                   On |
| N/A   44C    P0             207W / 500W |  19970MiB / 81920MiB |     N/A      Default |
|                                         |                      |              Enabled |
+-----------------------------------------+----------------------+----------------------+

+---------------------------------------------------------------------------------------+
| MIG devices:                                                                          |
+------------------+--------------------------------+-----------+-----------------------+
| GPU  GI  CI  MIG |                   Memory-Usage |        Vol|      Shared           |
|      ID  ID  Dev |                     BAR1-Usage | SM     Unc| CE ENC DEC OFA JPG    |
|                  |                                |        ECC|                       |
|==================+================================+===========+=======================|
|  0    2   0   0  |              16MiB / 40448MiB  | 42      0 |  3   0    2    0    0 |
|                  |               0MiB / 65535MiB  |           |                       |
+------------------+--------------------------------+-----------+-----------------------+
                                                                                         
+---------------------------------------------------------------------------------------+
| Processes:                                                                            |
|  GPU   GI   CI        PID   Type   Process name                            GPU Memory |
|        ID   ID                                                             Usage      |
|=======================================================================================|
|  No running processes found                                                           |
+---------------------------------------------------------------------------------------+
