Official model name open-clip:laion/CLIP-ViT-B-32-DataComp.XL-s13B-b90K
Converting OpenCLIP weights
visual projection shape torch.Size([768, 512])
Setting center_writing_weights to False for OpenCLIP
Setting fold_ln to False for OpenCLIP
Loaded pretrained model open-clip:laion/CLIP-ViT-B-32-DataComp.XL-s13B-b90K into HookedTransformer
Activations shape for blocks.11.hook_mlp_out (49984, 50)
Type of sampling: average
Top sampled image indices for blocks.11.hook_mlp_out: [29738  6746 32838 32166 11311 38708 28602 21088 24562 35303 12771 29728
 29033 39983  6751 44457 30355  6605  9077 23144]
Bottom sampled image indices for blocks.11.hook_mlp_out: [21192 27082  5887 27743 32959  7883  3344 14372 21236  3618  2982 17210
  1957 34561 23625  5069 23062 24699 11637 24010]
Neuron 445, Layer 11, Layer Type hook_mlp_out
Saved image to /network/scratch/s/sonia.joseph/CLIP_AUDIT/sampled_images/CLIP-ViT-B-32-DataComp.XL-s13B-b90K//layer_11/neuron_445/hook_mlp_out/avg/top/neuron_445_layer_11_top_avg_hook_mlp_out.png
Saved image to /network/scratch/s/sonia.joseph/CLIP_AUDIT/sampled_images/CLIP-ViT-B-32-DataComp.XL-s13B-b90K//layer_11/neuron_445/hook_mlp_out/avg/bottom/neuron_445_layer_11_bottom_avg_hook_mlp_out.png
Activations shape for blocks.11.hook_resid_post (49984, 50)
Type of sampling: average
Top sampled image indices for blocks.11.hook_resid_post: [20016 10334 12746 12630  1340 20715 12569 15039 32584 29529 37905 43228
 29804  6317 39389  6582 44850 11214 16482 31577]
Bottom sampled image indices for blocks.11.hook_resid_post: [27631 17210 38183 38186 43124  2982 49613 26818 20988 20654 14928 33503
 11572 35197 35342 40083 42251 22200 40988 26831]
Neuron 445, Layer 11, Layer Type hook_resid_post
Saved image to /network/scratch/s/sonia.joseph/CLIP_AUDIT/sampled_images/CLIP-ViT-B-32-DataComp.XL-s13B-b90K//layer_11/neuron_445/hook_resid_post/avg/top/neuron_445_layer_11_top_avg_hook_resid_post.png
Saved image to /network/scratch/s/sonia.joseph/CLIP_AUDIT/sampled_images/CLIP-ViT-B-32-DataComp.XL-s13B-b90K//layer_11/neuron_445/hook_resid_post/avg/bottom/neuron_445_layer_11_bottom_avg_hook_resid_post.png
Activations shape for blocks.11.mlp.hook_post (49984, 50)
Type of sampling: average
Top sampled image indices for blocks.11.mlp.hook_post: [36014 42581  7523 30814 17969 10396 38158 15862 48022 11413  6325  9373
 34097  8755 37287 25362 30474 45293 17647 38186]
Bottom sampled image indices for blocks.11.mlp.hook_post: [ 1344 30065 23491 45060 45470 15729  2829  6392 43516 35504 47977 18228
 17811 45466 28209 44738 32801 26437 44869 36120]
Neuron 445, Layer 11, Layer Type hook_post
Saved image to /network/scratch/s/sonia.joseph/CLIP_AUDIT/sampled_images/CLIP-ViT-B-32-DataComp.XL-s13B-b90K//layer_11/neuron_445/hook_post/avg/top/neuron_445_layer_11_top_avg_hook_post.png
Saved image to /network/scratch/s/sonia.joseph/CLIP_AUDIT/sampled_images/CLIP-ViT-B-32-DataComp.XL-s13B-b90K//layer_11/neuron_445/hook_post/avg/bottom/neuron_445_layer_11_bottom_avg_hook_post.png
Activations shape for blocks.11.hook_mlp_out (49984, 50)
Type of sampling: average
Top sampled image indices for blocks.11.hook_mlp_out: [ 9578 16930 13237 35342  2751 21942 13380 37415  6490  8439 41715 39372
 19249 46880  8280 29870 38186 11593 36262   407]
Bottom sampled image indices for blocks.11.hook_mlp_out: [12896  2210  4721 46666 42381  2804 18634 27085 29609  7223 11637 15750
 47097 48067 37732 19939 39053 45296 34504 13427]
Neuron 627, Layer 11, Layer Type hook_mlp_out
Saved image to /network/scratch/s/sonia.joseph/CLIP_AUDIT/sampled_images/CLIP-ViT-B-32-DataComp.XL-s13B-b90K//layer_11/neuron_627/hook_mlp_out/avg/top/neuron_627_layer_11_top_avg_hook_mlp_out.png
Saved image to /network/scratch/s/sonia.joseph/CLIP_AUDIT/sampled_images/CLIP-ViT-B-32-DataComp.XL-s13B-b90K//layer_11/neuron_627/hook_mlp_out/avg/bottom/neuron_627_layer_11_bottom_avg_hook_mlp_out.png
Activations shape for blocks.11.hook_resid_post (49984, 50)
Type of sampling: average
Top sampled image indices for blocks.11.hook_resid_post: [45689 42773 42384 47879  9164 40762 12188  7881 20455 19967 14720 39251
 39070  5498 11852 11026  7671 49695 13260  2183]
Bottom sampled image indices for blocks.11.hook_resid_post: [ 2788  7109 27447 23209 49476 33368  3324 33658 17972 40626 24289 11644
 24007   232  8160  2069 23128 18608 16747 43713]
Neuron 627, Layer 11, Layer Type hook_resid_post
Saved image to /network/scratch/s/sonia.joseph/CLIP_AUDIT/sampled_images/CLIP-ViT-B-32-DataComp.XL-s13B-b90K//layer_11/neuron_627/hook_resid_post/avg/top/neuron_627_layer_11_top_avg_hook_resid_post.png
Saved image to /network/scratch/s/sonia.joseph/CLIP_AUDIT/sampled_images/CLIP-ViT-B-32-DataComp.XL-s13B-b90K//layer_11/neuron_627/hook_resid_post/avg/bottom/neuron_627_layer_11_bottom_avg_hook_resid_post.png
Activations shape for blocks.11.mlp.hook_post (49984, 50)
Type of sampling: average
Top sampled image indices for blocks.11.mlp.hook_post: [33973 17073 34127 20177 15244  3617 19656 39088 24899  7109  5550 17751
 28892  1958  3581 22244 30900 14306 32002  6788]
Bottom sampled image indices for blocks.11.mlp.hook_post: [ 9199 27806 33014 18206 16641 19898  3864 42384 22370 14746 46493  6004
 29887 43314 48235 31531   374 29261 49039 24589]
Neuron 627, Layer 11, Layer Type hook_post
Saved image to /network/scratch/s/sonia.joseph/CLIP_AUDIT/sampled_images/CLIP-ViT-B-32-DataComp.XL-s13B-b90K//layer_11/neuron_627/hook_post/avg/top/neuron_627_layer_11_top_avg_hook_post.png
Saved image to /network/scratch/s/sonia.joseph/CLIP_AUDIT/sampled_images/CLIP-ViT-B-32-DataComp.XL-s13B-b90K//layer_11/neuron_627/hook_post/avg/bottom/neuron_627_layer_11_bottom_avg_hook_post.png
Activations shape for blocks.11.hook_mlp_out (49984, 50)
Type of sampling: average
Top sampled image indices for blocks.11.hook_mlp_out: [ 2762 36437  2982  5229 35536 49605  9578 36704 42300 27590 34097 29918
 39444 48294 27004 23219 37415  7028 38186 31780]
Bottom sampled image indices for blocks.11.hook_mlp_out: [23918 38047 30237 26977 39869 36432 46821 44818 39509 14786    44 13747
 34445 15225 21435 27304 14359 27321 42887 42911]
Neuron 455, Layer 11, Layer Type hook_mlp_out
Saved image to /network/scratch/s/sonia.joseph/CLIP_AUDIT/sampled_images/CLIP-ViT-B-32-DataComp.XL-s13B-b90K//layer_11/neuron_455/hook_mlp_out/avg/top/neuron_455_layer_11_top_avg_hook_mlp_out.png
Saved image to /network/scratch/s/sonia.joseph/CLIP_AUDIT/sampled_images/CLIP-ViT-B-32-DataComp.XL-s13B-b90K//layer_11/neuron_455/hook_mlp_out/avg/bottom/neuron_455_layer_11_bottom_avg_hook_mlp_out.png
Activations shape for blocks.11.hook_resid_post (49984, 50)
Type of sampling: average
Top sampled image indices for blocks.11.hook_resid_post: [34685  8675 41983 45957 21561  2968  2751  3294 12055 32037  2471  6238
 22410 38123 30650 37849 40629 48379 18436 48374]
Bottom sampled image indices for blocks.11.hook_resid_post: [13935 37065  1302 38070 30175 17533  6853 18863 39136  3504 34228 45832
 41674 36415  4363 19319 45475 48933 46741 48958]
Neuron 455, Layer 11, Layer Type hook_resid_post
Saved image to /network/scratch/s/sonia.joseph/CLIP_AUDIT/sampled_images/CLIP-ViT-B-32-DataComp.XL-s13B-b90K//layer_11/neuron_455/hook_resid_post/avg/top/neuron_455_layer_11_top_avg_hook_resid_post.png
Saved image to /network/scratch/s/sonia.joseph/CLIP_AUDIT/sampled_images/CLIP-ViT-B-32-DataComp.XL-s13B-b90K//layer_11/neuron_455/hook_resid_post/avg/bottom/neuron_455_layer_11_bottom_avg_hook_resid_post.png
Activations shape for blocks.11.mlp.hook_post (49984, 50)
Type of sampling: average
Top sampled image indices for blocks.11.mlp.hook_post: [  469 12141 37282 45474 46791 30681 26706 21582  4977 43768 26460 35110
  8322  7268 42431 16315 37620 11936 43778 41574]
Bottom sampled image indices for blocks.11.mlp.hook_post: [36343  4335 25286 15836 12034 29711 17113  6844  2479 39535 41164 10050
 33884  8966 36828 25362 34234 44988 16747 43669]
Neuron 455, Layer 11, Layer Type hook_post
Saved image to /network/scratch/s/sonia.joseph/CLIP_AUDIT/sampled_images/CLIP-ViT-B-32-DataComp.XL-s13B-b90K//layer_11/neuron_455/hook_post/avg/top/neuron_455_layer_11_top_avg_hook_post.png
Saved image to /network/scratch/s/sonia.joseph/CLIP_AUDIT/sampled_images/CLIP-ViT-B-32-DataComp.XL-s13B-b90K//layer_11/neuron_455/hook_post/avg/bottom/neuron_455_layer_11_bottom_avg_hook_post.png
Activations shape for blocks.11.hook_mlp_out (49984, 50)
Type of sampling: average
Top sampled image indices for blocks.11.hook_mlp_out: [45448 20942 30371 11708 21238 22747 47526 33503 24480 38186 39647 38314
  5345 41226 36667 35099 22777 43124  5875 48776]
Bottom sampled image indices for blocks.11.hook_mlp_out: [ 4021 19249 25018 49081  8280  7264  2063 39151 29598 24779  6303 48185
 34097 31780 30608 42970 40546 33382  8439 48460]
Neuron 440, Layer 11, Layer Type hook_mlp_out
Saved image to /network/scratch/s/sonia.joseph/CLIP_AUDIT/sampled_images/CLIP-ViT-B-32-DataComp.XL-s13B-b90K//layer_11/neuron_440/hook_mlp_out/avg/top/neuron_440_layer_11_top_avg_hook_mlp_out.png
Saved image to /network/scratch/s/sonia.joseph/CLIP_AUDIT/sampled_images/CLIP-ViT-B-32-DataComp.XL-s13B-b90K//layer_11/neuron_440/hook_mlp_out/avg/bottom/neuron_440_layer_11_bottom_avg_hook_mlp_out.png
Activations shape for blocks.11.hook_resid_post (49984, 50)
Type of sampling: average
Top sampled image indices for blocks.11.hook_resid_post: [17210 49028 29825 16626 28650   105 26818 30175 34704 31631  9482  8376
 10650 48324 17077  5430 39053  7223 31550  5345]
Bottom sampled image indices for blocks.11.hook_resid_post: [ 1957  1849 21236 42660  7291  7883 36825  9220 33860 33831 34561  9637
  7596 34306 12975  8027 35136 17360 21711  3746]
Neuron 440, Layer 11, Layer Type hook_resid_post
Saved image to /network/scratch/s/sonia.joseph/CLIP_AUDIT/sampled_images/CLIP-ViT-B-32-DataComp.XL-s13B-b90K//layer_11/neuron_440/hook_resid_post/avg/top/neuron_440_layer_11_top_avg_hook_resid_post.png
Saved image to /network/scratch/s/sonia.joseph/CLIP_AUDIT/sampled_images/CLIP-ViT-B-32-DataComp.XL-s13B-b90K//layer_11/neuron_440/hook_resid_post/avg/bottom/neuron_440_layer_11_bottom_avg_hook_resid_post.png
Activations shape for blocks.11.mlp.hook_post (49984, 50)
Type of sampling: average
Top sampled image indices for blocks.11.mlp.hook_post: [ 2830  2804 25235 19803  7457 48241 44238 30439  8701 13340 23496 48595
 11739 48460  1706 10234 27564 28059  4180 30323]
Bottom sampled image indices for blocks.11.mlp.hook_post: [37633 38264 25269 30162 17030 23580 19941 12483 49635  7366 44775  1507
 20193  4353  1224 20083  6612 24499 38388  7125]
Neuron 440, Layer 11, Layer Type hook_post
Saved image to /network/scratch/s/sonia.joseph/CLIP_AUDIT/sampled_images/CLIP-ViT-B-32-DataComp.XL-s13B-b90K//layer_11/neuron_440/hook_post/avg/top/neuron_440_layer_11_top_avg_hook_post.png
Saved image to /network/scratch/s/sonia.joseph/CLIP_AUDIT/sampled_images/CLIP-ViT-B-32-DataComp.XL-s13B-b90K//layer_11/neuron_440/hook_post/avg/bottom/neuron_440_layer_11_bottom_avg_hook_post.png
Activations shape for blocks.11.hook_mlp_out (49984, 50)
Type of sampling: average
Top sampled image indices for blocks.11.hook_mlp_out: [10435  1403 48378 27578  1781 23660   179 36917  2822 15400 36960  5026
 31223 14786 15949 22547 23785 34827 20759 34253]
Bottom sampled image indices for blocks.11.hook_mlp_out: [46234 37415  5060 34751 31449 24699 38186  7028 37588 35013 46537 18707
 43124 39151 22486  4111  2571 19157  9578 19787]
Neuron 2, Layer 11, Layer Type hook_mlp_out
Saved image to /network/scratch/s/sonia.joseph/CLIP_AUDIT/sampled_images/CLIP-ViT-B-32-DataComp.XL-s13B-b90K//layer_11/neuron_2/hook_mlp_out/avg/top/neuron_2_layer_11_top_avg_hook_mlp_out.png
Saved image to /network/scratch/s/sonia.joseph/CLIP_AUDIT/sampled_images/CLIP-ViT-B-32-DataComp.XL-s13B-b90K//layer_11/neuron_2/hook_mlp_out/avg/bottom/neuron_2_layer_11_bottom_avg_hook_mlp_out.png
Activations shape for blocks.11.hook_resid_post (49984, 50)
Type of sampling: average
Top sampled image indices for blocks.11.hook_resid_post: [46606  4030 14199 47476 13347 23144  5224  7021 47161  4420 30870 22310
 43893  1574 38995  5875 45385 40696   870 20505]
Bottom sampled image indices for blocks.11.hook_resid_post: [41997  8459 22363 44826 23765 27704  4224 30590 23513 45025 46535 11010
   722  1069  6045 37466 23802 34731  2999 46654]
Neuron 2, Layer 11, Layer Type hook_resid_post
Saved image to /network/scratch/s/sonia.joseph/CLIP_AUDIT/sampled_images/CLIP-ViT-B-32-DataComp.XL-s13B-b90K//layer_11/neuron_2/hook_resid_post/avg/top/neuron_2_layer_11_top_avg_hook_resid_post.png
Saved image to /network/scratch/s/sonia.joseph/CLIP_AUDIT/sampled_images/CLIP-ViT-B-32-DataComp.XL-s13B-b90K//layer_11/neuron_2/hook_resid_post/avg/bottom/neuron_2_layer_11_bottom_avg_hook_resid_post.png
Activations shape for blocks.11.mlp.hook_post (49984, 50)
Type of sampling: average
Top sampled image indices for blocks.11.mlp.hook_post: [13286  5018 16242 32900 39358 28694 38645 28460  5069 17981 15546 28137
 41188 47147 12955 13695 42040 47566 11505  9357]
Bottom sampled image indices for blocks.11.mlp.hook_post: [24026 41329  7754 28207 20163  5531 40020 49556  2427  9621 36814 46937
 22238  5764 47483 46692 48278 48615  4194 30065]
Neuron 2, Layer 11, Layer Type hook_post
Saved image to /network/scratch/s/sonia.joseph/CLIP_AUDIT/sampled_images/CLIP-ViT-B-32-DataComp.XL-s13B-b90K//layer_11/neuron_2/hook_post/avg/top/neuron_2_layer_11_top_avg_hook_post.png
Saved image to /network/scratch/s/sonia.joseph/CLIP_AUDIT/sampled_images/CLIP-ViT-B-32-DataComp.XL-s13B-b90K//layer_11/neuron_2/hook_post/avg/bottom/neuron_2_layer_11_bottom_avg_hook_post.png
Activations shape for blocks.11.hook_mlp_out (49984, 50)
Type of sampling: average
Top sampled image indices for blocks.11.hook_mlp_out: [11173 31116  8043  2990  4044 19053 37058 20662 21441   179 36497  5737
 28059  4180 40020 15006  6751 11929 30086 13695]
Bottom sampled image indices for blocks.11.hook_mlp_out: [ 5060 38186 28372 24699 36675 36262 33637 33496 34751 37062  3535 20654
 33993 19157 35781 37415 28968 24010 27306 17370]
Neuron 505, Layer 11, Layer Type hook_mlp_out
Saved image to /network/scratch/s/sonia.joseph/CLIP_AUDIT/sampled_images/CLIP-ViT-B-32-DataComp.XL-s13B-b90K//layer_11/neuron_505/hook_mlp_out/avg/top/neuron_505_layer_11_top_avg_hook_mlp_out.png
Saved image to /network/scratch/s/sonia.joseph/CLIP_AUDIT/sampled_images/CLIP-ViT-B-32-DataComp.XL-s13B-b90K//layer_11/neuron_505/hook_mlp_out/avg/bottom/neuron_505_layer_11_bottom_avg_hook_mlp_out.png
Activations shape for blocks.11.hook_resid_post (49984, 50)
Type of sampling: average
Top sampled image indices for blocks.11.hook_resid_post: [49806 14082 44001  2210 43228 26515 14611 42264  4793  4883 47514 43661
 24321  2982 14237 20014 20225  8228 12950  4818]
Bottom sampled image indices for blocks.11.hook_resid_post: [ 8249  9014 42516 43090 38869 27590 10550  9074 42024 46563 33435  3604
 36850 21625 48676  3020 24639 12581  9393 19999]
Neuron 505, Layer 11, Layer Type hook_resid_post
Saved image to /network/scratch/s/sonia.joseph/CLIP_AUDIT/sampled_images/CLIP-ViT-B-32-DataComp.XL-s13B-b90K//layer_11/neuron_505/hook_resid_post/avg/top/neuron_505_layer_11_top_avg_hook_resid_post.png
Saved image to /network/scratch/s/sonia.joseph/CLIP_AUDIT/sampled_images/CLIP-ViT-B-32-DataComp.XL-s13B-b90K//layer_11/neuron_505/hook_resid_post/avg/bottom/neuron_505_layer_11_bottom_avg_hook_resid_post.png
Activations shape for blocks.11.mlp.hook_post (49984, 50)
Type of sampling: average
Top sampled image indices for blocks.11.mlp.hook_post: [13207 41188 27478  1403 45026 14538 19153 42300 40272 48364 23311 23255
 44737 30574 42892  8942 22747 36472 39116  7596]
Bottom sampled image indices for blocks.11.mlp.hook_post: [21075  4723 25615  7846 27692 34511 12164 21132 16621 28790 16117 39462
 17417 49295  4751 15202  1236 24508 25189 34721]
Neuron 505, Layer 11, Layer Type hook_post
Saved image to /network/scratch/s/sonia.joseph/CLIP_AUDIT/sampled_images/CLIP-ViT-B-32-DataComp.XL-s13B-b90K//layer_11/neuron_505/hook_post/avg/top/neuron_505_layer_11_top_avg_hook_post.png
Saved image to /network/scratch/s/sonia.joseph/CLIP_AUDIT/sampled_images/CLIP-ViT-B-32-DataComp.XL-s13B-b90K//layer_11/neuron_505/hook_post/avg/bottom/neuron_505_layer_11_bottom_avg_hook_post.png
Activations shape for blocks.11.hook_mlp_out (49984, 50)
Type of sampling: average
Top sampled image indices for blocks.11.hook_mlp_out: [12342 18357 34685 35367 21584  8675 48185 21236 19261 29177 30650 33541
 22410  3294 42802 48379 40629 18436 38123 48374]
Bottom sampled image indices for blocks.11.hook_mlp_out: [12304 21331 19967 10653 38947  1492 40146 26785 27160 45296  5345 23463
 27993  8704 19617  6554 48071 22155 11637 25439]
Neuron 236, Layer 11, Layer Type hook_mlp_out
Saved image to /network/scratch/s/sonia.joseph/CLIP_AUDIT/sampled_images/CLIP-ViT-B-32-DataComp.XL-s13B-b90K//layer_11/neuron_236/hook_mlp_out/avg/top/neuron_236_layer_11_top_avg_hook_mlp_out.png
Saved image to /network/scratch/s/sonia.joseph/CLIP_AUDIT/sampled_images/CLIP-ViT-B-32-DataComp.XL-s13B-b90K//layer_11/neuron_236/hook_mlp_out/avg/bottom/neuron_236_layer_11_bottom_avg_hook_mlp_out.png
Activations shape for blocks.11.hook_resid_post (49984, 50)
Type of sampling: average
Top sampled image indices for blocks.11.hook_resid_post: [42660  9637 12536  5980 13331  1615 45276 40272 46737 34561 33831 48684
  1849 28623 27570 24699 11463  7027 21236  7291]
Bottom sampled image indices for blocks.11.hook_resid_post: [25395 13672  2822 29863 10710 33489 46296 15377 33836  3041 21194 39620
 12550 27188 39876  9920 40744 23905 23785 16388]
Neuron 236, Layer 11, Layer Type hook_resid_post
Saved image to /network/scratch/s/sonia.joseph/CLIP_AUDIT/sampled_images/CLIP-ViT-B-32-DataComp.XL-s13B-b90K//layer_11/neuron_236/hook_resid_post/avg/top/neuron_236_layer_11_top_avg_hook_resid_post.png
Saved image to /network/scratch/s/sonia.joseph/CLIP_AUDIT/sampled_images/CLIP-ViT-B-32-DataComp.XL-s13B-b90K//layer_11/neuron_236/hook_resid_post/avg/bottom/neuron_236_layer_11_bottom_avg_hook_resid_post.png
Activations shape for blocks.11.mlp.hook_post (49984, 50)
Type of sampling: average
Top sampled image indices for blocks.11.mlp.hook_post: [40715 38616 23637  9226 44065  1653  4170 47174 47102 21855 37060 23709
 43159 47872 24063  4414 31562 45400 32847 41781]
Bottom sampled image indices for blocks.11.mlp.hook_post: [14129 12721 31471 40615  8410 40923 25013 48501 12278  1217 44194 38791
 47349 40583 36604 28769  9031 37761 42304 35234]
Neuron 236, Layer 11, Layer Type hook_post
Saved image to /network/scratch/s/sonia.joseph/CLIP_AUDIT/sampled_images/CLIP-ViT-B-32-DataComp.XL-s13B-b90K//layer_11/neuron_236/hook_post/avg/top/neuron_236_layer_11_top_avg_hook_post.png
Saved image to /network/scratch/s/sonia.joseph/CLIP_AUDIT/sampled_images/CLIP-ViT-B-32-DataComp.XL-s13B-b90K//layer_11/neuron_236/hook_post/avg/bottom/neuron_236_layer_11_bottom_avg_hook_post.png
Activations shape for blocks.11.hook_mlp_out (49984, 50)
Type of sampling: average
Top sampled image indices for blocks.11.hook_mlp_out: [44708 22373 12581 42586 44903 28735 36130 24399 19568  2175 25806 16574
 34827 31223 10611 10449 28051 42057 28015 45735]
Bottom sampled image indices for blocks.11.hook_mlp_out: [21729 39744 15845 14132 29734 11914 11623 14860 27253 30560  6182 20255
  7230 47962  8937 33176 27973  4748   156 49261]
Neuron 166, Layer 11, Layer Type hook_mlp_out
Saved image to /network/scratch/s/sonia.joseph/CLIP_AUDIT/sampled_images/CLIP-ViT-B-32-DataComp.XL-s13B-b90K//layer_11/neuron_166/hook_mlp_out/avg/top/neuron_166_layer_11_top_avg_hook_mlp_out.png
Saved image to /network/scratch/s/sonia.joseph/CLIP_AUDIT/sampled_images/CLIP-ViT-B-32-DataComp.XL-s13B-b90K//layer_11/neuron_166/hook_mlp_out/avg/bottom/neuron_166_layer_11_bottom_avg_hook_mlp_out.png
Activations shape for blocks.11.hook_resid_post (49984, 50)
Type of sampling: average
Top sampled image indices for blocks.11.hook_resid_post: [36284 16987 11218 36910 16574 22039 45250 34228 44065 11026  7425  6983
 37490 39136 23820 43600  8444 39251 25806 46741]
Bottom sampled image indices for blocks.11.hook_resid_post: [29529 41058  1429 35580 27115 13920 16708 21561 29327 39978 17769 13683
 24996 33489  8734 13672 20203 28968 36675 35087]
Neuron 166, Layer 11, Layer Type hook_resid_post
Saved image to /network/scratch/s/sonia.joseph/CLIP_AUDIT/sampled_images/CLIP-ViT-B-32-DataComp.XL-s13B-b90K//layer_11/neuron_166/hook_resid_post/avg/top/neuron_166_layer_11_top_avg_hook_resid_post.png
Saved image to /network/scratch/s/sonia.joseph/CLIP_AUDIT/sampled_images/CLIP-ViT-B-32-DataComp.XL-s13B-b90K//layer_11/neuron_166/hook_resid_post/avg/bottom/neuron_166_layer_11_bottom_avg_hook_resid_post.png
Activations shape for blocks.11.mlp.hook_post (49984, 50)
Type of sampling: average
Top sampled image indices for blocks.11.mlp.hook_post: [18863 10142 46577  5069 16574 43380 46346 35672 24953  9708 23820 40020
 33666 19319 25256 46741 43600 37490 34224  8444]
Bottom sampled image indices for blocks.11.mlp.hook_post: [ 4943 30827 43472 34771 15888 47977 15302 34677 32515 35027 37981 42397
 14129 10515  1920 14449 16680 45433 37873 15386]
Neuron 166, Layer 11, Layer Type hook_post
Saved image to /network/scratch/s/sonia.joseph/CLIP_AUDIT/sampled_images/CLIP-ViT-B-32-DataComp.XL-s13B-b90K//layer_11/neuron_166/hook_post/avg/top/neuron_166_layer_11_top_avg_hook_post.png
Saved image to /network/scratch/s/sonia.joseph/CLIP_AUDIT/sampled_images/CLIP-ViT-B-32-DataComp.XL-s13B-b90K//layer_11/neuron_166/hook_post/avg/bottom/neuron_166_layer_11_bottom_avg_hook_post.png
Activations shape for blocks.11.hook_mlp_out (49984, 50)
Type of sampling: average
Top sampled image indices for blocks.11.hook_mlp_out: [49556  8946 36642 12130  9268 40722 17852 34097 38451  9357 36124 37360
 23219  4529 28492 35536 32327 39372 15888  8280]
Bottom sampled image indices for blocks.11.hook_mlp_out: [29738 49004 10974 34028  3514 40643 40418 37037 46473 34499 12631 25064
 38128 49703 48778 15089  8017 49336  9621 48001]
Neuron 718, Layer 11, Layer Type hook_mlp_out
Saved image to /network/scratch/s/sonia.joseph/CLIP_AUDIT/sampled_images/CLIP-ViT-B-32-DataComp.XL-s13B-b90K//layer_11/neuron_718/hook_mlp_out/avg/top/neuron_718_layer_11_top_avg_hook_mlp_out.png
Saved image to /network/scratch/s/sonia.joseph/CLIP_AUDIT/sampled_images/CLIP-ViT-B-32-DataComp.XL-s13B-b90K//layer_11/neuron_718/hook_mlp_out/avg/bottom/neuron_718_layer_11_bottom_avg_hook_mlp_out.png
Activations shape for blocks.11.hook_resid_post (49984, 50)
Type of sampling: average
Top sampled image indices for blocks.11.hook_resid_post: [ 8066  9331 30920 38535 46076 48460 19803 23565  7076  3796 38190 27651
 17655 33312 16486  4512 45689 32399 10234 28059]
Bottom sampled image indices for blocks.11.hook_resid_post: [  336  2898 48108 48684 15006 32021 44563 23128 49473  7409 14555  3606
 38128 47088  6915 14121 41988 38453  5577 10139]
Neuron 718, Layer 11, Layer Type hook_resid_post
Saved image to /network/scratch/s/sonia.joseph/CLIP_AUDIT/sampled_images/CLIP-ViT-B-32-DataComp.XL-s13B-b90K//layer_11/neuron_718/hook_resid_post/avg/top/neuron_718_layer_11_top_avg_hook_resid_post.png
Saved image to /network/scratch/s/sonia.joseph/CLIP_AUDIT/sampled_images/CLIP-ViT-B-32-DataComp.XL-s13B-b90K//layer_11/neuron_718/hook_resid_post/avg/bottom/neuron_718_layer_11_bottom_avg_hook_resid_post.png
Activations shape for blocks.11.mlp.hook_post (49984, 50)
Type of sampling: average
Top sampled image indices for blocks.11.mlp.hook_post: [26968 27819 22520 27009  5784 32215 37633 41304 42300 32317 44708  4747
  4564 41579 12243 49336 14746 43515 39916 40680]
Bottom sampled image indices for blocks.11.mlp.hook_post: [21946 37761 26124 18648 47977 28651 34285  7711 21351 26935 25013 34687
 13402  9937 20524 34884 49556  1766 44920  2574]
Neuron 718, Layer 11, Layer Type hook_post
Saved image to /network/scratch/s/sonia.joseph/CLIP_AUDIT/sampled_images/CLIP-ViT-B-32-DataComp.XL-s13B-b90K//layer_11/neuron_718/hook_post/avg/top/neuron_718_layer_11_top_avg_hook_post.png
Saved image to /network/scratch/s/sonia.joseph/CLIP_AUDIT/sampled_images/CLIP-ViT-B-32-DataComp.XL-s13B-b90K//layer_11/neuron_718/hook_post/avg/bottom/neuron_718_layer_11_bottom_avg_hook_post.png
Activations shape for blocks.11.hook_mlp_out (49984, 50)
Type of sampling: average
Top sampled image indices for blocks.11.hook_mlp_out: [  223 42660 31426  7291 47965 46880 41983 38017  1957 21236 48670 12055
 12581 17801 15182 16983 24460 42516  9014 13449]
Bottom sampled image indices for blocks.11.hook_mlp_out: [24639 22776 48412 24796  7371  2419 42086 43090 24869 10646  1239 19392
 15596  8249 14761 46225 38071 14185 21032 33470]
Neuron 649, Layer 11, Layer Type hook_mlp_out
Saved image to /network/scratch/s/sonia.joseph/CLIP_AUDIT/sampled_images/CLIP-ViT-B-32-DataComp.XL-s13B-b90K//layer_11/neuron_649/hook_mlp_out/avg/top/neuron_649_layer_11_top_avg_hook_mlp_out.png
Saved image to /network/scratch/s/sonia.joseph/CLIP_AUDIT/sampled_images/CLIP-ViT-B-32-DataComp.XL-s13B-b90K//layer_11/neuron_649/hook_mlp_out/avg/bottom/neuron_649_layer_11_bottom_avg_hook_mlp_out.png
Activations shape for blocks.11.hook_resid_post (49984, 50)
Type of sampling: average
Top sampled image indices for blocks.11.hook_resid_post: [35029 44131 32758 49028  7109 44637 20564 18554 45281 19933 24321 39916
 26491 42842  8413 37060  6635  8701 48647 18732]
Bottom sampled image indices for blocks.11.hook_resid_post: [ 5287 21509 26582 31174 28652 35105  4063 45480  4761 36817 32166 44405
 29834 44695 21985 45062 12753  9686 32929 20683]
Neuron 649, Layer 11, Layer Type hook_resid_post
Saved image to /network/scratch/s/sonia.joseph/CLIP_AUDIT/sampled_images/CLIP-ViT-B-32-DataComp.XL-s13B-b90K//layer_11/neuron_649/hook_resid_post/avg/top/neuron_649_layer_11_top_avg_hook_resid_post.png
Saved image to /network/scratch/s/sonia.joseph/CLIP_AUDIT/sampled_images/CLIP-ViT-B-32-DataComp.XL-s13B-b90K//layer_11/neuron_649/hook_resid_post/avg/bottom/neuron_649_layer_11_bottom_avg_hook_resid_post.png
Activations shape for blocks.11.mlp.hook_post (49984, 50)
Type of sampling: average
Top sampled image indices for blocks.11.mlp.hook_post: [11528 42850 31751 23024 17063 15360 24699  1497 18068  1568 23350 33637
 25362 28123 23172 38225 35417 29623 42792 38400]
Bottom sampled image indices for blocks.11.mlp.hook_post: [ 7579 25857 21946  5338  4416  9582 43004 25134 24191 32129 45795 35144
 10844 21967 26489 32775 20410 36642   585   258]
Neuron 649, Layer 11, Layer Type hook_post
Saved image to /network/scratch/s/sonia.joseph/CLIP_AUDIT/sampled_images/CLIP-ViT-B-32-DataComp.XL-s13B-b90K//layer_11/neuron_649/hook_post/avg/top/neuron_649_layer_11_top_avg_hook_post.png
Saved image to /network/scratch/s/sonia.joseph/CLIP_AUDIT/sampled_images/CLIP-ViT-B-32-DataComp.XL-s13B-b90K//layer_11/neuron_649/hook_post/avg/bottom/neuron_649_layer_11_bottom_avg_hook_post.png
Activations shape for blocks.11.hook_mlp_out (49984, 50)
Type of sampling: average
Top sampled image indices for blocks.11.hook_mlp_out: [23694 34146 29008  1256 45930 49352  2982 33258   159 44406  7809 28059
 40070 24926 34899  6416  7915 37698  7076 46737]
Bottom sampled image indices for blocks.11.hook_mlp_out: [ 4006   407 39151 27217 32237 23663 28820 30374 16554 25100 28265  8338
 23311  7818 25738 13908 46396 14928 26879  2349]
Neuron 309, Layer 11, Layer Type hook_mlp_out
Saved image to /network/scratch/s/sonia.joseph/CLIP_AUDIT/sampled_images/CLIP-ViT-B-32-DataComp.XL-s13B-b90K//layer_11/neuron_309/hook_mlp_out/avg/top/neuron_309_layer_11_top_avg_hook_mlp_out.png
Saved image to /network/scratch/s/sonia.joseph/CLIP_AUDIT/sampled_images/CLIP-ViT-B-32-DataComp.XL-s13B-b90K//layer_11/neuron_309/hook_mlp_out/avg/bottom/neuron_309_layer_11_bottom_avg_hook_mlp_out.png
Activations shape for blocks.11.hook_resid_post (49984, 50)
Type of sampling: average
Top sampled image indices for blocks.11.hook_resid_post: [20988 23625  2444 17981 47265 14016 16930 38186 21192 31593 38574  5060
 12749 46346 27595 29362 29154 27519 27082 23062]
Bottom sampled image indices for blocks.11.hook_resid_post: [  522 40144  4564  9049 49332  5049 12150 42086 32674 32196 26704 49601
 48982 48412 11227 37134 35935 26430 30157 17371]
Neuron 309, Layer 11, Layer Type hook_resid_post
Saved image to /network/scratch/s/sonia.joseph/CLIP_AUDIT/sampled_images/CLIP-ViT-B-32-DataComp.XL-s13B-b90K//layer_11/neuron_309/hook_resid_post/avg/top/neuron_309_layer_11_top_avg_hook_resid_post.png
Saved image to /network/scratch/s/sonia.joseph/CLIP_AUDIT/sampled_images/CLIP-ViT-B-32-DataComp.XL-s13B-b90K//layer_11/neuron_309/hook_resid_post/avg/bottom/neuron_309_layer_11_bottom_avg_hook_resid_post.png
Activations shape for blocks.11.mlp.hook_post (49984, 50)
Type of sampling: average
Top sampled image indices for blocks.11.mlp.hook_post: [42965  5287 25280  8774 11788 23814 17295  5911   947  5164 35000 25760
 18090 36905 41327  1141 29046 43155  7660 42845]
Bottom sampled image indices for blocks.11.mlp.hook_post: [18516 18634 43984 46796  8363  6983 46741 15977 40408 49676 17513 28183
 25090   369 40539 34300  4242 48931 31841 32633]
Neuron 309, Layer 11, Layer Type hook_post
Saved image to /network/scratch/s/sonia.joseph/CLIP_AUDIT/sampled_images/CLIP-ViT-B-32-DataComp.XL-s13B-b90K//layer_11/neuron_309/hook_post/avg/top/neuron_309_layer_11_top_avg_hook_post.png
Saved image to /network/scratch/s/sonia.joseph/CLIP_AUDIT/sampled_images/CLIP-ViT-B-32-DataComp.XL-s13B-b90K//layer_11/neuron_309/hook_post/avg/bottom/neuron_309_layer_11_bottom_avg_hook_post.png
Activations shape for blocks.11.hook_mlp_out (49984, 50)
Type of sampling: average
Top sampled image indices for blocks.11.hook_mlp_out: [10646 26199 42699 29456 14007 43124  9226 41674  8661 32403  2178 22665
 33470 26191 11674 42086 49876 38186  1923 48412]
Bottom sampled image indices for blocks.11.hook_mlp_out: [ 5875 23311 32340 35911 30888  2923 49703  7126 38732 41574 10418 29217
  6939 15867 24278 40760 47879  9359 11795  3729]
Neuron 524, Layer 11, Layer Type hook_mlp_out
Saved image to /network/scratch/s/sonia.joseph/CLIP_AUDIT/sampled_images/CLIP-ViT-B-32-DataComp.XL-s13B-b90K//layer_11/neuron_524/hook_mlp_out/avg/top/neuron_524_layer_11_top_avg_hook_mlp_out.png
Saved image to /network/scratch/s/sonia.joseph/CLIP_AUDIT/sampled_images/CLIP-ViT-B-32-DataComp.XL-s13B-b90K//layer_11/neuron_524/hook_mlp_out/avg/bottom/neuron_524_layer_11_bottom_avg_hook_mlp_out.png
Activations shape for blocks.11.hook_resid_post (49984, 50)
Type of sampling: average
Top sampled image indices for blocks.11.hook_resid_post: [37623 45611 23172 24711 38522  2765 21786 19280 22077 45694 47800  1375
 23181 33312  3535 31646 39136 19157 49709 27570]
Bottom sampled image indices for blocks.11.hook_resid_post: [32901 26491  8053 25334 11507 48305 37932 47879 28460 35062 39053 48067
 35993 37726 19967 19522 31573 36529  5289 18136]
Neuron 524, Layer 11, Layer Type hook_resid_post
Saved image to /network/scratch/s/sonia.joseph/CLIP_AUDIT/sampled_images/CLIP-ViT-B-32-DataComp.XL-s13B-b90K//layer_11/neuron_524/hook_resid_post/avg/top/neuron_524_layer_11_top_avg_hook_resid_post.png
Saved image to /network/scratch/s/sonia.joseph/CLIP_AUDIT/sampled_images/CLIP-ViT-B-32-DataComp.XL-s13B-b90K//layer_11/neuron_524/hook_resid_post/avg/bottom/neuron_524_layer_11_bottom_avg_hook_resid_post.png
Activations shape for blocks.11.mlp.hook_post (49984, 50)
Type of sampling: average
Top sampled image indices for blocks.11.mlp.hook_post: [33768 40804  7756 30949 26109 16779 16078 25282 37420 15342 17549 37768
 14944 38229 37772  1214 27073 27949 26322 19981]
Bottom sampled image indices for blocks.11.mlp.hook_post: [48218 14470 18468  1197 20678 41271  8490  8814  9665 26049 24330 48147
 43137 12550 44764 28164 30984 19829 44985 14028]
Neuron 524, Layer 11, Layer Type hook_post
Saved image to /network/scratch/s/sonia.joseph/CLIP_AUDIT/sampled_images/CLIP-ViT-B-32-DataComp.XL-s13B-b90K//layer_11/neuron_524/hook_post/avg/top/neuron_524_layer_11_top_avg_hook_post.png
Saved image to /network/scratch/s/sonia.joseph/CLIP_AUDIT/sampled_images/CLIP-ViT-B-32-DataComp.XL-s13B-b90K//layer_11/neuron_524/hook_post/avg/bottom/neuron_524_layer_11_bottom_avg_hook_post.png
Activations shape for blocks.11.hook_mlp_out (49984, 50)
Type of sampling: average
Top sampled image indices for blocks.11.hook_mlp_out: [34542 48107 25236 36825 20362  9637 42660  1848 32403 12130  1849 34561
 21236 36579  7291  1957 31780 29918 34097 23219]
Bottom sampled image indices for blocks.11.hook_mlp_out: [49081 40149 37062 43007 43404 45250  2175  2705 13036 23359  6700  5631
  7136 43808  5170 24168 38111 19267 10147  9683]
Neuron 545, Layer 11, Layer Type hook_mlp_out
Saved image to /network/scratch/s/sonia.joseph/CLIP_AUDIT/sampled_images/CLIP-ViT-B-32-DataComp.XL-s13B-b90K//layer_11/neuron_545/hook_mlp_out/avg/top/neuron_545_layer_11_top_avg_hook_mlp_out.png
Saved image to /network/scratch/s/sonia.joseph/CLIP_AUDIT/sampled_images/CLIP-ViT-B-32-DataComp.XL-s13B-b90K//layer_11/neuron_545/hook_mlp_out/avg/bottom/neuron_545_layer_11_bottom_avg_hook_mlp_out.png
Activations shape for blocks.11.hook_resid_post (49984, 50)
Type of sampling: average
Top sampled image indices for blocks.11.hook_resid_post: [19431 42466 22155 20573 48241 17557 37932 49899  8701 17168  6712 42609
  4180  7600 19372 19803 18029 15834  5289 28059]
Bottom sampled image indices for blocks.11.hook_resid_post: [37062 33938  7191 42040 48684  9683 27422 45276 35087    14 48633 24491
 18641 25439 46374 45414 25421 31884 38186 35638]
Neuron 545, Layer 11, Layer Type hook_resid_post
Saved image to /network/scratch/s/sonia.joseph/CLIP_AUDIT/sampled_images/CLIP-ViT-B-32-DataComp.XL-s13B-b90K//layer_11/neuron_545/hook_resid_post/avg/top/neuron_545_layer_11_top_avg_hook_resid_post.png
Saved image to /network/scratch/s/sonia.joseph/CLIP_AUDIT/sampled_images/CLIP-ViT-B-32-DataComp.XL-s13B-b90K//layer_11/neuron_545/hook_resid_post/avg/bottom/neuron_545_layer_11_bottom_avg_hook_resid_post.png
Activations shape for blocks.11.mlp.hook_post (49984, 50)
Type of sampling: average
Top sampled image indices for blocks.11.mlp.hook_post: [  669 21671 14944 29145 21406 42050 18843 17696 46509 28846 48324 26645
 18372 33998 22476  1846 17550 23579 16266 22395]
Bottom sampled image indices for blocks.11.mlp.hook_post: [27024  8444  6983   992 33915 14815 17881  9847 24826 13088  2988 40003
 10619 29830 14744 45140 37184 24428 20191 23062]
Neuron 545, Layer 11, Layer Type hook_post
Saved image to /network/scratch/s/sonia.joseph/CLIP_AUDIT/sampled_images/CLIP-ViT-B-32-DataComp.XL-s13B-b90K//layer_11/neuron_545/hook_post/avg/top/neuron_545_layer_11_top_avg_hook_post.png
Saved image to /network/scratch/s/sonia.joseph/CLIP_AUDIT/sampled_images/CLIP-ViT-B-32-DataComp.XL-s13B-b90K//layer_11/neuron_545/hook_post/avg/bottom/neuron_545_layer_11_bottom_avg_hook_post.png
Activations shape for blocks.11.hook_mlp_out (49984, 50)
Type of sampling: average
Top sampled image indices for blocks.11.hook_mlp_out: [ 1380  6965 18586  5970 40976 20092 48294 43922 15622 29786 27858  1739
 21517  9386 10702  9621 36529 12825 22716 42086]
Bottom sampled image indices for blocks.11.hook_mlp_out: [23905 28627 25395 45537 37996 21194 23897  8341  1615 12550  4603 41426
 14215 20301 39620  2822  8490  4427 27225 24950]
Neuron 281, Layer 11, Layer Type hook_mlp_out
Saved image to /network/scratch/s/sonia.joseph/CLIP_AUDIT/sampled_images/CLIP-ViT-B-32-DataComp.XL-s13B-b90K//layer_11/neuron_281/hook_mlp_out/avg/top/neuron_281_layer_11_top_avg_hook_mlp_out.png
Saved image to /network/scratch/s/sonia.joseph/CLIP_AUDIT/sampled_images/CLIP-ViT-B-32-DataComp.XL-s13B-b90K//layer_11/neuron_281/hook_mlp_out/avg/bottom/neuron_281_layer_11_bottom_avg_hook_mlp_out.png
Activations shape for blocks.11.hook_resid_post (49984, 50)
Type of sampling: average
Top sampled image indices for blocks.11.hook_resid_post: [30927  7790  2258 43604 36247 33038 37558 48402 22803 47394  5018 30504
 20943 41188  4689  5445 18446  9533 48536 30298]
Bottom sampled image indices for blocks.11.hook_resid_post: [22756 19713 36258 12136  1957 19794  2786 39273  7291 17168 26380 42660
  9022 35508 39257 21236 48107  2982 34925 42845]
Neuron 281, Layer 11, Layer Type hook_resid_post
Saved image to /network/scratch/s/sonia.joseph/CLIP_AUDIT/sampled_images/CLIP-ViT-B-32-DataComp.XL-s13B-b90K//layer_11/neuron_281/hook_resid_post/avg/top/neuron_281_layer_11_top_avg_hook_resid_post.png
Saved image to /network/scratch/s/sonia.joseph/CLIP_AUDIT/sampled_images/CLIP-ViT-B-32-DataComp.XL-s13B-b90K//layer_11/neuron_281/hook_resid_post/avg/bottom/neuron_281_layer_11_bottom_avg_hook_resid_post.png
Activations shape for blocks.11.mlp.hook_post (49984, 50)
Type of sampling: average
Top sampled image indices for blocks.11.mlp.hook_post: [11463  5282 31197 35303   331 19948 24321  3479 48272 19939 40988 37161
 13441 12536 17051 48156 31117  1512  9814 28623]
Bottom sampled image indices for blocks.11.mlp.hook_post: [36734  5875 17837 33853 20249 12557 37552  5719 41309 47957 11239 40374
 34120 46941 30978 15202   440 44058 32601 10897]
Neuron 281, Layer 11, Layer Type hook_post
Saved image to /network/scratch/s/sonia.joseph/CLIP_AUDIT/sampled_images/CLIP-ViT-B-32-DataComp.XL-s13B-b90K//layer_11/neuron_281/hook_post/avg/top/neuron_281_layer_11_top_avg_hook_post.png
Saved image to /network/scratch/s/sonia.joseph/CLIP_AUDIT/sampled_images/CLIP-ViT-B-32-DataComp.XL-s13B-b90K//layer_11/neuron_281/hook_post/avg/bottom/neuron_281_layer_11_bottom_avg_hook_post.png
Activations shape for blocks.11.hook_mlp_out (49984, 50)
Type of sampling: average
Top sampled image indices for blocks.11.hook_mlp_out: [39079  6045 48489 18067 16428 36157 17958 19064 43955 16554 49877 47265
 18987 43605 39862 27381 11666 39638 30287 15845]
Bottom sampled image indices for blocks.11.hook_mlp_out: [31780  4818 23219 29918 34097 14239 14545  4284 42040 28372 43600 18863
 21517 36529 44019 19864 38871 33533 27342 37062]
Neuron 584, Layer 11, Layer Type hook_mlp_out
Saved image to /network/scratch/s/sonia.joseph/CLIP_AUDIT/sampled_images/CLIP-ViT-B-32-DataComp.XL-s13B-b90K//layer_11/neuron_584/hook_mlp_out/avg/top/neuron_584_layer_11_top_avg_hook_mlp_out.png
Saved image to /network/scratch/s/sonia.joseph/CLIP_AUDIT/sampled_images/CLIP-ViT-B-32-DataComp.XL-s13B-b90K//layer_11/neuron_584/hook_mlp_out/avg/bottom/neuron_584_layer_11_bottom_avg_hook_mlp_out.png
Activations shape for blocks.11.hook_resid_post (49984, 50)
Type of sampling: average
Top sampled image indices for blocks.11.hook_resid_post: [ 7291 21911 44555 16554 11972 22775 14267 31815 39201 23651   245  4105
 18680 23018 23462  4012 34561 48324 25974 46078]
Bottom sampled image indices for blocks.11.hook_resid_post: [26818  5213 44019 23062 40518 27631 16626 43777 20398 28059  8660  4427
 20999 14839 18640 48531 28968 27771  2982 37458]
Neuron 584, Layer 11, Layer Type hook_resid_post
Saved image to /network/scratch/s/sonia.joseph/CLIP_AUDIT/sampled_images/CLIP-ViT-B-32-DataComp.XL-s13B-b90K//layer_11/neuron_584/hook_resid_post/avg/top/neuron_584_layer_11_top_avg_hook_resid_post.png
Saved image to /network/scratch/s/sonia.joseph/CLIP_AUDIT/sampled_images/CLIP-ViT-B-32-DataComp.XL-s13B-b90K//layer_11/neuron_584/hook_resid_post/avg/bottom/neuron_584_layer_11_bottom_avg_hook_resid_post.png
Activations shape for blocks.11.mlp.hook_post (49984, 50)
Type of sampling: average
Top sampled image indices for blocks.11.mlp.hook_post: [12923  4516 34246 32259 16746 45999 25500 24676 21985  7002 47015 25583
 43151 33253 33518 32357 13350 35211 46141 45751]
Bottom sampled image indices for blocks.11.mlp.hook_post: [47977 25653 15386 17295 47405 42660 48136  1957  2055 49929 41093 30291
  6813 32475  6525 13439   149 17647 45102 19449]
Neuron 584, Layer 11, Layer Type hook_post
Saved image to /network/scratch/s/sonia.joseph/CLIP_AUDIT/sampled_images/CLIP-ViT-B-32-DataComp.XL-s13B-b90K//layer_11/neuron_584/hook_post/avg/top/neuron_584_layer_11_top_avg_hook_post.png
Saved image to /network/scratch/s/sonia.joseph/CLIP_AUDIT/sampled_images/CLIP-ViT-B-32-DataComp.XL-s13B-b90K//layer_11/neuron_584/hook_post/avg/bottom/neuron_584_layer_11_bottom_avg_hook_post.png
Activations shape for blocks.11.hook_mlp_out (49984, 50)
Type of sampling: average
Top sampled image indices for blocks.11.hook_mlp_out: [29755 43428  5902 20990 46383 22560 28426 27208 32690  8959 11637 42086
 13346 48067  6751 11507 36408 35001 37754 21628]
Bottom sampled image indices for blocks.11.hook_mlp_out: [ 8813 46029  4818 35638 36262 12104 10449 33383 26409 49874 28002 38016
 11258 10579 44127 37415 22685  5887 45250 18311]
Neuron 190, Layer 11, Layer Type hook_mlp_out
Saved image to /network/scratch/s/sonia.joseph/CLIP_AUDIT/sampled_images/CLIP-ViT-B-32-DataComp.XL-s13B-b90K//layer_11/neuron_190/hook_mlp_out/avg/top/neuron_190_layer_11_top_avg_hook_mlp_out.png
Saved image to /network/scratch/s/sonia.joseph/CLIP_AUDIT/sampled_images/CLIP-ViT-B-32-DataComp.XL-s13B-b90K//layer_11/neuron_190/hook_mlp_out/avg/bottom/neuron_190_layer_11_bottom_avg_hook_mlp_out.png
Activations shape for blocks.11.hook_resid_post (49984, 50)
Type of sampling: average
Top sampled image indices for blocks.11.hook_resid_post: [ 9500 17429 32180 34724  2953 15106  7191 43661 45173 48975 49352 42759
 49566 16486 25103 39265 45689 48684    14  5498]
Bottom sampled image indices for blocks.11.hook_resid_post: [21236 29320 16020 38871 23047 27595   741 27115 14007 33853 21560 24639
 20563 14760 28460 16667 39350 14131 22058 38918]
Neuron 190, Layer 11, Layer Type hook_resid_post
Saved image to /network/scratch/s/sonia.joseph/CLIP_AUDIT/sampled_images/CLIP-ViT-B-32-DataComp.XL-s13B-b90K//layer_11/neuron_190/hook_resid_post/avg/top/neuron_190_layer_11_top_avg_hook_resid_post.png
Saved image to /network/scratch/s/sonia.joseph/CLIP_AUDIT/sampled_images/CLIP-ViT-B-32-DataComp.XL-s13B-b90K//layer_11/neuron_190/hook_resid_post/avg/bottom/neuron_190_layer_11_bottom_avg_hook_resid_post.png
Activations shape for blocks.11.mlp.hook_post (49984, 50)
Type of sampling: average
Top sampled image indices for blocks.11.mlp.hook_post: [11258 28296 46473 44185 15992 41473 33417 48810 23387 48428 10915  6691
 17488 10579 32674  8224 44127 16020 21654 36778]
Bottom sampled image indices for blocks.11.mlp.hook_post: [23318 12974 25859 45086 12322 39281  6526 23116 36715 23168 38278  6938
 20593 32362 34424 23590 25465 22776 43500 42050]
Neuron 190, Layer 11, Layer Type hook_post
Saved image to /network/scratch/s/sonia.joseph/CLIP_AUDIT/sampled_images/CLIP-ViT-B-32-DataComp.XL-s13B-b90K//layer_11/neuron_190/hook_post/avg/top/neuron_190_layer_11_top_avg_hook_post.png
Saved image to /network/scratch/s/sonia.joseph/CLIP_AUDIT/sampled_images/CLIP-ViT-B-32-DataComp.XL-s13B-b90K//layer_11/neuron_190/hook_post/avg/bottom/neuron_190_layer_11_bottom_avg_hook_post.png
Activations shape for blocks.11.hook_mlp_out (49984, 50)
Type of sampling: average
Top sampled image indices for blocks.11.hook_mlp_out: [41988 19568 18470  9331  2822 18347 23849 37060 47752 18579 25806  7289
 32452 43988 22066 27631 16620 26818 23785 39226]
Bottom sampled image indices for blocks.11.hook_mlp_out: [34751 16930 37415 14860 28238  3448 16026 10417 20654 39052 15845  4590
 38186  7897  3809 16002 29252   156  6706 39324]
Neuron 307, Layer 11, Layer Type hook_mlp_out
Saved image to /network/scratch/s/sonia.joseph/CLIP_AUDIT/sampled_images/CLIP-ViT-B-32-DataComp.XL-s13B-b90K//layer_11/neuron_307/hook_mlp_out/avg/top/neuron_307_layer_11_top_avg_hook_mlp_out.png
Saved image to /network/scratch/s/sonia.joseph/CLIP_AUDIT/sampled_images/CLIP-ViT-B-32-DataComp.XL-s13B-b90K//layer_11/neuron_307/hook_mlp_out/avg/bottom/neuron_307_layer_11_bottom_avg_hook_mlp_out.png
Activations shape for blocks.11.hook_resid_post (49984, 50)
Type of sampling: average
Top sampled image indices for blocks.11.hook_resid_post: [ 2395 10659  9140 36479  4589 12857 42516 26709 11977 44052 37475 14663
  8444   772  9014 17602 15339 29061 19064 48684]
Bottom sampled image indices for blocks.11.hook_resid_post: [47306  1849 30247 36825 34561 21236  7883  3279 42191 34751 46451 49539
 31550  1957 19944 32619 42660 41515 25236 33234]
Neuron 307, Layer 11, Layer Type hook_resid_post
Saved image to /network/scratch/s/sonia.joseph/CLIP_AUDIT/sampled_images/CLIP-ViT-B-32-DataComp.XL-s13B-b90K//layer_11/neuron_307/hook_resid_post/avg/top/neuron_307_layer_11_top_avg_hook_resid_post.png
Saved image to /network/scratch/s/sonia.joseph/CLIP_AUDIT/sampled_images/CLIP-ViT-B-32-DataComp.XL-s13B-b90K//layer_11/neuron_307/hook_resid_post/avg/bottom/neuron_307_layer_11_bottom_avg_hook_resid_post.png
Activations shape for blocks.11.mlp.hook_post (49984, 50)
Type of sampling: average
Top sampled image indices for blocks.11.mlp.hook_post: [11712 45012 37490 16308   370 40281 28206 37070  9192  6957 37126 44937
  7660 24170 32319 25256 38128   327 14007 49915]
Bottom sampled image indices for blocks.11.mlp.hook_post: [49780 19356 43610 47167   481 42077 25433 49482  6681 21212  3527 42040
  6661 19662 25026 36076 32695 27381 19432 28566]
Neuron 307, Layer 11, Layer Type hook_post
Saved image to /network/scratch/s/sonia.joseph/CLIP_AUDIT/sampled_images/CLIP-ViT-B-32-DataComp.XL-s13B-b90K//layer_11/neuron_307/hook_post/avg/top/neuron_307_layer_11_top_avg_hook_post.png
Saved image to /network/scratch/s/sonia.joseph/CLIP_AUDIT/sampled_images/CLIP-ViT-B-32-DataComp.XL-s13B-b90K//layer_11/neuron_307/hook_post/avg/bottom/neuron_307_layer_11_bottom_avg_hook_post.png
Activations shape for blocks.11.hook_mlp_out (49984, 50)
Type of sampling: average
Top sampled image indices for blocks.11.hook_mlp_out: [31975  4872 20990 29579 31646 12304   115 36406 42345 45694 48412 37415
  4284 19294  9372 27570 19280  2765  3535 24699]
Bottom sampled image indices for blocks.11.hook_mlp_out: [21942 36972 35187 42516 29327  9014 45563 28820 16003 38897 26363 42924
 15639  2870 20851 42452  7147 21411 25344 41149]
Neuron 161, Layer 11, Layer Type hook_mlp_out
Saved image to /network/scratch/s/sonia.joseph/CLIP_AUDIT/sampled_images/CLIP-ViT-B-32-DataComp.XL-s13B-b90K//layer_11/neuron_161/hook_mlp_out/avg/top/neuron_161_layer_11_top_avg_hook_mlp_out.png
Saved image to /network/scratch/s/sonia.joseph/CLIP_AUDIT/sampled_images/CLIP-ViT-B-32-DataComp.XL-s13B-b90K//layer_11/neuron_161/hook_mlp_out/avg/bottom/neuron_161_layer_11_bottom_avg_hook_mlp_out.png
Activations shape for blocks.11.hook_resid_post (49984, 50)
Type of sampling: average
Top sampled image indices for blocks.11.hook_resid_post: [25392  4837 39257 37178 29786 29276 33773 43428  9300 43984 27631 13569
 32237 10032 38482  9802 33314  7818 10334 26357]
Bottom sampled image indices for blocks.11.hook_resid_post: [ 8866 42516  9014 28059 30120 42276 24460 20055 14963 29061 22756 43103
 41009  8066 32195 20285 39230  4294 24571 16983]
Neuron 161, Layer 11, Layer Type hook_resid_post
Saved image to /network/scratch/s/sonia.joseph/CLIP_AUDIT/sampled_images/CLIP-ViT-B-32-DataComp.XL-s13B-b90K//layer_11/neuron_161/hook_resid_post/avg/top/neuron_161_layer_11_top_avg_hook_resid_post.png
Saved image to /network/scratch/s/sonia.joseph/CLIP_AUDIT/sampled_images/CLIP-ViT-B-32-DataComp.XL-s13B-b90K//layer_11/neuron_161/hook_resid_post/avg/bottom/neuron_161_layer_11_bottom_avg_hook_resid_post.png
Activations shape for blocks.11.mlp.hook_post (49984, 50)
Type of sampling: average
Top sampled image indices for blocks.11.mlp.hook_post: [17844 33062 47499 40217 42040 49896  9362  1059 36206 13351 41519 35283
  8070  4063 39136 39456  6107  6699  6508 17516]
Bottom sampled image indices for blocks.11.mlp.hook_post: [35027 26138 18399 22920 27746 18075  8577 26974 46977 45742 10496 37606
 25524 13654 23077 47154 26858 11245 36464 27004]
Neuron 161, Layer 11, Layer Type hook_post
Saved image to /network/scratch/s/sonia.joseph/CLIP_AUDIT/sampled_images/CLIP-ViT-B-32-DataComp.XL-s13B-b90K//layer_11/neuron_161/hook_post/avg/top/neuron_161_layer_11_top_avg_hook_post.png
Saved image to /network/scratch/s/sonia.joseph/CLIP_AUDIT/sampled_images/CLIP-ViT-B-32-DataComp.XL-s13B-b90K//layer_11/neuron_161/hook_post/avg/bottom/neuron_161_layer_11_bottom_avg_hook_post.png
Activations shape for blocks.11.hook_mlp_out (49984, 50)
Type of sampling: average
Top sampled image indices for blocks.11.hook_mlp_out: [34075 39838 42805  4356  7806 19933 48357 34483 11674 22968 40691  5005
  1594 38763 46586 34530 13063 33293 43862 33439]
Bottom sampled image indices for blocks.11.hook_mlp_out: [ 8813    14 12631  1344 34578 36825  9625  1799 12843 23820 11195 40362
  6983 43768 37055 22922 45564 29728 20773 30201]
Neuron 383, Layer 11, Layer Type hook_mlp_out
Saved image to /network/scratch/s/sonia.joseph/CLIP_AUDIT/sampled_images/CLIP-ViT-B-32-DataComp.XL-s13B-b90K//layer_11/neuron_383/hook_mlp_out/avg/top/neuron_383_layer_11_top_avg_hook_mlp_out.png
Saved image to /network/scratch/s/sonia.joseph/CLIP_AUDIT/sampled_images/CLIP-ViT-B-32-DataComp.XL-s13B-b90K//layer_11/neuron_383/hook_mlp_out/avg/bottom/neuron_383_layer_11_bottom_avg_hook_mlp_out.png
Activations shape for blocks.11.hook_resid_post (49984, 50)
Type of sampling: average
Top sampled image indices for blocks.11.hook_resid_post: [13385  1429 16266 34483  6366 48916 44009 46479 12841 21052  5132 12500
  3562 36940 39283  6416 49709 19280 24699 35508]
Bottom sampled image indices for blocks.11.hook_resid_post: [23318  3893 32319 34928 20659 46563  5327 29341  2165  9386  2778 18577
 20010 18698 39683 43520 37309 29217 15499 30484]
Neuron 383, Layer 11, Layer Type hook_resid_post
Saved image to /network/scratch/s/sonia.joseph/CLIP_AUDIT/sampled_images/CLIP-ViT-B-32-DataComp.XL-s13B-b90K//layer_11/neuron_383/hook_resid_post/avg/top/neuron_383_layer_11_top_avg_hook_resid_post.png
Saved image to /network/scratch/s/sonia.joseph/CLIP_AUDIT/sampled_images/CLIP-ViT-B-32-DataComp.XL-s13B-b90K//layer_11/neuron_383/hook_resid_post/avg/bottom/neuron_383_layer_11_bottom_avg_hook_resid_post.png
Activations shape for blocks.11.mlp.hook_post (49984, 50)
Type of sampling: average
Top sampled image indices for blocks.11.mlp.hook_post: [46516 20125 39112  5099 26680 42657 28911  9562 32464 29459 41807   628
  9691  8380 34594 17550 31036 45260 31011 29728]
Bottom sampled image indices for blocks.11.mlp.hook_post: [46607 22777 37419 35504 12403 28520 37446 33279 29070 10074 21871 28412
 29229  3508 12943 28656  6463  5019 27147 24967]
Neuron 383, Layer 11, Layer Type hook_post
Saved image to /network/scratch/s/sonia.joseph/CLIP_AUDIT/sampled_images/CLIP-ViT-B-32-DataComp.XL-s13B-b90K//layer_11/neuron_383/hook_post/avg/top/neuron_383_layer_11_top_avg_hook_post.png
Saved image to /network/scratch/s/sonia.joseph/CLIP_AUDIT/sampled_images/CLIP-ViT-B-32-DataComp.XL-s13B-b90K//layer_11/neuron_383/hook_post/avg/bottom/neuron_383_layer_11_bottom_avg_hook_post.png
Activations shape for blocks.11.hook_mlp_out (49984, 50)
Type of sampling: average
Top sampled image indices for blocks.11.hook_mlp_out: [ 7136 11984 26085 14108 24205 28830 40138 13343 11004 16353  3733 28615
 46878 22704 42660     9  6303  1957  7291 27085]
Bottom sampled image indices for blocks.11.hook_mlp_out: [ 8813  4427 28380 28822 40004 45148 23062 32452 18337 30613 26488 21738
  1670 31252 30474  1198 35734 27030 34191 23738]
Neuron 217, Layer 11, Layer Type hook_mlp_out
Saved image to /network/scratch/s/sonia.joseph/CLIP_AUDIT/sampled_images/CLIP-ViT-B-32-DataComp.XL-s13B-b90K//layer_11/neuron_217/hook_mlp_out/avg/top/neuron_217_layer_11_top_avg_hook_mlp_out.png
Saved image to /network/scratch/s/sonia.joseph/CLIP_AUDIT/sampled_images/CLIP-ViT-B-32-DataComp.XL-s13B-b90K//layer_11/neuron_217/hook_mlp_out/avg/bottom/neuron_217_layer_11_bottom_avg_hook_mlp_out.png
Activations shape for blocks.11.hook_resid_post (49984, 50)
Type of sampling: average
Top sampled image indices for blocks.11.hook_resid_post: [17196 31683 44644 49028 14624 17223 31084 37062 34168 28238 20319 19452
 20309 34704 42024  2440 49723 45735 21628 38314]
Bottom sampled image indices for blocks.11.hook_resid_post: [  407  8280  6599 25812 36972 20367  9157 34705 13260 39753 32237 17094
  9393 48429  9183 41253 37849 31973 43988 18842]
Neuron 217, Layer 11, Layer Type hook_resid_post
Saved image to /network/scratch/s/sonia.joseph/CLIP_AUDIT/sampled_images/CLIP-ViT-B-32-DataComp.XL-s13B-b90K//layer_11/neuron_217/hook_resid_post/avg/top/neuron_217_layer_11_top_avg_hook_resid_post.png
Saved image to /network/scratch/s/sonia.joseph/CLIP_AUDIT/sampled_images/CLIP-ViT-B-32-DataComp.XL-s13B-b90K//layer_11/neuron_217/hook_resid_post/avg/bottom/neuron_217_layer_11_bottom_avg_hook_resid_post.png
Activations shape for blocks.11.mlp.hook_post (49984, 50)
Type of sampling: average
Top sampled image indices for blocks.11.mlp.hook_post: [21336  3020 32168 13376 27997 43820 41582 22462  2857 18168  6710 41932
 45170 29786  2986 48022  2487  3680 34042 14185]
Bottom sampled image indices for blocks.11.mlp.hook_post: [29184  7282 23282 41945  1344 43314 31820 36604  8206 44476 32340 25067
 10642 42413 42029 10082 33643  3701 23800 37558]
Neuron 217, Layer 11, Layer Type hook_post
Saved image to /network/scratch/s/sonia.joseph/CLIP_AUDIT/sampled_images/CLIP-ViT-B-32-DataComp.XL-s13B-b90K//layer_11/neuron_217/hook_post/avg/top/neuron_217_layer_11_top_avg_hook_post.png
Saved image to /network/scratch/s/sonia.joseph/CLIP_AUDIT/sampled_images/CLIP-ViT-B-32-DataComp.XL-s13B-b90K//layer_11/neuron_217/hook_post/avg/bottom/neuron_217_layer_11_bottom_avg_hook_post.png
Activations shape for blocks.11.hook_mlp_out (49984, 50)
Type of sampling: average
Top sampled image indices for blocks.11.hook_mlp_out: [19319 13935 48001 12055 40776 48591 39251 33439  4977 41408 46618 22982
 13078 16554 32936 47048 37086  7308 37064  4689]
Bottom sampled image indices for blocks.11.hook_mlp_out: [ 2639 30574 33658 49685 48374 40610 10323 39226 40626 48379  6490 40152
 12456 40629 48996 11712 12342 18436  1358 39372]
Neuron 27, Layer 11, Layer Type hook_mlp_out
Saved image to /network/scratch/s/sonia.joseph/CLIP_AUDIT/sampled_images/CLIP-ViT-B-32-DataComp.XL-s13B-b90K//layer_11/neuron_27/hook_mlp_out/avg/top/neuron_27_layer_11_top_avg_hook_mlp_out.png
Saved image to /network/scratch/s/sonia.joseph/CLIP_AUDIT/sampled_images/CLIP-ViT-B-32-DataComp.XL-s13B-b90K//layer_11/neuron_27/hook_mlp_out/avg/bottom/neuron_27_layer_11_bottom_avg_hook_mlp_out.png
Activations shape for blocks.11.hook_resid_post (49984, 50)
Type of sampling: average
Top sampled image indices for blocks.11.hook_resid_post: [45475 14786  4919 27529  4872 21726 30384 14774 44315 48974 49325 37065
 11510 19319 20004 13145 18863 32088 38070 39136]
Bottom sampled image indices for blocks.11.hook_resid_post: [36675 33637  5060 49491 39302  4917  1001 28128 33858 47879  1882 25991
 22177 46234 29154  3513 24243 10587 30552 18296]
Neuron 27, Layer 11, Layer Type hook_resid_post
Saved image to /network/scratch/s/sonia.joseph/CLIP_AUDIT/sampled_images/CLIP-ViT-B-32-DataComp.XL-s13B-b90K//layer_11/neuron_27/hook_resid_post/avg/top/neuron_27_layer_11_top_avg_hook_resid_post.png
Saved image to /network/scratch/s/sonia.joseph/CLIP_AUDIT/sampled_images/CLIP-ViT-B-32-DataComp.XL-s13B-b90K//layer_11/neuron_27/hook_resid_post/avg/bottom/neuron_27_layer_11_bottom_avg_hook_resid_post.png
Activations shape for blocks.11.mlp.hook_post (49984, 50)
Type of sampling: average
Top sampled image indices for blocks.11.mlp.hook_post: [32065 48115 47559 41772 35279 44072 33402 32438 39144 38651 18112 20356
 42427 20232  9000 23967 47075 18195 32243 22755]
Bottom sampled image indices for blocks.11.mlp.hook_post: [28697  8701  1849 44783 28059 18849  4522 47526 21690 11001 24699 20389
 31437 35478 41837 35082  4180 17448 25235 46206]
Neuron 27, Layer 11, Layer Type hook_post
Saved image to /network/scratch/s/sonia.joseph/CLIP_AUDIT/sampled_images/CLIP-ViT-B-32-DataComp.XL-s13B-b90K//layer_11/neuron_27/hook_post/avg/top/neuron_27_layer_11_top_avg_hook_post.png
Saved image to /network/scratch/s/sonia.joseph/CLIP_AUDIT/sampled_images/CLIP-ViT-B-32-DataComp.XL-s13B-b90K//layer_11/neuron_27/hook_post/avg/bottom/neuron_27_layer_11_bottom_avg_hook_post.png
Activations shape for blocks.11.hook_mlp_out (49984, 50)
Type of sampling: average
Top sampled image indices for blocks.11.hook_mlp_out: [32361 20743 22577   414  8755   993  9542  7777 38535 38249 47586 32319
 38289 14928 32642 10888 28822  2097  3513 21406]
Bottom sampled image indices for blocks.11.hook_mlp_out: [12631 34228  6751 39136 22982 43600 31399 40020 45956 31577 46741 26982
 15845 18869  7307 43079 39251  9140 41138 38123]
Neuron 581, Layer 11, Layer Type hook_mlp_out
Saved image to /network/scratch/s/sonia.joseph/CLIP_AUDIT/sampled_images/CLIP-ViT-B-32-DataComp.XL-s13B-b90K//layer_11/neuron_581/hook_mlp_out/avg/top/neuron_581_layer_11_top_avg_hook_mlp_out.png
Saved image to /network/scratch/s/sonia.joseph/CLIP_AUDIT/sampled_images/CLIP-ViT-B-32-DataComp.XL-s13B-b90K//layer_11/neuron_581/hook_mlp_out/avg/bottom/neuron_581_layer_11_bottom_avg_hook_mlp_out.png
Activations shape for blocks.11.hook_resid_post (49984, 50)
Type of sampling: average
Top sampled image indices for blocks.11.hook_resid_post: [37177  8280 12083  8885 47631  8976  8201 28636 25431  7801 23330 43988
 47387 11121 42842  3617 30374   407 24170 25439]
Bottom sampled image indices for blocks.11.hook_resid_post: [14356 33470 37115  5389 19625 41079 42086 38881 27082 41304  2914  8048
  7987 36937 22592 20565 25521 10584  4779 23029]
Neuron 581, Layer 11, Layer Type hook_resid_post
Saved image to /network/scratch/s/sonia.joseph/CLIP_AUDIT/sampled_images/CLIP-ViT-B-32-DataComp.XL-s13B-b90K//layer_11/neuron_581/hook_resid_post/avg/top/neuron_581_layer_11_top_avg_hook_resid_post.png
Saved image to /network/scratch/s/sonia.joseph/CLIP_AUDIT/sampled_images/CLIP-ViT-B-32-DataComp.XL-s13B-b90K//layer_11/neuron_581/hook_resid_post/avg/bottom/neuron_581_layer_11_bottom_avg_hook_resid_post.png
Activations shape for blocks.11.mlp.hook_post (49984, 50)
Type of sampling: average
Top sampled image indices for blocks.11.mlp.hook_post: [22776  4875  6054 47598 47239 39826  6303  6280 33382  3414 31809  5467
 14909 34445 24809 49723 47867 47727 40261 24656]
Bottom sampled image indices for blocks.11.mlp.hook_post: [27608 33620  9637 33831 32001 32340 34561 30728 21236 44945 25901 32804
 38547 13925 40083 11058 34487 22594 13054 17238]
Neuron 581, Layer 11, Layer Type hook_post
Saved image to /network/scratch/s/sonia.joseph/CLIP_AUDIT/sampled_images/CLIP-ViT-B-32-DataComp.XL-s13B-b90K//layer_11/neuron_581/hook_post/avg/top/neuron_581_layer_11_top_avg_hook_post.png
Saved image to /network/scratch/s/sonia.joseph/CLIP_AUDIT/sampled_images/CLIP-ViT-B-32-DataComp.XL-s13B-b90K//layer_11/neuron_581/hook_post/avg/bottom/neuron_581_layer_11_bottom_avg_hook_post.png
Activations shape for blocks.11.hook_mlp_out (49984, 50)
Type of sampling: average
Top sampled image indices for blocks.11.hook_mlp_out: [ 2939 10611 38943 24674  5282  8812  6835 37049  5942 35688 25287 14331
  4716  4225 33689 25392  6534 35892 13762  8165]
Bottom sampled image indices for blocks.11.hook_mlp_out: [42516 24460 39251  9014 12581 16983 36531 39226 38431 18347 31772 24154
 38016 43937 37062 13449 13578  5489 43600 10697]
Neuron 68, Layer 11, Layer Type hook_mlp_out
Saved image to /network/scratch/s/sonia.joseph/CLIP_AUDIT/sampled_images/CLIP-ViT-B-32-DataComp.XL-s13B-b90K//layer_11/neuron_68/hook_mlp_out/avg/top/neuron_68_layer_11_top_avg_hook_mlp_out.png
Saved image to /network/scratch/s/sonia.joseph/CLIP_AUDIT/sampled_images/CLIP-ViT-B-32-DataComp.XL-s13B-b90K//layer_11/neuron_68/hook_mlp_out/avg/bottom/neuron_68_layer_11_bottom_avg_hook_mlp_out.png
Activations shape for blocks.11.hook_resid_post (49984, 50)
Type of sampling: average
Top sampled image indices for blocks.11.hook_resid_post: [38431  3864 33541  5049 23785  9014 41988 10435 38131 13351 34592  8249
 21584 17448 12581 29177 42516 49332 33836  6471]
Bottom sampled image indices for blocks.11.hook_resid_post: [30984 40984 27220 31716 17236 27580 19245 28076 36520 23962 24432 20485
  6348  1181 23411 30409 27290 39974 27526  9067]
Neuron 68, Layer 11, Layer Type hook_resid_post
Saved image to /network/scratch/s/sonia.joseph/CLIP_AUDIT/sampled_images/CLIP-ViT-B-32-DataComp.XL-s13B-b90K//layer_11/neuron_68/hook_resid_post/avg/top/neuron_68_layer_11_top_avg_hook_resid_post.png
Saved image to /network/scratch/s/sonia.joseph/CLIP_AUDIT/sampled_images/CLIP-ViT-B-32-DataComp.XL-s13B-b90K//layer_11/neuron_68/hook_resid_post/avg/bottom/neuron_68_layer_11_bottom_avg_hook_resid_post.png
Activations shape for blocks.11.mlp.hook_post (49984, 50)
Type of sampling: average
Top sampled image indices for blocks.11.mlp.hook_post: [13156 43605 25740 48374 20844 10261 10266 21059 19452 14034 17449 35508
  1174 27389 35197 47348 47714  8813 30439 13340]
Bottom sampled image indices for blocks.11.mlp.hook_post: [29701 39986  2690 27395 21340 35727 28027  8950 13353 14477 34249 12433
  2824 15264 40902  5531 47349 47499  1669 11277]
Neuron 68, Layer 11, Layer Type hook_post
Saved image to /network/scratch/s/sonia.joseph/CLIP_AUDIT/sampled_images/CLIP-ViT-B-32-DataComp.XL-s13B-b90K//layer_11/neuron_68/hook_post/avg/top/neuron_68_layer_11_top_avg_hook_post.png
Saved image to /network/scratch/s/sonia.joseph/CLIP_AUDIT/sampled_images/CLIP-ViT-B-32-DataComp.XL-s13B-b90K//layer_11/neuron_68/hook_post/avg/bottom/neuron_68_layer_11_bottom_avg_hook_post.png
Activations shape for blocks.11.hook_mlp_out (49984, 50)
Type of sampling: average
Top sampled image indices for blocks.11.hook_mlp_out: [42292  8444  2982 16626 27698 14966 11517 40090 24901 46741 45832 40020
 41836 43520 48670 25905  6983 23994  8249 43600]
Bottom sampled image indices for blocks.11.hook_mlp_out: [10418  5024 38943  4716  6231 22375 42133 48398 44807 16484 40429  5942
 35211 17866 32529 42212 20218 18834  5345 37100]
Neuron 695, Layer 11, Layer Type hook_mlp_out
Saved image to /network/scratch/s/sonia.joseph/CLIP_AUDIT/sampled_images/CLIP-ViT-B-32-DataComp.XL-s13B-b90K//layer_11/neuron_695/hook_mlp_out/avg/top/neuron_695_layer_11_top_avg_hook_mlp_out.png
Saved image to /network/scratch/s/sonia.joseph/CLIP_AUDIT/sampled_images/CLIP-ViT-B-32-DataComp.XL-s13B-b90K//layer_11/neuron_695/hook_mlp_out/avg/bottom/neuron_695_layer_11_bottom_avg_hook_mlp_out.png
Activations shape for blocks.11.hook_resid_post (49984, 50)
Type of sampling: average
Top sampled image indices for blocks.11.hook_resid_post: [40874 20813 12038  2319 22592 29651 17567 25738 48412 20814 47456 28615
 43475 12548 31763 18525  5173  6609 43341 10449]
Bottom sampled image indices for blocks.11.hook_resid_post: [23219 35219 42024  2588 45477    34 10435 35082 36196 47340 33435 49453
 34097 45276 30542 16671 21431 23785 30940 25395]
Neuron 695, Layer 11, Layer Type hook_resid_post
Saved image to /network/scratch/s/sonia.joseph/CLIP_AUDIT/sampled_images/CLIP-ViT-B-32-DataComp.XL-s13B-b90K//layer_11/neuron_695/hook_resid_post/avg/top/neuron_695_layer_11_top_avg_hook_resid_post.png
Saved image to /network/scratch/s/sonia.joseph/CLIP_AUDIT/sampled_images/CLIP-ViT-B-32-DataComp.XL-s13B-b90K//layer_11/neuron_695/hook_resid_post/avg/bottom/neuron_695_layer_11_bottom_avg_hook_resid_post.png
Activations shape for blocks.11.mlp.hook_post (49984, 50)
Type of sampling: average
Top sampled image indices for blocks.11.mlp.hook_post: [11413 14016 13260 14712   407 25256  2362 46962  1610 40339 41253 11794
 15685 36972 46470 23008 17981 17527 36853 34285]
Bottom sampled image indices for blocks.11.mlp.hook_post: [ 7028  4819  6228 34490 41209 36186 16996 28594 36960 18372  5719 43651
 26532 35795 39019 34290 14672 21711 22473  7754]
Neuron 695, Layer 11, Layer Type hook_post
Saved image to /network/scratch/s/sonia.joseph/CLIP_AUDIT/sampled_images/CLIP-ViT-B-32-DataComp.XL-s13B-b90K//layer_11/neuron_695/hook_post/avg/top/neuron_695_layer_11_top_avg_hook_post.png
Saved image to /network/scratch/s/sonia.joseph/CLIP_AUDIT/sampled_images/CLIP-ViT-B-32-DataComp.XL-s13B-b90K//layer_11/neuron_695/hook_post/avg/bottom/neuron_695_layer_11_bottom_avg_hook_post.png
Activations shape for blocks.11.hook_mlp_out (49984, 50)
Type of sampling: average
Top sampled image indices for blocks.11.hook_mlp_out: [43319 35243 40664 30998 27306 26799 16669 40020  4284 18640  3324 39915
 45072 16802 45472 26404 38186 47505 27595 29530]
Bottom sampled image indices for blocks.11.hook_mlp_out: [38314 28238 21584 19933 28211 40629   673 30246 32529 10742 10478 30534
 41988 48374  2788  2069 42805 25812 13285  2930]
Neuron 503, Layer 11, Layer Type hook_mlp_out
Saved image to /network/scratch/s/sonia.joseph/CLIP_AUDIT/sampled_images/CLIP-ViT-B-32-DataComp.XL-s13B-b90K//layer_11/neuron_503/hook_mlp_out/avg/top/neuron_503_layer_11_top_avg_hook_mlp_out.png
Saved image to /network/scratch/s/sonia.joseph/CLIP_AUDIT/sampled_images/CLIP-ViT-B-32-DataComp.XL-s13B-b90K//layer_11/neuron_503/hook_mlp_out/avg/bottom/neuron_503_layer_11_bottom_avg_hook_mlp_out.png
Activations shape for blocks.11.hook_resid_post (49984, 50)
Type of sampling: average
Top sampled image indices for blocks.11.hook_resid_post: [48241 34083 41395 28615 14931  6420 25521 28048 22232 41674 21329 41487
 11061  8278 44238 13401  4779 28059 26503 47684]
Bottom sampled image indices for blocks.11.hook_resid_post: [40281 45956  7773 27042 28927 43605 34793  5049 42040 24289 44737 26371
 28303 29498  5857  1783 41460 21276 39487 30845]
Neuron 503, Layer 11, Layer Type hook_resid_post
Saved image to /network/scratch/s/sonia.joseph/CLIP_AUDIT/sampled_images/CLIP-ViT-B-32-DataComp.XL-s13B-b90K//layer_11/neuron_503/hook_resid_post/avg/top/neuron_503_layer_11_top_avg_hook_resid_post.png
Saved image to /network/scratch/s/sonia.joseph/CLIP_AUDIT/sampled_images/CLIP-ViT-B-32-DataComp.XL-s13B-b90K//layer_11/neuron_503/hook_resid_post/avg/bottom/neuron_503_layer_11_bottom_avg_hook_resid_post.png
Activations shape for blocks.11.mlp.hook_post (49984, 50)
Type of sampling: average
Top sampled image indices for blocks.11.mlp.hook_post: [40129 14579 13911  7053 33382  4532  4030 19639 35274 17373 49723 13347
 34450 16538 28614 12464 17801 17590 45563 26363]
Bottom sampled image indices for blocks.11.mlp.hook_post: [47977 14833 46704 30807 37839  3833 42513  8079  2320 49563  2036 10798
 16382 11033 43444 18438 41033 39024 28375 32542]
Neuron 503, Layer 11, Layer Type hook_post
Saved image to /network/scratch/s/sonia.joseph/CLIP_AUDIT/sampled_images/CLIP-ViT-B-32-DataComp.XL-s13B-b90K//layer_11/neuron_503/hook_post/avg/top/neuron_503_layer_11_top_avg_hook_post.png
Saved image to /network/scratch/s/sonia.joseph/CLIP_AUDIT/sampled_images/CLIP-ViT-B-32-DataComp.XL-s13B-b90K//layer_11/neuron_503/hook_post/avg/bottom/neuron_503_layer_11_bottom_avg_hook_post.png
Activations shape for blocks.11.hook_mlp_out (49984, 50)
Type of sampling: average
Top sampled image indices for blocks.11.hook_mlp_out: [17712 18595 33002 37086 14029 34117 24765 42854   223  2322 36937  1484
  6045 29674 14786 22881 49325 13380 20716 38943]
Bottom sampled image indices for blocks.11.hook_mlp_out: [11712  6344 11644 30574 12342 16764 34810 26879 40629 14966 24901 24233
 38183 47192 36116 48374 22231 14656 46182 23797]
Neuron 596, Layer 11, Layer Type hook_mlp_out
Saved image to /network/scratch/s/sonia.joseph/CLIP_AUDIT/sampled_images/CLIP-ViT-B-32-DataComp.XL-s13B-b90K//layer_11/neuron_596/hook_mlp_out/avg/top/neuron_596_layer_11_top_avg_hook_mlp_out.png
Saved image to /network/scratch/s/sonia.joseph/CLIP_AUDIT/sampled_images/CLIP-ViT-B-32-DataComp.XL-s13B-b90K//layer_11/neuron_596/hook_mlp_out/avg/bottom/neuron_596_layer_11_bottom_avg_hook_mlp_out.png
Activations shape for blocks.11.hook_resid_post (49984, 50)
Type of sampling: average
Top sampled image indices for blocks.11.hook_resid_post: [23515 13726 25738 36917 42472 39694 37890 22881   705 41146 27511 43838
 30830 22362 10449 24399 40785 29674 24765 16135]
Bottom sampled image indices for blocks.11.hook_resid_post: [34097 29918  7291 23219  1957 25940  9637 24337 21236 33831 35136 36825
 34561 21711 42320 48107  7883  5108  4012  1849]
Neuron 596, Layer 11, Layer Type hook_resid_post
Saved image to /network/scratch/s/sonia.joseph/CLIP_AUDIT/sampled_images/CLIP-ViT-B-32-DataComp.XL-s13B-b90K//layer_11/neuron_596/hook_resid_post/avg/top/neuron_596_layer_11_top_avg_hook_resid_post.png
Saved image to /network/scratch/s/sonia.joseph/CLIP_AUDIT/sampled_images/CLIP-ViT-B-32-DataComp.XL-s13B-b90K//layer_11/neuron_596/hook_resid_post/avg/bottom/neuron_596_layer_11_bottom_avg_hook_resid_post.png
Activations shape for blocks.11.mlp.hook_post (49984, 50)
Type of sampling: average
Top sampled image indices for blocks.11.mlp.hook_post: [39372 42815 36262 43784  8439 23339 35342 30692 39487  9104 13290 15695
  8190 34097 29870 20654 12130  5335 23219 36579]
Bottom sampled image indices for blocks.11.mlp.hook_post: [48427 31437 46446 29566 44741 25746 31374  9386 41888 16690 36403 30823
 17972 26139 18353 35345 15142 27596  6025 31368]
Neuron 596, Layer 11, Layer Type hook_post
Saved image to /network/scratch/s/sonia.joseph/CLIP_AUDIT/sampled_images/CLIP-ViT-B-32-DataComp.XL-s13B-b90K//layer_11/neuron_596/hook_post/avg/top/neuron_596_layer_11_top_avg_hook_post.png
Saved image to /network/scratch/s/sonia.joseph/CLIP_AUDIT/sampled_images/CLIP-ViT-B-32-DataComp.XL-s13B-b90K//layer_11/neuron_596/hook_post/avg/bottom/neuron_596_layer_11_bottom_avg_hook_post.png
Activations shape for blocks.11.hook_mlp_out (49984, 50)
Type of sampling: average
Top sampled image indices for blocks.11.hook_mlp_out: [11333  2093 21338 42286  8332 41470 37281 49800 26338 22301 39576 25433
  4197 47405 38947 16987 29836 46957 42516 36614]
Bottom sampled image indices for blocks.11.hook_mlp_out: [29177 12066  4180 18357 25687 14786 29796 28051 27983  8701 36489 21217
 34566 17567  5602  5026 41579 31050 32149 39372]
Neuron 207, Layer 11, Layer Type hook_mlp_out
Saved image to /network/scratch/s/sonia.joseph/CLIP_AUDIT/sampled_images/CLIP-ViT-B-32-DataComp.XL-s13B-b90K//layer_11/neuron_207/hook_mlp_out/avg/top/neuron_207_layer_11_top_avg_hook_mlp_out.png
Saved image to /network/scratch/s/sonia.joseph/CLIP_AUDIT/sampled_images/CLIP-ViT-B-32-DataComp.XL-s13B-b90K//layer_11/neuron_207/hook_mlp_out/avg/bottom/neuron_207_layer_11_bottom_avg_hook_mlp_out.png
Activations shape for blocks.11.hook_resid_post (49984, 50)
Type of sampling: average
Top sampled image indices for blocks.11.hook_resid_post: [34814 32340 34214 22362 49756  4967 33038 31645 49836 36246 12548 18787
  3001 12677 49666  6530 18803  6385   175  7164]
Bottom sampled image indices for blocks.11.hook_resid_post: [ 7027 33533 27631 39257  2765 24699  1825  4818 19280  2982 34542 47800
 43777  5742  5213 27570 17210 16626 14545 35219]
Neuron 207, Layer 11, Layer Type hook_resid_post
Saved image to /network/scratch/s/sonia.joseph/CLIP_AUDIT/sampled_images/CLIP-ViT-B-32-DataComp.XL-s13B-b90K//layer_11/neuron_207/hook_resid_post/avg/top/neuron_207_layer_11_top_avg_hook_resid_post.png
Saved image to /network/scratch/s/sonia.joseph/CLIP_AUDIT/sampled_images/CLIP-ViT-B-32-DataComp.XL-s13B-b90K//layer_11/neuron_207/hook_resid_post/avg/bottom/neuron_207_layer_11_bottom_avg_hook_resid_post.png
Activations shape for blocks.11.mlp.hook_post (49984, 50)
Type of sampling: average
Top sampled image indices for blocks.11.mlp.hook_post: [31491 12536 28872 20773 30482 40629 23654 21584 11463  4427  8675 35254
 38123 48001 49665 29810 18436 45957 48267 35087]
Bottom sampled image indices for blocks.11.mlp.hook_post: [49556  2435  2036 25717 38211 30663 32507 48759 33053 13144 21967 34296
  6059 36852 28411 49734 28331  2924 24953  9506]
Neuron 207, Layer 11, Layer Type hook_post
Saved image to /network/scratch/s/sonia.joseph/CLIP_AUDIT/sampled_images/CLIP-ViT-B-32-DataComp.XL-s13B-b90K//layer_11/neuron_207/hook_post/avg/top/neuron_207_layer_11_top_avg_hook_post.png
Saved image to /network/scratch/s/sonia.joseph/CLIP_AUDIT/sampled_images/CLIP-ViT-B-32-DataComp.XL-s13B-b90K//layer_11/neuron_207/hook_post/avg/bottom/neuron_207_layer_11_bottom_avg_hook_post.png
Activations shape for blocks.11.hook_mlp_out (49984, 50)
Type of sampling: average
Top sampled image indices for blocks.11.hook_mlp_out: [13669 25094 30757 39225 45186 21507 30830  5334 29674 14007 49676 10941
 43432 14372 14476 42586 35001 23052 43129 10449]
Bottom sampled image indices for blocks.11.hook_mlp_out: [19423 20440 47526 39794 14189 29932 27112 42750 20754  3279 12500 31577
 44007   528 11001 23462 33938  9599 10032 48071]
Neuron 258, Layer 11, Layer Type hook_mlp_out
Saved image to /network/scratch/s/sonia.joseph/CLIP_AUDIT/sampled_images/CLIP-ViT-B-32-DataComp.XL-s13B-b90K//layer_11/neuron_258/hook_mlp_out/avg/top/neuron_258_layer_11_top_avg_hook_mlp_out.png
Saved image to /network/scratch/s/sonia.joseph/CLIP_AUDIT/sampled_images/CLIP-ViT-B-32-DataComp.XL-s13B-b90K//layer_11/neuron_258/hook_mlp_out/avg/bottom/neuron_258_layer_11_bottom_avg_hook_mlp_out.png
Activations shape for blocks.11.hook_resid_post (49984, 50)
Type of sampling: average
Top sampled image indices for blocks.11.hook_resid_post: [45407 23625 10469 31439  7773 27089 23062  4831 12215 37095 42196 24337
 14928  5887 43346  4818 27082 38342  2097  4427]
Bottom sampled image indices for blocks.11.hook_resid_post: [ 1849 32448 34561 11855 21236  9629 36825 30247 35478 23462 34306 14170
 42379 42660 37687 33853  3279 21614 47265  9509]
Neuron 258, Layer 11, Layer Type hook_resid_post
Saved image to /network/scratch/s/sonia.joseph/CLIP_AUDIT/sampled_images/CLIP-ViT-B-32-DataComp.XL-s13B-b90K//layer_11/neuron_258/hook_resid_post/avg/top/neuron_258_layer_11_top_avg_hook_resid_post.png
Saved image to /network/scratch/s/sonia.joseph/CLIP_AUDIT/sampled_images/CLIP-ViT-B-32-DataComp.XL-s13B-b90K//layer_11/neuron_258/hook_resid_post/avg/bottom/neuron_258_layer_11_bottom_avg_hook_resid_post.png
Activations shape for blocks.11.mlp.hook_post (49984, 50)
Type of sampling: average
Top sampled image indices for blocks.11.mlp.hook_post: [ 5962  1923  7941 38029 45663 23285 33470 12035 42086 33891 31649 38108
 10646 36142  2746 37500 26191 48412 11929  6751]
Bottom sampled image indices for blocks.11.mlp.hook_post: [14007 38355 35888  4805  7649 44077 39819  5525  5433 14871 18683 21494
 49142 30939 31006  7696 11781 37526 16449  6687]
Neuron 258, Layer 11, Layer Type hook_post
Saved image to /network/scratch/s/sonia.joseph/CLIP_AUDIT/sampled_images/CLIP-ViT-B-32-DataComp.XL-s13B-b90K//layer_11/neuron_258/hook_post/avg/top/neuron_258_layer_11_top_avg_hook_post.png
Saved image to /network/scratch/s/sonia.joseph/CLIP_AUDIT/sampled_images/CLIP-ViT-B-32-DataComp.XL-s13B-b90K//layer_11/neuron_258/hook_post/avg/bottom/neuron_258_layer_11_bottom_avg_hook_post.png
Activations shape for blocks.11.hook_mlp_out (49984, 50)
Type of sampling: average
Top sampled image indices for blocks.11.hook_mlp_out: [30416 32235  2000 29979 32001 21855 41354 24899  9599 11098  8442 42384
  3568 16266 18033 21403  3459 29929 11708  2567]
Bottom sampled image indices for blocks.11.hook_mlp_out: [ 4427 41487 48684 24460 42516 28002 26419 24676 48022 37794 16861 21236
 47586  6190 44379 19625 38017 26140 46141 29754]
Neuron 379, Layer 11, Layer Type hook_mlp_out
Saved image to /network/scratch/s/sonia.joseph/CLIP_AUDIT/sampled_images/CLIP-ViT-B-32-DataComp.XL-s13B-b90K//layer_11/neuron_379/hook_mlp_out/avg/top/neuron_379_layer_11_top_avg_hook_mlp_out.png
Saved image to /network/scratch/s/sonia.joseph/CLIP_AUDIT/sampled_images/CLIP-ViT-B-32-DataComp.XL-s13B-b90K//layer_11/neuron_379/hook_mlp_out/avg/bottom/neuron_379_layer_11_bottom_avg_hook_mlp_out.png
Activations shape for blocks.11.hook_resid_post (49984, 50)
Type of sampling: average
Top sampled image indices for blocks.11.hook_resid_post: [49146 19271 13905 19449 34220 11538  5898 27543 14100 31420 38939 18258
  8249 24305 18235 15488 44768 21553 15762 34445]
Bottom sampled image indices for blocks.11.hook_resid_post: [38183  4427 28708 45296 48643 24337 26424 34751  2953 31772 42196 39053
 16747 40360 11637 12581 18157 19022 19617  8160]
Neuron 379, Layer 11, Layer Type hook_resid_post
Saved image to /network/scratch/s/sonia.joseph/CLIP_AUDIT/sampled_images/CLIP-ViT-B-32-DataComp.XL-s13B-b90K//layer_11/neuron_379/hook_resid_post/avg/top/neuron_379_layer_11_top_avg_hook_resid_post.png
Saved image to /network/scratch/s/sonia.joseph/CLIP_AUDIT/sampled_images/CLIP-ViT-B-32-DataComp.XL-s13B-b90K//layer_11/neuron_379/hook_resid_post/avg/bottom/neuron_379_layer_11_bottom_avg_hook_resid_post.png
Activations shape for blocks.11.mlp.hook_post (49984, 50)
Type of sampling: average
Top sampled image indices for blocks.11.mlp.hook_post: [ 3825 30337 28498   669 25289 27228  5440 24250 21989 46022 41324  5634
 30019 19596 29727 18483 32244 10704 19604 39632]
Bottom sampled image indices for blocks.11.mlp.hook_post: [36754 21946 41148 16196 10798 21305 34334 43182  9844 16753 23143   755
 21065 15075 34424 32129 21967 43363 30663 38557]
Neuron 379, Layer 11, Layer Type hook_post
Saved image to /network/scratch/s/sonia.joseph/CLIP_AUDIT/sampled_images/CLIP-ViT-B-32-DataComp.XL-s13B-b90K//layer_11/neuron_379/hook_post/avg/top/neuron_379_layer_11_top_avg_hook_post.png
Saved image to /network/scratch/s/sonia.joseph/CLIP_AUDIT/sampled_images/CLIP-ViT-B-32-DataComp.XL-s13B-b90K//layer_11/neuron_379/hook_post/avg/bottom/neuron_379_layer_11_bottom_avg_hook_post.png
Activations shape for blocks.11.hook_mlp_out (49984, 50)
Type of sampling: average
Top sampled image indices for blocks.11.hook_mlp_out: [24699 25227 49324 16680 27570  4290  6512 41460 39569  6413 43605 19948
 40292 38768 11015 48684 30298 23458 48521 47265]
Bottom sampled image indices for blocks.11.hook_mlp_out: [23785  7777 48341 28064 41997 44765 13351 11755 30487 48001 17598 33253
 43071 42965 14485  7010   728 48709 39364 33533]
Neuron 595, Layer 11, Layer Type hook_mlp_out
Saved image to /network/scratch/s/sonia.joseph/CLIP_AUDIT/sampled_images/CLIP-ViT-B-32-DataComp.XL-s13B-b90K//layer_11/neuron_595/hook_mlp_out/avg/top/neuron_595_layer_11_top_avg_hook_mlp_out.png
Saved image to /network/scratch/s/sonia.joseph/CLIP_AUDIT/sampled_images/CLIP-ViT-B-32-DataComp.XL-s13B-b90K//layer_11/neuron_595/hook_mlp_out/avg/bottom/neuron_595_layer_11_bottom_avg_hook_mlp_out.png
Activations shape for blocks.11.hook_resid_post (49984, 50)
Type of sampling: average
Top sampled image indices for blocks.11.hook_resid_post: [43360  7587 46878 27540 21236 13340  3286 42660  5000 42593 25940 39609
 14833 36846 19506 30355  6303 13343 28449 33444]
Bottom sampled image indices for blocks.11.hook_resid_post: [20593 26430 17837 37060 41411 10653 41633 42754 19294 16135 32185 41304
 29385 39650 48568 38535 22520 40282 27191 49641]
Neuron 595, Layer 11, Layer Type hook_resid_post
Saved image to /network/scratch/s/sonia.joseph/CLIP_AUDIT/sampled_images/CLIP-ViT-B-32-DataComp.XL-s13B-b90K//layer_11/neuron_595/hook_resid_post/avg/top/neuron_595_layer_11_top_avg_hook_resid_post.png
Saved image to /network/scratch/s/sonia.joseph/CLIP_AUDIT/sampled_images/CLIP-ViT-B-32-DataComp.XL-s13B-b90K//layer_11/neuron_595/hook_resid_post/avg/bottom/neuron_595_layer_11_bottom_avg_hook_resid_post.png
Activations shape for blocks.11.mlp.hook_post (49984, 50)
Type of sampling: average
Top sampled image indices for blocks.11.mlp.hook_post: [46837 24112 19006 17921 39672 18347  8832  2444  9089 43520 17204 18109
 46940 31061  4171 38741 28400 27595 12749 26550]
Bottom sampled image indices for blocks.11.mlp.hook_post: [ 9980 16987 35419 16312 12796 39136 30832 17930   385  6813 31374  8755
 10633 29784 18634  8577 13483 26732 24777 38752]
Neuron 595, Layer 11, Layer Type hook_post
Saved image to /network/scratch/s/sonia.joseph/CLIP_AUDIT/sampled_images/CLIP-ViT-B-32-DataComp.XL-s13B-b90K//layer_11/neuron_595/hook_post/avg/top/neuron_595_layer_11_top_avg_hook_post.png
Saved image to /network/scratch/s/sonia.joseph/CLIP_AUDIT/sampled_images/CLIP-ViT-B-32-DataComp.XL-s13B-b90K//layer_11/neuron_595/hook_post/avg/bottom/neuron_595_layer_11_bottom_avg_hook_post.png
