Official model name open-clip:laion/CLIP-ViT-B-32-DataComp.XL-s13B-b90K
Converting OpenCLIP weights
visual projection shape torch.Size([768, 512])
Setting center_writing_weights to False for OpenCLIP
Setting fold_ln to False for OpenCLIP
Loaded pretrained model open-clip:laion/CLIP-ViT-B-32-DataComp.XL-s13B-b90K into HookedTransformer
Activations shape for blocks.10.hook_mlp_out (49984, 50)
Type of sampling: average
Top sampled image indices for blocks.10.hook_mlp_out: [47800 29496 33062 23128 10456 27428 23029 40629  2069 34574 24007  2788
 18436 34592 24699 27631 48374 23209 27518 19145]
Bottom sampled image indices for blocks.10.hook_mlp_out: [41188 12839  2065 36896 11505 46686 28694 33038 14100 29768  5445 46988
 42815  2258 47341 18871 19756 11187 45701 18700]
Neuron 723, Layer 10, Layer Type hook_mlp_out
Saved image to /network/scratch/s/sonia.joseph/CLIP_AUDIT/sampled_images/CLIP-ViT-B-32-DataComp.XL-s13B-b90K//layer_10/neuron_723/hook_mlp_out/avg/top/neuron_723_layer_10_top_avg_hook_mlp_out.png
Saved image to /network/scratch/s/sonia.joseph/CLIP_AUDIT/sampled_images/CLIP-ViT-B-32-DataComp.XL-s13B-b90K//layer_10/neuron_723/hook_mlp_out/avg/bottom/neuron_723_layer_10_bottom_avg_hook_mlp_out.png
Activations shape for blocks.10.hook_resid_post (49984, 50)
Type of sampling: average
Top sampled image indices for blocks.10.hook_resid_post: [37490  5060 40241 31593  3535 39136 15762  2788  4917 17433 46234 19145
 17937  2069  8444 23209  1719 24699 24007 13669]
Bottom sampled image indices for blocks.10.hook_resid_post: [45956 29766  5345  7409 27897 36896 49527 21648 22974 11187 12839 25145
  3311 41079 48050 29768 13478 27834 11375 36901]
Neuron 723, Layer 10, Layer Type hook_resid_post
Saved image to /network/scratch/s/sonia.joseph/CLIP_AUDIT/sampled_images/CLIP-ViT-B-32-DataComp.XL-s13B-b90K//layer_10/neuron_723/hook_resid_post/avg/top/neuron_723_layer_10_top_avg_hook_resid_post.png
Saved image to /network/scratch/s/sonia.joseph/CLIP_AUDIT/sampled_images/CLIP-ViT-B-32-DataComp.XL-s13B-b90K//layer_10/neuron_723/hook_resid_post/avg/bottom/neuron_723_layer_10_bottom_avg_hook_resid_post.png
Activations shape for blocks.10.mlp.hook_post (49984, 50)
Type of sampling: average
Top sampled image indices for blocks.10.mlp.hook_post: [25974 43703 16582 31043 19830 25591 49830 13318 11144 17437 44991 20059
  3893 22444 10673 29341 15975 35161 14039 21203]
Bottom sampled image indices for blocks.10.mlp.hook_post: [31465 34861  6339 28059 29322 46646 28258 14014 43394 40986 32188 11159
 21305 33255 25269 12796 31022 18661 13392 29810]
Neuron 723, Layer 10, Layer Type hook_post
Saved image to /network/scratch/s/sonia.joseph/CLIP_AUDIT/sampled_images/CLIP-ViT-B-32-DataComp.XL-s13B-b90K//layer_10/neuron_723/hook_post/avg/top/neuron_723_layer_10_top_avg_hook_post.png
Saved image to /network/scratch/s/sonia.joseph/CLIP_AUDIT/sampled_images/CLIP-ViT-B-32-DataComp.XL-s13B-b90K//layer_10/neuron_723/hook_post/avg/bottom/neuron_723_layer_10_bottom_avg_hook_post.png
Activations shape for blocks.10.hook_mlp_out (49984, 50)
Type of sampling: average
Top sampled image indices for blocks.10.hook_mlp_out: [ 5602 24460 42516 41009 36116 36850  8813 29177 47192 47434 37648 41188
 43937 32149 24901 19392 17874    90  4030 47855]
Bottom sampled image indices for blocks.10.hook_mlp_out: [ 7529 27570 45789 39053 25184  4427 26507 15241 45296 31763 48372 19602
 14748 10449  9189  5238 35943 16135   175  7223]
Neuron 639, Layer 10, Layer Type hook_mlp_out
Saved image to /network/scratch/s/sonia.joseph/CLIP_AUDIT/sampled_images/CLIP-ViT-B-32-DataComp.XL-s13B-b90K//layer_10/neuron_639/hook_mlp_out/avg/top/neuron_639_layer_10_top_avg_hook_mlp_out.png
Saved image to /network/scratch/s/sonia.joseph/CLIP_AUDIT/sampled_images/CLIP-ViT-B-32-DataComp.XL-s13B-b90K//layer_10/neuron_639/hook_mlp_out/avg/bottom/neuron_639_layer_10_bottom_avg_hook_mlp_out.png
Activations shape for blocks.10.hook_resid_post (49984, 50)
Type of sampling: average
Top sampled image indices for blocks.10.hook_resid_post: [39979 47265  3440 26930  3812 13121 27625  5280  8795  8964 12112 32675
 14543 14895 20339  7409 47957 43228 19392  8734]
Bottom sampled image indices for blocks.10.hook_resid_post: [ 7529  1905 48460 48595 14916   888 28059 48372 26507 19319 39066 21726
 39053 46392 23550 18863 16554 33213  2511 19294]
Neuron 639, Layer 10, Layer Type hook_resid_post
Saved image to /network/scratch/s/sonia.joseph/CLIP_AUDIT/sampled_images/CLIP-ViT-B-32-DataComp.XL-s13B-b90K//layer_10/neuron_639/hook_resid_post/avg/top/neuron_639_layer_10_top_avg_hook_resid_post.png
Saved image to /network/scratch/s/sonia.joseph/CLIP_AUDIT/sampled_images/CLIP-ViT-B-32-DataComp.XL-s13B-b90K//layer_10/neuron_639/hook_resid_post/avg/bottom/neuron_639_layer_10_bottom_avg_hook_resid_post.png
Activations shape for blocks.10.mlp.hook_post (49984, 50)
Type of sampling: average
Top sampled image indices for blocks.10.mlp.hook_post: [37435 36014 26258  1592 45293  2216  1719 48436  9373  3567 33091 31823
   746 15436 25346 47639 40241 27115 17647 25100]
Bottom sampled image indices for blocks.10.mlp.hook_post: [30663 47900 30065 44197 26446 29701 44849 41017  8276 27651 25185  4850
 20410 21305  2252  2933 32911 29611 12327  7979]
Neuron 639, Layer 10, Layer Type hook_post
Saved image to /network/scratch/s/sonia.joseph/CLIP_AUDIT/sampled_images/CLIP-ViT-B-32-DataComp.XL-s13B-b90K//layer_10/neuron_639/hook_post/avg/top/neuron_639_layer_10_top_avg_hook_post.png
Saved image to /network/scratch/s/sonia.joseph/CLIP_AUDIT/sampled_images/CLIP-ViT-B-32-DataComp.XL-s13B-b90K//layer_10/neuron_639/hook_post/avg/bottom/neuron_639_layer_10_bottom_avg_hook_post.png
Activations shape for blocks.10.hook_mlp_out (49984, 50)
Type of sampling: average
Top sampled image indices for blocks.10.hook_mlp_out: [38342 35148 28002 17210 33533 27636 45296  3599 40921 39137 31772  9258
 19850 35638 39053 33383 43346 12104  4818 48684]
Bottom sampled image indices for blocks.10.hook_mlp_out: [ 3324  5875 36164  5741 18747 36857  7277 48842 21462 33937 29429  8152
 10731   188 37166 14170  1828 12749 24991 26550]
Neuron 305, Layer 10, Layer Type hook_mlp_out
Saved image to /network/scratch/s/sonia.joseph/CLIP_AUDIT/sampled_images/CLIP-ViT-B-32-DataComp.XL-s13B-b90K//layer_10/neuron_305/hook_mlp_out/avg/top/neuron_305_layer_10_top_avg_hook_mlp_out.png
Saved image to /network/scratch/s/sonia.joseph/CLIP_AUDIT/sampled_images/CLIP-ViT-B-32-DataComp.XL-s13B-b90K//layer_10/neuron_305/hook_mlp_out/avg/bottom/neuron_305_layer_10_bottom_avg_hook_mlp_out.png
Activations shape for blocks.10.hook_resid_post (49984, 50)
Type of sampling: average
Top sampled image indices for blocks.10.hook_resid_post: [47684 23311 42057 17801 14435 34683 23066 45842 35535 40088  4779 13652
 12431  9094 45418 43794 18156 27897 14189 48684]
Bottom sampled image indices for blocks.10.hook_resid_post: [48412  7457 20690 32568 11305 21786  8444 30201  2097 18640 38420 33470
 41737 34265 33838 19195 19976 24699 18747 36857]
Neuron 305, Layer 10, Layer Type hook_resid_post
Saved image to /network/scratch/s/sonia.joseph/CLIP_AUDIT/sampled_images/CLIP-ViT-B-32-DataComp.XL-s13B-b90K//layer_10/neuron_305/hook_resid_post/avg/top/neuron_305_layer_10_top_avg_hook_resid_post.png
Saved image to /network/scratch/s/sonia.joseph/CLIP_AUDIT/sampled_images/CLIP-ViT-B-32-DataComp.XL-s13B-b90K//layer_10/neuron_305/hook_resid_post/avg/bottom/neuron_305_layer_10_bottom_avg_hook_resid_post.png
Activations shape for blocks.10.mlp.hook_post (49984, 50)
Type of sampling: average
Top sampled image indices for blocks.10.mlp.hook_post: [25875 39620 49210  4901 11364 33836   232 41426 23870  1338  9920 10435
 12078 39876 40629 13672 23785  3041 48374  2822]
Bottom sampled image indices for blocks.10.mlp.hook_post: [44642 44737  1476 41752 26141 21902 29097 14739 37064 23511  4818 15546
 36169 32938  1652 35336 33429 23990 48684 30527]
Neuron 305, Layer 10, Layer Type hook_post
Saved image to /network/scratch/s/sonia.joseph/CLIP_AUDIT/sampled_images/CLIP-ViT-B-32-DataComp.XL-s13B-b90K//layer_10/neuron_305/hook_post/avg/top/neuron_305_layer_10_top_avg_hook_post.png
Saved image to /network/scratch/s/sonia.joseph/CLIP_AUDIT/sampled_images/CLIP-ViT-B-32-DataComp.XL-s13B-b90K//layer_10/neuron_305/hook_post/avg/bottom/neuron_305_layer_10_bottom_avg_hook_post.png
Activations shape for blocks.10.hook_mlp_out (49984, 50)
Type of sampling: average
Top sampled image indices for blocks.10.hook_mlp_out: [11920 24674 36437 31593 47855 25100 12105 20759  4055 29362 48297 49046
  8813 27520 28002 29254 13578  7583 17598 43937]
Bottom sampled image indices for blocks.10.hook_mlp_out: [40607 39604  3329 28136 29918 31772 16015 39858 40970 27163 16780 40473
 31668 31464  1212 18123 26835 46078 38803 27078]
Neuron 730, Layer 10, Layer Type hook_mlp_out
Saved image to /network/scratch/s/sonia.joseph/CLIP_AUDIT/sampled_images/CLIP-ViT-B-32-DataComp.XL-s13B-b90K//layer_10/neuron_730/hook_mlp_out/avg/top/neuron_730_layer_10_top_avg_hook_mlp_out.png
Saved image to /network/scratch/s/sonia.joseph/CLIP_AUDIT/sampled_images/CLIP-ViT-B-32-DataComp.XL-s13B-b90K//layer_10/neuron_730/hook_mlp_out/avg/bottom/neuron_730_layer_10_bottom_avg_hook_mlp_out.png
Activations shape for blocks.10.hook_resid_post (49984, 50)
Type of sampling: average
Top sampled image indices for blocks.10.hook_resid_post: [41991 40612 28615 27631 43777 29819 18152 37776 35638 10449  3200 25588
 29254  9704 45323 17219 24796 48246 29601 17322]
Bottom sampled image indices for blocks.10.hook_resid_post: [40970 39513 17073  8886 16015 26247 21052 43600  5829 20690 23380  6205
 39885 18863  7529 39604 28663 33875 22211 35412]
Neuron 730, Layer 10, Layer Type hook_resid_post
Saved image to /network/scratch/s/sonia.joseph/CLIP_AUDIT/sampled_images/CLIP-ViT-B-32-DataComp.XL-s13B-b90K//layer_10/neuron_730/hook_resid_post/avg/top/neuron_730_layer_10_top_avg_hook_resid_post.png
Saved image to /network/scratch/s/sonia.joseph/CLIP_AUDIT/sampled_images/CLIP-ViT-B-32-DataComp.XL-s13B-b90K//layer_10/neuron_730/hook_resid_post/avg/bottom/neuron_730_layer_10_bottom_avg_hook_resid_post.png
Activations shape for blocks.10.mlp.hook_post (49984, 50)
Type of sampling: average
Top sampled image indices for blocks.10.mlp.hook_post: [39092 35709  7151  6736 40443 18051 37986 15119  6548 44809 28393 27666
 21704  4836 32529 49098 48071 15023 16468 15521]
Bottom sampled image indices for blocks.10.mlp.hook_post: [25806 15660 38657  5589 30595 14239  9937 11094 13120 29902 16750 14776
 37444 43332  4926  7349  5624  4338 46488 38070]
Neuron 730, Layer 10, Layer Type hook_post
Saved image to /network/scratch/s/sonia.joseph/CLIP_AUDIT/sampled_images/CLIP-ViT-B-32-DataComp.XL-s13B-b90K//layer_10/neuron_730/hook_post/avg/top/neuron_730_layer_10_top_avg_hook_post.png
Saved image to /network/scratch/s/sonia.joseph/CLIP_AUDIT/sampled_images/CLIP-ViT-B-32-DataComp.XL-s13B-b90K//layer_10/neuron_730/hook_post/avg/bottom/neuron_730_layer_10_bottom_avg_hook_post.png
Activations shape for blocks.10.hook_mlp_out (49984, 50)
Type of sampling: average
Top sampled image indices for blocks.10.hook_mlp_out: [41551 16340 26357 29932 19891 13260  4269 12433 24901 30045  2345 30415
  7818 14199 30439 21987 11334 41253 49921 13340]
Bottom sampled image indices for blocks.10.hook_mlp_out: [ 9014 42516 12581 31426  4197 13449 36598 16983 24460 47855 19792  1957
 27520 27780 28822 10323 14016  7457 13732  8880]
Neuron 558, Layer 10, Layer Type hook_mlp_out
Saved image to /network/scratch/s/sonia.joseph/CLIP_AUDIT/sampled_images/CLIP-ViT-B-32-DataComp.XL-s13B-b90K//layer_10/neuron_558/hook_mlp_out/avg/top/neuron_558_layer_10_top_avg_hook_mlp_out.png
Saved image to /network/scratch/s/sonia.joseph/CLIP_AUDIT/sampled_images/CLIP-ViT-B-32-DataComp.XL-s13B-b90K//layer_10/neuron_558/hook_mlp_out/avg/bottom/neuron_558_layer_10_bottom_avg_hook_mlp_out.png
Activations shape for blocks.10.hook_resid_post (49984, 50)
Type of sampling: average
Top sampled image indices for blocks.10.hook_resid_post: [ 9309 26492 16340  5244 31725 14214 15818   791  4282 23082   639 35481
 40582  4414 46862 47127 36369 17843 36627 30863]
Bottom sampled image indices for blocks.10.hook_resid_post: [  175 12314 22618 21990   888 26244 27582  1716 29261 46401 12552 37998
  2549 34304 24972 43317 12799  7905 44962 32657]
Neuron 558, Layer 10, Layer Type hook_resid_post
Saved image to /network/scratch/s/sonia.joseph/CLIP_AUDIT/sampled_images/CLIP-ViT-B-32-DataComp.XL-s13B-b90K//layer_10/neuron_558/hook_resid_post/avg/top/neuron_558_layer_10_top_avg_hook_resid_post.png
Saved image to /network/scratch/s/sonia.joseph/CLIP_AUDIT/sampled_images/CLIP-ViT-B-32-DataComp.XL-s13B-b90K//layer_10/neuron_558/hook_resid_post/avg/bottom/neuron_558_layer_10_bottom_avg_hook_resid_post.png
Activations shape for blocks.10.mlp.hook_post (49984, 50)
Type of sampling: average
Top sampled image indices for blocks.10.mlp.hook_post: [48767   251 24995 14986 24417 24268 31559 18896 47359 17187 22072 26980
  7374 34674 28857  8474 25666 42087 33693 28873]
Bottom sampled image indices for blocks.10.mlp.hook_post: [  178  9118 39128 23020 24977 28255 42814 24233 27587 45115 10584 43298
  8480 46563 22933 10063 21040 30514 30427 49803]
Neuron 558, Layer 10, Layer Type hook_post
Saved image to /network/scratch/s/sonia.joseph/CLIP_AUDIT/sampled_images/CLIP-ViT-B-32-DataComp.XL-s13B-b90K//layer_10/neuron_558/hook_post/avg/top/neuron_558_layer_10_top_avg_hook_post.png
Saved image to /network/scratch/s/sonia.joseph/CLIP_AUDIT/sampled_images/CLIP-ViT-B-32-DataComp.XL-s13B-b90K//layer_10/neuron_558/hook_post/avg/bottom/neuron_558_layer_10_bottom_avg_hook_post.png
Activations shape for blocks.10.hook_mlp_out (49984, 50)
Type of sampling: average
Top sampled image indices for blocks.10.hook_mlp_out: [24366 43346 17598 35741 13652 33383 19850 12727 12104 16724 26773 35638
 33533 27570 35393  6938  3599 35148 28002  4818]
Bottom sampled image indices for blocks.10.hook_mlp_out: [ 7291  1957 23029 21236  4522  9637 34561 33062 20036 44118 27518  1849
 42660 32403 34592  6984  7297 29496  5108 46741]
Neuron 538, Layer 10, Layer Type hook_mlp_out
Saved image to /network/scratch/s/sonia.joseph/CLIP_AUDIT/sampled_images/CLIP-ViT-B-32-DataComp.XL-s13B-b90K//layer_10/neuron_538/hook_mlp_out/avg/top/neuron_538_layer_10_top_avg_hook_mlp_out.png
Saved image to /network/scratch/s/sonia.joseph/CLIP_AUDIT/sampled_images/CLIP-ViT-B-32-DataComp.XL-s13B-b90K//layer_10/neuron_538/hook_mlp_out/avg/bottom/neuron_538_layer_10_bottom_avg_hook_mlp_out.png
Activations shape for blocks.10.hook_resid_post (49984, 50)
Type of sampling: average
Top sampled image indices for blocks.10.hook_resid_post: [35186 35393 37119 30120 27421 12104 49336 35148 10977  2794  4427 25271
 11732 29456 19431  2804 11026 27570 17019 42445]
Bottom sampled image indices for blocks.10.hook_resid_post: [24570 47684 10354 27631 44118 23702 16626 36943 15745 33062 35197  6471
 32123 40775 28660 15932  6633 23029  4779 26578]
Neuron 538, Layer 10, Layer Type hook_resid_post
Saved image to /network/scratch/s/sonia.joseph/CLIP_AUDIT/sampled_images/CLIP-ViT-B-32-DataComp.XL-s13B-b90K//layer_10/neuron_538/hook_resid_post/avg/top/neuron_538_layer_10_top_avg_hook_resid_post.png
Saved image to /network/scratch/s/sonia.joseph/CLIP_AUDIT/sampled_images/CLIP-ViT-B-32-DataComp.XL-s13B-b90K//layer_10/neuron_538/hook_resid_post/avg/bottom/neuron_538_layer_10_bottom_avg_hook_resid_post.png
Activations shape for blocks.10.mlp.hook_post (49984, 50)
Type of sampling: average
Top sampled image indices for blocks.10.mlp.hook_post: [13777 40324 35616 15035 34131 28855 20690 41639  3366 29804 12161 42193
 19785  8739  2758 39136 20980 14761 37613 10805]
Bottom sampled image indices for blocks.10.mlp.hook_post: [35751 43341 41209 44598 32169 37190 25848 16107 20545  2558  1140 23047
 46257 25463 36579 21997 35766 37477 44800 13342]
Neuron 538, Layer 10, Layer Type hook_post
Saved image to /network/scratch/s/sonia.joseph/CLIP_AUDIT/sampled_images/CLIP-ViT-B-32-DataComp.XL-s13B-b90K//layer_10/neuron_538/hook_post/avg/top/neuron_538_layer_10_top_avg_hook_post.png
Saved image to /network/scratch/s/sonia.joseph/CLIP_AUDIT/sampled_images/CLIP-ViT-B-32-DataComp.XL-s13B-b90K//layer_10/neuron_538/hook_post/avg/bottom/neuron_538_layer_10_bottom_avg_hook_post.png
Activations shape for blocks.10.hook_mlp_out (49984, 50)
Type of sampling: average
Top sampled image indices for blocks.10.hook_mlp_out: [42518 37101 20759 11026  7367 12116 12270 23052 30325 38058 16626 46880
 42024  2982  1743 14760  1825 27631 17210 39257]
Bottom sampled image indices for blocks.10.hook_mlp_out: [31780  4427 25439 29918 23219  8280 29870 47387 19249 42196 13578 28840
 48629 12500 39372  5049 18235 25018   175 26835]
Neuron 437, Layer 10, Layer Type hook_mlp_out
Saved image to /network/scratch/s/sonia.joseph/CLIP_AUDIT/sampled_images/CLIP-ViT-B-32-DataComp.XL-s13B-b90K//layer_10/neuron_437/hook_mlp_out/avg/top/neuron_437_layer_10_top_avg_hook_mlp_out.png
Saved image to /network/scratch/s/sonia.joseph/CLIP_AUDIT/sampled_images/CLIP-ViT-B-32-DataComp.XL-s13B-b90K//layer_10/neuron_437/hook_mlp_out/avg/bottom/neuron_437_layer_10_bottom_avg_hook_mlp_out.png
Activations shape for blocks.10.hook_resid_post (49984, 50)
Type of sampling: average
Top sampled image indices for blocks.10.hook_resid_post: [14549 22047 41643 29157 24108 39092 27787 27877 36187 33973  8425 32339
 16943 30824 38832  9140  5938 32350  5535 15834]
Bottom sampled image indices for blocks.10.hook_resid_post: [18235 31780 24278  4427 22774 34097 18768 26827 34818 33613 28822 28840
 29918 24287 16554 23311 13351 28618  2063   327]
Neuron 437, Layer 10, Layer Type hook_resid_post
Saved image to /network/scratch/s/sonia.joseph/CLIP_AUDIT/sampled_images/CLIP-ViT-B-32-DataComp.XL-s13B-b90K//layer_10/neuron_437/hook_resid_post/avg/top/neuron_437_layer_10_top_avg_hook_resid_post.png
Saved image to /network/scratch/s/sonia.joseph/CLIP_AUDIT/sampled_images/CLIP-ViT-B-32-DataComp.XL-s13B-b90K//layer_10/neuron_437/hook_resid_post/avg/bottom/neuron_437_layer_10_bottom_avg_hook_resid_post.png
Activations shape for blocks.10.mlp.hook_post (49984, 50)
Type of sampling: average
Top sampled image indices for blocks.10.mlp.hook_post: [14012  4594 18919 18600  9385 26086  2264 45691  6760 21895 47672 33322
  5096 40449 44844 39258 10805 24633 48843 41697]
Bottom sampled image indices for blocks.10.mlp.hook_post: [43151 17598 47148 41739 41734 22373 34547  3733 34789 37086 11472 26150
  4097 14356 19677 48186  3670 20716  4365 40970]
Neuron 437, Layer 10, Layer Type hook_post
Saved image to /network/scratch/s/sonia.joseph/CLIP_AUDIT/sampled_images/CLIP-ViT-B-32-DataComp.XL-s13B-b90K//layer_10/neuron_437/hook_post/avg/top/neuron_437_layer_10_top_avg_hook_post.png
Saved image to /network/scratch/s/sonia.joseph/CLIP_AUDIT/sampled_images/CLIP-ViT-B-32-DataComp.XL-s13B-b90K//layer_10/neuron_437/hook_post/avg/bottom/neuron_437_layer_10_bottom_avg_hook_post.png
Activations shape for blocks.10.hook_mlp_out (49984, 50)
Type of sampling: average
Top sampled image indices for blocks.10.hook_mlp_out: [40424 31780 12130 10237 15097 16135  2700 31117 49878 44052 35535  7028
 48272 46563 13732  7291  1957 21236 34097 23219]
Bottom sampled image indices for blocks.10.hook_mlp_out: [  407 14928 31631 28822 18586 42196 11121 37062 45148 34285 21517  4427
 17981  9117 22249 25439  9683 25295 47265 49623]
Neuron 58, Layer 10, Layer Type hook_mlp_out
Saved image to /network/scratch/s/sonia.joseph/CLIP_AUDIT/sampled_images/CLIP-ViT-B-32-DataComp.XL-s13B-b90K//layer_10/neuron_58/hook_mlp_out/avg/top/neuron_58_layer_10_top_avg_hook_mlp_out.png
Saved image to /network/scratch/s/sonia.joseph/CLIP_AUDIT/sampled_images/CLIP-ViT-B-32-DataComp.XL-s13B-b90K//layer_10/neuron_58/hook_mlp_out/avg/bottom/neuron_58_layer_10_bottom_avg_hook_mlp_out.png
Activations shape for blocks.10.hook_resid_post (49984, 50)
Type of sampling: average
Top sampled image indices for blocks.10.hook_resid_post: [47758 15806 44660 34561 35780 44230 21997  9637 16028 31625 25184  1069
  5108  7800 45133  7291 16135  2700 23219 21236]
Bottom sampled image indices for blocks.10.hook_resid_post: [ 8813 33470  4427 33781 36512  9014 15639   156 35291 31631 42196   407
 15039 11218 31439  4380 27042 38380 31240 25334]
Neuron 58, Layer 10, Layer Type hook_resid_post
Saved image to /network/scratch/s/sonia.joseph/CLIP_AUDIT/sampled_images/CLIP-ViT-B-32-DataComp.XL-s13B-b90K//layer_10/neuron_58/hook_resid_post/avg/top/neuron_58_layer_10_top_avg_hook_resid_post.png
Saved image to /network/scratch/s/sonia.joseph/CLIP_AUDIT/sampled_images/CLIP-ViT-B-32-DataComp.XL-s13B-b90K//layer_10/neuron_58/hook_resid_post/avg/bottom/neuron_58_layer_10_bottom_avg_hook_resid_post.png
Activations shape for blocks.10.mlp.hook_post (49984, 50)
Type of sampling: average
Top sampled image indices for blocks.10.mlp.hook_post: [40264  6325 28111 31810 40864  6762 37435 11488 17210 16759  2646 46479
 35527 31823 19695 46058 14760 36972 45392 36774]
Bottom sampled image indices for blocks.10.mlp.hook_post: [30494 25524  1673 48319 13832 37761 26739 28687 39182 16484 17400 36633
 33153 13801 39286  5024 27789 47301 24308  5478]
Neuron 58, Layer 10, Layer Type hook_post
Saved image to /network/scratch/s/sonia.joseph/CLIP_AUDIT/sampled_images/CLIP-ViT-B-32-DataComp.XL-s13B-b90K//layer_10/neuron_58/hook_post/avg/top/neuron_58_layer_10_top_avg_hook_post.png
Saved image to /network/scratch/s/sonia.joseph/CLIP_AUDIT/sampled_images/CLIP-ViT-B-32-DataComp.XL-s13B-b90K//layer_10/neuron_58/hook_post/avg/bottom/neuron_58_layer_10_bottom_avg_hook_post.png
Activations shape for blocks.10.hook_mlp_out (49984, 50)
Type of sampling: average
Top sampled image indices for blocks.10.hook_mlp_out: [18470  1957 16898 11966  5887  7092  2629 24002 31249 31644 12500 35291
 12892  7027  3324  5469 17655 33692  7291 30135]
Bottom sampled image indices for blocks.10.hook_mlp_out: [24170   407 19249 30374 25295  3513 43988 19028 41715 20294 33178 11593
 42842 19392  8866 25439 19452 30396 12863 46741]
Neuron 120, Layer 10, Layer Type hook_mlp_out
Saved image to /network/scratch/s/sonia.joseph/CLIP_AUDIT/sampled_images/CLIP-ViT-B-32-DataComp.XL-s13B-b90K//layer_10/neuron_120/hook_mlp_out/avg/top/neuron_120_layer_10_top_avg_hook_mlp_out.png
Saved image to /network/scratch/s/sonia.joseph/CLIP_AUDIT/sampled_images/CLIP-ViT-B-32-DataComp.XL-s13B-b90K//layer_10/neuron_120/hook_mlp_out/avg/bottom/neuron_120_layer_10_bottom_avg_hook_mlp_out.png
Activations shape for blocks.10.hook_resid_post (49984, 50)
Type of sampling: average
Top sampled image indices for blocks.10.hook_resid_post: [ 5108 21965 48068 17655 17470 42660  1849 46346 27290  6258 21236 23062
 14372  1957  7883 21711  3618 27082  7291  5887]
Bottom sampled image indices for blocks.10.hook_resid_post: [19392 34704 43988 19574  3698 46169 40281  8376  5326 32500 29984  9258
 47176 37115 22094 14225  2424 26826 42024 30648]
Neuron 120, Layer 10, Layer Type hook_resid_post
Saved image to /network/scratch/s/sonia.joseph/CLIP_AUDIT/sampled_images/CLIP-ViT-B-32-DataComp.XL-s13B-b90K//layer_10/neuron_120/hook_resid_post/avg/top/neuron_120_layer_10_top_avg_hook_resid_post.png
Saved image to /network/scratch/s/sonia.joseph/CLIP_AUDIT/sampled_images/CLIP-ViT-B-32-DataComp.XL-s13B-b90K//layer_10/neuron_120/hook_resid_post/avg/bottom/neuron_120_layer_10_bottom_avg_hook_resid_post.png
Activations shape for blocks.10.mlp.hook_post (49984, 50)
Type of sampling: average
Top sampled image indices for blocks.10.mlp.hook_post: [31208 33312 31812 15107  3703  3534 18530 34591 26834  5463 40866 29043
 23323   562 41078 34149  1880 19063 12009  5648]
Bottom sampled image indices for blocks.10.mlp.hook_post: [  583 17944 18858 42483 42142  5064 23008 20301 18508 34574 25621 48175
  6685 44080 10126 44688 15277  1383 15688 17738]
Neuron 120, Layer 10, Layer Type hook_post
Saved image to /network/scratch/s/sonia.joseph/CLIP_AUDIT/sampled_images/CLIP-ViT-B-32-DataComp.XL-s13B-b90K//layer_10/neuron_120/hook_post/avg/top/neuron_120_layer_10_top_avg_hook_post.png
Saved image to /network/scratch/s/sonia.joseph/CLIP_AUDIT/sampled_images/CLIP-ViT-B-32-DataComp.XL-s13B-b90K//layer_10/neuron_120/hook_post/avg/bottom/neuron_120_layer_10_bottom_avg_hook_post.png
Activations shape for blocks.10.hook_mlp_out (49984, 50)
Type of sampling: average
Top sampled image indices for blocks.10.hook_mlp_out: [33831 49649 48684 36858  1957 42575 34266 11920 17598 34921 38279 13669
 31593 22775 29362  7291  4962 18603 29254 23230]
Bottom sampled image indices for blocks.10.hook_mlp_out: [ 9014  8813 31780 12581 28133  5887 42516 49360 23219 17520 34097 24460
 25018 47227  9258  4197 49871 40020 14007  2349]
Neuron 175, Layer 10, Layer Type hook_mlp_out
Saved image to /network/scratch/s/sonia.joseph/CLIP_AUDIT/sampled_images/CLIP-ViT-B-32-DataComp.XL-s13B-b90K//layer_10/neuron_175/hook_mlp_out/avg/top/neuron_175_layer_10_top_avg_hook_mlp_out.png
Saved image to /network/scratch/s/sonia.joseph/CLIP_AUDIT/sampled_images/CLIP-ViT-B-32-DataComp.XL-s13B-b90K//layer_10/neuron_175/hook_mlp_out/avg/bottom/neuron_175_layer_10_bottom_avg_hook_mlp_out.png
Activations shape for blocks.10.hook_resid_post (49984, 50)
Type of sampling: average
Top sampled image indices for blocks.10.hook_resid_post: [42476 33262 46286 20402 40670 36266 40571 11894  6258 21217 14049   696
 37229  7486 22403 15049 14202 41704 27517 38047]
Bottom sampled image indices for blocks.10.hook_resid_post: [47227 16998  9258 42516 13340 33383 15745 13351  4818  8061 37728 43346
 43780 28133 42411  6292 11242 48001 44826  3599]
Neuron 175, Layer 10, Layer Type hook_resid_post
Saved image to /network/scratch/s/sonia.joseph/CLIP_AUDIT/sampled_images/CLIP-ViT-B-32-DataComp.XL-s13B-b90K//layer_10/neuron_175/hook_resid_post/avg/top/neuron_175_layer_10_top_avg_hook_resid_post.png
Saved image to /network/scratch/s/sonia.joseph/CLIP_AUDIT/sampled_images/CLIP-ViT-B-32-DataComp.XL-s13B-b90K//layer_10/neuron_175/hook_resid_post/avg/bottom/neuron_175_layer_10_bottom_avg_hook_resid_post.png
Activations shape for blocks.10.mlp.hook_post (49984, 50)
Type of sampling: average
Top sampled image indices for blocks.10.mlp.hook_post: [ 3020 16898 35122 18603 10888 38279 34547 33294 19882 43734 48776 17951
 48676 25392 27475     9  4769 36675  6086 27115]
Bottom sampled image indices for blocks.10.mlp.hook_post: [36447 35780 12548 30143 10516 18525 27555 38547 24676 19574  4604 19369
 37556 24752 14786 35211  3362  8773  2020 48412]
Neuron 175, Layer 10, Layer Type hook_post
Saved image to /network/scratch/s/sonia.joseph/CLIP_AUDIT/sampled_images/CLIP-ViT-B-32-DataComp.XL-s13B-b90K//layer_10/neuron_175/hook_post/avg/top/neuron_175_layer_10_top_avg_hook_post.png
Saved image to /network/scratch/s/sonia.joseph/CLIP_AUDIT/sampled_images/CLIP-ViT-B-32-DataComp.XL-s13B-b90K//layer_10/neuron_175/hook_post/avg/bottom/neuron_175_layer_10_bottom_avg_hook_post.png
Activations shape for blocks.10.hook_mlp_out (49984, 50)
Type of sampling: average
Top sampled image indices for blocks.10.hook_mlp_out: [32327 32125  1243 25687 29177  9296 27042 23434 45250 23785  2474 43298
 10435 20593 30928 32149 40853 15400  2822 34253]
Bottom sampled image indices for blocks.10.hook_mlp_out: [ 7291 42660 33831 21236  9637 34561  1957  7883 21711 36825 32403 25940
  5108 13732 33860  1849 25236 48107 33234 34306]
Neuron 652, Layer 10, Layer Type hook_mlp_out
Saved image to /network/scratch/s/sonia.joseph/CLIP_AUDIT/sampled_images/CLIP-ViT-B-32-DataComp.XL-s13B-b90K//layer_10/neuron_652/hook_mlp_out/avg/top/neuron_652_layer_10_top_avg_hook_mlp_out.png
Saved image to /network/scratch/s/sonia.joseph/CLIP_AUDIT/sampled_images/CLIP-ViT-B-32-DataComp.XL-s13B-b90K//layer_10/neuron_652/hook_mlp_out/avg/bottom/neuron_652_layer_10_bottom_avg_hook_mlp_out.png
Activations shape for blocks.10.hook_resid_post (49984, 50)
Type of sampling: average
Top sampled image indices for blocks.10.hook_resid_post: [29308  7143  2751 17104  6263 19032 10516 34253 43298 32416 16305 49932
 22376 25637  4529  1476 15400 20218 45250 30805]
Bottom sampled image indices for blocks.10.hook_resid_post: [ 4427  9014  7291 12581 32039 35444 31439 42516 41408 19022 42196 27780
  9637 19697 23738 18337 12215  1344 11412 33690]
Neuron 652, Layer 10, Layer Type hook_resid_post
Saved image to /network/scratch/s/sonia.joseph/CLIP_AUDIT/sampled_images/CLIP-ViT-B-32-DataComp.XL-s13B-b90K//layer_10/neuron_652/hook_resid_post/avg/top/neuron_652_layer_10_top_avg_hook_resid_post.png
Saved image to /network/scratch/s/sonia.joseph/CLIP_AUDIT/sampled_images/CLIP-ViT-B-32-DataComp.XL-s13B-b90K//layer_10/neuron_652/hook_resid_post/avg/bottom/neuron_652_layer_10_bottom_avg_hook_resid_post.png
Activations shape for blocks.10.mlp.hook_post (49984, 50)
Type of sampling: average
Top sampled image indices for blocks.10.mlp.hook_post: [31171 16747 27253 14507 49774 17982  3693  6154 22947 28606 48232 22308
 37064 42317  7308 48444 45652 23675 12629 33938]
Bottom sampled image indices for blocks.10.mlp.hook_post: [49556 44849 22514  6339  4380  9122 44197 44705 15888  2104  1833 44675
 12581 42379 43040 20410 39519 34052  1574 29184]
Neuron 652, Layer 10, Layer Type hook_post
Saved image to /network/scratch/s/sonia.joseph/CLIP_AUDIT/sampled_images/CLIP-ViT-B-32-DataComp.XL-s13B-b90K//layer_10/neuron_652/hook_post/avg/top/neuron_652_layer_10_top_avg_hook_post.png
Saved image to /network/scratch/s/sonia.joseph/CLIP_AUDIT/sampled_images/CLIP-ViT-B-32-DataComp.XL-s13B-b90K//layer_10/neuron_652/hook_post/avg/bottom/neuron_652_layer_10_bottom_avg_hook_post.png
Activations shape for blocks.10.hook_mlp_out (49984, 50)
Type of sampling: average
Top sampled image indices for blocks.10.hook_mlp_out: [29855 45480 35913 16643 45064 11637 16100 19861 20396 13732 25439 31200
  9824 47550  8061  6375 41983 48039 30252 21553]
Bottom sampled image indices for blocks.10.hook_mlp_out: [ 5887 32319 46563 23062  4818 12104 27082 23625  3618 38337 35444 14855
 42196  8833 43346 44737 19850 27570 41408 33383]
Neuron 139, Layer 10, Layer Type hook_mlp_out
Saved image to /network/scratch/s/sonia.joseph/CLIP_AUDIT/sampled_images/CLIP-ViT-B-32-DataComp.XL-s13B-b90K//layer_10/neuron_139/hook_mlp_out/avg/top/neuron_139_layer_10_top_avg_hook_mlp_out.png
Saved image to /network/scratch/s/sonia.joseph/CLIP_AUDIT/sampled_images/CLIP-ViT-B-32-DataComp.XL-s13B-b90K//layer_10/neuron_139/hook_mlp_out/avg/bottom/neuron_139_layer_10_bottom_avg_hook_mlp_out.png
Activations shape for blocks.10.hook_resid_post (49984, 50)
Type of sampling: average
Top sampled image indices for blocks.10.hook_resid_post: [10969  9044 21666 12500 22486 28822 45091 34285 31420 43820 13732 20229
   407 20302 33547  1849 21236 23219 25439 13351]
Bottom sampled image indices for blocks.10.hook_resid_post: [ 4818 33383 35638 19850 43346 38337 33938 28623  9258 28002 33533  6938
  3698 27636 25056  4206 25100 12536  7191 27559]
Neuron 139, Layer 10, Layer Type hook_resid_post
Saved image to /network/scratch/s/sonia.joseph/CLIP_AUDIT/sampled_images/CLIP-ViT-B-32-DataComp.XL-s13B-b90K//layer_10/neuron_139/hook_resid_post/avg/top/neuron_139_layer_10_top_avg_hook_resid_post.png
Saved image to /network/scratch/s/sonia.joseph/CLIP_AUDIT/sampled_images/CLIP-ViT-B-32-DataComp.XL-s13B-b90K//layer_10/neuron_139/hook_resid_post/avg/bottom/neuron_139_layer_10_bottom_avg_hook_resid_post.png
Activations shape for blocks.10.mlp.hook_post (49984, 50)
Type of sampling: average
Top sampled image indices for blocks.10.mlp.hook_post: [19884   712 25832 22805 24165 10584  2424  6333 37119 43129 32264 45407
 18123 14504 45948 15689 37115 47508 37805 37310]
Bottom sampled image indices for blocks.10.mlp.hook_post: [47288 25236 44812 18016  9380   407 10339 48856 12953 38477 10653  5915
 22350  1867 17218 17272 39579 42319 15083   732]
Neuron 139, Layer 10, Layer Type hook_post
Saved image to /network/scratch/s/sonia.joseph/CLIP_AUDIT/sampled_images/CLIP-ViT-B-32-DataComp.XL-s13B-b90K//layer_10/neuron_139/hook_post/avg/top/neuron_139_layer_10_top_avg_hook_post.png
Saved image to /network/scratch/s/sonia.joseph/CLIP_AUDIT/sampled_images/CLIP-ViT-B-32-DataComp.XL-s13B-b90K//layer_10/neuron_139/hook_post/avg/bottom/neuron_139_layer_10_bottom_avg_hook_post.png
Activations shape for blocks.10.hook_mlp_out (49984, 50)
Type of sampling: average
Top sampled image indices for blocks.10.hook_mlp_out: [28822 20990 48989  9372 36406 27160 23463 27082 39369  7223 29579 26491
 19967 47550 31772 46383 28059 11637 39053 45296]
Bottom sampled image indices for blocks.10.hook_mlp_out: [ 7291 34306 32088 25806 14007 13557 36284 46436  7883 42660 30268 36825
 15658 41565 34561 21236  9637 33993 31909 13732]
Neuron 409, Layer 10, Layer Type hook_mlp_out
Saved image to /network/scratch/s/sonia.joseph/CLIP_AUDIT/sampled_images/CLIP-ViT-B-32-DataComp.XL-s13B-b90K//layer_10/neuron_409/hook_mlp_out/avg/top/neuron_409_layer_10_top_avg_hook_mlp_out.png
Saved image to /network/scratch/s/sonia.joseph/CLIP_AUDIT/sampled_images/CLIP-ViT-B-32-DataComp.XL-s13B-b90K//layer_10/neuron_409/hook_mlp_out/avg/bottom/neuron_409_layer_10_bottom_avg_hook_mlp_out.png
Activations shape for blocks.10.hook_resid_post (49984, 50)
Type of sampling: average
Top sampled image indices for blocks.10.hook_resid_post: [47550 49543 38271 42320 21192 23119 16669  3344 23062  9372 19249 30374
 45296 14016 28822 27082 14928  5887 34285   407]
Bottom sampled image indices for blocks.10.hook_resid_post: [14720 32039 26790 29480  9808 30925 46202  8737  7495 40407 31823 19022
  2921 19687 40962 28238  3745 21464 30822 48999]
Neuron 409, Layer 10, Layer Type hook_resid_post
Saved image to /network/scratch/s/sonia.joseph/CLIP_AUDIT/sampled_images/CLIP-ViT-B-32-DataComp.XL-s13B-b90K//layer_10/neuron_409/hook_resid_post/avg/top/neuron_409_layer_10_top_avg_hook_resid_post.png
Saved image to /network/scratch/s/sonia.joseph/CLIP_AUDIT/sampled_images/CLIP-ViT-B-32-DataComp.XL-s13B-b90K//layer_10/neuron_409/hook_resid_post/avg/bottom/neuron_409_layer_10_bottom_avg_hook_resid_post.png
Activations shape for blocks.10.mlp.hook_post (49984, 50)
Type of sampling: average
Top sampled image indices for blocks.10.mlp.hook_post: [46894  2110 19352  3249 23078 21156 14678 39132   606 47016 15701  6207
 35634 13138 39614 49902 48372 29601 45583 43168]
Bottom sampled image indices for blocks.10.mlp.hook_post: [17210 24807  8841  3576 28150  7171 35568 38947 46779 16493 46646  5213
 21911 32804 31326 31921 27595 33824 11583 37668]
Neuron 409, Layer 10, Layer Type hook_post
Saved image to /network/scratch/s/sonia.joseph/CLIP_AUDIT/sampled_images/CLIP-ViT-B-32-DataComp.XL-s13B-b90K//layer_10/neuron_409/hook_post/avg/top/neuron_409_layer_10_top_avg_hook_post.png
Saved image to /network/scratch/s/sonia.joseph/CLIP_AUDIT/sampled_images/CLIP-ViT-B-32-DataComp.XL-s13B-b90K//layer_10/neuron_409/hook_post/avg/bottom/neuron_409_layer_10_bottom_avg_hook_post.png
Activations shape for blocks.10.hook_mlp_out (49984, 50)
Type of sampling: average
Top sampled image indices for blocks.10.hook_mlp_out: [23047 31780 18863 14127 45956 35412 20004 36415 48676 48974 29591  6983
 20690 19319 37065 36789 38070 39136 13935  8813]
Bottom sampled image indices for blocks.10.hook_mlp_out: [27631 24699  8280 25439 30374 10032 15476 29786 19280 25295 24170  2982
 33314   407 27595 45296 19967  7027 18235 43990]
Neuron 446, Layer 10, Layer Type hook_mlp_out
Saved image to /network/scratch/s/sonia.joseph/CLIP_AUDIT/sampled_images/CLIP-ViT-B-32-DataComp.XL-s13B-b90K//layer_10/neuron_446/hook_mlp_out/avg/top/neuron_446_layer_10_top_avg_hook_mlp_out.png
Saved image to /network/scratch/s/sonia.joseph/CLIP_AUDIT/sampled_images/CLIP-ViT-B-32-DataComp.XL-s13B-b90K//layer_10/neuron_446/hook_mlp_out/avg/bottom/neuron_446_layer_10_bottom_avg_hook_mlp_out.png
Activations shape for blocks.10.hook_resid_post (49984, 50)
Type of sampling: average
Top sampled image indices for blocks.10.hook_resid_post: [20690 11026 35412 32549 48958  5224 37862 40067 25582 13088 40292 10663
 38070 34127 30870 20004 36789 21509 20505 13935]
Bottom sampled image indices for blocks.10.hook_resid_post: [21584 47684 29125 29177 32149  2930  7603 37849 24010   302  5049 40629
  4818 29334 36138  7818 27631 34685  4134 36473]
Neuron 446, Layer 10, Layer Type hook_resid_post
Saved image to /network/scratch/s/sonia.joseph/CLIP_AUDIT/sampled_images/CLIP-ViT-B-32-DataComp.XL-s13B-b90K//layer_10/neuron_446/hook_resid_post/avg/top/neuron_446_layer_10_top_avg_hook_resid_post.png
Saved image to /network/scratch/s/sonia.joseph/CLIP_AUDIT/sampled_images/CLIP-ViT-B-32-DataComp.XL-s13B-b90K//layer_10/neuron_446/hook_resid_post/avg/bottom/neuron_446_layer_10_bottom_avg_hook_resid_post.png
Activations shape for blocks.10.mlp.hook_post (49984, 50)
Type of sampling: average
Top sampled image indices for blocks.10.mlp.hook_post: [ 1184 14734 31445  2822 11338  9704  3131 12733 39202 36525 34563 15154
  2450  5415 21198 18296  4781 24896 27749 25518]
Bottom sampled image indices for blocks.10.mlp.hook_post: [41209 49913 16996  3720 48600 31761   141 22968 11821 27782  1056 26102
  3114 17242 29701 47758 46349 27553 14485 29180]
Neuron 446, Layer 10, Layer Type hook_post
Saved image to /network/scratch/s/sonia.joseph/CLIP_AUDIT/sampled_images/CLIP-ViT-B-32-DataComp.XL-s13B-b90K//layer_10/neuron_446/hook_post/avg/top/neuron_446_layer_10_top_avg_hook_post.png
Saved image to /network/scratch/s/sonia.joseph/CLIP_AUDIT/sampled_images/CLIP-ViT-B-32-DataComp.XL-s13B-b90K//layer_10/neuron_446/hook_post/avg/bottom/neuron_446_layer_10_bottom_avg_hook_post.png
Activations shape for blocks.10.hook_mlp_out (49984, 50)
Type of sampling: average
Top sampled image indices for blocks.10.hook_mlp_out: [ 2542 24162 38768  4356  9380 27743   282 27669 14310 20649 28744 23625
 35563  8942 23062 38086  6140  1405 12333 32761]
Bottom sampled image indices for blocks.10.hook_mlp_out: [42196  4427  3659 22370 24154 35444 41408 28660 49876 46880 32958  7530
 43341 24690  9014  1919 29254 43474 17488 15776]
Neuron 484, Layer 10, Layer Type hook_mlp_out
Saved image to /network/scratch/s/sonia.joseph/CLIP_AUDIT/sampled_images/CLIP-ViT-B-32-DataComp.XL-s13B-b90K//layer_10/neuron_484/hook_mlp_out/avg/top/neuron_484_layer_10_top_avg_hook_mlp_out.png
Saved image to /network/scratch/s/sonia.joseph/CLIP_AUDIT/sampled_images/CLIP-ViT-B-32-DataComp.XL-s13B-b90K//layer_10/neuron_484/hook_mlp_out/avg/bottom/neuron_484_layer_10_bottom_avg_hook_mlp_out.png
Activations shape for blocks.10.hook_resid_post (49984, 50)
Type of sampling: average
Top sampled image indices for blocks.10.hook_resid_post: [28744 10334 14565 21507 19780  5887 27743 41012 27082 28257  3618  1405
 17981  6301 34285 23625 23062 14310 21192 14016]
Bottom sampled image indices for blocks.10.hook_resid_post: [17567  8139 32958  7583  6830 17881 29420  6986 23300 27520 41579 17433
  2843 29226 23649  2304  2127 23854 41304 31048]
Neuron 484, Layer 10, Layer Type hook_resid_post
Saved image to /network/scratch/s/sonia.joseph/CLIP_AUDIT/sampled_images/CLIP-ViT-B-32-DataComp.XL-s13B-b90K//layer_10/neuron_484/hook_resid_post/avg/top/neuron_484_layer_10_top_avg_hook_resid_post.png
Saved image to /network/scratch/s/sonia.joseph/CLIP_AUDIT/sampled_images/CLIP-ViT-B-32-DataComp.XL-s13B-b90K//layer_10/neuron_484/hook_resid_post/avg/bottom/neuron_484_layer_10_bottom_avg_hook_resid_post.png
Activations shape for blocks.10.mlp.hook_post (49984, 50)
Type of sampling: average
Top sampled image indices for blocks.10.mlp.hook_post: [ 9873  7025 18547 44698 41522 48068 40669 19485 46248 32703 15308 35519
  6390 15914 43815 14609 12248 15267 17297 47847]
Bottom sampled image indices for blocks.10.mlp.hook_post: [ 9683  4897 15195  1365 29443  9864 35491 26940 38101 17377 48223 24955
 12007 32577 48475 32723 38256 38627 32637  3457]
Neuron 484, Layer 10, Layer Type hook_post
Saved image to /network/scratch/s/sonia.joseph/CLIP_AUDIT/sampled_images/CLIP-ViT-B-32-DataComp.XL-s13B-b90K//layer_10/neuron_484/hook_post/avg/top/neuron_484_layer_10_top_avg_hook_post.png
Saved image to /network/scratch/s/sonia.joseph/CLIP_AUDIT/sampled_images/CLIP-ViT-B-32-DataComp.XL-s13B-b90K//layer_10/neuron_484/hook_post/avg/bottom/neuron_484_layer_10_bottom_avg_hook_post.png
Activations shape for blocks.10.hook_mlp_out (49984, 50)
Type of sampling: average
Top sampled image indices for blocks.10.hook_mlp_out: [17310 47147  5445 28694 42815  5018 18700 43642 33038 36896   728 44764
 46988  2065 36797 41188 29768 11187 12839 11505]
Bottom sampled image indices for blocks.10.hook_mlp_out: [ 2765 24699 19280   510  2822 37423 33294 27631 49709 41025 34285 29674
 42193 12234 22385 43990 27570 13380 38186  2297]
Neuron 468, Layer 10, Layer Type hook_mlp_out
Saved image to /network/scratch/s/sonia.joseph/CLIP_AUDIT/sampled_images/CLIP-ViT-B-32-DataComp.XL-s13B-b90K//layer_10/neuron_468/hook_mlp_out/avg/top/neuron_468_layer_10_top_avg_hook_mlp_out.png
Saved image to /network/scratch/s/sonia.joseph/CLIP_AUDIT/sampled_images/CLIP-ViT-B-32-DataComp.XL-s13B-b90K//layer_10/neuron_468/hook_mlp_out/avg/bottom/neuron_468_layer_10_bottom_avg_hook_mlp_out.png
Activations shape for blocks.10.hook_resid_post (49984, 50)
Type of sampling: average
Top sampled image indices for blocks.10.hook_resid_post: [35767 49840 18700 39358 41188 36797 48536 44764 36896 47394   728 41683
 47147 17310 12839 29768 13466 33038 11505  5018]
Bottom sampled image indices for blocks.10.hook_resid_post: [21238 30776 39947 23849 30757 14738 24699  9799 37689 49395 27519  2765
 48991 22153 28882 13113  7604 16954 23116 21865]
Neuron 468, Layer 10, Layer Type hook_resid_post
Saved image to /network/scratch/s/sonia.joseph/CLIP_AUDIT/sampled_images/CLIP-ViT-B-32-DataComp.XL-s13B-b90K//layer_10/neuron_468/hook_resid_post/avg/top/neuron_468_layer_10_top_avg_hook_resid_post.png
Saved image to /network/scratch/s/sonia.joseph/CLIP_AUDIT/sampled_images/CLIP-ViT-B-32-DataComp.XL-s13B-b90K//layer_10/neuron_468/hook_resid_post/avg/bottom/neuron_468_layer_10_bottom_avg_hook_resid_post.png
Activations shape for blocks.10.mlp.hook_post (49984, 50)
Type of sampling: average
Top sampled image indices for blocks.10.mlp.hook_post: [29863 31725 37834 43526 20006  5188  9963 10435 31045 20188 18214 23905
 10418 40744 20020   185  8048   904  8833 48453]
Bottom sampled image indices for blocks.10.mlp.hook_post: [49966 34741 22223 29282  3006 12105 20396  1284 46208 19675 44800 21957
 49093 11910 33812 24695 46390  6762 45596 19883]
Neuron 468, Layer 10, Layer Type hook_post
Saved image to /network/scratch/s/sonia.joseph/CLIP_AUDIT/sampled_images/CLIP-ViT-B-32-DataComp.XL-s13B-b90K//layer_10/neuron_468/hook_post/avg/top/neuron_468_layer_10_top_avg_hook_post.png
Saved image to /network/scratch/s/sonia.joseph/CLIP_AUDIT/sampled_images/CLIP-ViT-B-32-DataComp.XL-s13B-b90K//layer_10/neuron_468/hook_post/avg/bottom/neuron_468_layer_10_bottom_avg_hook_post.png
Activations shape for blocks.10.hook_mlp_out (49984, 50)
Type of sampling: average
Top sampled image indices for blocks.10.hook_mlp_out: [20573 13380 32149 30325 48156 36087 19823 48272 43780 12234  4097 13441
 25561 15339 18008   510 46880 31117 12242 39053]
Bottom sampled image indices for blocks.10.hook_mlp_out: [19249 25439  8280 30374   407 47387 11593 25295 43988 41715  8439 22465
 31780  9220 11121 23219 24170 36164  8628  5875]
Neuron 123, Layer 10, Layer Type hook_mlp_out
Saved image to /network/scratch/s/sonia.joseph/CLIP_AUDIT/sampled_images/CLIP-ViT-B-32-DataComp.XL-s13B-b90K//layer_10/neuron_123/hook_mlp_out/avg/top/neuron_123_layer_10_top_avg_hook_mlp_out.png
Saved image to /network/scratch/s/sonia.joseph/CLIP_AUDIT/sampled_images/CLIP-ViT-B-32-DataComp.XL-s13B-b90K//layer_10/neuron_123/hook_mlp_out/avg/bottom/neuron_123_layer_10_bottom_avg_hook_mlp_out.png
Activations shape for blocks.10.hook_resid_post (49984, 50)
Type of sampling: average
Top sampled image indices for blocks.10.hook_resid_post: [25362 13875  9092 15729  3544  3773 48869  2245 28641 46880 22473 19882
 11946 41556  2233  7385 48272 25561 48324 32526]
Bottom sampled image indices for blocks.10.hook_resid_post: [12104 24170  9220 38342 42842  8628 43988 35777 10418  5213 22465 35903
 27631 49957 23311 25439 42892  8734  8647  8942]
Neuron 123, Layer 10, Layer Type hook_resid_post
Saved image to /network/scratch/s/sonia.joseph/CLIP_AUDIT/sampled_images/CLIP-ViT-B-32-DataComp.XL-s13B-b90K//layer_10/neuron_123/hook_resid_post/avg/top/neuron_123_layer_10_top_avg_hook_resid_post.png
Saved image to /network/scratch/s/sonia.joseph/CLIP_AUDIT/sampled_images/CLIP-ViT-B-32-DataComp.XL-s13B-b90K//layer_10/neuron_123/hook_resid_post/avg/bottom/neuron_123_layer_10_bottom_avg_hook_resid_post.png
Activations shape for blocks.10.mlp.hook_post (49984, 50)
Type of sampling: average
Top sampled image indices for blocks.10.mlp.hook_post: [19653 19483 27539 37415 21224 41408 44737 31508  4427 35444 35599 42196
 15658 47227  7012 45214 27115 48676  3020 30167]
Bottom sampled image indices for blocks.10.mlp.hook_post: [ 6607 29529 25100 40020 28371 49876 28216 47447 30658 42719 43175 28372
 26850 11843  7155 41392 21403 13181 27545 36701]
Neuron 123, Layer 10, Layer Type hook_post
Saved image to /network/scratch/s/sonia.joseph/CLIP_AUDIT/sampled_images/CLIP-ViT-B-32-DataComp.XL-s13B-b90K//layer_10/neuron_123/hook_post/avg/top/neuron_123_layer_10_top_avg_hook_post.png
Saved image to /network/scratch/s/sonia.joseph/CLIP_AUDIT/sampled_images/CLIP-ViT-B-32-DataComp.XL-s13B-b90K//layer_10/neuron_123/hook_post/avg/bottom/neuron_123_layer_10_bottom_avg_hook_post.png
Activations shape for blocks.10.hook_mlp_out (49984, 50)
Type of sampling: average
Top sampled image indices for blocks.10.hook_mlp_out: [34306 46756 33860 25236 17360  5108 34561 21711 25940  1176 13732  9637
  1849 36825  7883 33831  1957 42660 21236  7291]
Bottom sampled image indices for blocks.10.hook_mlp_out: [12104 17178 46880 12500 23219 26086 22072 41861  4818 19625 34097 38342
 32123 12804 28660 31772 43734 14031 20811  1627]
Neuron 388, Layer 10, Layer Type hook_mlp_out
Saved image to /network/scratch/s/sonia.joseph/CLIP_AUDIT/sampled_images/CLIP-ViT-B-32-DataComp.XL-s13B-b90K//layer_10/neuron_388/hook_mlp_out/avg/top/neuron_388_layer_10_top_avg_hook_mlp_out.png
Saved image to /network/scratch/s/sonia.joseph/CLIP_AUDIT/sampled_images/CLIP-ViT-B-32-DataComp.XL-s13B-b90K//layer_10/neuron_388/hook_mlp_out/avg/bottom/neuron_388_layer_10_bottom_avg_hook_mlp_out.png
Activations shape for blocks.10.hook_resid_post (49984, 50)
Type of sampling: average
Top sampled image indices for blocks.10.hook_resid_post: [ 2997 21711 36825 25236 12975 13732  1176 33831  5108  1849  7883 48107
 34561 33860 25940 21236  9637  1957  7291 42660]
Bottom sampled image indices for blocks.10.hook_resid_post: [10469 35638 33637 12104  4818 42439  5069  4420 34951 17178 28840 48428
   164 36365 28822 49491 25687 29177  6862  6627]
Neuron 388, Layer 10, Layer Type hook_resid_post
Saved image to /network/scratch/s/sonia.joseph/CLIP_AUDIT/sampled_images/CLIP-ViT-B-32-DataComp.XL-s13B-b90K//layer_10/neuron_388/hook_resid_post/avg/top/neuron_388_layer_10_top_avg_hook_resid_post.png
Saved image to /network/scratch/s/sonia.joseph/CLIP_AUDIT/sampled_images/CLIP-ViT-B-32-DataComp.XL-s13B-b90K//layer_10/neuron_388/hook_resid_post/avg/bottom/neuron_388_layer_10_bottom_avg_hook_resid_post.png
Activations shape for blocks.10.mlp.hook_post (49984, 50)
Type of sampling: average
Top sampled image indices for blocks.10.mlp.hook_post: [45954 12094 13330 32172 28542 10546 27589   669 41394 44087 44233 43028
 17548  9130  9704 15899 48368  3350 41138 22482]
Bottom sampled image indices for blocks.10.mlp.hook_post: [25991 38842  6048 19948  7143 10533  3803  6385 21403 43937 26365 40367
 32733 21615 10931  4057 42207 39126 14620 13214]
Neuron 388, Layer 10, Layer Type hook_post
Saved image to /network/scratch/s/sonia.joseph/CLIP_AUDIT/sampled_images/CLIP-ViT-B-32-DataComp.XL-s13B-b90K//layer_10/neuron_388/hook_post/avg/top/neuron_388_layer_10_top_avg_hook_post.png
Saved image to /network/scratch/s/sonia.joseph/CLIP_AUDIT/sampled_images/CLIP-ViT-B-32-DataComp.XL-s13B-b90K//layer_10/neuron_388/hook_post/avg/bottom/neuron_388_layer_10_bottom_avg_hook_post.png
Activations shape for blocks.10.hook_mlp_out (49984, 50)
Type of sampling: average
Top sampled image indices for blocks.10.hook_mlp_out: [12994   392  9774  3695 22375 21435 16135 33503  3871  5357 36262 42212
 37415  7028 28820 44924 19452  7222  7109 38186]
Bottom sampled image indices for blocks.10.hook_mlp_out: [21236  7291  1957 27570 18586 37062  4818 21517 41983 35148 12104  3599
 19280  6938 36529 46029  9331  2765 37423 33370]
Neuron 547, Layer 10, Layer Type hook_mlp_out
Saved image to /network/scratch/s/sonia.joseph/CLIP_AUDIT/sampled_images/CLIP-ViT-B-32-DataComp.XL-s13B-b90K//layer_10/neuron_547/hook_mlp_out/avg/top/neuron_547_layer_10_top_avg_hook_mlp_out.png
Saved image to /network/scratch/s/sonia.joseph/CLIP_AUDIT/sampled_images/CLIP-ViT-B-32-DataComp.XL-s13B-b90K//layer_10/neuron_547/hook_mlp_out/avg/bottom/neuron_547_layer_10_bottom_avg_hook_mlp_out.png
Activations shape for blocks.10.hook_resid_post (49984, 50)
Type of sampling: average
Top sampled image indices for blocks.10.hook_resid_post: [17896 19939 23888 23848 27404 28265  6033 45956 47015 14055 37543 15420
 47277 31866  7966   157 31683 29451 38574 15259]
Bottom sampled image indices for blocks.10.hook_resid_post: [42516 27570  9014 43298 45250 19280 19948 21509  2183 33533 26075 22756
 12581 12541 35508 48684 12055 32568 42719 45689]
Neuron 547, Layer 10, Layer Type hook_resid_post
Saved image to /network/scratch/s/sonia.joseph/CLIP_AUDIT/sampled_images/CLIP-ViT-B-32-DataComp.XL-s13B-b90K//layer_10/neuron_547/hook_resid_post/avg/top/neuron_547_layer_10_top_avg_hook_resid_post.png
Saved image to /network/scratch/s/sonia.joseph/CLIP_AUDIT/sampled_images/CLIP-ViT-B-32-DataComp.XL-s13B-b90K//layer_10/neuron_547/hook_resid_post/avg/bottom/neuron_547_layer_10_bottom_avg_hook_resid_post.png
Activations shape for blocks.10.mlp.hook_post (49984, 50)
Type of sampling: average
Top sampled image indices for blocks.10.mlp.hook_post: [44574 48054 15903 18853 30795 33747 21929 44046 15446 15582 11558 24033
  7127  9868 39286 45790    84  1977 36442  1670]
Bottom sampled image indices for blocks.10.mlp.hook_post: [20410  7754 32359 49556 36760 25185  4690 10496  2055 40351 20401 27329
 44126  1890 14129 48658 14238 29701 29529 46821]
Neuron 547, Layer 10, Layer Type hook_post
Saved image to /network/scratch/s/sonia.joseph/CLIP_AUDIT/sampled_images/CLIP-ViT-B-32-DataComp.XL-s13B-b90K//layer_10/neuron_547/hook_post/avg/top/neuron_547_layer_10_top_avg_hook_post.png
Saved image to /network/scratch/s/sonia.joseph/CLIP_AUDIT/sampled_images/CLIP-ViT-B-32-DataComp.XL-s13B-b90K//layer_10/neuron_547/hook_post/avg/bottom/neuron_547_layer_10_bottom_avg_hook_post.png
Activations shape for blocks.10.hook_mlp_out (49984, 50)
Type of sampling: average
Top sampled image indices for blocks.10.hook_mlp_out: [11637 18946 43346  9258 25014 33383 16028  8345 16724 15182 35219 27636
 19850 47148 39892 28002  6938 17598  3599  4818]
Bottom sampled image indices for blocks.10.hook_mlp_out: [25920  9128  4952 39226 30805 41633  4577 45696  2382 12281 43298  7277
 29498  6699 22443  2097 45250 22072 19122 20932]
Neuron 386, Layer 10, Layer Type hook_mlp_out
Saved image to /network/scratch/s/sonia.joseph/CLIP_AUDIT/sampled_images/CLIP-ViT-B-32-DataComp.XL-s13B-b90K//layer_10/neuron_386/hook_mlp_out/avg/top/neuron_386_layer_10_top_avg_hook_mlp_out.png
Saved image to /network/scratch/s/sonia.joseph/CLIP_AUDIT/sampled_images/CLIP-ViT-B-32-DataComp.XL-s13B-b90K//layer_10/neuron_386/hook_mlp_out/avg/bottom/neuron_386_layer_10_bottom_avg_hook_mlp_out.png
Activations shape for blocks.10.hook_resid_post (49984, 50)
Type of sampling: average
Top sampled image indices for blocks.10.hook_resid_post: [26386 23954 15749 22823 12330 41011 18946 34805 47957 46294 38926 13253
 37687 32627 17625 20695 35013 17602  1122 38040]
Bottom sampled image indices for blocks.10.hook_resid_post: [24227  2399 31735   669 27306 19227  8734 23168 39632  3520 27978 16958
 40132 21942 47315 29198  9501 43734 49824 16631]
Neuron 386, Layer 10, Layer Type hook_resid_post
Saved image to /network/scratch/s/sonia.joseph/CLIP_AUDIT/sampled_images/CLIP-ViT-B-32-DataComp.XL-s13B-b90K//layer_10/neuron_386/hook_resid_post/avg/top/neuron_386_layer_10_top_avg_hook_resid_post.png
Saved image to /network/scratch/s/sonia.joseph/CLIP_AUDIT/sampled_images/CLIP-ViT-B-32-DataComp.XL-s13B-b90K//layer_10/neuron_386/hook_resid_post/avg/bottom/neuron_386_layer_10_bottom_avg_hook_resid_post.png
Activations shape for blocks.10.mlp.hook_post (49984, 50)
Type of sampling: average
Top sampled image indices for blocks.10.mlp.hook_post: [13909 43854 16911 33696  7467 33621 26427  1174 21756 14435  4917 29530
  3141 30439 36675 46234 24699  5060 13340  7027]
Bottom sampled image indices for blocks.10.mlp.hook_post: [ 9207 18136 23814 39058 35727 22217 25395 45391 42304 43182 32426 32340
 29303 21773 18700 35504 10969 35109 32298 29011]
Neuron 386, Layer 10, Layer Type hook_post
Saved image to /network/scratch/s/sonia.joseph/CLIP_AUDIT/sampled_images/CLIP-ViT-B-32-DataComp.XL-s13B-b90K//layer_10/neuron_386/hook_post/avg/top/neuron_386_layer_10_top_avg_hook_post.png
Saved image to /network/scratch/s/sonia.joseph/CLIP_AUDIT/sampled_images/CLIP-ViT-B-32-DataComp.XL-s13B-b90K//layer_10/neuron_386/hook_post/avg/bottom/neuron_386_layer_10_bottom_avg_hook_post.png
Activations shape for blocks.10.hook_mlp_out (49984, 50)
Type of sampling: average
Top sampled image indices for blocks.10.hook_mlp_out: [11378 28243 25295 43156 12304 45296  2069 12896 19625 39053  3294 45673
 15729 11984 31772  9094 23209  2758 32339 11637]
Bottom sampled image indices for blocks.10.hook_mlp_out: [28822 39257 24699 19280 27631 35638  4917 43777 31498  4818  5060 37689
  1825 17981 36675 49709 31449  3535 10579 16626]
Neuron 145, Layer 10, Layer Type hook_mlp_out
Saved image to /network/scratch/s/sonia.joseph/CLIP_AUDIT/sampled_images/CLIP-ViT-B-32-DataComp.XL-s13B-b90K//layer_10/neuron_145/hook_mlp_out/avg/top/neuron_145_layer_10_top_avg_hook_mlp_out.png
Saved image to /network/scratch/s/sonia.joseph/CLIP_AUDIT/sampled_images/CLIP-ViT-B-32-DataComp.XL-s13B-b90K//layer_10/neuron_145/hook_mlp_out/avg/bottom/neuron_145_layer_10_bottom_avg_hook_mlp_out.png
Activations shape for blocks.10.hook_resid_post (49984, 50)
Type of sampling: average
Top sampled image indices for blocks.10.hook_resid_post: [16224 27686 42169 23637 31494 33970 10459 33488  9094  7291 48107 21469
 17607 48869 48324  8682 24964 18634 35508 25524]
Bottom sampled image indices for blocks.10.hook_resid_post: [19064 30019 12268  7197 14007 15317 48338  5317 42503 20045 39359 47833
 36094 26601 34926 18296 27502 22463 40651  1630]
Neuron 145, Layer 10, Layer Type hook_resid_post
Saved image to /network/scratch/s/sonia.joseph/CLIP_AUDIT/sampled_images/CLIP-ViT-B-32-DataComp.XL-s13B-b90K//layer_10/neuron_145/hook_resid_post/avg/top/neuron_145_layer_10_top_avg_hook_resid_post.png
Saved image to /network/scratch/s/sonia.joseph/CLIP_AUDIT/sampled_images/CLIP-ViT-B-32-DataComp.XL-s13B-b90K//layer_10/neuron_145/hook_resid_post/avg/bottom/neuron_145_layer_10_bottom_avg_hook_resid_post.png
Activations shape for blocks.10.mlp.hook_post (49984, 50)
Type of sampling: average
Top sampled image indices for blocks.10.mlp.hook_post: [11808 27153 48022 32045  5654 11557 13265  8540 14181 21912 40088 18183
 48595 18156 25056 12431 43428 20559 14490 27769]
Bottom sampled image indices for blocks.10.mlp.hook_post: [33383 14748 45226 12086 18707 10888  4831  9578 30175  4818  8439 10025
 35342 32185 13448  1014   149 43298 38842 12526]
Neuron 145, Layer 10, Layer Type hook_post
Saved image to /network/scratch/s/sonia.joseph/CLIP_AUDIT/sampled_images/CLIP-ViT-B-32-DataComp.XL-s13B-b90K//layer_10/neuron_145/hook_post/avg/top/neuron_145_layer_10_top_avg_hook_post.png
Saved image to /network/scratch/s/sonia.joseph/CLIP_AUDIT/sampled_images/CLIP-ViT-B-32-DataComp.XL-s13B-b90K//layer_10/neuron_145/hook_post/avg/bottom/neuron_145_layer_10_bottom_avg_hook_post.png
Activations shape for blocks.10.hook_mlp_out (49984, 50)
Type of sampling: average
Top sampled image indices for blocks.10.hook_mlp_out: [ 9852 26386 14754 13747 21913 40946  6872  6339 21182 31817 13383 28331
 19803 24248 23933  8066 10234 33294 13154 28059]
Bottom sampled image indices for blocks.10.hook_mlp_out: [14007 18270 30536 12123 28460  9258 42320  8061 35638 48525 16724 13578
 38128 23797 35393 18649  3562 44009  2982 28002]
Neuron 237, Layer 10, Layer Type hook_mlp_out
Saved image to /network/scratch/s/sonia.joseph/CLIP_AUDIT/sampled_images/CLIP-ViT-B-32-DataComp.XL-s13B-b90K//layer_10/neuron_237/hook_mlp_out/avg/top/neuron_237_layer_10_top_avg_hook_mlp_out.png
Saved image to /network/scratch/s/sonia.joseph/CLIP_AUDIT/sampled_images/CLIP-ViT-B-32-DataComp.XL-s13B-b90K//layer_10/neuron_237/hook_mlp_out/avg/bottom/neuron_237_layer_10_bottom_avg_hook_mlp_out.png
Activations shape for blocks.10.hook_resid_post (49984, 50)
Type of sampling: average
Top sampled image indices for blocks.10.hook_resid_post: [34015  8335 29611  8308 33676 26629 15201 25855  2036 15632 14129 20886
 28687  8253 49558 40966  1673 21748 37865 38040]
Bottom sampled image indices for blocks.10.hook_resid_post: [14007  9220 28744 17210 39257 40807 27631 35638  4818 10550  4529 36059
 10627  4030  2905 27570 47227 19319 10469 28002]
Neuron 237, Layer 10, Layer Type hook_resid_post
Saved image to /network/scratch/s/sonia.joseph/CLIP_AUDIT/sampled_images/CLIP-ViT-B-32-DataComp.XL-s13B-b90K//layer_10/neuron_237/hook_resid_post/avg/top/neuron_237_layer_10_top_avg_hook_resid_post.png
Saved image to /network/scratch/s/sonia.joseph/CLIP_AUDIT/sampled_images/CLIP-ViT-B-32-DataComp.XL-s13B-b90K//layer_10/neuron_237/hook_resid_post/avg/bottom/neuron_237_layer_10_bottom_avg_hook_resid_post.png
Activations shape for blocks.10.mlp.hook_post (49984, 50)
Type of sampling: average
Top sampled image indices for blocks.10.mlp.hook_post: [44439   465  2264 26818 39513 36971 30396 44932  7777 22069 24571 34547
 31269 16015  9614  8886  1367 12863 27631 26247]
Bottom sampled image indices for blocks.10.mlp.hook_post: [24081 20191 12161 38926  7467 11627 16593  3396 18459 24881  2974 24826
 14860 37996 22380 49954  1673 39291 47394 21576]
Neuron 237, Layer 10, Layer Type hook_post
Saved image to /network/scratch/s/sonia.joseph/CLIP_AUDIT/sampled_images/CLIP-ViT-B-32-DataComp.XL-s13B-b90K//layer_10/neuron_237/hook_post/avg/top/neuron_237_layer_10_top_avg_hook_post.png
Saved image to /network/scratch/s/sonia.joseph/CLIP_AUDIT/sampled_images/CLIP-ViT-B-32-DataComp.XL-s13B-b90K//layer_10/neuron_237/hook_post/avg/bottom/neuron_237_layer_10_bottom_avg_hook_post.png
Activations shape for blocks.10.hook_mlp_out (49984, 50)
Type of sampling: average
Top sampled image indices for blocks.10.hook_mlp_out: [39369 11637 27160 36406 48067  7223 23384 34285 19294 46383  7457 40691
 31772 47550 19967 29579 28822  4818 39053 45296]
Bottom sampled image indices for blocks.10.hook_mlp_out: [11239 24654 47456 14786 41734 15949 14507 43341 24765    78 19638 20814
  6609 14356 22547 25439 10449 29918 31452 39203]
Neuron 737, Layer 10, Layer Type hook_mlp_out
Saved image to /network/scratch/s/sonia.joseph/CLIP_AUDIT/sampled_images/CLIP-ViT-B-32-DataComp.XL-s13B-b90K//layer_10/neuron_737/hook_mlp_out/avg/top/neuron_737_layer_10_top_avg_hook_mlp_out.png
Saved image to /network/scratch/s/sonia.joseph/CLIP_AUDIT/sampled_images/CLIP-ViT-B-32-DataComp.XL-s13B-b90K//layer_10/neuron_737/hook_mlp_out/avg/bottom/neuron_737_layer_10_bottom_avg_hook_mlp_out.png
Activations shape for blocks.10.hook_resid_post (49984, 50)
Type of sampling: average
Top sampled image indices for blocks.10.hook_resid_post: [28822 39369  3324 36406  4818 20573 45562 16930 26934 19967 27160 11507
 31772 29579 26005 23384 47550  7457 37310 45296]
Bottom sampled image indices for blocks.10.hook_resid_post: [ 2968 14435 30937  7753  6490  8249 37777  4564 30392 39864 19267 42685
 42137 26427  2399 25899 26549 48684 28238 19153]
Neuron 737, Layer 10, Layer Type hook_resid_post
Saved image to /network/scratch/s/sonia.joseph/CLIP_AUDIT/sampled_images/CLIP-ViT-B-32-DataComp.XL-s13B-b90K//layer_10/neuron_737/hook_resid_post/avg/top/neuron_737_layer_10_top_avg_hook_resid_post.png
Saved image to /network/scratch/s/sonia.joseph/CLIP_AUDIT/sampled_images/CLIP-ViT-B-32-DataComp.XL-s13B-b90K//layer_10/neuron_737/hook_resid_post/avg/bottom/neuron_737_layer_10_bottom_avg_hook_resid_post.png
Activations shape for blocks.10.mlp.hook_post (49984, 50)
Type of sampling: average
Top sampled image indices for blocks.10.mlp.hook_post: [39985 22747 42704  5577 21889  3020 30471  8328 38131 15039 33770 36667
  6797 30167 28927 23765  5857 27475 48676 44737]
Bottom sampled image indices for blocks.10.mlp.hook_post: [21929 34574 12278 37249 23987 28292 20035 27631 43899  3532 16256 21534
 19082 46855 36432 32359 29786 12076 16554 47510]
Neuron 737, Layer 10, Layer Type hook_post
Saved image to /network/scratch/s/sonia.joseph/CLIP_AUDIT/sampled_images/CLIP-ViT-B-32-DataComp.XL-s13B-b90K//layer_10/neuron_737/hook_post/avg/top/neuron_737_layer_10_top_avg_hook_post.png
Saved image to /network/scratch/s/sonia.joseph/CLIP_AUDIT/sampled_images/CLIP-ViT-B-32-DataComp.XL-s13B-b90K//layer_10/neuron_737/hook_post/avg/bottom/neuron_737_layer_10_bottom_avg_hook_post.png
Activations shape for blocks.10.hook_mlp_out (49984, 50)
Type of sampling: average
Top sampled image indices for blocks.10.hook_mlp_out: [42964 20593  3406 34009  8444 44440 13466 10142 29830 29870 16574 30928
 21517 17417 23820 29758 47387 16466 40020  9331]
Bottom sampled image indices for blocks.10.hook_mlp_out: [ 4818 35638 27631  2982 19850  9258 27636 33533  4206 43346 21553  8061
 23062 16626   741 14545  3698 17210  8415 26818]
Neuron 608, Layer 10, Layer Type hook_mlp_out
Saved image to /network/scratch/s/sonia.joseph/CLIP_AUDIT/sampled_images/CLIP-ViT-B-32-DataComp.XL-s13B-b90K//layer_10/neuron_608/hook_mlp_out/avg/top/neuron_608_layer_10_top_avg_hook_mlp_out.png
Saved image to /network/scratch/s/sonia.joseph/CLIP_AUDIT/sampled_images/CLIP-ViT-B-32-DataComp.XL-s13B-b90K//layer_10/neuron_608/hook_mlp_out/avg/bottom/neuron_608_layer_10_bottom_avg_hook_mlp_out.png
Activations shape for blocks.10.hook_resid_post (49984, 50)
Type of sampling: average
Top sampled image indices for blocks.10.hook_resid_post: [ 7127 25886 31909 30560   897 43890 26088 19335 42811  1887 28557 48935
  8280 43734 41079 18619  7466 41137 10388  4087]
Bottom sampled image indices for blocks.10.hook_resid_post: [21406  4818 35638  3324  2982 27631 33934 27082  2968 13578 18580  5887
 17210 43346 42137 33533  4206 42300 40709 18608]
Neuron 608, Layer 10, Layer Type hook_resid_post
Saved image to /network/scratch/s/sonia.joseph/CLIP_AUDIT/sampled_images/CLIP-ViT-B-32-DataComp.XL-s13B-b90K//layer_10/neuron_608/hook_resid_post/avg/top/neuron_608_layer_10_top_avg_hook_resid_post.png
Saved image to /network/scratch/s/sonia.joseph/CLIP_AUDIT/sampled_images/CLIP-ViT-B-32-DataComp.XL-s13B-b90K//layer_10/neuron_608/hook_resid_post/avg/bottom/neuron_608_layer_10_bottom_avg_hook_resid_post.png
Activations shape for blocks.10.mlp.hook_post (49984, 50)
Type of sampling: average
Top sampled image indices for blocks.10.mlp.hook_post: [25856 40518 45568  9753 25420 27631 20353 37757 26058  3873 17099 37689
 30196 12904  9041 43249 18878 13972 22677 16158]
Bottom sampled image indices for blocks.10.mlp.hook_post: [40037 24663  1112 33774 18802 36063 46800 32774  6984 43780 43220 34863
  7529 46515 16011  1243 18488 40243   539 32319]
Neuron 608, Layer 10, Layer Type hook_post
Saved image to /network/scratch/s/sonia.joseph/CLIP_AUDIT/sampled_images/CLIP-ViT-B-32-DataComp.XL-s13B-b90K//layer_10/neuron_608/hook_post/avg/top/neuron_608_layer_10_top_avg_hook_post.png
Saved image to /network/scratch/s/sonia.joseph/CLIP_AUDIT/sampled_images/CLIP-ViT-B-32-DataComp.XL-s13B-b90K//layer_10/neuron_608/hook_post/avg/bottom/neuron_608_layer_10_bottom_avg_hook_post.png
Activations shape for blocks.10.hook_mlp_out (49984, 50)
Type of sampling: average
Top sampled image indices for blocks.10.hook_mlp_out: [ 8793 37133 16015  4080 48372 39513  9754  6532 29727 14644  2700 10449
 46822 10623 44962 17567 37633 37984 10237 40970]
Bottom sampled image indices for blocks.10.hook_mlp_out: [28822  7457 21192 27519 17981 45148 29918  5069 18768 23062 33503  3344
 43124 27082 38186 20759 47220 19280 23219 34285]
Neuron 171, Layer 10, Layer Type hook_mlp_out
Saved image to /network/scratch/s/sonia.joseph/CLIP_AUDIT/sampled_images/CLIP-ViT-B-32-DataComp.XL-s13B-b90K//layer_10/neuron_171/hook_mlp_out/avg/top/neuron_171_layer_10_top_avg_hook_mlp_out.png
Saved image to /network/scratch/s/sonia.joseph/CLIP_AUDIT/sampled_images/CLIP-ViT-B-32-DataComp.XL-s13B-b90K//layer_10/neuron_171/hook_mlp_out/avg/bottom/neuron_171_layer_10_bottom_avg_hook_mlp_out.png
Activations shape for blocks.10.hook_resid_post (49984, 50)
Type of sampling: average
Top sampled image indices for blocks.10.hook_resid_post: [30821  9189 12903 23773 10355 40970  2700 17157 17267 25644 14956 20860
  2713 39513  8793 21997 12104 21670 10449 10334]
Bottom sampled image indices for blocks.10.hook_resid_post: [47573 33370 19041  1783 28822 24953 26491 45148 30509 38271 49623 15834
  9683 14189 48989 30657  5289  1225 11637 37932]
Neuron 171, Layer 10, Layer Type hook_resid_post
Saved image to /network/scratch/s/sonia.joseph/CLIP_AUDIT/sampled_images/CLIP-ViT-B-32-DataComp.XL-s13B-b90K//layer_10/neuron_171/hook_resid_post/avg/top/neuron_171_layer_10_top_avg_hook_resid_post.png
Saved image to /network/scratch/s/sonia.joseph/CLIP_AUDIT/sampled_images/CLIP-ViT-B-32-DataComp.XL-s13B-b90K//layer_10/neuron_171/hook_resid_post/avg/bottom/neuron_171_layer_10_bottom_avg_hook_resid_post.png
Activations shape for blocks.10.mlp.hook_post (49984, 50)
Type of sampling: average
Top sampled image indices for blocks.10.mlp.hook_post: [39284 27128 45561 46235 46022 47724 33670 34354  3994 12918 23575 32107
 24242 48945 21835 48361 26311  2440 16285 24964]
Bottom sampled image indices for blocks.10.mlp.hook_post: [49093 25524 38071 16569 36335 41448 26430 14203 36401 31215 32024 17189
 22581 42091 15178  8380 45257 28389 20205 31482]
Neuron 171, Layer 10, Layer Type hook_post
Saved image to /network/scratch/s/sonia.joseph/CLIP_AUDIT/sampled_images/CLIP-ViT-B-32-DataComp.XL-s13B-b90K//layer_10/neuron_171/hook_post/avg/top/neuron_171_layer_10_top_avg_hook_post.png
Saved image to /network/scratch/s/sonia.joseph/CLIP_AUDIT/sampled_images/CLIP-ViT-B-32-DataComp.XL-s13B-b90K//layer_10/neuron_171/hook_post/avg/bottom/neuron_171_layer_10_bottom_avg_hook_post.png
Activations shape for blocks.10.hook_mlp_out (49984, 50)
Type of sampling: average
Top sampled image indices for blocks.10.hook_mlp_out: [29918 13154  5069 23209 43743 11593 14016 17981   407 28822  2349 36579
 34097 32938 31780  8061 40988   741 21553 23219]
Bottom sampled image indices for blocks.10.hook_mlp_out: [37588 39897 16682 35112 39106  7081 28707 33995 17263 23854 19662 25675
 48893 23310 16920   902 14281 15726 35253 47851]
Neuron 758, Layer 10, Layer Type hook_mlp_out
Saved image to /network/scratch/s/sonia.joseph/CLIP_AUDIT/sampled_images/CLIP-ViT-B-32-DataComp.XL-s13B-b90K//layer_10/neuron_758/hook_mlp_out/avg/top/neuron_758_layer_10_top_avg_hook_mlp_out.png
Saved image to /network/scratch/s/sonia.joseph/CLIP_AUDIT/sampled_images/CLIP-ViT-B-32-DataComp.XL-s13B-b90K//layer_10/neuron_758/hook_mlp_out/avg/bottom/neuron_758_layer_10_bottom_avg_hook_mlp_out.png
Activations shape for blocks.10.hook_resid_post (49984, 50)
Type of sampling: average
Top sampled image indices for blocks.10.hook_resid_post: [27861 10579  3618 39242   244 49605 10237 39487 34253 42081 28840 34097
 11258  5069 43862 31780 36579 44127  3659 23219]
Bottom sampled image indices for blocks.10.hook_resid_post: [15724 12976 34029 48684 42142 35535  2308 49372 48521 10965 23173 16680
 26935 25763 28254 25068 23225 47404 15048 47265]
Neuron 758, Layer 10, Layer Type hook_resid_post
Saved image to /network/scratch/s/sonia.joseph/CLIP_AUDIT/sampled_images/CLIP-ViT-B-32-DataComp.XL-s13B-b90K//layer_10/neuron_758/hook_resid_post/avg/top/neuron_758_layer_10_top_avg_hook_resid_post.png
Saved image to /network/scratch/s/sonia.joseph/CLIP_AUDIT/sampled_images/CLIP-ViT-B-32-DataComp.XL-s13B-b90K//layer_10/neuron_758/hook_resid_post/avg/bottom/neuron_758_layer_10_bottom_avg_hook_resid_post.png
Activations shape for blocks.10.mlp.hook_post (49984, 50)
Type of sampling: average
Top sampled image indices for blocks.10.mlp.hook_post: [19578 24208 48340 34805 12955 47769  3242 14775 19483   902 36020 11245
  8734 35599  2036  3812 34675  3440 12629  4738]
Bottom sampled image indices for blocks.10.mlp.hook_post: [17930 47758 25098  5609 26423  7979 44142 45063 41209 20410 34538 10923
 11769 23720 33920 49268  1014 22699 28767 23792]
Neuron 758, Layer 10, Layer Type hook_post
Saved image to /network/scratch/s/sonia.joseph/CLIP_AUDIT/sampled_images/CLIP-ViT-B-32-DataComp.XL-s13B-b90K//layer_10/neuron_758/hook_post/avg/top/neuron_758_layer_10_top_avg_hook_post.png
Saved image to /network/scratch/s/sonia.joseph/CLIP_AUDIT/sampled_images/CLIP-ViT-B-32-DataComp.XL-s13B-b90K//layer_10/neuron_758/hook_post/avg/bottom/neuron_758_layer_10_bottom_avg_hook_post.png
Activations shape for blocks.10.hook_mlp_out (49984, 50)
Type of sampling: average
Top sampled image indices for blocks.10.hook_mlp_out: [19294 33062 23463 27160 34592 31975 29579 23029 31772 19967 47550 26491
 23384 27518 11637  6471  7223 39053 48893 45296]
Bottom sampled image indices for blocks.10.hook_mlp_out: [23219 34097 17981  3344 28822 28840 29918 21192 31780 21236 14016 26835
  5069 27082 49605 10236 34285 12130 37415 45148]
Neuron 172, Layer 10, Layer Type hook_mlp_out
Saved image to /network/scratch/s/sonia.joseph/CLIP_AUDIT/sampled_images/CLIP-ViT-B-32-DataComp.XL-s13B-b90K//layer_10/neuron_172/hook_mlp_out/avg/top/neuron_172_layer_10_top_avg_hook_mlp_out.png
Saved image to /network/scratch/s/sonia.joseph/CLIP_AUDIT/sampled_images/CLIP-ViT-B-32-DataComp.XL-s13B-b90K//layer_10/neuron_172/hook_mlp_out/avg/bottom/neuron_172_layer_10_bottom_avg_hook_mlp_out.png
Activations shape for blocks.10.hook_resid_post (49984, 50)
Type of sampling: average
Top sampled image indices for blocks.10.hook_resid_post: [23384 47900 40241 33062 16291  2510 26934 48893 30474 31889  1236 45293
 25522 37435  1212 34592 30910 27518 23029  6471]
Bottom sampled image indices for blocks.10.hook_resid_post: [21236 23219 29918 34097 26835 28840 31780 27290 21860 12130 42660 17073
  7291 28092 17944  1957 10236 45693 46277 41698]
Neuron 172, Layer 10, Layer Type hook_resid_post
Saved image to /network/scratch/s/sonia.joseph/CLIP_AUDIT/sampled_images/CLIP-ViT-B-32-DataComp.XL-s13B-b90K//layer_10/neuron_172/hook_resid_post/avg/top/neuron_172_layer_10_top_avg_hook_resid_post.png
Saved image to /network/scratch/s/sonia.joseph/CLIP_AUDIT/sampled_images/CLIP-ViT-B-32-DataComp.XL-s13B-b90K//layer_10/neuron_172/hook_resid_post/avg/bottom/neuron_172_layer_10_bottom_avg_hook_resid_post.png
Activations shape for blocks.10.mlp.hook_post (49984, 50)
Type of sampling: average
Top sampled image indices for blocks.10.mlp.hook_post: [20048 22489 21356 38660 23266 33825 39876 19602 15729 12830 16388 37996
 39620 19882 49831 40956 10956 17801 15486 10710]
Bottom sampled image indices for blocks.10.mlp.hook_post: [26550 33432 43778 19697 13839 47349 21522  7818 26207 38729 29870 10032
 28040 49015 38736  5822 41151 41611 34642 43937]
Neuron 172, Layer 10, Layer Type hook_post
Saved image to /network/scratch/s/sonia.joseph/CLIP_AUDIT/sampled_images/CLIP-ViT-B-32-DataComp.XL-s13B-b90K//layer_10/neuron_172/hook_post/avg/top/neuron_172_layer_10_top_avg_hook_post.png
Saved image to /network/scratch/s/sonia.joseph/CLIP_AUDIT/sampled_images/CLIP-ViT-B-32-DataComp.XL-s13B-b90K//layer_10/neuron_172/hook_post/avg/bottom/neuron_172_layer_10_bottom_avg_hook_post.png
Activations shape for blocks.10.hook_mlp_out (49984, 50)
Type of sampling: average
Top sampled image indices for blocks.10.hook_mlp_out: [32403 25940  1176 33853 17360 21711  7883 25236 13732 48107 36825  5108
  1849 21236  9637 34561 33831 42660  7291  1957]
Bottom sampled image indices for blocks.10.hook_mlp_out: [46563 32319 15745 10469 14006 42226 43346 35638 27569 23062 48629   164
 10888 42379 33533 45113 46631 48000 29754 47682]
Neuron 557, Layer 10, Layer Type hook_mlp_out
Saved image to /network/scratch/s/sonia.joseph/CLIP_AUDIT/sampled_images/CLIP-ViT-B-32-DataComp.XL-s13B-b90K//layer_10/neuron_557/hook_mlp_out/avg/top/neuron_557_layer_10_top_avg_hook_mlp_out.png
Saved image to /network/scratch/s/sonia.joseph/CLIP_AUDIT/sampled_images/CLIP-ViT-B-32-DataComp.XL-s13B-b90K//layer_10/neuron_557/hook_mlp_out/avg/bottom/neuron_557_layer_10_bottom_avg_hook_mlp_out.png
Activations shape for blocks.10.hook_resid_post (49984, 50)
Type of sampling: average
Top sampled image indices for blocks.10.hook_resid_post: [34306 23905 33860 33234 40744  5108 10435  9637 25940 18149 33831 26652
 42660 48107 21236  1849 34561  1957 36825  7291]
Bottom sampled image indices for blocks.10.hook_resid_post: [35638 10469 26427 46563 32319 27306 27769 18007  4818 45231  8415 35702
 15745 11214 44052 40340 29529 26404 41011 23062]
Neuron 557, Layer 10, Layer Type hook_resid_post
Saved image to /network/scratch/s/sonia.joseph/CLIP_AUDIT/sampled_images/CLIP-ViT-B-32-DataComp.XL-s13B-b90K//layer_10/neuron_557/hook_resid_post/avg/top/neuron_557_layer_10_top_avg_hook_resid_post.png
Saved image to /network/scratch/s/sonia.joseph/CLIP_AUDIT/sampled_images/CLIP-ViT-B-32-DataComp.XL-s13B-b90K//layer_10/neuron_557/hook_resid_post/avg/bottom/neuron_557_layer_10_bottom_avg_hook_resid_post.png
Activations shape for blocks.10.mlp.hook_post (49984, 50)
Type of sampling: average
Top sampled image indices for blocks.10.mlp.hook_post: [ 2414 41768 18051 31841 18254 27671 15975 36774 29217 31920 43777 45804
 21278 11346  1508   154 11313  4724 45972 15478]
Bottom sampled image indices for blocks.10.mlp.hook_post: [11026  9553 45836 43075 48297 26783 39912 48141  1914 17628 18973 15312
 35362 21932 49110 26966 42540 32502 16099  3902]
Neuron 557, Layer 10, Layer Type hook_post
Saved image to /network/scratch/s/sonia.joseph/CLIP_AUDIT/sampled_images/CLIP-ViT-B-32-DataComp.XL-s13B-b90K//layer_10/neuron_557/hook_post/avg/top/neuron_557_layer_10_top_avg_hook_post.png
Saved image to /network/scratch/s/sonia.joseph/CLIP_AUDIT/sampled_images/CLIP-ViT-B-32-DataComp.XL-s13B-b90K//layer_10/neuron_557/hook_post/avg/bottom/neuron_557_layer_10_bottom_avg_hook_post.png
Activations shape for blocks.10.hook_mlp_out (49984, 50)
Type of sampling: average
Top sampled image indices for blocks.10.hook_mlp_out: [37062 42040 23219 40921 35393 38342 25271 28002  3659  3599  7457 46029
 19850 27636 33533 35638 12104  6938 33383  4818]
Bottom sampled image indices for blocks.10.hook_mlp_out: [ 7529 39066 32929 48241 41851 15241  4305 45519 37568  3604 49169  1367
 27206 46523 46392 19312 14916 12527  4314 10161]
Neuron 40, Layer 10, Layer Type hook_mlp_out
Saved image to /network/scratch/s/sonia.joseph/CLIP_AUDIT/sampled_images/CLIP-ViT-B-32-DataComp.XL-s13B-b90K//layer_10/neuron_40/hook_mlp_out/avg/top/neuron_40_layer_10_top_avg_hook_mlp_out.png
Saved image to /network/scratch/s/sonia.joseph/CLIP_AUDIT/sampled_images/CLIP-ViT-B-32-DataComp.XL-s13B-b90K//layer_10/neuron_40/hook_mlp_out/avg/bottom/neuron_40_layer_10_bottom_avg_hook_mlp_out.png
Activations shape for blocks.10.hook_resid_post (49984, 50)
Type of sampling: average
Top sampled image indices for blocks.10.hook_resid_post: [39402 25281 33533 19850 12581 23173 24154 40921 27970 16680 43346  6938
 10469 25271 42226 38342 12104 35638 33383  4818]
Bottom sampled image indices for blocks.10.hook_resid_post: [42320 15241 27900 39604 16015  9614 32319  1367 26652 10888 33470 46563
 29327 25709 49314 15745 49015 34547 32929 24956]
Neuron 40, Layer 10, Layer Type hook_resid_post
Saved image to /network/scratch/s/sonia.joseph/CLIP_AUDIT/sampled_images/CLIP-ViT-B-32-DataComp.XL-s13B-b90K//layer_10/neuron_40/hook_resid_post/avg/top/neuron_40_layer_10_top_avg_hook_resid_post.png
Saved image to /network/scratch/s/sonia.joseph/CLIP_AUDIT/sampled_images/CLIP-ViT-B-32-DataComp.XL-s13B-b90K//layer_10/neuron_40/hook_resid_post/avg/bottom/neuron_40_layer_10_bottom_avg_hook_resid_post.png
Activations shape for blocks.10.mlp.hook_post (49984, 50)
Type of sampling: average
Top sampled image indices for blocks.10.mlp.hook_post: [18684 25986 44183 22974 23862  9536 45982 28233 24612 17348 10596 40546
 22531 34341 23281 24936 24107 19964 23315 26611]
Bottom sampled image indices for blocks.10.mlp.hook_post: [46162 16210  6633 45293 41866 11274 41408 27468  5685 30633 17694 36014
 38596 45596 38051 46550 32124 20489 24633 30684]
Neuron 40, Layer 10, Layer Type hook_post
Saved image to /network/scratch/s/sonia.joseph/CLIP_AUDIT/sampled_images/CLIP-ViT-B-32-DataComp.XL-s13B-b90K//layer_10/neuron_40/hook_post/avg/top/neuron_40_layer_10_top_avg_hook_post.png
Saved image to /network/scratch/s/sonia.joseph/CLIP_AUDIT/sampled_images/CLIP-ViT-B-32-DataComp.XL-s13B-b90K//layer_10/neuron_40/hook_post/avg/bottom/neuron_40_layer_10_bottom_avg_hook_post.png
Activations shape for blocks.10.hook_mlp_out (49984, 50)
Type of sampling: average
Top sampled image indices for blocks.10.hook_mlp_out: [19602 31426 28615 39993 34592 41009 38869 47800 32039  8249 35794 25294
  4197 16983 12581 24460 20087 19022 42516  9014]
Bottom sampled image indices for blocks.10.hook_mlp_out: [43984 34751  1957 37415 48412  5887 17104  7291 35342 33314  9637 36262
 32633 21711 29786 32403  1849 46470 10032  7028]
Neuron 259, Layer 10, Layer Type hook_mlp_out
Saved image to /network/scratch/s/sonia.joseph/CLIP_AUDIT/sampled_images/CLIP-ViT-B-32-DataComp.XL-s13B-b90K//layer_10/neuron_259/hook_mlp_out/avg/top/neuron_259_layer_10_top_avg_hook_mlp_out.png
Saved image to /network/scratch/s/sonia.joseph/CLIP_AUDIT/sampled_images/CLIP-ViT-B-32-DataComp.XL-s13B-b90K//layer_10/neuron_259/hook_mlp_out/avg/bottom/neuron_259_layer_10_bottom_avg_hook_mlp_out.png
Activations shape for blocks.10.hook_resid_post (49984, 50)
Type of sampling: average
Top sampled image indices for blocks.10.hook_resid_post: [20059 44506 33050 29529 35925 32039 15387 16701 26271 46839 41610 39350
 12449 25294  9014 49496 19022 32340 10245 21300]
Bottom sampled image indices for blocks.10.hook_resid_post: [25093 17104 22775 22200 36262  7028  9578 19792 37415 16266 12150 31593
 33503  7613 19396 34751 42575 35342 48412 15400]
Neuron 259, Layer 10, Layer Type hook_resid_post
Saved image to /network/scratch/s/sonia.joseph/CLIP_AUDIT/sampled_images/CLIP-ViT-B-32-DataComp.XL-s13B-b90K//layer_10/neuron_259/hook_resid_post/avg/top/neuron_259_layer_10_top_avg_hook_resid_post.png
Saved image to /network/scratch/s/sonia.joseph/CLIP_AUDIT/sampled_images/CLIP-ViT-B-32-DataComp.XL-s13B-b90K//layer_10/neuron_259/hook_resid_post/avg/bottom/neuron_259_layer_10_bottom_avg_hook_resid_post.png
Activations shape for blocks.10.mlp.hook_post (49984, 50)
Type of sampling: average
Top sampled image indices for blocks.10.mlp.hook_post: [ 7109 49046 13625 11231 32826  5887 21192 48158 31780 12443 22783 34285
  3344 33246 14016 11258 34097 23219 26409 42581]
Bottom sampled image indices for blocks.10.mlp.hook_post: [11971 22022 46830 38241 49738 23997  4776 32365 23496 10949 17793 28251
 16891  2320 45083  4620 36464 18907 37915  6752]
Neuron 259, Layer 10, Layer Type hook_post
Saved image to /network/scratch/s/sonia.joseph/CLIP_AUDIT/sampled_images/CLIP-ViT-B-32-DataComp.XL-s13B-b90K//layer_10/neuron_259/hook_post/avg/top/neuron_259_layer_10_top_avg_hook_post.png
Saved image to /network/scratch/s/sonia.joseph/CLIP_AUDIT/sampled_images/CLIP-ViT-B-32-DataComp.XL-s13B-b90K//layer_10/neuron_259/hook_post/avg/bottom/neuron_259_layer_10_bottom_avg_hook_post.png

======== GPU REPORT ========

==============NVSMI LOG==============

Timestamp                                 : Mon Sep 16 01:41:13 2024
Driver Version                            : 535.183.06
CUDA Version                              : 12.2

Attached GPUs                             : 1
GPU 00000000:A3:00.0
    Accounting Mode                       : Enabled
    Accounting Mode Buffer Size           : 4000
    Accounted Processes
        Process ID                        : 2247571
            GPU Utilization               : 0 %
            Memory Utilization            : 0 %
            Max memory usage              : 710 MiB
            Time                          : 4814091 ms
            Is Running                    : 0

Mon Sep 16 01:41:13 2024       
+---------------------------------------------------------------------------------------+
| NVIDIA-SMI 535.183.06             Driver Version: 535.183.06   CUDA Version: 12.2     |
|-----------------------------------------+----------------------+----------------------+
| GPU  Name                 Persistence-M | Bus-Id        Disp.A | Volatile Uncorr. ECC |
| Fan  Temp   Perf          Pwr:Usage/Cap |         Memory-Usage | GPU-Util  Compute M. |
|                                         |                      |               MIG M. |
|=========================================+======================+======================|
|   0  NVIDIA RTX A6000               On  | 00000000:A3:00.0 Off |                    0 |
| 30%   30C    P2              80W / 300W |      1MiB / 46068MiB |      9%      Default |
|                                         |                      |                  N/A |
+-----------------------------------------+----------------------+----------------------+
                                                                                         
+---------------------------------------------------------------------------------------+
| Processes:                                                                            |
|  GPU   GI   CI        PID   Type   Process name                            GPU Memory |
|        ID   ID                                                             Usage      |
|=======================================================================================|
|  No running processes found                                                           |
+---------------------------------------------------------------------------------------+
