model_id download_pretrained_from_hf: laion/CLIP-ViT-B-32-DataComp.XL-s13B-b90K
Official model name open-clip:laion/CLIP-ViT-B-32-DataComp.XL-s13B-b90K
Converting OpenCLIP weights
model_id download_pretrained_from_hf: laion/CLIP-ViT-B-32-DataComp.XL-s13B-b90K
visual projection shape torch.Size([768, 512])
Setting center_writing_weights to False for OpenCLIP
Setting fold_ln to False for OpenCLIP
Loaded pretrained model open-clip:laion/CLIP-ViT-B-32-DataComp.XL-s13B-b90K into HookedTransformer
Processing neuron 571 in layer 0
Processing neuron 503 in layer 0
Processing neuron 723 in layer 0
Processing neuron 377 in layer 0
Processing neuron 40 in layer 0
Processing neuron 622 in layer 0
Processing neuron 660 in layer 0
Processing neuron 361 in layer 0
Processing neuron 272 in layer 0
Processing neuron 532 in layer 0
Processing neuron 732 in layer 0
Processing neuron 246 in layer 0
Processing neuron 437 in layer 0
Processing neuron 72 in layer 0
Processing neuron 334 in layer 0
Processing neuron 289 in layer 0
Processing neuron 651 in layer 0
Processing neuron 204 in layer 0
Processing neuron 64 in layer 0
Processing neuron 191 in layer 0
Processing neuron 218 in layer 0
Processing neuron 699 in layer 0
Processing neuron 464 in layer 0
Processing neuron 663 in layer 0
Processing neuron 415 in layer 0
Processing neuron 385 in layer 0
Processing neuron 517 in layer 0
Processing neuron 548 in layer 0
Processing neuron 243 in layer 0
Processing neuron 387 in layer 0

======== GPU REPORT ========

==============NVSMI LOG==============

Timestamp                                 : Sat Nov  2 15:14:53 2024
Driver Version                            : 560.35.03
CUDA Version                              : 12.6

Attached GPUs                             : 1
GPU 00000000:A3:00.0
    Accounting Mode                       : Enabled
    Accounting Mode Buffer Size           : 4000
    Accounted Processes
        Process ID                        : 827254
            GPU Utilization               : 0 %
            Memory Utilization            : 0 %
            Max memory usage              : 544 MiB
            Time                          : 3410002 ms
            Is Running                    : 0

Sat Nov  2 15:14:53 2024       
+-----------------------------------------------------------------------------------------+
| NVIDIA-SMI 560.35.03              Driver Version: 560.35.03      CUDA Version: 12.6     |
|-----------------------------------------+------------------------+----------------------+
| GPU  Name                 Persistence-M | Bus-Id          Disp.A | Volatile Uncorr. ECC |
| Fan  Temp   Perf          Pwr:Usage/Cap |           Memory-Usage | GPU-Util  Compute M. |
|                                         |                        |               MIG M. |
|=========================================+========================+======================|
|   0  Quadro RTX 8000                On  |   00000000:A3:00.0 Off |                    0 |
| 33%   26C    P8             25W /  260W |       1MiB /  46080MiB |      0%      Default |
|                                         |                        |                  N/A |
+-----------------------------------------+------------------------+----------------------+
                                                                                         
+-----------------------------------------------------------------------------------------+
| Processes:                                                                              |
|  GPU   GI   CI        PID   Type   Process name                              GPU Memory |
|        ID   ID                                                               Usage      |
|=========================================================================================|
|  No running processes found                                                             |
+-----------------------------------------------------------------------------------------+
