Official model name open-clip:laion/CLIP-ViT-B-32-DataComp.XL-s13B-b90K
Converting OpenCLIP weights
visual projection shape torch.Size([768, 512])
Setting center_writing_weights to False for OpenCLIP
Setting fold_ln to False for OpenCLIP
Loaded pretrained model open-clip:laion/CLIP-ViT-B-32-DataComp.XL-s13B-b90K into HookedTransformer
Activations shape for blocks.4.hook_mlp_out (49984, 50)
Type of sampling: max
Top sampled image indices for blocks.4.hook_mlp_out: [24836 38797  2756 48032 20363 13864 12950 42772 39610 22657  4987 29133
 22347 12250 40333   364 16887 31627 40824 42668]
Bottom sampled image indices for blocks.4.hook_mlp_out: [25931  3513 14372 48676 30607 13085 49028 37753 27271 27728 14792 10628
 29866 47185 32959 37147 19948 36357 42581 12727]
Neuron 435, Layer 4, Layer Type hook_mlp_out
Saved image to /network/scratch/s/sonia.joseph/CLIP_AUDIT/sampled_images/CLIP-ViT-B-32-DataComp.XL-s13B-b90K//layer_4/neuron_435/hook_mlp_out/max/top/neuron_435_layer_4_top_max_hook_mlp_out.png
Saved image to /network/scratch/s/sonia.joseph/CLIP_AUDIT/sampled_images/CLIP-ViT-B-32-DataComp.XL-s13B-b90K//layer_4/neuron_435/hook_mlp_out/max/bottom/neuron_435_layer_4_bottom_max_hook_mlp_out.png
Activations shape for blocks.4.hook_resid_post (49984, 50)
Type of sampling: max
Top sampled image indices for blocks.4.hook_resid_post: [42429 42812 30582 18532 11429 28314 18759 43003 23618 42038 15058 32621
 17004 27014 15289 30450 22142 18922 47466  3783]
Bottom sampled image indices for blocks.4.hook_resid_post: [21911 20410 16146 21115 35566 27026 27686 41800 18657 11528 23452  2747
  6834 49612 37606 46116 15476 35285 12757 34672]
Neuron 435, Layer 4, Layer Type hook_resid_post
Saved image to /network/scratch/s/sonia.joseph/CLIP_AUDIT/sampled_images/CLIP-ViT-B-32-DataComp.XL-s13B-b90K//layer_4/neuron_435/hook_resid_post/max/top/neuron_435_layer_4_top_max_hook_resid_post.png
Saved image to /network/scratch/s/sonia.joseph/CLIP_AUDIT/sampled_images/CLIP-ViT-B-32-DataComp.XL-s13B-b90K//layer_4/neuron_435/hook_resid_post/max/bottom/neuron_435_layer_4_bottom_max_hook_resid_post.png
Activations shape for blocks.4.mlp.hook_post (49984, 50)
Type of sampling: max
Top sampled image indices for blocks.4.mlp.hook_post: [ 3455 28061 27794 49035  8359  5605 40015 22129 20217 36225 48847 22550
 45992 14086 34103 14284 47821 15197 15034 45011]
Bottom sampled image indices for blocks.4.mlp.hook_post: [36132 20238 10811 11444 10682 19272 49777  1870 17316  8710 25103 40345
 29530 19314 15923  2787 24815 30630 11368 30937]
Neuron 435, Layer 4, Layer Type hook_post
Saved image to /network/scratch/s/sonia.joseph/CLIP_AUDIT/sampled_images/CLIP-ViT-B-32-DataComp.XL-s13B-b90K//layer_4/neuron_435/hook_post/max/top/neuron_435_layer_4_top_max_hook_post.png
Saved image to /network/scratch/s/sonia.joseph/CLIP_AUDIT/sampled_images/CLIP-ViT-B-32-DataComp.XL-s13B-b90K//layer_4/neuron_435/hook_post/max/bottom/neuron_435_layer_4_bottom_max_hook_post.png
Activations shape for blocks.4.hook_mlp_out (49984, 50)
Type of sampling: max
Top sampled image indices for blocks.4.hook_mlp_out: [48917 24268 48549  6469 41086 47211  5323  9723 28093 18224 48324 45014
 46178 28681 25559 15896 32109  1450 36434 13946]
Bottom sampled image indices for blocks.4.hook_mlp_out: [42140 16747  7579 14446  6006 34168  2428 23891 46197 13627 38796 38870
 33837 40947 36634 35887 35525   586 25963 21456]
Neuron 47, Layer 4, Layer Type hook_mlp_out
Saved image to /network/scratch/s/sonia.joseph/CLIP_AUDIT/sampled_images/CLIP-ViT-B-32-DataComp.XL-s13B-b90K//layer_4/neuron_47/hook_mlp_out/max/top/neuron_47_layer_4_top_max_hook_mlp_out.png
Saved image to /network/scratch/s/sonia.joseph/CLIP_AUDIT/sampled_images/CLIP-ViT-B-32-DataComp.XL-s13B-b90K//layer_4/neuron_47/hook_mlp_out/max/bottom/neuron_47_layer_4_bottom_max_hook_mlp_out.png
Activations shape for blocks.4.hook_resid_post (49984, 50)
Type of sampling: max
Top sampled image indices for blocks.4.hook_resid_post: [40859 17757 28314 20825 29867 31494 46275 42223 33285   301  1813  8606
 13946 13252  1450 19896 48217 12820 23719 14168]
Bottom sampled image indices for blocks.4.hook_resid_post: [38989 35887   149 10846  3664  8866  2747  6045 32478 44732 32679 38796
 10177  4793 36754 43996 49686 20035  4376 38970]
Neuron 47, Layer 4, Layer Type hook_resid_post
Saved image to /network/scratch/s/sonia.joseph/CLIP_AUDIT/sampled_images/CLIP-ViT-B-32-DataComp.XL-s13B-b90K//layer_4/neuron_47/hook_resid_post/max/top/neuron_47_layer_4_top_max_hook_resid_post.png
Saved image to /network/scratch/s/sonia.joseph/CLIP_AUDIT/sampled_images/CLIP-ViT-B-32-DataComp.XL-s13B-b90K//layer_4/neuron_47/hook_resid_post/max/bottom/neuron_47_layer_4_bottom_max_hook_resid_post.png
Activations shape for blocks.4.mlp.hook_post (49984, 50)
Type of sampling: max
Top sampled image indices for blocks.4.mlp.hook_post: [46509 23642 43459 31839 30061 12188 35071 12013 34662 35327 14780 11159
  7611 14352 41470 39886  1649 29043 21848 35572]
Bottom sampled image indices for blocks.4.mlp.hook_post: [ 2427  2914 38316 32115 24462 38732 19778  2496  8512 21866  3964 42573
  1012 44600 40394 46928 20755 30250 20551  6109]
Neuron 47, Layer 4, Layer Type hook_post
Saved image to /network/scratch/s/sonia.joseph/CLIP_AUDIT/sampled_images/CLIP-ViT-B-32-DataComp.XL-s13B-b90K//layer_4/neuron_47/hook_post/max/top/neuron_47_layer_4_top_max_hook_post.png
Saved image to /network/scratch/s/sonia.joseph/CLIP_AUDIT/sampled_images/CLIP-ViT-B-32-DataComp.XL-s13B-b90K//layer_4/neuron_47/hook_post/max/bottom/neuron_47_layer_4_bottom_max_hook_post.png
Activations shape for blocks.4.hook_mlp_out (49984, 50)
Type of sampling: max
Top sampled image indices for blocks.4.hook_mlp_out: [11184 36863 17629 29587 35499 11716 22506 20226 44053 47322   743 27799
 41041 21819 34546 26179  3830 38527 16479 17400]
Bottom sampled image indices for blocks.4.hook_mlp_out: [14680 13058 25279  6645 47156 35676 12696 18854 44907 26038 41694 31678
 16617  7379 25470 38903 43469  2982 35393 40074]
Neuron 650, Layer 4, Layer Type hook_mlp_out
Saved image to /network/scratch/s/sonia.joseph/CLIP_AUDIT/sampled_images/CLIP-ViT-B-32-DataComp.XL-s13B-b90K//layer_4/neuron_650/hook_mlp_out/max/top/neuron_650_layer_4_top_max_hook_mlp_out.png
Saved image to /network/scratch/s/sonia.joseph/CLIP_AUDIT/sampled_images/CLIP-ViT-B-32-DataComp.XL-s13B-b90K//layer_4/neuron_650/hook_mlp_out/max/bottom/neuron_650_layer_4_bottom_max_hook_mlp_out.png
Activations shape for blocks.4.hook_resid_post (49984, 50)
Type of sampling: max
Top sampled image indices for blocks.4.hook_resid_post: [43052 49629 22161 43047  4168 29379 31884 40328 41314 44225 11615 37716
 45017 28633  2576 37282 23388 34831  3441 25426]
Bottom sampled image indices for blocks.4.hook_resid_post: [12696 14951 48900 11500 18144 47876 30202 16891 41155 16858 12077 13165
  2055  6205  5931 24107 39784 47515 39107 37665]
Neuron 650, Layer 4, Layer Type hook_resid_post
Saved image to /network/scratch/s/sonia.joseph/CLIP_AUDIT/sampled_images/CLIP-ViT-B-32-DataComp.XL-s13B-b90K//layer_4/neuron_650/hook_resid_post/max/top/neuron_650_layer_4_top_max_hook_resid_post.png
Saved image to /network/scratch/s/sonia.joseph/CLIP_AUDIT/sampled_images/CLIP-ViT-B-32-DataComp.XL-s13B-b90K//layer_4/neuron_650/hook_resid_post/max/bottom/neuron_650_layer_4_bottom_max_hook_resid_post.png
Activations shape for blocks.4.mlp.hook_post (49984, 50)
Type of sampling: max
Top sampled image indices for blocks.4.mlp.hook_post: [17178 30125  4060 30393 31617 25779 26066 47909 10400  7657 31686 36712
  1694 29159 35475  5119  4025 35980 35868  7606]
Bottom sampled image indices for blocks.4.mlp.hook_post: [37290 48068 48633 32478 43264 24480 12949 10405 41120 13085 47993 33335
 34591 19778 10707  1265 25700 37062  5433  6475]
Neuron 650, Layer 4, Layer Type hook_post
Saved image to /network/scratch/s/sonia.joseph/CLIP_AUDIT/sampled_images/CLIP-ViT-B-32-DataComp.XL-s13B-b90K//layer_4/neuron_650/hook_post/max/top/neuron_650_layer_4_top_max_hook_post.png
Saved image to /network/scratch/s/sonia.joseph/CLIP_AUDIT/sampled_images/CLIP-ViT-B-32-DataComp.XL-s13B-b90K//layer_4/neuron_650/hook_post/max/bottom/neuron_650_layer_4_bottom_max_hook_post.png
Activations shape for blocks.4.hook_mlp_out (49984, 50)
Type of sampling: max
Top sampled image indices for blocks.4.hook_mlp_out: [12619 13024 36428 24957 40190  1739 15810 22478 35614  9009 18926 17489
 34054 29222  3754 37882 16415  8466 37130  2023]
Bottom sampled image indices for blocks.4.hook_mlp_out: [29932  3513 17268 45545 45395 14833 35921 15167  9245 10450 31302 22728
 34463 38633 10093 36029 32413 43607  8617 10871]
Neuron 518, Layer 4, Layer Type hook_mlp_out
Saved image to /network/scratch/s/sonia.joseph/CLIP_AUDIT/sampled_images/CLIP-ViT-B-32-DataComp.XL-s13B-b90K//layer_4/neuron_518/hook_mlp_out/max/top/neuron_518_layer_4_top_max_hook_mlp_out.png
Saved image to /network/scratch/s/sonia.joseph/CLIP_AUDIT/sampled_images/CLIP-ViT-B-32-DataComp.XL-s13B-b90K//layer_4/neuron_518/hook_mlp_out/max/bottom/neuron_518_layer_4_bottom_max_hook_mlp_out.png
Activations shape for blocks.4.hook_resid_post (49984, 50)
Type of sampling: max
Top sampled image indices for blocks.4.hook_resid_post: [39718 31800  4742 29680 26946  7459 31788 40859 21974 36628 26189  7841
 46730 35540  8515 31112 28294 48163  1652 30042]
Bottom sampled image indices for blocks.4.hook_resid_post: [ 5238 27756  2822 29182 22644  9799  9096  3245 45682  4126 26514 32201
 12255 25434  7505 25136 10449 44826 19766 36285]
Neuron 518, Layer 4, Layer Type hook_resid_post
Saved image to /network/scratch/s/sonia.joseph/CLIP_AUDIT/sampled_images/CLIP-ViT-B-32-DataComp.XL-s13B-b90K//layer_4/neuron_518/hook_resid_post/max/top/neuron_518_layer_4_top_max_hook_resid_post.png
Saved image to /network/scratch/s/sonia.joseph/CLIP_AUDIT/sampled_images/CLIP-ViT-B-32-DataComp.XL-s13B-b90K//layer_4/neuron_518/hook_resid_post/max/bottom/neuron_518_layer_4_bottom_max_hook_resid_post.png
Activations shape for blocks.4.mlp.hook_post (49984, 50)
Type of sampling: max
Top sampled image indices for blocks.4.mlp.hook_post: [19595 47715 10945 19472  1425 17018 40407 31124 35991 42169 31708 40235
 16919 40832 12985  7479 10821  1041 18139  9783]
Bottom sampled image indices for blocks.4.mlp.hook_post: [46357  3985 20835  7579 42093 13229 29070 30551 30153 37062  8512 42040
 15476 45448 14153 26424 29530  6916 14503 18634]
Neuron 518, Layer 4, Layer Type hook_post
Saved image to /network/scratch/s/sonia.joseph/CLIP_AUDIT/sampled_images/CLIP-ViT-B-32-DataComp.XL-s13B-b90K//layer_4/neuron_518/hook_post/max/top/neuron_518_layer_4_top_max_hook_post.png
Saved image to /network/scratch/s/sonia.joseph/CLIP_AUDIT/sampled_images/CLIP-ViT-B-32-DataComp.XL-s13B-b90K//layer_4/neuron_518/hook_post/max/bottom/neuron_518_layer_4_bottom_max_hook_post.png
Activations shape for blocks.4.hook_mlp_out (49984, 50)
Type of sampling: max
Top sampled image indices for blocks.4.hook_mlp_out: [29612 15099 21000 33056 46895  2181 21568 38194 49790 25283 48023  4543
 22499 46323 16381 35818  2115 46178 38995 40516]
Bottom sampled image indices for blocks.4.hook_mlp_out: [23082 30349 49028 36651 30757 30807 44459 14342 43527 19102 44759 35404
 10032 15115 25676 42624 27698 14465 19677 10762]
Neuron 15, Layer 4, Layer Type hook_mlp_out
Saved image to /network/scratch/s/sonia.joseph/CLIP_AUDIT/sampled_images/CLIP-ViT-B-32-DataComp.XL-s13B-b90K//layer_4/neuron_15/hook_mlp_out/max/top/neuron_15_layer_4_top_max_hook_mlp_out.png
Saved image to /network/scratch/s/sonia.joseph/CLIP_AUDIT/sampled_images/CLIP-ViT-B-32-DataComp.XL-s13B-b90K//layer_4/neuron_15/hook_mlp_out/max/bottom/neuron_15_layer_4_bottom_max_hook_mlp_out.png
Activations shape for blocks.4.hook_resid_post (49984, 50)
Type of sampling: max
Top sampled image indices for blocks.4.hook_resid_post: [35753 12536 49535 48217 42729 13339 31162 30046 30628  2023 44496 12615
 23939 30973 11564 14413 41206 31884 34831 11098]
Bottom sampled image indices for blocks.4.hook_resid_post: [39694 39262 12547 34827  4513 10992 27882 35504  7110  6335 29530 36318
 45301 41708 38118 41899 31070 17021 38821 19710]
Neuron 15, Layer 4, Layer Type hook_resid_post
Saved image to /network/scratch/s/sonia.joseph/CLIP_AUDIT/sampled_images/CLIP-ViT-B-32-DataComp.XL-s13B-b90K//layer_4/neuron_15/hook_resid_post/max/top/neuron_15_layer_4_top_max_hook_resid_post.png
Saved image to /network/scratch/s/sonia.joseph/CLIP_AUDIT/sampled_images/CLIP-ViT-B-32-DataComp.XL-s13B-b90K//layer_4/neuron_15/hook_resid_post/max/bottom/neuron_15_layer_4_bottom_max_hook_resid_post.png
Activations shape for blocks.4.mlp.hook_post (49984, 50)
Type of sampling: max
Top sampled image indices for blocks.4.mlp.hook_post: [ 2147 23076 47977 40345  1715  6271 27017   504 23624 28376 13156 40253
 14153 20126 26451 31839 39107 49913 26899 28678]
Bottom sampled image indices for blocks.4.mlp.hook_post: [17770 19525 15472 21223 49132 46000 11266  7701 48059 23704 10128 16793
 31732 24969 37866 16953 21305  6340 46286  3501]
Neuron 15, Layer 4, Layer Type hook_post
Saved image to /network/scratch/s/sonia.joseph/CLIP_AUDIT/sampled_images/CLIP-ViT-B-32-DataComp.XL-s13B-b90K//layer_4/neuron_15/hook_post/max/top/neuron_15_layer_4_top_max_hook_post.png
Saved image to /network/scratch/s/sonia.joseph/CLIP_AUDIT/sampled_images/CLIP-ViT-B-32-DataComp.XL-s13B-b90K//layer_4/neuron_15/hook_post/max/bottom/neuron_15_layer_4_bottom_max_hook_post.png
Activations shape for blocks.4.hook_mlp_out (49984, 50)
Type of sampling: max
Top sampled image indices for blocks.4.hook_mlp_out: [ 6632 43809 17365 34470 35078 41474 31013  8658 42448 38980 12690  3274
 18401 21788 26292 30510 43827  7698 25770 30871]
Bottom sampled image indices for blocks.4.hook_mlp_out: [30349 19139 44743 17607 30316  9102 22777 37709 20774 25504 34600 36554
 35169 44955 39965 13848 44338 20218 17706 24071]
Neuron 482, Layer 4, Layer Type hook_mlp_out
Saved image to /network/scratch/s/sonia.joseph/CLIP_AUDIT/sampled_images/CLIP-ViT-B-32-DataComp.XL-s13B-b90K//layer_4/neuron_482/hook_mlp_out/max/top/neuron_482_layer_4_top_max_hook_mlp_out.png
Saved image to /network/scratch/s/sonia.joseph/CLIP_AUDIT/sampled_images/CLIP-ViT-B-32-DataComp.XL-s13B-b90K//layer_4/neuron_482/hook_mlp_out/max/bottom/neuron_482_layer_4_bottom_max_hook_mlp_out.png
Activations shape for blocks.4.hook_resid_post (49984, 50)
Type of sampling: max
Top sampled image indices for blocks.4.hook_resid_post: [29770 14816  9679 45280  5821 38545 30174 31272 27907 41464  2171 17822
 27890 44727 15295 32942 43531  5796 34604 17555]
Bottom sampled image indices for blocks.4.hook_resid_post: [ 2633 28314 42440 11098 22376 21951 20028 48864 46159 17607 45123 16903
 11094 41717 30348 18422 45201 22691 39760 44514]
Neuron 482, Layer 4, Layer Type hook_resid_post
Saved image to /network/scratch/s/sonia.joseph/CLIP_AUDIT/sampled_images/CLIP-ViT-B-32-DataComp.XL-s13B-b90K//layer_4/neuron_482/hook_resid_post/max/top/neuron_482_layer_4_top_max_hook_resid_post.png
Saved image to /network/scratch/s/sonia.joseph/CLIP_AUDIT/sampled_images/CLIP-ViT-B-32-DataComp.XL-s13B-b90K//layer_4/neuron_482/hook_resid_post/max/bottom/neuron_482_layer_4_bottom_max_hook_resid_post.png
Activations shape for blocks.4.mlp.hook_post (49984, 50)
Type of sampling: max
Top sampled image indices for blocks.4.mlp.hook_post: [ 2650 24065  2675 38995 24878 39035 15276 38449 18396 21886  5120 16120
 21443  2393 35077  1671 25785 35384 23416 14101]
Bottom sampled image indices for blocks.4.mlp.hook_post: [ 4921 38438  3849 18064 43937 35186 30349 35883 12319 17588 49318 25145
 20189 37774  3513 22374 45012 35074 48244 47522]
Neuron 482, Layer 4, Layer Type hook_post
Saved image to /network/scratch/s/sonia.joseph/CLIP_AUDIT/sampled_images/CLIP-ViT-B-32-DataComp.XL-s13B-b90K//layer_4/neuron_482/hook_post/max/top/neuron_482_layer_4_top_max_hook_post.png
Saved image to /network/scratch/s/sonia.joseph/CLIP_AUDIT/sampled_images/CLIP-ViT-B-32-DataComp.XL-s13B-b90K//layer_4/neuron_482/hook_post/max/bottom/neuron_482_layer_4_bottom_max_hook_post.png
Activations shape for blocks.4.hook_mlp_out (49984, 50)
Type of sampling: max
Top sampled image indices for blocks.4.hook_mlp_out: [16427 41834  6177 45022  1798 37215   197 34164  1547 44628 10433 45382
 12241 24395 47051  2981 13324 14635 20789  2510]
Bottom sampled image indices for blocks.4.hook_mlp_out: [ 5433 29606 23219 38446 45534  7718 19430  6661  7319 49717 31298 30714
 13015 12650 25185 13012 31273 40456  4559 49763]
Neuron 417, Layer 4, Layer Type hook_mlp_out
Saved image to /network/scratch/s/sonia.joseph/CLIP_AUDIT/sampled_images/CLIP-ViT-B-32-DataComp.XL-s13B-b90K//layer_4/neuron_417/hook_mlp_out/max/top/neuron_417_layer_4_top_max_hook_mlp_out.png
Saved image to /network/scratch/s/sonia.joseph/CLIP_AUDIT/sampled_images/CLIP-ViT-B-32-DataComp.XL-s13B-b90K//layer_4/neuron_417/hook_mlp_out/max/bottom/neuron_417_layer_4_bottom_max_hook_mlp_out.png
Activations shape for blocks.4.hook_resid_post (49984, 50)
Type of sampling: max
Top sampled image indices for blocks.4.hook_resid_post: [22555  6742 45641 39592 48518 38438 45382 24417  7690 22405 41314  9372
  2023 33563 24155 26242 42449  2497 11098 37282]
Bottom sampled image indices for blocks.4.hook_resid_post: [34953 14354 42761 18260 22727  1087   675 46733 14171 10379 18183 13512
 21938 38314 12953 47814 37967 24520 15083 22222]
Neuron 417, Layer 4, Layer Type hook_resid_post
Saved image to /network/scratch/s/sonia.joseph/CLIP_AUDIT/sampled_images/CLIP-ViT-B-32-DataComp.XL-s13B-b90K//layer_4/neuron_417/hook_resid_post/max/top/neuron_417_layer_4_top_max_hook_resid_post.png
Saved image to /network/scratch/s/sonia.joseph/CLIP_AUDIT/sampled_images/CLIP-ViT-B-32-DataComp.XL-s13B-b90K//layer_4/neuron_417/hook_resid_post/max/bottom/neuron_417_layer_4_bottom_max_hook_resid_post.png
Activations shape for blocks.4.mlp.hook_post (49984, 50)
Type of sampling: max
Top sampled image indices for blocks.4.mlp.hook_post: [39132 48304 34448 29424 28514 30686 49969 40261 10104 26764 20755 35585
  3392 19140 10795 44735 29587 18832 16367 13974]
Bottom sampled image indices for blocks.4.mlp.hook_post: [37529 22414 22376 29603 38557  5035 20624 24332 19964 46504 26430 31068
  6677 22349  8102 16046 49375 39782 46761  2432]
Neuron 417, Layer 4, Layer Type hook_post
Saved image to /network/scratch/s/sonia.joseph/CLIP_AUDIT/sampled_images/CLIP-ViT-B-32-DataComp.XL-s13B-b90K//layer_4/neuron_417/hook_post/max/top/neuron_417_layer_4_top_max_hook_post.png
Saved image to /network/scratch/s/sonia.joseph/CLIP_AUDIT/sampled_images/CLIP-ViT-B-32-DataComp.XL-s13B-b90K//layer_4/neuron_417/hook_post/max/bottom/neuron_417_layer_4_bottom_max_hook_post.png
Activations shape for blocks.4.hook_mlp_out (49984, 50)
Type of sampling: max
Top sampled image indices for blocks.4.hook_mlp_out: [31361 37360 43834 14759 39924 39861   567 45310  9431 35099 13445  1363
 11128  8321 13306  8247 13995 48890 22814 15941]
Bottom sampled image indices for blocks.4.hook_mlp_out: [24940 47018  6397 13627 29932 38446 16361 17953 49734 40380 17373 35606
 20078 43219 49028 18634 11431 22217 40905 42842]
Neuron 161, Layer 4, Layer Type hook_mlp_out
Saved image to /network/scratch/s/sonia.joseph/CLIP_AUDIT/sampled_images/CLIP-ViT-B-32-DataComp.XL-s13B-b90K//layer_4/neuron_161/hook_mlp_out/max/top/neuron_161_layer_4_top_max_hook_mlp_out.png
Saved image to /network/scratch/s/sonia.joseph/CLIP_AUDIT/sampled_images/CLIP-ViT-B-32-DataComp.XL-s13B-b90K//layer_4/neuron_161/hook_mlp_out/max/bottom/neuron_161_layer_4_bottom_max_hook_mlp_out.png
Activations shape for blocks.4.hook_resid_post (49984, 50)
Type of sampling: max
Top sampled image indices for blocks.4.hook_resid_post: [12465 49256 44496 48217 31796 25451 32141 29293 16548  3729  1460 43945
 11098  6742  9543 16991  8606 22889 49535 11564]
Bottom sampled image indices for blocks.4.hook_resid_post: [38306 10438 35087 29742  3712 16653 15811 28780  4299  9207 42545 21564
 28643  4968 37182  2914 38933 34962 43320  4663]
Neuron 161, Layer 4, Layer Type hook_resid_post
Saved image to /network/scratch/s/sonia.joseph/CLIP_AUDIT/sampled_images/CLIP-ViT-B-32-DataComp.XL-s13B-b90K//layer_4/neuron_161/hook_resid_post/max/top/neuron_161_layer_4_top_max_hook_resid_post.png
Saved image to /network/scratch/s/sonia.joseph/CLIP_AUDIT/sampled_images/CLIP-ViT-B-32-DataComp.XL-s13B-b90K//layer_4/neuron_161/hook_resid_post/max/bottom/neuron_161_layer_4_bottom_max_hook_resid_post.png
Activations shape for blocks.4.mlp.hook_post (49984, 50)
Type of sampling: max
Top sampled image indices for blocks.4.mlp.hook_post: [33288 20632 49773  2272 20095 46096 36620 41886 24754 47075  6834 42902
 39170 35608 27200 19809 10782  5845 41014 31884]
Bottom sampled image indices for blocks.4.mlp.hook_post: [39281 32169 44698 11971 48639  3960 15112 13520 37312 28615  4355 22637
 25830 30105 33000  7446  7662 14443 22442 11947]
Neuron 161, Layer 4, Layer Type hook_post
Saved image to /network/scratch/s/sonia.joseph/CLIP_AUDIT/sampled_images/CLIP-ViT-B-32-DataComp.XL-s13B-b90K//layer_4/neuron_161/hook_post/max/top/neuron_161_layer_4_top_max_hook_post.png
Saved image to /network/scratch/s/sonia.joseph/CLIP_AUDIT/sampled_images/CLIP-ViT-B-32-DataComp.XL-s13B-b90K//layer_4/neuron_161/hook_post/max/bottom/neuron_161_layer_4_bottom_max_hook_post.png
Activations shape for blocks.4.hook_mlp_out (49984, 50)
Type of sampling: max
Top sampled image indices for blocks.4.hook_mlp_out: [42757 20748  3856 11017  9372 30474 34901  2806 42680 35692 11236 31196
 32820 21028  6526 31972 49076    98  5318 31456]
Bottom sampled image indices for blocks.4.hook_mlp_out: [45301 24866 35962 20104 44046 20302 12948   116 47397 32707 45045 42635
 38550 16232 33668 17696 36368  2953  1881  9236]
Neuron 500, Layer 4, Layer Type hook_mlp_out
Saved image to /network/scratch/s/sonia.joseph/CLIP_AUDIT/sampled_images/CLIP-ViT-B-32-DataComp.XL-s13B-b90K//layer_4/neuron_500/hook_mlp_out/max/top/neuron_500_layer_4_top_max_hook_mlp_out.png
Saved image to /network/scratch/s/sonia.joseph/CLIP_AUDIT/sampled_images/CLIP-ViT-B-32-DataComp.XL-s13B-b90K//layer_4/neuron_500/hook_mlp_out/max/bottom/neuron_500_layer_4_bottom_max_hook_mlp_out.png
Activations shape for blocks.4.hook_resid_post (49984, 50)
Type of sampling: max
Top sampled image indices for blocks.4.hook_resid_post: [23386 46036 18458 41704  7652  9596 31341 34924  4743 40352  5590  5222
 10003 14116 26782 42379 20003 30557 13754  6873]
Bottom sampled image indices for blocks.4.hook_resid_post: [19064 40681 44021 24538 35418  4721 34957 37654 16265 24494 34301 49276
 28455 34869 19608 17308 36231 12295  3992 14663]
Neuron 500, Layer 4, Layer Type hook_resid_post
Saved image to /network/scratch/s/sonia.joseph/CLIP_AUDIT/sampled_images/CLIP-ViT-B-32-DataComp.XL-s13B-b90K//layer_4/neuron_500/hook_resid_post/max/top/neuron_500_layer_4_top_max_hook_resid_post.png
Saved image to /network/scratch/s/sonia.joseph/CLIP_AUDIT/sampled_images/CLIP-ViT-B-32-DataComp.XL-s13B-b90K//layer_4/neuron_500/hook_resid_post/max/bottom/neuron_500_layer_4_bottom_max_hook_resid_post.png
Activations shape for blocks.4.mlp.hook_post (49984, 50)
Type of sampling: max
Top sampled image indices for blocks.4.mlp.hook_post: [10516 15601 39605 20890 29687 40736 25740 17232 26432 32597  6242   265
 45805 17459 20502 21122 26817  2815 23618 39772]
Bottom sampled image indices for blocks.4.mlp.hook_post: [ 3513 23671 40681 43956  5962 22470 39726  9245 36155 32212 31943  6463
 27306 19042 24646 26263 28241 17852 40319 12055]
Neuron 500, Layer 4, Layer Type hook_post
Saved image to /network/scratch/s/sonia.joseph/CLIP_AUDIT/sampled_images/CLIP-ViT-B-32-DataComp.XL-s13B-b90K//layer_4/neuron_500/hook_post/max/top/neuron_500_layer_4_top_max_hook_post.png
Saved image to /network/scratch/s/sonia.joseph/CLIP_AUDIT/sampled_images/CLIP-ViT-B-32-DataComp.XL-s13B-b90K//layer_4/neuron_500/hook_post/max/bottom/neuron_500_layer_4_bottom_max_hook_post.png
Activations shape for blocks.4.hook_mlp_out (49984, 50)
Type of sampling: max
Top sampled image indices for blocks.4.hook_mlp_out: [42851  8162 21169 35430 39828 35955 27951  1023 33745 42452 23812 35719
 44001 34821 40086 40895 47141 36821 30460 15437]
Bottom sampled image indices for blocks.4.hook_mlp_out: [21478 37062  8587 14346 45647 17118 37719 32442 29403 45087 23046 47071
 31143 23714 16798 29760 37739 29343 22937 34171]
Neuron 735, Layer 4, Layer Type hook_mlp_out
Saved image to /network/scratch/s/sonia.joseph/CLIP_AUDIT/sampled_images/CLIP-ViT-B-32-DataComp.XL-s13B-b90K//layer_4/neuron_735/hook_mlp_out/max/top/neuron_735_layer_4_top_max_hook_mlp_out.png
Saved image to /network/scratch/s/sonia.joseph/CLIP_AUDIT/sampled_images/CLIP-ViT-B-32-DataComp.XL-s13B-b90K//layer_4/neuron_735/hook_mlp_out/max/bottom/neuron_735_layer_4_bottom_max_hook_mlp_out.png
Activations shape for blocks.4.hook_resid_post (49984, 50)
Type of sampling: max
Top sampled image indices for blocks.4.hook_resid_post: [17096 39114 22354 38090 23635 35980  5903 12410 10922 28663  2478 19756
 26104 39047 13197 11098 23939 48164 14413  2023]
Bottom sampled image indices for blocks.4.hook_resid_post: [48682 22248  5800   207 29213 48743 10040 47100 24242 20167 34256  7429
 14671 43112 48149 34558  9623  1969 26833 31495]
Neuron 735, Layer 4, Layer Type hook_resid_post
Saved image to /network/scratch/s/sonia.joseph/CLIP_AUDIT/sampled_images/CLIP-ViT-B-32-DataComp.XL-s13B-b90K//layer_4/neuron_735/hook_resid_post/max/top/neuron_735_layer_4_top_max_hook_resid_post.png
Saved image to /network/scratch/s/sonia.joseph/CLIP_AUDIT/sampled_images/CLIP-ViT-B-32-DataComp.XL-s13B-b90K//layer_4/neuron_735/hook_resid_post/max/bottom/neuron_735_layer_4_bottom_max_hook_resid_post.png
Activations shape for blocks.4.mlp.hook_post (49984, 50)
Type of sampling: max
Top sampled image indices for blocks.4.mlp.hook_post: [25328 35157 36442  8922 19228 23207 42740 11831 11096 45753  4508 17381
 45793 18511 25248 24841 31296 19348  8406  3864]
Bottom sampled image indices for blocks.4.mlp.hook_post: [11214 32166 29932 48149 48459   703 19233 38310 28978 25524  2553 47545
 24429 15116 33487 41867 22427 45552 42415 21532]
Neuron 735, Layer 4, Layer Type hook_post
Saved image to /network/scratch/s/sonia.joseph/CLIP_AUDIT/sampled_images/CLIP-ViT-B-32-DataComp.XL-s13B-b90K//layer_4/neuron_735/hook_post/max/top/neuron_735_layer_4_top_max_hook_post.png
Saved image to /network/scratch/s/sonia.joseph/CLIP_AUDIT/sampled_images/CLIP-ViT-B-32-DataComp.XL-s13B-b90K//layer_4/neuron_735/hook_post/max/bottom/neuron_735_layer_4_bottom_max_hook_post.png
Activations shape for blocks.4.hook_mlp_out (49984, 50)
Type of sampling: max
Top sampled image indices for blocks.4.hook_mlp_out: [23632 38637 14354 42088  8845 13653 24788 39927 22053 31514 12373 15043
 15462  4965 12286 27658 48688 16417 35050 40436]
Bottom sampled image indices for blocks.4.hook_mlp_out: [38276  7398 15476 27395 15574 39299 40132 34534 27464  5153 18153 33442
 17607 48746 16194 20886 43489 16718 25746 37665]
Neuron 623, Layer 4, Layer Type hook_mlp_out
Saved image to /network/scratch/s/sonia.joseph/CLIP_AUDIT/sampled_images/CLIP-ViT-B-32-DataComp.XL-s13B-b90K//layer_4/neuron_623/hook_mlp_out/max/top/neuron_623_layer_4_top_max_hook_mlp_out.png
Saved image to /network/scratch/s/sonia.joseph/CLIP_AUDIT/sampled_images/CLIP-ViT-B-32-DataComp.XL-s13B-b90K//layer_4/neuron_623/hook_mlp_out/max/bottom/neuron_623_layer_4_bottom_max_hook_mlp_out.png
Activations shape for blocks.4.hook_resid_post (49984, 50)
Type of sampling: max
Top sampled image indices for blocks.4.hook_resid_post: [ 5655  6008  6742 27271 49535 41623  8257 13263 30973 36501 15579 42141
 44496 48217 17757 12617 14156 28314 11098  8606]
Bottom sampled image indices for blocks.4.hook_resid_post: [ 3513  5256 47236 38543 12273 40315 10846  1597  3866 36734 40113 28589
 23036 21784 19321 29246 35225  5428 15457 41419]
Neuron 623, Layer 4, Layer Type hook_resid_post
Saved image to /network/scratch/s/sonia.joseph/CLIP_AUDIT/sampled_images/CLIP-ViT-B-32-DataComp.XL-s13B-b90K//layer_4/neuron_623/hook_resid_post/max/top/neuron_623_layer_4_top_max_hook_resid_post.png
Saved image to /network/scratch/s/sonia.joseph/CLIP_AUDIT/sampled_images/CLIP-ViT-B-32-DataComp.XL-s13B-b90K//layer_4/neuron_623/hook_resid_post/max/bottom/neuron_623_layer_4_bottom_max_hook_resid_post.png
Activations shape for blocks.4.mlp.hook_post (49984, 50)
Type of sampling: max
Top sampled image indices for blocks.4.mlp.hook_post: [43737 15842  8094 39963 23806 25515 29763 29724  5847 41496 44671  5494
 46478  2444 12987 16647  7173 10813 37576 12315]
Bottom sampled image indices for blocks.4.mlp.hook_post: [13033 46938 26398 24404 19344  8172   830 28909  5986 43519 19778  7910
  6612 26575 43643 47893 28723 25092 38997 16820]
Neuron 623, Layer 4, Layer Type hook_post
Saved image to /network/scratch/s/sonia.joseph/CLIP_AUDIT/sampled_images/CLIP-ViT-B-32-DataComp.XL-s13B-b90K//layer_4/neuron_623/hook_post/max/top/neuron_623_layer_4_top_max_hook_post.png
Saved image to /network/scratch/s/sonia.joseph/CLIP_AUDIT/sampled_images/CLIP-ViT-B-32-DataComp.XL-s13B-b90K//layer_4/neuron_623/hook_post/max/bottom/neuron_623_layer_4_bottom_max_hook_post.png
Activations shape for blocks.4.hook_mlp_out (49984, 50)
Type of sampling: max
Top sampled image indices for blocks.4.hook_mlp_out: [23736 35675  5454   107 45382  7863 14034 16376  2145 16360 17654 34524
 40826 21257 33006 39299 39457 25357 18102  3158]
Bottom sampled image indices for blocks.4.hook_mlp_out: [17607 45429 17848 39782 48407 41712 45577  5433 49342 29701 38989 27708
  2257 22470 39018  5496 25524  4921 39560 34861]
Neuron 101, Layer 4, Layer Type hook_mlp_out
Saved image to /network/scratch/s/sonia.joseph/CLIP_AUDIT/sampled_images/CLIP-ViT-B-32-DataComp.XL-s13B-b90K//layer_4/neuron_101/hook_mlp_out/max/top/neuron_101_layer_4_top_max_hook_mlp_out.png
Saved image to /network/scratch/s/sonia.joseph/CLIP_AUDIT/sampled_images/CLIP-ViT-B-32-DataComp.XL-s13B-b90K//layer_4/neuron_101/hook_mlp_out/max/bottom/neuron_101_layer_4_bottom_max_hook_mlp_out.png
Activations shape for blocks.4.hook_resid_post (49984, 50)
Type of sampling: max
Top sampled image indices for blocks.4.hook_resid_post: [12311  7634  3937 39807 14008 40919 47580 40451 31185 38401 12073  6455
 21270 36389 47999 33311 30327 23945 32698 37634]
Bottom sampled image indices for blocks.4.hook_resid_post: [  760 43710 31520 22807 24421 22409 12105 38707 28258 36321  6419 28352
 14513 27998 10747 34926 13835 33465 45273 46294]
Neuron 101, Layer 4, Layer Type hook_resid_post
Saved image to /network/scratch/s/sonia.joseph/CLIP_AUDIT/sampled_images/CLIP-ViT-B-32-DataComp.XL-s13B-b90K//layer_4/neuron_101/hook_resid_post/max/top/neuron_101_layer_4_top_max_hook_resid_post.png
Saved image to /network/scratch/s/sonia.joseph/CLIP_AUDIT/sampled_images/CLIP-ViT-B-32-DataComp.XL-s13B-b90K//layer_4/neuron_101/hook_resid_post/max/bottom/neuron_101_layer_4_bottom_max_hook_resid_post.png
Activations shape for blocks.4.mlp.hook_post (49984, 50)
Type of sampling: max
Top sampled image indices for blocks.4.mlp.hook_post: [23224 28312 12355  9123 29492 40229 16098 42474 14743 10006  1810 16994
 35903 25460 44172 25620 38933 42848 10116 35506]
Bottom sampled image indices for blocks.4.mlp.hook_post: [25426 12955 12357 24055 25524 11708 22750 40083 45610  9969 35099 17703
 40958 17811 11086 31734 15796 27005 14449 47446]
Neuron 101, Layer 4, Layer Type hook_post
Saved image to /network/scratch/s/sonia.joseph/CLIP_AUDIT/sampled_images/CLIP-ViT-B-32-DataComp.XL-s13B-b90K//layer_4/neuron_101/hook_post/max/top/neuron_101_layer_4_top_max_hook_post.png
Saved image to /network/scratch/s/sonia.joseph/CLIP_AUDIT/sampled_images/CLIP-ViT-B-32-DataComp.XL-s13B-b90K//layer_4/neuron_101/hook_post/max/bottom/neuron_101_layer_4_bottom_max_hook_post.png
Activations shape for blocks.4.hook_mlp_out (49984, 50)
Type of sampling: max
Top sampled image indices for blocks.4.hook_mlp_out: [32592 39864 37282 48736 41071 40270 28857 40007 39054 30849  4491 25806
 42297 22246 27703  5176 41042 38139 26396 11935]
Bottom sampled image indices for blocks.4.hook_mlp_out: [34146 31145 18337 40163 35393 34751 18577  9674 21464 43224 12167 42411
 19452 46373 10233  9462  6292 10590 32311 15141]
Neuron 299, Layer 4, Layer Type hook_mlp_out
Saved image to /network/scratch/s/sonia.joseph/CLIP_AUDIT/sampled_images/CLIP-ViT-B-32-DataComp.XL-s13B-b90K//layer_4/neuron_299/hook_mlp_out/max/top/neuron_299_layer_4_top_max_hook_mlp_out.png
Saved image to /network/scratch/s/sonia.joseph/CLIP_AUDIT/sampled_images/CLIP-ViT-B-32-DataComp.XL-s13B-b90K//layer_4/neuron_299/hook_mlp_out/max/bottom/neuron_299_layer_4_bottom_max_hook_mlp_out.png
Activations shape for blocks.4.hook_resid_post (49984, 50)
Type of sampling: max
Top sampled image indices for blocks.4.hook_resid_post: [16901 49535 14156 49576 30973 33214 11098 13197 45201 11564  2023  5561
 42141  3441 14413 28314 31884 37047  8606 41206]
Bottom sampled image indices for blocks.4.hook_resid_post: [37761 10065 36634  3865  3899 27202 14441 27458 11454 48057 29740  4928
 25117 18337 44849 11368 15467 37504 12152 19160]
Neuron 299, Layer 4, Layer Type hook_resid_post
Saved image to /network/scratch/s/sonia.joseph/CLIP_AUDIT/sampled_images/CLIP-ViT-B-32-DataComp.XL-s13B-b90K//layer_4/neuron_299/hook_resid_post/max/top/neuron_299_layer_4_top_max_hook_resid_post.png
Saved image to /network/scratch/s/sonia.joseph/CLIP_AUDIT/sampled_images/CLIP-ViT-B-32-DataComp.XL-s13B-b90K//layer_4/neuron_299/hook_resid_post/max/bottom/neuron_299_layer_4_bottom_max_hook_resid_post.png
Activations shape for blocks.4.mlp.hook_post (49984, 50)
Type of sampling: max
Top sampled image indices for blocks.4.mlp.hook_post: [ 8943 18090 38173 30241 24012 27384 45550 19045 34765 39624 24278 39747
 12098 14493 15449 26234 49891 34325 12202 42363]
Bottom sampled image indices for blocks.4.mlp.hook_post: [47977 18069 21646 11977 46515 36050 31735 14475 35962 45874 39421 49869
 32412 25295 20758 38989 17787  3416  4635  8033]
Neuron 299, Layer 4, Layer Type hook_post
Saved image to /network/scratch/s/sonia.joseph/CLIP_AUDIT/sampled_images/CLIP-ViT-B-32-DataComp.XL-s13B-b90K//layer_4/neuron_299/hook_post/max/top/neuron_299_layer_4_top_max_hook_post.png
Saved image to /network/scratch/s/sonia.joseph/CLIP_AUDIT/sampled_images/CLIP-ViT-B-32-DataComp.XL-s13B-b90K//layer_4/neuron_299/hook_post/max/bottom/neuron_299_layer_4_bottom_max_hook_post.png
Activations shape for blocks.4.hook_mlp_out (49984, 50)
Type of sampling: max
Top sampled image indices for blocks.4.hook_mlp_out: [48694  4019 10958  3974 22883 35889 14871 39486  8697 39812  1771 30575
 48031 31815 28519 16887  6610 34988 37613 36225]
Bottom sampled image indices for blocks.4.hook_mlp_out: [48068 14045 45801 47361 12197 28577 40965 32977  3578 29574 26075 44100
 23756  8530 13560 17527  3687 20748 21156 19486]
Neuron 516, Layer 4, Layer Type hook_mlp_out
Saved image to /network/scratch/s/sonia.joseph/CLIP_AUDIT/sampled_images/CLIP-ViT-B-32-DataComp.XL-s13B-b90K//layer_4/neuron_516/hook_mlp_out/max/top/neuron_516_layer_4_top_max_hook_mlp_out.png
Saved image to /network/scratch/s/sonia.joseph/CLIP_AUDIT/sampled_images/CLIP-ViT-B-32-DataComp.XL-s13B-b90K//layer_4/neuron_516/hook_mlp_out/max/bottom/neuron_516_layer_4_bottom_max_hook_mlp_out.png
Activations shape for blocks.4.hook_resid_post (49984, 50)
Type of sampling: max
Top sampled image indices for blocks.4.hook_resid_post: [36203 27696 44653 43271 32460 38529 14413  2257 39697 12551 35415 12447
 18684 21209 46804 29536 45930 34831 41506 11756]
Bottom sampled image indices for blocks.4.hook_resid_post: [37062 45637 13578 14196  9332 27422 30105 18154  5282 36858 16009 31400
 47376 13811 15232 32521 46172 46217 29442  4773]
Neuron 516, Layer 4, Layer Type hook_resid_post
Saved image to /network/scratch/s/sonia.joseph/CLIP_AUDIT/sampled_images/CLIP-ViT-B-32-DataComp.XL-s13B-b90K//layer_4/neuron_516/hook_resid_post/max/top/neuron_516_layer_4_top_max_hook_resid_post.png
Saved image to /network/scratch/s/sonia.joseph/CLIP_AUDIT/sampled_images/CLIP-ViT-B-32-DataComp.XL-s13B-b90K//layer_4/neuron_516/hook_resid_post/max/bottom/neuron_516_layer_4_bottom_max_hook_resid_post.png
Activations shape for blocks.4.mlp.hook_post (49984, 50)
Type of sampling: max
Top sampled image indices for blocks.4.mlp.hook_post: [43673  4558 13434  1660 21366 25726 11802 42122  5255 34737 30473 39489
 24606 37108 27539  1709 37359 34660 14831 24671]
Bottom sampled image indices for blocks.4.mlp.hook_post: [28581 43418 14441 13088  4757 13442 42169 17271 20835 20129 11179  9619
 49454 14904 49556 47977  9688 39986 11278 32295]
Neuron 516, Layer 4, Layer Type hook_post
Saved image to /network/scratch/s/sonia.joseph/CLIP_AUDIT/sampled_images/CLIP-ViT-B-32-DataComp.XL-s13B-b90K//layer_4/neuron_516/hook_post/max/top/neuron_516_layer_4_top_max_hook_post.png
Saved image to /network/scratch/s/sonia.joseph/CLIP_AUDIT/sampled_images/CLIP-ViT-B-32-DataComp.XL-s13B-b90K//layer_4/neuron_516/hook_post/max/bottom/neuron_516_layer_4_bottom_max_hook_post.png
Activations shape for blocks.4.hook_mlp_out (49984, 50)
Type of sampling: max
Top sampled image indices for blocks.4.hook_mlp_out: [17272  7425  9372 40670 17878 25336 43947 40091 23552 36019 31743 43765
 47117 22246  5715 41188 47706 23208 48274 22219]
Bottom sampled image indices for blocks.4.hook_mlp_out: [25326 47536 17351 48905 17852 30741  4330  7589 45472 22177   524 13861
 31796 32381 14367  8750 21391 12875 42561  5047]
Neuron 465, Layer 4, Layer Type hook_mlp_out
Saved image to /network/scratch/s/sonia.joseph/CLIP_AUDIT/sampled_images/CLIP-ViT-B-32-DataComp.XL-s13B-b90K//layer_4/neuron_465/hook_mlp_out/max/top/neuron_465_layer_4_top_max_hook_mlp_out.png
Saved image to /network/scratch/s/sonia.joseph/CLIP_AUDIT/sampled_images/CLIP-ViT-B-32-DataComp.XL-s13B-b90K//layer_4/neuron_465/hook_mlp_out/max/bottom/neuron_465_layer_4_bottom_max_hook_mlp_out.png
Activations shape for blocks.4.hook_resid_post (49984, 50)
Type of sampling: max
Top sampled image indices for blocks.4.hook_resid_post: [10347 33244  7202 23846 32730  3504 35406 44339  1110 40745 11469 24592
 41368 31335 44156 26535 33874 38686 48483  9860]
Bottom sampled image indices for blocks.4.hook_resid_post: [ 4921 18453 38438   170 48390 41227 26874 11971  4731 40547 31836 14014
 47071 21844 39802 34617 42387 46448 46715 24484]
Neuron 465, Layer 4, Layer Type hook_resid_post
Saved image to /network/scratch/s/sonia.joseph/CLIP_AUDIT/sampled_images/CLIP-ViT-B-32-DataComp.XL-s13B-b90K//layer_4/neuron_465/hook_resid_post/max/top/neuron_465_layer_4_top_max_hook_resid_post.png
Saved image to /network/scratch/s/sonia.joseph/CLIP_AUDIT/sampled_images/CLIP-ViT-B-32-DataComp.XL-s13B-b90K//layer_4/neuron_465/hook_resid_post/max/bottom/neuron_465_layer_4_bottom_max_hook_resid_post.png
Activations shape for blocks.4.mlp.hook_post (49984, 50)
Type of sampling: max
Top sampled image indices for blocks.4.mlp.hook_post: [11561  6092 22904  4995  5981 22920  2425  6804 44625 33197 33950  6627
 47019 45418 30252 38485  5565 40231  5570 26782]
Bottom sampled image indices for blocks.4.mlp.hook_post: [21956 23232 18185 34283   781 33846 33212  7220 18770  8074 22666 20744
 34804 19716 24196 16884 42578 22557 22899 48918]
Neuron 465, Layer 4, Layer Type hook_post
Saved image to /network/scratch/s/sonia.joseph/CLIP_AUDIT/sampled_images/CLIP-ViT-B-32-DataComp.XL-s13B-b90K//layer_4/neuron_465/hook_post/max/top/neuron_465_layer_4_top_max_hook_post.png
Saved image to /network/scratch/s/sonia.joseph/CLIP_AUDIT/sampled_images/CLIP-ViT-B-32-DataComp.XL-s13B-b90K//layer_4/neuron_465/hook_post/max/bottom/neuron_465_layer_4_bottom_max_hook_post.png
Activations shape for blocks.4.hook_mlp_out (49984, 50)
Type of sampling: max
Top sampled image indices for blocks.4.hook_mlp_out: [47671  2348  8528 23794 45577 35327 26512 48153 40604 46815 33020 42544
 40866 13177 30107 13129 38661 43938 37928 13306]
Bottom sampled image indices for blocks.4.hook_mlp_out: [ 2974  1187 43239  1207  1440 24530  8033 17172 32052  7616 32501 35150
 23517 34889  3537 35495 19749 38918  7059 24033]
Neuron 664, Layer 4, Layer Type hook_mlp_out
Saved image to /network/scratch/s/sonia.joseph/CLIP_AUDIT/sampled_images/CLIP-ViT-B-32-DataComp.XL-s13B-b90K//layer_4/neuron_664/hook_mlp_out/max/top/neuron_664_layer_4_top_max_hook_mlp_out.png
Saved image to /network/scratch/s/sonia.joseph/CLIP_AUDIT/sampled_images/CLIP-ViT-B-32-DataComp.XL-s13B-b90K//layer_4/neuron_664/hook_mlp_out/max/bottom/neuron_664_layer_4_bottom_max_hook_mlp_out.png
Activations shape for blocks.4.hook_resid_post (49984, 50)
Type of sampling: max
Top sampled image indices for blocks.4.hook_resid_post: [22784 17974 10342 23348 11728  6952  5783  8606 10837 24939  7630 18798
 43805 41979 18255 11098 44496 15037 26684 33939]
Bottom sampled image indices for blocks.4.hook_resid_post: [34347 41209 34560 39612 36754 47349 32842  9094 29301 45845   547 33432
   696 47654 41501  4901 36186 40605 22777 49028]
Neuron 664, Layer 4, Layer Type hook_resid_post
Saved image to /network/scratch/s/sonia.joseph/CLIP_AUDIT/sampled_images/CLIP-ViT-B-32-DataComp.XL-s13B-b90K//layer_4/neuron_664/hook_resid_post/max/top/neuron_664_layer_4_top_max_hook_resid_post.png
Saved image to /network/scratch/s/sonia.joseph/CLIP_AUDIT/sampled_images/CLIP-ViT-B-32-DataComp.XL-s13B-b90K//layer_4/neuron_664/hook_resid_post/max/bottom/neuron_664_layer_4_bottom_max_hook_resid_post.png
Activations shape for blocks.4.mlp.hook_post (49984, 50)
Type of sampling: max
Top sampled image indices for blocks.4.mlp.hook_post: [ 3789 41697 41255 13620 28587 17674 32824 35826 41003 21912 26095 44938
 49011 23334 24615 28432  5181 46129 20071 40304]
Bottom sampled image indices for blocks.4.mlp.hook_post: [33132 12460 21606 35491 15476 11245 30065 22531 13085 26109 11263 41079
  4236 28236 12998  9047 19521  9647 15707  7599]
Neuron 664, Layer 4, Layer Type hook_post
Saved image to /network/scratch/s/sonia.joseph/CLIP_AUDIT/sampled_images/CLIP-ViT-B-32-DataComp.XL-s13B-b90K//layer_4/neuron_664/hook_post/max/top/neuron_664_layer_4_top_max_hook_post.png
Saved image to /network/scratch/s/sonia.joseph/CLIP_AUDIT/sampled_images/CLIP-ViT-B-32-DataComp.XL-s13B-b90K//layer_4/neuron_664/hook_post/max/bottom/neuron_664_layer_4_bottom_max_hook_post.png
Activations shape for blocks.4.hook_mlp_out (49984, 50)
Type of sampling: max
Top sampled image indices for blocks.4.hook_mlp_out: [28837   507 12120  3754 44094 36706 12078 35077 32961 38071 31517 33693
 26465 21989 24632 27292  7365 11338 47058 23729]
Bottom sampled image indices for blocks.4.hook_mlp_out: [34962  9683 24480 31943  9713 31260 22531 46987  5531 18138 10028 43143
  9441 21216  5732 43394 36002 49215 44367 13668]
Neuron 21, Layer 4, Layer Type hook_mlp_out
Saved image to /network/scratch/s/sonia.joseph/CLIP_AUDIT/sampled_images/CLIP-ViT-B-32-DataComp.XL-s13B-b90K//layer_4/neuron_21/hook_mlp_out/max/top/neuron_21_layer_4_top_max_hook_mlp_out.png
Saved image to /network/scratch/s/sonia.joseph/CLIP_AUDIT/sampled_images/CLIP-ViT-B-32-DataComp.XL-s13B-b90K//layer_4/neuron_21/hook_mlp_out/max/bottom/neuron_21_layer_4_bottom_max_hook_mlp_out.png
Activations shape for blocks.4.hook_resid_post (49984, 50)
Type of sampling: max
Top sampled image indices for blocks.4.hook_resid_post: [47218  7952 27716  8912  7615 46280 46231 17652 45787  8559 41933 44427
 41422 11265 34800 31796   752  8412  2023 31884]
Bottom sampled image indices for blocks.4.hook_resid_post: [42169 28623 42540 16449 48037 19242 33145  7254 42170 22586  4075  2257
 40527 10140 32480 11300 21444 27914 49456 36504]
Neuron 21, Layer 4, Layer Type hook_resid_post
Saved image to /network/scratch/s/sonia.joseph/CLIP_AUDIT/sampled_images/CLIP-ViT-B-32-DataComp.XL-s13B-b90K//layer_4/neuron_21/hook_resid_post/max/top/neuron_21_layer_4_top_max_hook_resid_post.png
Saved image to /network/scratch/s/sonia.joseph/CLIP_AUDIT/sampled_images/CLIP-ViT-B-32-DataComp.XL-s13B-b90K//layer_4/neuron_21/hook_resid_post/max/bottom/neuron_21_layer_4_bottom_max_hook_resid_post.png
Activations shape for blocks.4.mlp.hook_post (49984, 50)
Type of sampling: max
Top sampled image indices for blocks.4.mlp.hook_post: [34816 10703 44659 23040 29817 20805   473 21596 26418 19679 20443 36806
 43811 35723  4557  8166 30276 47484 46513 47626]
Bottom sampled image indices for blocks.4.mlp.hook_post: [34554   125 47769 39099  1852 20050 27648   106 35211 49635 13170 20935
 40578 10811 31371  7907 47244 31003 31598  6673]
Neuron 21, Layer 4, Layer Type hook_post
Saved image to /network/scratch/s/sonia.joseph/CLIP_AUDIT/sampled_images/CLIP-ViT-B-32-DataComp.XL-s13B-b90K//layer_4/neuron_21/hook_post/max/top/neuron_21_layer_4_top_max_hook_post.png
Saved image to /network/scratch/s/sonia.joseph/CLIP_AUDIT/sampled_images/CLIP-ViT-B-32-DataComp.XL-s13B-b90K//layer_4/neuron_21/hook_post/max/bottom/neuron_21_layer_4_bottom_max_hook_post.png
Activations shape for blocks.4.hook_mlp_out (49984, 50)
Type of sampling: max
Top sampled image indices for blocks.4.hook_mlp_out: [27446  6675 39212 10992 29823  3038 22266 38856 33022 43809 24402 30545
  3707 16367 44250 18471 29046  1401 28477 16810]
Bottom sampled image indices for blocks.4.hook_mlp_out: [ 9683 24865 18657 29528 40318 27878  5923 42378 15472 23731 12967 33488
 17008 13279 26452 17346 41781 21871 49951  5349]
Neuron 523, Layer 4, Layer Type hook_mlp_out
Saved image to /network/scratch/s/sonia.joseph/CLIP_AUDIT/sampled_images/CLIP-ViT-B-32-DataComp.XL-s13B-b90K//layer_4/neuron_523/hook_mlp_out/max/top/neuron_523_layer_4_top_max_hook_mlp_out.png
Saved image to /network/scratch/s/sonia.joseph/CLIP_AUDIT/sampled_images/CLIP-ViT-B-32-DataComp.XL-s13B-b90K//layer_4/neuron_523/hook_mlp_out/max/bottom/neuron_523_layer_4_bottom_max_hook_mlp_out.png
Activations shape for blocks.4.hook_resid_post (49984, 50)
Type of sampling: max
Top sampled image indices for blocks.4.hook_resid_post: [19416 34070 39462 20932 47101 26298 32693  2307  1473 43717  6098 35722
 16347 30096 46016 33209 11098 34831 48217  2023]
Bottom sampled image indices for blocks.4.hook_resid_post: [35099 20800 21871 31778  4972 41644 19871 31580 12547 23209 45364 33161
 30712 33291 11207 27501 44738 38117 29184 10517]
Neuron 523, Layer 4, Layer Type hook_resid_post
Saved image to /network/scratch/s/sonia.joseph/CLIP_AUDIT/sampled_images/CLIP-ViT-B-32-DataComp.XL-s13B-b90K//layer_4/neuron_523/hook_resid_post/max/top/neuron_523_layer_4_top_max_hook_resid_post.png
Saved image to /network/scratch/s/sonia.joseph/CLIP_AUDIT/sampled_images/CLIP-ViT-B-32-DataComp.XL-s13B-b90K//layer_4/neuron_523/hook_resid_post/max/bottom/neuron_523_layer_4_bottom_max_hook_resid_post.png
Activations shape for blocks.4.mlp.hook_post (49984, 50)
Type of sampling: max
Top sampled image indices for blocks.4.mlp.hook_post: [25958  2272 36068 47917 19439 24811 23434 10305 41784 42692  2571 20860
 37597 29571 49079 46630  6362 13900 24688 13742]
Bottom sampled image indices for blocks.4.mlp.hook_post: [ 7754 44238 37776 16856 29932 35047  6755 47609 17647 26158 47244 39510
  5428 33066 29779 38500 23712 35237 10707 13360]
Neuron 523, Layer 4, Layer Type hook_post
Saved image to /network/scratch/s/sonia.joseph/CLIP_AUDIT/sampled_images/CLIP-ViT-B-32-DataComp.XL-s13B-b90K//layer_4/neuron_523/hook_post/max/top/neuron_523_layer_4_top_max_hook_post.png
Saved image to /network/scratch/s/sonia.joseph/CLIP_AUDIT/sampled_images/CLIP-ViT-B-32-DataComp.XL-s13B-b90K//layer_4/neuron_523/hook_post/max/bottom/neuron_523_layer_4_bottom_max_hook_post.png
Activations shape for blocks.4.hook_mlp_out (49984, 50)
Type of sampling: max
Top sampled image indices for blocks.4.hook_mlp_out: [ 7872 18425 16133 24728  7932 28089 33251 14608 22409 32667 14449 12893
 26682 19950 17300 17645 35418   544 21630  1471]
Bottom sampled image indices for blocks.4.hook_mlp_out: [28258 26799 17852 29530  5989  3023 40156 11500 44137 22756 40688 31437
 49093 47222  8433 18109 35877 12630 15613 15447]
Neuron 183, Layer 4, Layer Type hook_mlp_out
Saved image to /network/scratch/s/sonia.joseph/CLIP_AUDIT/sampled_images/CLIP-ViT-B-32-DataComp.XL-s13B-b90K//layer_4/neuron_183/hook_mlp_out/max/top/neuron_183_layer_4_top_max_hook_mlp_out.png
Saved image to /network/scratch/s/sonia.joseph/CLIP_AUDIT/sampled_images/CLIP-ViT-B-32-DataComp.XL-s13B-b90K//layer_4/neuron_183/hook_mlp_out/max/bottom/neuron_183_layer_4_bottom_max_hook_mlp_out.png
Activations shape for blocks.4.hook_resid_post (49984, 50)
Type of sampling: max
Top sampled image indices for blocks.4.hook_resid_post: [ 7205 42788  7282 19408  6273 43303 10073 44594  2309 44849 16346 48217
 22889 37885 33497  2852  6368 19996 30973 11098]
Bottom sampled image indices for blocks.4.hook_resid_post: [39269 27562 35478  2399 42368 46471   165 24662 30247 49768 34415 37121
 34377 27056 40375 17462  2693  7122 48204  6526]
Neuron 183, Layer 4, Layer Type hook_resid_post
Saved image to /network/scratch/s/sonia.joseph/CLIP_AUDIT/sampled_images/CLIP-ViT-B-32-DataComp.XL-s13B-b90K//layer_4/neuron_183/hook_resid_post/max/top/neuron_183_layer_4_top_max_hook_resid_post.png
Saved image to /network/scratch/s/sonia.joseph/CLIP_AUDIT/sampled_images/CLIP-ViT-B-32-DataComp.XL-s13B-b90K//layer_4/neuron_183/hook_resid_post/max/bottom/neuron_183_layer_4_bottom_max_hook_resid_post.png
Activations shape for blocks.4.mlp.hook_post (49984, 50)
Type of sampling: max
Top sampled image indices for blocks.4.mlp.hook_post: [31227 29966 22940 39136 18575  5561 47963 22022  8455 43319 27844 41543
 19553 46952 37047 45215   117 23463 28257 30438]
Bottom sampled image indices for blocks.4.mlp.hook_post: [25400  6934 49203 22110 17633  8664 31169 16942 11148 37928 14224 11686
 49110 49112 31650 13212 12367 35731  3241 43760]
Neuron 183, Layer 4, Layer Type hook_post
Saved image to /network/scratch/s/sonia.joseph/CLIP_AUDIT/sampled_images/CLIP-ViT-B-32-DataComp.XL-s13B-b90K//layer_4/neuron_183/hook_post/max/top/neuron_183_layer_4_top_max_hook_post.png
Saved image to /network/scratch/s/sonia.joseph/CLIP_AUDIT/sampled_images/CLIP-ViT-B-32-DataComp.XL-s13B-b90K//layer_4/neuron_183/hook_post/max/bottom/neuron_183_layer_4_bottom_max_hook_post.png
Activations shape for blocks.4.hook_mlp_out (49984, 50)
Type of sampling: max
Top sampled image indices for blocks.4.hook_mlp_out: [  145 27849 30233 21992 13246 43510 40823  5931  9279 42301 14286 43367
 21132 22765 45769 14156 19924  1876 15784 33453]
Bottom sampled image indices for blocks.4.hook_mlp_out: [ 6519 11621 19189 32028  5834 43248  7980 13788 45686 14508 42476  1097
 24487 36244 48039 12249 29766 34719 15458 15868]
Neuron 758, Layer 4, Layer Type hook_mlp_out
Saved image to /network/scratch/s/sonia.joseph/CLIP_AUDIT/sampled_images/CLIP-ViT-B-32-DataComp.XL-s13B-b90K//layer_4/neuron_758/hook_mlp_out/max/top/neuron_758_layer_4_top_max_hook_mlp_out.png
Saved image to /network/scratch/s/sonia.joseph/CLIP_AUDIT/sampled_images/CLIP-ViT-B-32-DataComp.XL-s13B-b90K//layer_4/neuron_758/hook_mlp_out/max/bottom/neuron_758_layer_4_bottom_max_hook_mlp_out.png
Activations shape for blocks.4.hook_resid_post (49984, 50)
Type of sampling: max
Top sampled image indices for blocks.4.hook_resid_post: [17530 26727 11268 43531 12398 41780 48013 47164  7414 44732 27464  1261
 26140 43945 41157 37957 23033 27153  7286 22613]
Bottom sampled image indices for blocks.4.hook_resid_post: [ 4145 31772 35522 26113  7190 37583  1692 17636  3886  3430 22432 23164
  9683 45278  9122  1812 14034 12127 37483 49966]
Neuron 758, Layer 4, Layer Type hook_resid_post
Saved image to /network/scratch/s/sonia.joseph/CLIP_AUDIT/sampled_images/CLIP-ViT-B-32-DataComp.XL-s13B-b90K//layer_4/neuron_758/hook_resid_post/max/top/neuron_758_layer_4_top_max_hook_resid_post.png
Saved image to /network/scratch/s/sonia.joseph/CLIP_AUDIT/sampled_images/CLIP-ViT-B-32-DataComp.XL-s13B-b90K//layer_4/neuron_758/hook_resid_post/max/bottom/neuron_758_layer_4_bottom_max_hook_resid_post.png
Activations shape for blocks.4.mlp.hook_post (49984, 50)
Type of sampling: max
Top sampled image indices for blocks.4.mlp.hook_post: [42938 34201 10891 35340 10202  3526  5439 11808 15188 31495 22452 11296
 19291 32059 46458 40894 49859 28952 44325 20203]
Bottom sampled image indices for blocks.4.mlp.hook_post: [20835 45448 24107 15361 39262  4921 48935 39986 25653  8750  9605 38791
 10798  9688 36705 12757  5531 38319 14804 27174]
Neuron 758, Layer 4, Layer Type hook_post
Saved image to /network/scratch/s/sonia.joseph/CLIP_AUDIT/sampled_images/CLIP-ViT-B-32-DataComp.XL-s13B-b90K//layer_4/neuron_758/hook_post/max/top/neuron_758_layer_4_top_max_hook_post.png
Saved image to /network/scratch/s/sonia.joseph/CLIP_AUDIT/sampled_images/CLIP-ViT-B-32-DataComp.XL-s13B-b90K//layer_4/neuron_758/hook_post/max/bottom/neuron_758_layer_4_bottom_max_hook_post.png
Activations shape for blocks.4.hook_mlp_out (49984, 50)
Type of sampling: max
Top sampled image indices for blocks.4.hook_mlp_out: [16376 31165 11800 47829 45077 24086 10027 15932 39543 42147 48261 37603
 15939 37486 45697 23977 29403 22280 49442 17558]
Bottom sampled image indices for blocks.4.hook_mlp_out: [35047 36634 39286  5671 24081 36774  7022 21853  1503 43889 21929 11278
 28448 32475  6755  3567 38446 17607 31238 39159]
Neuron 633, Layer 4, Layer Type hook_mlp_out
Saved image to /network/scratch/s/sonia.joseph/CLIP_AUDIT/sampled_images/CLIP-ViT-B-32-DataComp.XL-s13B-b90K//layer_4/neuron_633/hook_mlp_out/max/top/neuron_633_layer_4_top_max_hook_mlp_out.png
Saved image to /network/scratch/s/sonia.joseph/CLIP_AUDIT/sampled_images/CLIP-ViT-B-32-DataComp.XL-s13B-b90K//layer_4/neuron_633/hook_mlp_out/max/bottom/neuron_633_layer_4_bottom_max_hook_mlp_out.png
Activations shape for blocks.4.hook_resid_post (49984, 50)
Type of sampling: max
Top sampled image indices for blocks.4.hook_resid_post: [   46 42506 33209 29475 31884  6029  5829 30973 30374  8606 10683 45184
 20757 41314 17639 23194  9225   600 42141 11098]
Bottom sampled image indices for blocks.4.hook_resid_post: [31962 14196  1467 42657 41269 39411 45833 30624 49695 10859  9479 20103
 38863 31639 35047 43911 21871 19150 32475 32456]
Neuron 633, Layer 4, Layer Type hook_resid_post
Saved image to /network/scratch/s/sonia.joseph/CLIP_AUDIT/sampled_images/CLIP-ViT-B-32-DataComp.XL-s13B-b90K//layer_4/neuron_633/hook_resid_post/max/top/neuron_633_layer_4_top_max_hook_resid_post.png
Saved image to /network/scratch/s/sonia.joseph/CLIP_AUDIT/sampled_images/CLIP-ViT-B-32-DataComp.XL-s13B-b90K//layer_4/neuron_633/hook_resid_post/max/bottom/neuron_633_layer_4_bottom_max_hook_resid_post.png
Activations shape for blocks.4.mlp.hook_post (49984, 50)
Type of sampling: max
Top sampled image indices for blocks.4.mlp.hook_post: [29175 18195   866 47831  1949  3608 15506 16306  8162 42674 18126 41197
  4924 25975 10326 28552 11539  6776 29301  1268]
Bottom sampled image indices for blocks.4.mlp.hook_post: [41332 49966   251 38438 31550 22280 27834 18489 27776 45395 45552 38545
 21502 34862 11377  2565 10329 20710 26347  1282]
Neuron 633, Layer 4, Layer Type hook_post
Saved image to /network/scratch/s/sonia.joseph/CLIP_AUDIT/sampled_images/CLIP-ViT-B-32-DataComp.XL-s13B-b90K//layer_4/neuron_633/hook_post/max/top/neuron_633_layer_4_top_max_hook_post.png
Saved image to /network/scratch/s/sonia.joseph/CLIP_AUDIT/sampled_images/CLIP-ViT-B-32-DataComp.XL-s13B-b90K//layer_4/neuron_633/hook_post/max/bottom/neuron_633_layer_4_bottom_max_hook_post.png
Activations shape for blocks.4.hook_mlp_out (49984, 50)
Type of sampling: max
Top sampled image indices for blocks.4.hook_mlp_out: [ 2852 12180 12972  7552 41931 32391 35134 36806 47831 12768 25587 14294
 11444 46741 44153 15394 28137 39993 36798 41306]
Bottom sampled image indices for blocks.4.hook_mlp_out: [14366 33248  9540 43219  3046 30902  5532 37598  2776 33648 40559 35086
  1535 12727 25635 47319 38133 28770  7038 12795]
Neuron 537, Layer 4, Layer Type hook_mlp_out
Saved image to /network/scratch/s/sonia.joseph/CLIP_AUDIT/sampled_images/CLIP-ViT-B-32-DataComp.XL-s13B-b90K//layer_4/neuron_537/hook_mlp_out/max/top/neuron_537_layer_4_top_max_hook_mlp_out.png
Saved image to /network/scratch/s/sonia.joseph/CLIP_AUDIT/sampled_images/CLIP-ViT-B-32-DataComp.XL-s13B-b90K//layer_4/neuron_537/hook_mlp_out/max/bottom/neuron_537_layer_4_bottom_max_hook_mlp_out.png
Activations shape for blocks.4.hook_resid_post (49984, 50)
Type of sampling: max
Top sampled image indices for blocks.4.hook_resid_post: [44325 20786 17821 16564  2567 47889 28914 27463 42904 40040 39578 31073
  4366 48618 21291 11098 29403 11999 46910 27512]
Bottom sampled image indices for blocks.4.hook_resid_post: [24081 43219 47977 27166 44028 20344  8580 28923  9068 20473 35874 15249
 45273 17467  1706 11245   176  4208 21265 40554]
Neuron 537, Layer 4, Layer Type hook_resid_post
Saved image to /network/scratch/s/sonia.joseph/CLIP_AUDIT/sampled_images/CLIP-ViT-B-32-DataComp.XL-s13B-b90K//layer_4/neuron_537/hook_resid_post/max/top/neuron_537_layer_4_top_max_hook_resid_post.png
Saved image to /network/scratch/s/sonia.joseph/CLIP_AUDIT/sampled_images/CLIP-ViT-B-32-DataComp.XL-s13B-b90K//layer_4/neuron_537/hook_resid_post/max/bottom/neuron_537_layer_4_bottom_max_hook_resid_post.png
Activations shape for blocks.4.mlp.hook_post (49984, 50)
Type of sampling: max
Top sampled image indices for blocks.4.mlp.hook_post: [ 2610 25482  2497 38728 39591 21697  4223  5821  9948 11539 26453 39113
 14721 45485 39273  5518 28847 28262  2595 41465]
Bottom sampled image indices for blocks.4.mlp.hook_post: [30084 43468 12749 31570 33478 40135 48176 35457 42842 11600 25723 21838
 15431 30068 43644 22378 34399 15687 45072 23037]
Neuron 537, Layer 4, Layer Type hook_post
Saved image to /network/scratch/s/sonia.joseph/CLIP_AUDIT/sampled_images/CLIP-ViT-B-32-DataComp.XL-s13B-b90K//layer_4/neuron_537/hook_post/max/top/neuron_537_layer_4_top_max_hook_post.png
Saved image to /network/scratch/s/sonia.joseph/CLIP_AUDIT/sampled_images/CLIP-ViT-B-32-DataComp.XL-s13B-b90K//layer_4/neuron_537/hook_post/max/bottom/neuron_537_layer_4_bottom_max_hook_post.png
Activations shape for blocks.4.hook_mlp_out (49984, 50)
Type of sampling: max
Top sampled image indices for blocks.4.hook_mlp_out: [37178 17001 38610   892 22876 36163 47322 28477 40718 11329 39682  6007
 44250 46417 20231 44791 41867 32511 39984 23714]
Bottom sampled image indices for blocks.4.hook_mlp_out: [25872 37863 22777 18802   524 35994  3513 48934 43724 48629 49012 44839
  6944 19706 38020 43361  6454 12890 22037 47300]
Neuron 201, Layer 4, Layer Type hook_mlp_out
Saved image to /network/scratch/s/sonia.joseph/CLIP_AUDIT/sampled_images/CLIP-ViT-B-32-DataComp.XL-s13B-b90K//layer_4/neuron_201/hook_mlp_out/max/top/neuron_201_layer_4_top_max_hook_mlp_out.png
Saved image to /network/scratch/s/sonia.joseph/CLIP_AUDIT/sampled_images/CLIP-ViT-B-32-DataComp.XL-s13B-b90K//layer_4/neuron_201/hook_mlp_out/max/bottom/neuron_201_layer_4_bottom_max_hook_mlp_out.png
Activations shape for blocks.4.hook_resid_post (49984, 50)
Type of sampling: max
Top sampled image indices for blocks.4.hook_resid_post: [17333 29010 27063   100  3441 47384 36847 35222 16258 29422 21140 40274
 43938  6952  7374 43000 23277 13040 18054  3135]
Bottom sampled image indices for blocks.4.hook_resid_post: [44094 29355 30435  2833 22479 27294  7660  2697  2427  7424  8203 34121
  5805 11708 32169 47225 36395 48864 40838  2845]
Neuron 201, Layer 4, Layer Type hook_resid_post
Saved image to /network/scratch/s/sonia.joseph/CLIP_AUDIT/sampled_images/CLIP-ViT-B-32-DataComp.XL-s13B-b90K//layer_4/neuron_201/hook_resid_post/max/top/neuron_201_layer_4_top_max_hook_resid_post.png
Saved image to /network/scratch/s/sonia.joseph/CLIP_AUDIT/sampled_images/CLIP-ViT-B-32-DataComp.XL-s13B-b90K//layer_4/neuron_201/hook_resid_post/max/bottom/neuron_201_layer_4_bottom_max_hook_resid_post.png
Activations shape for blocks.4.mlp.hook_post (49984, 50)
Type of sampling: max
Top sampled image indices for blocks.4.mlp.hook_post: [15991 49268 14726 22469 11566   411 12091  3523 23449 46830 25665 47239
 29045 19134 13212 48223 13878 35328 24816 42453]
Bottom sampled image indices for blocks.4.mlp.hook_post: [ 4921 11760 39396 10782 25349  2054 18318  5654 45223 22125 21445 25426
 31493 15680 46203 20458  7816 36635  8577 24831]
Neuron 201, Layer 4, Layer Type hook_post
Saved image to /network/scratch/s/sonia.joseph/CLIP_AUDIT/sampled_images/CLIP-ViT-B-32-DataComp.XL-s13B-b90K//layer_4/neuron_201/hook_post/max/top/neuron_201_layer_4_top_max_hook_post.png
Saved image to /network/scratch/s/sonia.joseph/CLIP_AUDIT/sampled_images/CLIP-ViT-B-32-DataComp.XL-s13B-b90K//layer_4/neuron_201/hook_post/max/bottom/neuron_201_layer_4_bottom_max_hook_post.png
Activations shape for blocks.4.hook_mlp_out (49984, 50)
Type of sampling: max
Top sampled image indices for blocks.4.hook_mlp_out: [ 8355 38392 12945 11212 48655 18152 47529 12610  1938 29437 21480 36501
 20413   430  7047 30389 20852 20619 46539  3754]
Bottom sampled image indices for blocks.4.hook_mlp_out: [18634 12000 28258  3397 24964 49028 36734 11245 31995 48259 12304 16638
 48816 28992  6643  4767   888 34399 29932 30542]
Neuron 215, Layer 4, Layer Type hook_mlp_out
Saved image to /network/scratch/s/sonia.joseph/CLIP_AUDIT/sampled_images/CLIP-ViT-B-32-DataComp.XL-s13B-b90K//layer_4/neuron_215/hook_mlp_out/max/top/neuron_215_layer_4_top_max_hook_mlp_out.png
Saved image to /network/scratch/s/sonia.joseph/CLIP_AUDIT/sampled_images/CLIP-ViT-B-32-DataComp.XL-s13B-b90K//layer_4/neuron_215/hook_mlp_out/max/bottom/neuron_215_layer_4_bottom_max_hook_mlp_out.png
Activations shape for blocks.4.hook_resid_post (49984, 50)
Type of sampling: max
Top sampled image indices for blocks.4.hook_resid_post: [11098  5738 39894 31884 30973 42590 14532 14998 24523 32569 31796 12902
  3441  2023 41206 21996  1251 34271 23939  8606]
Bottom sampled image indices for blocks.4.hook_resid_post: [ 2428 14112 44306 34504 27877 14247 17247 31995 23515 30193 29134 31964
 41721 37940 12994  7070 48273 33666 49074 46871]
Neuron 215, Layer 4, Layer Type hook_resid_post
Saved image to /network/scratch/s/sonia.joseph/CLIP_AUDIT/sampled_images/CLIP-ViT-B-32-DataComp.XL-s13B-b90K//layer_4/neuron_215/hook_resid_post/max/top/neuron_215_layer_4_top_max_hook_resid_post.png
Saved image to /network/scratch/s/sonia.joseph/CLIP_AUDIT/sampled_images/CLIP-ViT-B-32-DataComp.XL-s13B-b90K//layer_4/neuron_215/hook_resid_post/max/bottom/neuron_215_layer_4_bottom_max_hook_resid_post.png
Activations shape for blocks.4.mlp.hook_post (49984, 50)
Type of sampling: max
Top sampled image indices for blocks.4.mlp.hook_post: [39197  7539 42165 34800  6639 49820 42999 42297 38393  3990 17041 27479
 26147 26771 31043 46065 15428 47144 36804 40948]
Bottom sampled image indices for blocks.4.mlp.hook_post: [43694 29289 26600 23877 22365 45594 19193 36855 22470 43199 41630 49632
  3486  4308 41314 48404  8044  5111 21584 45375]
Neuron 215, Layer 4, Layer Type hook_post
Saved image to /network/scratch/s/sonia.joseph/CLIP_AUDIT/sampled_images/CLIP-ViT-B-32-DataComp.XL-s13B-b90K//layer_4/neuron_215/hook_post/max/top/neuron_215_layer_4_top_max_hook_post.png
Saved image to /network/scratch/s/sonia.joseph/CLIP_AUDIT/sampled_images/CLIP-ViT-B-32-DataComp.XL-s13B-b90K//layer_4/neuron_215/hook_post/max/bottom/neuron_215_layer_4_bottom_max_hook_post.png
Activations shape for blocks.4.hook_mlp_out (49984, 50)
Type of sampling: max
Top sampled image indices for blocks.4.hook_mlp_out: [17175 49475 15925 18600  7698 34257 46496 21840   221  8601 17322  7171
  8009  6168  4045 13823 32454  1297 17739 37198]
Bottom sampled image indices for blocks.4.hook_mlp_out: [19319  7056 49077  8935  5143 21735  9943  6163 45519  8312 30063 44019
 38207 14636 47013 18917 36290  1538 32742 14694]
Neuron 490, Layer 4, Layer Type hook_mlp_out
Saved image to /network/scratch/s/sonia.joseph/CLIP_AUDIT/sampled_images/CLIP-ViT-B-32-DataComp.XL-s13B-b90K//layer_4/neuron_490/hook_mlp_out/max/top/neuron_490_layer_4_top_max_hook_mlp_out.png
Saved image to /network/scratch/s/sonia.joseph/CLIP_AUDIT/sampled_images/CLIP-ViT-B-32-DataComp.XL-s13B-b90K//layer_4/neuron_490/hook_mlp_out/max/bottom/neuron_490_layer_4_bottom_max_hook_mlp_out.png
Activations shape for blocks.4.hook_resid_post (49984, 50)
Type of sampling: max
Top sampled image indices for blocks.4.hook_resid_post: [27484  7821 18730   255  4232 27737 23939  7539  8606 38799 29073 33726
 23740  9768  6952 16991 25426 12804 48975 27098]
Bottom sampled image indices for blocks.4.hook_resid_post: [18869 47741 21614 37420 44737 42607  3045 46649  2526 28395 37940 30807
 38207 19319 12705 42320  4765 45281 28537  6133]
Neuron 490, Layer 4, Layer Type hook_resid_post
Saved image to /network/scratch/s/sonia.joseph/CLIP_AUDIT/sampled_images/CLIP-ViT-B-32-DataComp.XL-s13B-b90K//layer_4/neuron_490/hook_resid_post/max/top/neuron_490_layer_4_top_max_hook_resid_post.png
Saved image to /network/scratch/s/sonia.joseph/CLIP_AUDIT/sampled_images/CLIP-ViT-B-32-DataComp.XL-s13B-b90K//layer_4/neuron_490/hook_resid_post/max/bottom/neuron_490_layer_4_bottom_max_hook_resid_post.png
Activations shape for blocks.4.mlp.hook_post (49984, 50)
Type of sampling: max
Top sampled image indices for blocks.4.mlp.hook_post: [29621   314 20167 18683  7971 48934 11231 32100 37629 34840 47989 20440
 33887  6057  4937  4466  2362  6859 12274 35249]
Bottom sampled image indices for blocks.4.mlp.hook_post: [ 3513 15619 40681 44556 48629 25145 44786 29530 28784 31780 29529 40147
 47289 42169 39042 49215  6916 18319 11021 27391]
Neuron 490, Layer 4, Layer Type hook_post
Saved image to /network/scratch/s/sonia.joseph/CLIP_AUDIT/sampled_images/CLIP-ViT-B-32-DataComp.XL-s13B-b90K//layer_4/neuron_490/hook_post/max/top/neuron_490_layer_4_top_max_hook_post.png
Saved image to /network/scratch/s/sonia.joseph/CLIP_AUDIT/sampled_images/CLIP-ViT-B-32-DataComp.XL-s13B-b90K//layer_4/neuron_490/hook_post/max/bottom/neuron_490_layer_4_bottom_max_hook_post.png
Activations shape for blocks.4.hook_mlp_out (49984, 50)
Type of sampling: max
Top sampled image indices for blocks.4.hook_mlp_out: [ 7262 47397 15753 41508 21213  2084  9911 46438 17297 40347 19587 45350
 40218  3973 40200 15601 39613 46655 10325 34947]
Bottom sampled image indices for blocks.4.hook_mlp_out: [ 4687 46346 41253 21244 31797  6301  1543  6635 27522 31743 36634 20231
 15287 40947  8664  1467 36380  9410 44489 24842]
Neuron 550, Layer 4, Layer Type hook_mlp_out
Saved image to /network/scratch/s/sonia.joseph/CLIP_AUDIT/sampled_images/CLIP-ViT-B-32-DataComp.XL-s13B-b90K//layer_4/neuron_550/hook_mlp_out/max/top/neuron_550_layer_4_top_max_hook_mlp_out.png
Saved image to /network/scratch/s/sonia.joseph/CLIP_AUDIT/sampled_images/CLIP-ViT-B-32-DataComp.XL-s13B-b90K//layer_4/neuron_550/hook_mlp_out/max/bottom/neuron_550_layer_4_bottom_max_hook_mlp_out.png
Activations shape for blocks.4.hook_resid_post (49984, 50)
Type of sampling: max
Top sampled image indices for blocks.4.hook_resid_post: [38116 42367 35711 36462 13339 28100 28352 23939 11098 17544 15778 12895
 38465 11473 13737  8682 31743 45451 33939 44261]
Bottom sampled image indices for blocks.4.hook_resid_post: [24332 36304 36050 30120 40942 44469 46681  9683 11125 33186 10657 29525
 10009 19597  7457 43862 28126  1319 40183 35857]
Neuron 550, Layer 4, Layer Type hook_resid_post
Saved image to /network/scratch/s/sonia.joseph/CLIP_AUDIT/sampled_images/CLIP-ViT-B-32-DataComp.XL-s13B-b90K//layer_4/neuron_550/hook_resid_post/max/top/neuron_550_layer_4_top_max_hook_resid_post.png
Saved image to /network/scratch/s/sonia.joseph/CLIP_AUDIT/sampled_images/CLIP-ViT-B-32-DataComp.XL-s13B-b90K//layer_4/neuron_550/hook_resid_post/max/bottom/neuron_550_layer_4_bottom_max_hook_resid_post.png
Activations shape for blocks.4.mlp.hook_post (49984, 50)
Type of sampling: max
Top sampled image indices for blocks.4.mlp.hook_post: [18536 40878 25723 29957  5425 44807 31328 35877 45776 43189 31658 32353
  7132 37165  8241 44036 33130 11334 17652 33358]
Bottom sampled image indices for blocks.4.mlp.hook_post: [43675 11971 49028 21453 30120 48710 32426 42024 28125 19778 39299 27712
 32169 41069 34994 23792 17434 24760  7208  3677]
Neuron 550, Layer 4, Layer Type hook_post
Saved image to /network/scratch/s/sonia.joseph/CLIP_AUDIT/sampled_images/CLIP-ViT-B-32-DataComp.XL-s13B-b90K//layer_4/neuron_550/hook_post/max/top/neuron_550_layer_4_top_max_hook_post.png
Saved image to /network/scratch/s/sonia.joseph/CLIP_AUDIT/sampled_images/CLIP-ViT-B-32-DataComp.XL-s13B-b90K//layer_4/neuron_550/hook_post/max/bottom/neuron_550_layer_4_bottom_max_hook_post.png
Activations shape for blocks.4.hook_mlp_out (49984, 50)
Type of sampling: max
Top sampled image indices for blocks.4.hook_mlp_out: [12805 12421 26768 36337 31043 46723 27122 35634 17739  3513 42280 23042
 33123  6655 20234 12420 40375 21155 15295 20842]
Bottom sampled image indices for blocks.4.hook_mlp_out: [39148 20401  9911 18024 31569 39731 38989 20718 25443 12118 20410 30864
  8139 44076 23049 28639 36349 47154 22736  4875]
Neuron 760, Layer 4, Layer Type hook_mlp_out
Saved image to /network/scratch/s/sonia.joseph/CLIP_AUDIT/sampled_images/CLIP-ViT-B-32-DataComp.XL-s13B-b90K//layer_4/neuron_760/hook_mlp_out/max/top/neuron_760_layer_4_top_max_hook_mlp_out.png
Saved image to /network/scratch/s/sonia.joseph/CLIP_AUDIT/sampled_images/CLIP-ViT-B-32-DataComp.XL-s13B-b90K//layer_4/neuron_760/hook_mlp_out/max/bottom/neuron_760_layer_4_bottom_max_hook_mlp_out.png
Activations shape for blocks.4.hook_resid_post (49984, 50)
Type of sampling: max
Top sampled image indices for blocks.4.hook_resid_post: [25195 43719 41066 29956 18121 41404 28328 20236 41002 39142  2852 13570
 49109 32883 34524 46163 23214 24622  8313 19148]
Bottom sampled image indices for blocks.4.hook_resid_post: [37452 15315 42148 13931 18311  4190 25403 30237 49421  8979 37189 30296
 35332 25753   417 17322 28059 11537 14705  9357]
Neuron 760, Layer 4, Layer Type hook_resid_post
Saved image to /network/scratch/s/sonia.joseph/CLIP_AUDIT/sampled_images/CLIP-ViT-B-32-DataComp.XL-s13B-b90K//layer_4/neuron_760/hook_resid_post/max/top/neuron_760_layer_4_top_max_hook_resid_post.png
Saved image to /network/scratch/s/sonia.joseph/CLIP_AUDIT/sampled_images/CLIP-ViT-B-32-DataComp.XL-s13B-b90K//layer_4/neuron_760/hook_resid_post/max/bottom/neuron_760_layer_4_bottom_max_hook_resid_post.png
Activations shape for blocks.4.mlp.hook_post (49984, 50)
Type of sampling: max
Top sampled image indices for blocks.4.mlp.hook_post: [39268  4766 22533 34662 45794 12998 15270 35497 22174 38005 10718 12588
 40862 31772  3285 44727 45959  6085 36396 48715]
Bottom sampled image indices for blocks.4.mlp.hook_post: [13988   966  1571  9680 10703 36482  7565 14286 42412 28012  9365 27683
 42815 31963 43010 36546 38627 11959 14330 27672]
Neuron 760, Layer 4, Layer Type hook_post
Saved image to /network/scratch/s/sonia.joseph/CLIP_AUDIT/sampled_images/CLIP-ViT-B-32-DataComp.XL-s13B-b90K//layer_4/neuron_760/hook_post/max/top/neuron_760_layer_4_top_max_hook_post.png
Saved image to /network/scratch/s/sonia.joseph/CLIP_AUDIT/sampled_images/CLIP-ViT-B-32-DataComp.XL-s13B-b90K//layer_4/neuron_760/hook_post/max/bottom/neuron_760_layer_4_bottom_max_hook_post.png
Activations shape for blocks.4.hook_mlp_out (49984, 50)
Type of sampling: max
Top sampled image indices for blocks.4.hook_mlp_out: [20951 33102 27885  6476 33324 32554 31119 20089  7487 28477 40689 14426
 28560 38577 41184 35386 33937 27517 26668 37282]
Bottom sampled image indices for blocks.4.hook_mlp_out: [46047 20106 19057  1121 43305 45567 46768 31805 23864  2193  9066  9776
 11500 35572 46176 43154  4878 41505 41027 18372]
Neuron 660, Layer 4, Layer Type hook_mlp_out
Saved image to /network/scratch/s/sonia.joseph/CLIP_AUDIT/sampled_images/CLIP-ViT-B-32-DataComp.XL-s13B-b90K//layer_4/neuron_660/hook_mlp_out/max/top/neuron_660_layer_4_top_max_hook_mlp_out.png
Saved image to /network/scratch/s/sonia.joseph/CLIP_AUDIT/sampled_images/CLIP-ViT-B-32-DataComp.XL-s13B-b90K//layer_4/neuron_660/hook_mlp_out/max/bottom/neuron_660_layer_4_bottom_max_hook_mlp_out.png
Activations shape for blocks.4.hook_resid_post (49984, 50)
Type of sampling: max
Top sampled image indices for blocks.4.hook_resid_post: [41314 48718 25426 22054  7863 30385 42123  7116  4827 33764   292 26989
 42141 44496 18908 36607  6742  3830 37885 30973]
Bottom sampled image indices for blocks.4.hook_resid_post: [22525 22223 35913 16793 11875 22522 49887  1526 45937 27865  6330    72
 40155 15719 13435 20576  2788 14318 44738 36385]
Neuron 660, Layer 4, Layer Type hook_resid_post
Saved image to /network/scratch/s/sonia.joseph/CLIP_AUDIT/sampled_images/CLIP-ViT-B-32-DataComp.XL-s13B-b90K//layer_4/neuron_660/hook_resid_post/max/top/neuron_660_layer_4_top_max_hook_resid_post.png
Saved image to /network/scratch/s/sonia.joseph/CLIP_AUDIT/sampled_images/CLIP-ViT-B-32-DataComp.XL-s13B-b90K//layer_4/neuron_660/hook_resid_post/max/bottom/neuron_660_layer_4_bottom_max_hook_resid_post.png
Activations shape for blocks.4.mlp.hook_post (49984, 50)
Type of sampling: max
Top sampled image indices for blocks.4.mlp.hook_post: [36148 18568 16912 44911 23479 40492 30812 48435  6732 41094 49242 29093
 32832  3943  7095 16357 19851 10100 45582 18248]
Bottom sampled image indices for blocks.4.mlp.hook_post: [29932 31764 32219 19871  8125  7764 45761 20035 27837 44759 40180 30222
  7466 22110 18234 11708  1783 18917 41647 14441]
Neuron 660, Layer 4, Layer Type hook_post
Saved image to /network/scratch/s/sonia.joseph/CLIP_AUDIT/sampled_images/CLIP-ViT-B-32-DataComp.XL-s13B-b90K//layer_4/neuron_660/hook_post/max/top/neuron_660_layer_4_top_max_hook_post.png
Saved image to /network/scratch/s/sonia.joseph/CLIP_AUDIT/sampled_images/CLIP-ViT-B-32-DataComp.XL-s13B-b90K//layer_4/neuron_660/hook_post/max/bottom/neuron_660_layer_4_bottom_max_hook_post.png
Activations shape for blocks.4.hook_mlp_out (49984, 50)
Type of sampling: max
Top sampled image indices for blocks.4.hook_mlp_out: [37982 40193 39482 16951  4617 46376  2394 34078 24002 46925 17327 35898
 48107 35109 27993 38552 24286 25733 44167 41818]
Bottom sampled image indices for blocks.4.hook_mlp_out: [ 6635  7579 46330 25524  7310 18118 43996 14441 17237 14665 17221 41963
 21459 12943 22218 37858 48959 16936  4090 10965]
Neuron 98, Layer 4, Layer Type hook_mlp_out
Saved image to /network/scratch/s/sonia.joseph/CLIP_AUDIT/sampled_images/CLIP-ViT-B-32-DataComp.XL-s13B-b90K//layer_4/neuron_98/hook_mlp_out/max/top/neuron_98_layer_4_top_max_hook_mlp_out.png
Saved image to /network/scratch/s/sonia.joseph/CLIP_AUDIT/sampled_images/CLIP-ViT-B-32-DataComp.XL-s13B-b90K//layer_4/neuron_98/hook_mlp_out/max/bottom/neuron_98_layer_4_bottom_max_hook_mlp_out.png
Activations shape for blocks.4.hook_resid_post (49984, 50)
Type of sampling: max
Top sampled image indices for blocks.4.hook_resid_post: [41157 24921 37922 12015 41033 23618 40509 18095 44163 21402 31796 43351
 37936 28314 26543 14095 23939 11098  8606  3441]
Bottom sampled image indices for blocks.4.hook_resid_post: [36634 42025 16732 18836 48244 44781 38767 49854 17290 47960 32901 19423
  2602 25524 22937 16355 15630  1128 12197 13792]
Neuron 98, Layer 4, Layer Type hook_resid_post
Saved image to /network/scratch/s/sonia.joseph/CLIP_AUDIT/sampled_images/CLIP-ViT-B-32-DataComp.XL-s13B-b90K//layer_4/neuron_98/hook_resid_post/max/top/neuron_98_layer_4_top_max_hook_resid_post.png
Saved image to /network/scratch/s/sonia.joseph/CLIP_AUDIT/sampled_images/CLIP-ViT-B-32-DataComp.XL-s13B-b90K//layer_4/neuron_98/hook_resid_post/max/bottom/neuron_98_layer_4_bottom_max_hook_resid_post.png
Activations shape for blocks.4.mlp.hook_post (49984, 50)
Type of sampling: max
Top sampled image indices for blocks.4.mlp.hook_post: [49735 30160 16288 15446 35071 31411 38522  5285  8227 17985  1867 46823
 17075  7113 15904 38348 32267 21432 34981 38147]
Bottom sampled image indices for blocks.4.mlp.hook_post: [21835 23036  7303  4983 43404 15201 11498  3720  9230 29748 31131 13303
 29373 25426 42411  1094 18997  1920 32793 39494]
Neuron 98, Layer 4, Layer Type hook_post
Saved image to /network/scratch/s/sonia.joseph/CLIP_AUDIT/sampled_images/CLIP-ViT-B-32-DataComp.XL-s13B-b90K//layer_4/neuron_98/hook_post/max/top/neuron_98_layer_4_top_max_hook_post.png
Saved image to /network/scratch/s/sonia.joseph/CLIP_AUDIT/sampled_images/CLIP-ViT-B-32-DataComp.XL-s13B-b90K//layer_4/neuron_98/hook_post/max/bottom/neuron_98_layer_4_bottom_max_hook_post.png
Activations shape for blocks.4.hook_mlp_out (49984, 50)
Type of sampling: max
Top sampled image indices for blocks.4.hook_mlp_out: [10329 20870 15043 30257 24279  6101 34790 39778  1996  7351 22645 11893
 46457 39176 46537 15456 44848 48560 11347  5605]
Bottom sampled image indices for blocks.4.hook_mlp_out: [34200  7863 46441 42040 23465  5805 35284  9789  5966 22565   144 27708
 17572 26624 39782  6055 38796  6917  3576 47019]
Neuron 723, Layer 4, Layer Type hook_mlp_out
Saved image to /network/scratch/s/sonia.joseph/CLIP_AUDIT/sampled_images/CLIP-ViT-B-32-DataComp.XL-s13B-b90K//layer_4/neuron_723/hook_mlp_out/max/top/neuron_723_layer_4_top_max_hook_mlp_out.png
Saved image to /network/scratch/s/sonia.joseph/CLIP_AUDIT/sampled_images/CLIP-ViT-B-32-DataComp.XL-s13B-b90K//layer_4/neuron_723/hook_mlp_out/max/bottom/neuron_723_layer_4_bottom_max_hook_mlp_out.png
Activations shape for blocks.4.hook_resid_post (49984, 50)
Type of sampling: max
Top sampled image indices for blocks.4.hook_resid_post: [42568 31666 38789 12594  1213 11871 47113 40567 46340  9983  8274 27399
 12324 43660  1042  7655 46550  7863  5587 22418]
Bottom sampled image indices for blocks.4.hook_resid_post: [ 9262 25594 38461 16093 29171 11035 12929 41180 23207  9935  8671 30939
 36098 28314 32169  6686 46947 33079 40646 25326]
Neuron 723, Layer 4, Layer Type hook_resid_post
Saved image to /network/scratch/s/sonia.joseph/CLIP_AUDIT/sampled_images/CLIP-ViT-B-32-DataComp.XL-s13B-b90K//layer_4/neuron_723/hook_resid_post/max/top/neuron_723_layer_4_top_max_hook_resid_post.png
Saved image to /network/scratch/s/sonia.joseph/CLIP_AUDIT/sampled_images/CLIP-ViT-B-32-DataComp.XL-s13B-b90K//layer_4/neuron_723/hook_resid_post/max/bottom/neuron_723_layer_4_bottom_max_hook_resid_post.png
Activations shape for blocks.4.mlp.hook_post (49984, 50)
Type of sampling: max
Top sampled image indices for blocks.4.mlp.hook_post: [42802 49275  5455 30669 11889 44623 49550 23822  6470 24633 39329  4241
  5230  6678 33406 24322 31708 32336 22645 10196]
Bottom sampled image indices for blocks.4.mlp.hook_post: [22443  7166 40266 17579  2770 41986   616 18331 42788 13512 10810 32264
 41491  3263 33587 41808 30811 17586  7405 19927]
Neuron 723, Layer 4, Layer Type hook_post
Saved image to /network/scratch/s/sonia.joseph/CLIP_AUDIT/sampled_images/CLIP-ViT-B-32-DataComp.XL-s13B-b90K//layer_4/neuron_723/hook_post/max/top/neuron_723_layer_4_top_max_hook_post.png
Saved image to /network/scratch/s/sonia.joseph/CLIP_AUDIT/sampled_images/CLIP-ViT-B-32-DataComp.XL-s13B-b90K//layer_4/neuron_723/hook_post/max/bottom/neuron_723_layer_4_bottom_max_hook_post.png

======== GPU REPORT ========

==============NVSMI LOG==============

Timestamp                                 : Mon Sep 16 01:40:47 2024
Driver Version                            : 560.35.03
CUDA Version                              : 12.6

Attached GPUs                             : 1
GPU 00000000:CA:00.0
    Accounting Mode                       : Enabled
    Accounting Mode Buffer Size           : 4000
    Accounted Processes
        Process ID                        : 780418
            GPU Utilization               : 0 %
            Memory Utilization            : 0 %
            Max memory usage              : 898 MiB
            Time                          : 4604818 ms
            Is Running                    : 0

Mon Sep 16 01:40:47 2024       
+-----------------------------------------------------------------------------------------+
| NVIDIA-SMI 560.35.03              Driver Version: 560.35.03      CUDA Version: 12.6     |
|-----------------------------------------+------------------------+----------------------+
| GPU  Name                 Persistence-M | Bus-Id          Disp.A | Volatile Uncorr. ECC |
| Fan  Temp   Perf          Pwr:Usage/Cap |           Memory-Usage | GPU-Util  Compute M. |
|                                         |                        |               MIG M. |
|=========================================+========================+======================|
|   0  NVIDIA L40S                    On  |   00000000:CA:00.0 Off |                    0 |
| N/A   37C    P0            107W /  350W |       1MiB /  46068MiB |      5%      Default |
|                                         |                        |                  N/A |
+-----------------------------------------+------------------------+----------------------+
                                                                                         
+-----------------------------------------------------------------------------------------+
| Processes:                                                                              |
|  GPU   GI   CI        PID   Type   Process name                              GPU Memory |
|        ID   ID                                                               Usage      |
|=========================================================================================|
|  No running processes found                                                             |
+-----------------------------------------------------------------------------------------+
