Official model name open-clip:laion/CLIP-ViT-B-32-DataComp.XL-s13B-b90K
Converting OpenCLIP weights
visual projection shape torch.Size([768, 512])
Setting center_writing_weights to False for OpenCLIP
Setting fold_ln to False for OpenCLIP
Loaded pretrained model open-clip:laion/CLIP-ViT-B-32-DataComp.XL-s13B-b90K into HookedTransformer
Activations shape for blocks.0.hook_mlp_out (49984, 50)
Type of sampling: average
Top sampled image indices for blocks.0.hook_mlp_out: [11173 43852 15898  1116  9998 31764 40350 21633 18728  4808 13767 23957
 19898 26299 48388 10749 27449 24189 23963 23878]
Bottom sampled image indices for blocks.0.hook_mlp_out: [31796 27998 15327 45201 31884 26510  7952 10782  1833 46372 33214 20746
 45702 37664  5265 30603  1290 36614  3610 20410]
Neuron 571, Layer 0, Layer Type hook_mlp_out
Saved image to /network/scratch/s/sonia.joseph/CLIP_AUDIT/sampled_images/CLIP-ViT-B-32-DataComp.XL-s13B-b90K//layer_0/neuron_571/hook_mlp_out/avg/top/neuron_571_layer_0_top_avg_hook_mlp_out.png
Saved image to /network/scratch/s/sonia.joseph/CLIP_AUDIT/sampled_images/CLIP-ViT-B-32-DataComp.XL-s13B-b90K//layer_0/neuron_571/hook_mlp_out/avg/bottom/neuron_571_layer_0_bottom_avg_hook_mlp_out.png
Activations shape for blocks.0.hook_resid_post (49984, 50)
Type of sampling: average
Top sampled image indices for blocks.0.hook_resid_post: [46881 38929 18562 20718 23939 47363 14823 47753 43024 28817  2036 48458
 28005 40102 29859 14653 28314 28583 34889  9956]
Bottom sampled image indices for blocks.0.hook_resid_post: [22750 45201  5655  7580  6060 16332 20279 41206 37374 26692 30042 27998
  4181  4220 44075 17066 16836  1060 37115  2603]
Neuron 571, Layer 0, Layer Type hook_resid_post
Saved image to /network/scratch/s/sonia.joseph/CLIP_AUDIT/sampled_images/CLIP-ViT-B-32-DataComp.XL-s13B-b90K//layer_0/neuron_571/hook_resid_post/avg/top/neuron_571_layer_0_top_avg_hook_resid_post.png
Saved image to /network/scratch/s/sonia.joseph/CLIP_AUDIT/sampled_images/CLIP-ViT-B-32-DataComp.XL-s13B-b90K//layer_0/neuron_571/hook_resid_post/avg/bottom/neuron_571_layer_0_bottom_avg_hook_resid_post.png
Activations shape for blocks.0.mlp.hook_post (49984, 50)
Type of sampling: average
Top sampled image indices for blocks.0.mlp.hook_post: [36557 34531 12138 17021 19182  3473 34421 16498  3922 37452  6187 18250
 18676  5277 18346 39816 36706  5594 27202   116]
Bottom sampled image indices for blocks.0.mlp.hook_post: [41209 11643 22868 13054 16312 21268  9209 17389 15236 32616 12320 40249
 17817 15327 46313 28799 11637 45664 35913 41365]
Neuron 571, Layer 0, Layer Type hook_post
Saved image to /network/scratch/s/sonia.joseph/CLIP_AUDIT/sampled_images/CLIP-ViT-B-32-DataComp.XL-s13B-b90K//layer_0/neuron_571/hook_post/avg/top/neuron_571_layer_0_top_avg_hook_post.png
Saved image to /network/scratch/s/sonia.joseph/CLIP_AUDIT/sampled_images/CLIP-ViT-B-32-DataComp.XL-s13B-b90K//layer_0/neuron_571/hook_post/avg/bottom/neuron_571_layer_0_bottom_avg_hook_post.png
Activations shape for blocks.0.hook_mlp_out (49984, 50)
Type of sampling: average
Top sampled image indices for blocks.0.hook_mlp_out: [ 1251  2891 44663 22191  1902 14118 13171 37376 18998 44089 41323 36251
 25096 34821  1254 20529 21912 35630 41781 41505]
Bottom sampled image indices for blocks.0.hook_mlp_out: [45201 27998  7790 31884 31796 49150 28314 23869 44496 41314 30815 41690
 33214 42141  5655 23939 40556  1833 25426 42130]
Neuron 503, Layer 0, Layer Type hook_mlp_out
Saved image to /network/scratch/s/sonia.joseph/CLIP_AUDIT/sampled_images/CLIP-ViT-B-32-DataComp.XL-s13B-b90K//layer_0/neuron_503/hook_mlp_out/avg/top/neuron_503_layer_0_top_avg_hook_mlp_out.png
Saved image to /network/scratch/s/sonia.joseph/CLIP_AUDIT/sampled_images/CLIP-ViT-B-32-DataComp.XL-s13B-b90K//layer_0/neuron_503/hook_mlp_out/avg/bottom/neuron_503_layer_0_bottom_avg_hook_mlp_out.png
Activations shape for blocks.0.hook_resid_post (49984, 50)
Type of sampling: average
Top sampled image indices for blocks.0.hook_resid_post: [39350  1124  9120 24979 35210 46662 23997 40939 17271 14040 27647 37429
 27449  3273 28734 47685 15365 15751 20689 11865]
Bottom sampled image indices for blocks.0.hook_resid_post: [11098 44496  8606  7790 13197 25728     5 46372 42313 30084 28082 16088
   475 11447 30686 24277 10702  6352  5655 29385]
Neuron 503, Layer 0, Layer Type hook_resid_post
Saved image to /network/scratch/s/sonia.joseph/CLIP_AUDIT/sampled_images/CLIP-ViT-B-32-DataComp.XL-s13B-b90K//layer_0/neuron_503/hook_resid_post/avg/top/neuron_503_layer_0_top_avg_hook_resid_post.png
Saved image to /network/scratch/s/sonia.joseph/CLIP_AUDIT/sampled_images/CLIP-ViT-B-32-DataComp.XL-s13B-b90K//layer_0/neuron_503/hook_resid_post/avg/bottom/neuron_503_layer_0_bottom_avg_hook_resid_post.png
Activations shape for blocks.0.mlp.hook_post (49984, 50)
Type of sampling: average
Top sampled image indices for blocks.0.mlp.hook_post: [22001 14651 23694 11708 33458  6479 37202 46154 33370 18723 28655 39415
 34863 27422   519 31772 34889 27926 27728 36774]
Bottom sampled image indices for blocks.0.mlp.hook_post: [32143 36642 20401 21305 45596 25935 43394 30643 38312 27692 39044  2924
 41651 19396 16890 45579 15786 21871 21967 21946]
Neuron 503, Layer 0, Layer Type hook_post
Saved image to /network/scratch/s/sonia.joseph/CLIP_AUDIT/sampled_images/CLIP-ViT-B-32-DataComp.XL-s13B-b90K//layer_0/neuron_503/hook_post/avg/top/neuron_503_layer_0_top_avg_hook_post.png
Saved image to /network/scratch/s/sonia.joseph/CLIP_AUDIT/sampled_images/CLIP-ViT-B-32-DataComp.XL-s13B-b90K//layer_0/neuron_503/hook_post/avg/bottom/neuron_503_layer_0_bottom_avg_hook_post.png
Activations shape for blocks.0.hook_mlp_out (49984, 50)
Type of sampling: average
Top sampled image indices for blocks.0.hook_mlp_out: [44496 39299 42130 43675  1566 11967 11564 28314 13197  5655 41450 33214
 23664 25426  7790 31884 41690 45201 31796 27998]
Bottom sampled image indices for blocks.0.hook_mlp_out: [46509 15086 48934 15031 14946 42446 44939 11501  5746 13150 46783 22743
  4778  3245 26912 38169 39194 39789 48717  2363]
Neuron 723, Layer 0, Layer Type hook_mlp_out
Saved image to /network/scratch/s/sonia.joseph/CLIP_AUDIT/sampled_images/CLIP-ViT-B-32-DataComp.XL-s13B-b90K//layer_0/neuron_723/hook_mlp_out/avg/top/neuron_723_layer_0_top_avg_hook_mlp_out.png
Saved image to /network/scratch/s/sonia.joseph/CLIP_AUDIT/sampled_images/CLIP-ViT-B-32-DataComp.XL-s13B-b90K//layer_0/neuron_723/hook_mlp_out/avg/bottom/neuron_723_layer_0_bottom_avg_hook_mlp_out.png
Activations shape for blocks.0.hook_resid_post (49984, 50)
Type of sampling: average
Top sampled image indices for blocks.0.hook_resid_post: [ 8321 43675  5655 41021 33214  5664 21725 18802 31718 17201 46662 11449
 34111 41450 41690 34889 39299 45201 31796 27998]
Bottom sampled image indices for blocks.0.hook_resid_post: [ 5111 14946 23036  9553 16536 22727  6916 46509 30685  2567 43404 25241
 43522 35635 19498 24857 16226 38707 31890 48934]
Neuron 723, Layer 0, Layer Type hook_resid_post
Saved image to /network/scratch/s/sonia.joseph/CLIP_AUDIT/sampled_images/CLIP-ViT-B-32-DataComp.XL-s13B-b90K//layer_0/neuron_723/hook_resid_post/avg/top/neuron_723_layer_0_top_avg_hook_resid_post.png
Saved image to /network/scratch/s/sonia.joseph/CLIP_AUDIT/sampled_images/CLIP-ViT-B-32-DataComp.XL-s13B-b90K//layer_0/neuron_723/hook_resid_post/avg/bottom/neuron_723_layer_0_bottom_avg_hook_resid_post.png
Activations shape for blocks.0.mlp.hook_post (49984, 50)
Type of sampling: average
Top sampled image indices for blocks.0.mlp.hook_post: [45342 37561  9259 24494 46208 49913 42387 36634 22217 18527 39107 49137
 48278  3720 10811 20568 38796 47071 29070  7579]
Bottom sampled image indices for blocks.0.mlp.hook_post: [ 1766 19303 10814  6635  2274 44840 19778 20352 42920  1217  5633 40403
 20787 27391 46624  8641 19697  4625 34616 46025]
Neuron 723, Layer 0, Layer Type hook_post
Saved image to /network/scratch/s/sonia.joseph/CLIP_AUDIT/sampled_images/CLIP-ViT-B-32-DataComp.XL-s13B-b90K//layer_0/neuron_723/hook_post/avg/top/neuron_723_layer_0_top_avg_hook_post.png
Saved image to /network/scratch/s/sonia.joseph/CLIP_AUDIT/sampled_images/CLIP-ViT-B-32-DataComp.XL-s13B-b90K//layer_0/neuron_723/hook_post/avg/bottom/neuron_723_layer_0_bottom_avg_hook_post.png
Activations shape for blocks.0.hook_mlp_out (49984, 50)
Type of sampling: average
Top sampled image indices for blocks.0.hook_mlp_out: [37369    17 46601 29987 27902 48068 34421 34488  8321 26453 25524 12045
  9437  6170 33948 27391 34233 33274 44083 35877]
Bottom sampled image indices for blocks.0.hook_mlp_out: [28314  6742 11098  2257 31884 42141 41314 23939 45201  8606 42313 25426
 37282 38860 46379 13427  5655 13313  2023 12524]
Neuron 377, Layer 0, Layer Type hook_mlp_out
Saved image to /network/scratch/s/sonia.joseph/CLIP_AUDIT/sampled_images/CLIP-ViT-B-32-DataComp.XL-s13B-b90K//layer_0/neuron_377/hook_mlp_out/avg/top/neuron_377_layer_0_top_avg_hook_mlp_out.png
Saved image to /network/scratch/s/sonia.joseph/CLIP_AUDIT/sampled_images/CLIP-ViT-B-32-DataComp.XL-s13B-b90K//layer_0/neuron_377/hook_mlp_out/avg/bottom/neuron_377_layer_0_bottom_avg_hook_mlp_out.png
Activations shape for blocks.0.hook_resid_post (49984, 50)
Type of sampling: average
Top sampled image indices for blocks.0.hook_resid_post: [28464 22448 25056 41650 20334  1391 40938 48549 43196 33821 36572 14989
  9212 43528 14564 44728 19910  7735 12047 31718]
Bottom sampled image indices for blocks.0.hook_resid_post: [11098 48217  5561 23939  8606 12795  2257 37282 36706 30973 38438  6742
 45246 41534  5655  5664 29588 38841 44238 27771]
Neuron 377, Layer 0, Layer Type hook_resid_post
Saved image to /network/scratch/s/sonia.joseph/CLIP_AUDIT/sampled_images/CLIP-ViT-B-32-DataComp.XL-s13B-b90K//layer_0/neuron_377/hook_resid_post/avg/top/neuron_377_layer_0_top_avg_hook_resid_post.png
Saved image to /network/scratch/s/sonia.joseph/CLIP_AUDIT/sampled_images/CLIP-ViT-B-32-DataComp.XL-s13B-b90K//layer_0/neuron_377/hook_resid_post/avg/bottom/neuron_377_layer_0_bottom_avg_hook_resid_post.png
Activations shape for blocks.0.mlp.hook_post (49984, 50)
Type of sampling: average
Top sampled image indices for blocks.0.mlp.hook_post: [49725 23324 10811 45342 49137 42364 43361 47071 17021 49913 48278 32475
  3720 29701 39107 29070 38796 36634  7579 20568]
Bottom sampled image indices for blocks.0.mlp.hook_post: [25978 35522  6635 12795 44155 48217 38438 24964 10132 17201 18866 42549
 30731  2702 17562 40233 19891 29806  4145 31764]
Neuron 377, Layer 0, Layer Type hook_post
Saved image to /network/scratch/s/sonia.joseph/CLIP_AUDIT/sampled_images/CLIP-ViT-B-32-DataComp.XL-s13B-b90K//layer_0/neuron_377/hook_post/avg/top/neuron_377_layer_0_top_avg_hook_post.png
Saved image to /network/scratch/s/sonia.joseph/CLIP_AUDIT/sampled_images/CLIP-ViT-B-32-DataComp.XL-s13B-b90K//layer_0/neuron_377/hook_post/avg/bottom/neuron_377_layer_0_bottom_avg_hook_post.png
Activations shape for blocks.0.hook_mlp_out (49984, 50)
Type of sampling: average
Top sampled image indices for blocks.0.hook_mlp_out: [13246 48068  7790  2257 33438  4000 15111   117  5561 35895 36706 42141
 46666 11098 40556 25426 28314  8606 37282 44496]
Bottom sampled image indices for blocks.0.hook_mlp_out: [12175 47044 36380 29701 31449 42795 30405 16449  8664 16793 49036 39084
 34231 21422 46779 48244 41005  1056 22141 28020]
Neuron 40, Layer 0, Layer Type hook_mlp_out
Saved image to /network/scratch/s/sonia.joseph/CLIP_AUDIT/sampled_images/CLIP-ViT-B-32-DataComp.XL-s13B-b90K//layer_0/neuron_40/hook_mlp_out/avg/top/neuron_40_layer_0_top_avg_hook_mlp_out.png
Saved image to /network/scratch/s/sonia.joseph/CLIP_AUDIT/sampled_images/CLIP-ViT-B-32-DataComp.XL-s13B-b90K//layer_0/neuron_40/hook_mlp_out/avg/bottom/neuron_40_layer_0_bottom_avg_hook_mlp_out.png
Activations shape for blocks.0.hook_resid_post (49984, 50)
Type of sampling: average
Top sampled image indices for blocks.0.hook_resid_post: [11449 33599 45606 30552 43418 36460 25426  3693  1566 33438  7076 42141
 36901 34139  4000 46666 26424 37282 22750 44496]
Bottom sampled image indices for blocks.0.hook_resid_post: [33441 26224 11873 26124 36703  5889 26051 31046 38240 40522 32574  5143
 36126 20435 14214 22687 42513 29756 35114 37048]
Neuron 40, Layer 0, Layer Type hook_resid_post
Saved image to /network/scratch/s/sonia.joseph/CLIP_AUDIT/sampled_images/CLIP-ViT-B-32-DataComp.XL-s13B-b90K//layer_0/neuron_40/hook_resid_post/avg/top/neuron_40_layer_0_top_avg_hook_resid_post.png
Saved image to /network/scratch/s/sonia.joseph/CLIP_AUDIT/sampled_images/CLIP-ViT-B-32-DataComp.XL-s13B-b90K//layer_0/neuron_40/hook_resid_post/avg/bottom/neuron_40_layer_0_bottom_avg_hook_resid_post.png
Activations shape for blocks.0.mlp.hook_post (49984, 50)
Type of sampling: average
Top sampled image indices for blocks.0.mlp.hook_post: [ 5126 48792 27381 15407 12250 36029 35540 37965 39532 35046 25872 37119
 33643 36774   519 27926 17947   928 34889 13337]
Bottom sampled image indices for blocks.0.mlp.hook_post: [ 5531 31493 34504 19396 32143 30175 36304 37054 12670 42446 44870 42046
  6018 40298  8750 29611   873 27553 40942 28233]
Neuron 40, Layer 0, Layer Type hook_post
Saved image to /network/scratch/s/sonia.joseph/CLIP_AUDIT/sampled_images/CLIP-ViT-B-32-DataComp.XL-s13B-b90K//layer_0/neuron_40/hook_post/avg/top/neuron_40_layer_0_top_avg_hook_post.png
Saved image to /network/scratch/s/sonia.joseph/CLIP_AUDIT/sampled_images/CLIP-ViT-B-32-DataComp.XL-s13B-b90K//layer_0/neuron_40/hook_post/avg/bottom/neuron_40_layer_0_bottom_avg_hook_post.png
Activations shape for blocks.0.hook_mlp_out (49984, 50)
Type of sampling: average
Top sampled image indices for blocks.0.hook_mlp_out: [37073 21831  6037 31607 44183 25439 42410 29715 47721 13587 10753 14302
  7952  2892 41380 28619 29784 31995 47296 18872]
Bottom sampled image indices for blocks.0.hook_mlp_out: [45201 27998 41690 42313 28314 12144 31796 32382 13088  9419 36244 35566
 43675 46096 29385  1694 14257 45507  2228 48853]
Neuron 622, Layer 0, Layer Type hook_mlp_out
Saved image to /network/scratch/s/sonia.joseph/CLIP_AUDIT/sampled_images/CLIP-ViT-B-32-DataComp.XL-s13B-b90K//layer_0/neuron_622/hook_mlp_out/avg/top/neuron_622_layer_0_top_avg_hook_mlp_out.png
Saved image to /network/scratch/s/sonia.joseph/CLIP_AUDIT/sampled_images/CLIP-ViT-B-32-DataComp.XL-s13B-b90K//layer_0/neuron_622/hook_mlp_out/avg/bottom/neuron_622_layer_0_bottom_avg_hook_mlp_out.png
Activations shape for blocks.0.hook_resid_post (49984, 50)
Type of sampling: average
Top sampled image indices for blocks.0.hook_resid_post: [31995 14908  3960 37073  5335 41594 15754 21831 41380 12659 31607 14302
 13587  2892 47721 25439 17556 28619 47296 18872]
Bottom sampled image indices for blocks.0.hook_resid_post: [45201  7790 41690 12144 27998 48853 47344 29385  1694 15236 28314 31796
  1833 14257 43675 45735 45246  4092  8606 32382]
Neuron 622, Layer 0, Layer Type hook_resid_post
Saved image to /network/scratch/s/sonia.joseph/CLIP_AUDIT/sampled_images/CLIP-ViT-B-32-DataComp.XL-s13B-b90K//layer_0/neuron_622/hook_resid_post/avg/top/neuron_622_layer_0_top_avg_hook_resid_post.png
Saved image to /network/scratch/s/sonia.joseph/CLIP_AUDIT/sampled_images/CLIP-ViT-B-32-DataComp.XL-s13B-b90K//layer_0/neuron_622/hook_resid_post/avg/bottom/neuron_622_layer_0_bottom_avg_hook_resid_post.png
Activations shape for blocks.0.mlp.hook_post (49984, 50)
Type of sampling: average
Top sampled image indices for blocks.0.mlp.hook_post: [31995 29784 19593 34200 43543 44849 41505  3063 11500 14833 28258 17852
 18453 22086 23452  9207 16600 33948  2710 39099]
Bottom sampled image indices for blocks.0.mlp.hook_post: [28314  8606 23939 44496 11098 41314 42141 25426 31884  2257 37282  6742
 30973 45201 32073 13197 11564 49535 19242 48217]
Neuron 622, Layer 0, Layer Type hook_post
Saved image to /network/scratch/s/sonia.joseph/CLIP_AUDIT/sampled_images/CLIP-ViT-B-32-DataComp.XL-s13B-b90K//layer_0/neuron_622/hook_post/avg/top/neuron_622_layer_0_top_avg_hook_post.png
Saved image to /network/scratch/s/sonia.joseph/CLIP_AUDIT/sampled_images/CLIP-ViT-B-32-DataComp.XL-s13B-b90K//layer_0/neuron_622/hook_post/avg/bottom/neuron_622_layer_0_bottom_avg_hook_post.png
Activations shape for blocks.0.hook_mlp_out (49984, 50)
Type of sampling: average
Top sampled image indices for blocks.0.hook_mlp_out: [ 6353 19155  6635 43102 36408 20100 33455 31437 47348 21949 20558   165
 31652 46380 22518  7167 41301 34962 48717 39299]
Bottom sampled image indices for blocks.0.hook_mlp_out: [28314 44496 37282 16747  8606  8160  1881 48893 25426 28578 27651  1920
 18364  7915 42141 22692 32915 14407 15605 14133]
Neuron 660, Layer 0, Layer Type hook_mlp_out
Saved image to /network/scratch/s/sonia.joseph/CLIP_AUDIT/sampled_images/CLIP-ViT-B-32-DataComp.XL-s13B-b90K//layer_0/neuron_660/hook_mlp_out/avg/top/neuron_660_layer_0_top_avg_hook_mlp_out.png
Saved image to /network/scratch/s/sonia.joseph/CLIP_AUDIT/sampled_images/CLIP-ViT-B-32-DataComp.XL-s13B-b90K//layer_0/neuron_660/hook_mlp_out/avg/bottom/neuron_660_layer_0_bottom_avg_hook_mlp_out.png
Activations shape for blocks.0.hook_resid_post (49984, 50)
Type of sampling: average
Top sampled image indices for blocks.0.hook_resid_post: [17033 39100  9844 20090 45253 12831 45389 17019  8779 26243 17342  7024
 17607 29265  3017 16449 42644 39299 25165 22922]
Bottom sampled image indices for blocks.0.hook_resid_post: [18647 31884 46002 44496 46506 45735 37282 41314 29446 20581 33438   695
 25426 20370 19952  9805 10451 45990 10898 42759]
Neuron 660, Layer 0, Layer Type hook_resid_post
Saved image to /network/scratch/s/sonia.joseph/CLIP_AUDIT/sampled_images/CLIP-ViT-B-32-DataComp.XL-s13B-b90K//layer_0/neuron_660/hook_resid_post/avg/top/neuron_660_layer_0_top_avg_hook_resid_post.png
Saved image to /network/scratch/s/sonia.joseph/CLIP_AUDIT/sampled_images/CLIP-ViT-B-32-DataComp.XL-s13B-b90K//layer_0/neuron_660/hook_resid_post/avg/bottom/neuron_660_layer_0_bottom_avg_hook_resid_post.png
Activations shape for blocks.0.mlp.hook_post (49984, 50)
Type of sampling: average
Top sampled image indices for blocks.0.mlp.hook_post: [37761 19593 44183 36323 39286 11278 33948 23452 28258 11500 47327 22378
  3063 34715 18453 22086 17852 16600  2710 39099]
Bottom sampled image indices for blocks.0.mlp.hook_post: [28314  8606 44496 11098 41314 31884 23939  2257 25426 42141 45201 37282
  6742 30973 32073 49535 13197 49130 19242 11564]
Neuron 660, Layer 0, Layer Type hook_post
Saved image to /network/scratch/s/sonia.joseph/CLIP_AUDIT/sampled_images/CLIP-ViT-B-32-DataComp.XL-s13B-b90K//layer_0/neuron_660/hook_post/avg/top/neuron_660_layer_0_top_avg_hook_post.png
Saved image to /network/scratch/s/sonia.joseph/CLIP_AUDIT/sampled_images/CLIP-ViT-B-32-DataComp.XL-s13B-b90K//layer_0/neuron_660/hook_post/avg/bottom/neuron_660_layer_0_bottom_avg_hook_post.png
Activations shape for blocks.0.hook_mlp_out (49984, 50)
Type of sampling: average
Top sampled image indices for blocks.0.hook_mlp_out: [16291 37798 18866 15028 13997 31302 25524 17673  6635 18802 38749 10748
 29086 15898  8321 31796 26695 26299 20559 39788]
Bottom sampled image indices for blocks.0.hook_mlp_out: [ 8750 22750 37831  7579  6339 38796  6631 21059 29070   307 32049 31954
 20668 48952 41795 24494 21730 45834 43320 29014]
Neuron 361, Layer 0, Layer Type hook_mlp_out
Saved image to /network/scratch/s/sonia.joseph/CLIP_AUDIT/sampled_images/CLIP-ViT-B-32-DataComp.XL-s13B-b90K//layer_0/neuron_361/hook_mlp_out/avg/top/neuron_361_layer_0_top_avg_hook_mlp_out.png
Saved image to /network/scratch/s/sonia.joseph/CLIP_AUDIT/sampled_images/CLIP-ViT-B-32-DataComp.XL-s13B-b90K//layer_0/neuron_361/hook_mlp_out/avg/bottom/neuron_361_layer_0_bottom_avg_hook_mlp_out.png
Activations shape for blocks.0.hook_resid_post (49984, 50)
Type of sampling: average
Top sampled image indices for blocks.0.hook_resid_post: [13389 28094 15327 29693 35954 34100 29115 31248 33725 25550 44970 22058
 10388 49130 37250 20813  1839 14968 43675  2023]
Bottom sampled image indices for blocks.0.hook_resid_post: [44496 37282 19242 40930 11098 33438 22750 46372 33948 37047  5750 11312
 27728 25888 28136  4090 47344 11708  8606 25426]
Neuron 361, Layer 0, Layer Type hook_resid_post
Saved image to /network/scratch/s/sonia.joseph/CLIP_AUDIT/sampled_images/CLIP-ViT-B-32-DataComp.XL-s13B-b90K//layer_0/neuron_361/hook_resid_post/avg/top/neuron_361_layer_0_top_avg_hook_resid_post.png
Saved image to /network/scratch/s/sonia.joseph/CLIP_AUDIT/sampled_images/CLIP-ViT-B-32-DataComp.XL-s13B-b90K//layer_0/neuron_361/hook_resid_post/avg/bottom/neuron_361_layer_0_bottom_avg_hook_resid_post.png
Activations shape for blocks.0.mlp.hook_post (49984, 50)
Type of sampling: average
Top sampled image indices for blocks.0.mlp.hook_post: [47977 36634 27471 48278 28942 29701 48407 32169 38234  5594 32962 28168
 44802 12747 30295 25753   116  3473 36706 28286]
Bottom sampled image indices for blocks.0.mlp.hook_post: [32616 16312  2026 13431 22086 17367 16449 15327  6888  5710 32892 17817
 45664 35913 11637 41209 41365 30597 11703 21268]
Neuron 361, Layer 0, Layer Type hook_post
Saved image to /network/scratch/s/sonia.joseph/CLIP_AUDIT/sampled_images/CLIP-ViT-B-32-DataComp.XL-s13B-b90K//layer_0/neuron_361/hook_post/avg/top/neuron_361_layer_0_top_avg_hook_post.png
Saved image to /network/scratch/s/sonia.joseph/CLIP_AUDIT/sampled_images/CLIP-ViT-B-32-DataComp.XL-s13B-b90K//layer_0/neuron_361/hook_post/avg/bottom/neuron_361_layer_0_bottom_avg_hook_post.png
Activations shape for blocks.0.hook_mlp_out (49984, 50)
Type of sampling: average
Top sampled image indices for blocks.0.hook_mlp_out: [26366 13347 40434 11837 27728 23536 44955 38491 41869 12955 17809 22777
  1086 41506 25872 25524 47244 18802 27998 31796]
Bottom sampled image indices for blocks.0.hook_mlp_out: [28314 44496 25426 11098 37282 22750 42141  6742  8606 23939  2257 32073
 41314 49535 30973 49130  3693 26424 21831  5561]
Neuron 272, Layer 0, Layer Type hook_mlp_out
Saved image to /network/scratch/s/sonia.joseph/CLIP_AUDIT/sampled_images/CLIP-ViT-B-32-DataComp.XL-s13B-b90K//layer_0/neuron_272/hook_mlp_out/avg/top/neuron_272_layer_0_top_avg_hook_mlp_out.png
Saved image to /network/scratch/s/sonia.joseph/CLIP_AUDIT/sampled_images/CLIP-ViT-B-32-DataComp.XL-s13B-b90K//layer_0/neuron_272/hook_mlp_out/avg/bottom/neuron_272_layer_0_bottom_avg_hook_mlp_out.png
Activations shape for blocks.0.hook_resid_post (49984, 50)
Type of sampling: average
Top sampled image indices for blocks.0.hook_resid_post: [15723 17836 41953 17271 21416 41312 37494 44490 11122 43949 38989 26299
 34889 29343 20929 44593 22007 14204 10469 31796]
Bottom sampled image indices for blocks.0.hook_resid_post: [28314 44496  2257 22750  6742  8606 37282 11098 19242 25426 32073 49535
 23939 42141 26424 29583 21160  5664 46372 19163]
Neuron 272, Layer 0, Layer Type hook_resid_post
Saved image to /network/scratch/s/sonia.joseph/CLIP_AUDIT/sampled_images/CLIP-ViT-B-32-DataComp.XL-s13B-b90K//layer_0/neuron_272/hook_resid_post/avg/top/neuron_272_layer_0_top_avg_hook_resid_post.png
Saved image to /network/scratch/s/sonia.joseph/CLIP_AUDIT/sampled_images/CLIP-ViT-B-32-DataComp.XL-s13B-b90K//layer_0/neuron_272/hook_resid_post/avg/bottom/neuron_272_layer_0_bottom_avg_hook_resid_post.png
Activations shape for blocks.0.mlp.hook_post (49984, 50)
Type of sampling: average
Top sampled image indices for blocks.0.mlp.hook_post: [37820 39107  3720  6881 28923 38796 43581 31954 45739 48407 28209 36830
 49913 40842 47977 29070 48278  7579 36634 29701]
Bottom sampled image indices for blocks.0.mlp.hook_post: [20718 33370 42920 45689 43710 48894 12795  2234 44598  8512 24245   407
 15327 20123 26961 28639 41654 29385  1072 45016]
Neuron 272, Layer 0, Layer Type hook_post
Saved image to /network/scratch/s/sonia.joseph/CLIP_AUDIT/sampled_images/CLIP-ViT-B-32-DataComp.XL-s13B-b90K//layer_0/neuron_272/hook_post/avg/top/neuron_272_layer_0_top_avg_hook_post.png
Saved image to /network/scratch/s/sonia.joseph/CLIP_AUDIT/sampled_images/CLIP-ViT-B-32-DataComp.XL-s13B-b90K//layer_0/neuron_272/hook_post/avg/bottom/neuron_272_layer_0_bottom_avg_hook_post.png
Activations shape for blocks.0.hook_mlp_out (49984, 50)
Type of sampling: average
Top sampled image indices for blocks.0.hook_mlp_out: [19541 29184   563 45308  2120 45245 12804   635 15855 18050 31736 24440
 30214 20462  3459 42825 32786 40904 23376 36402]
Bottom sampled image indices for blocks.0.hook_mlp_out: [47510 20410 38157 41781 36614 49130  6638 21059 42671 21235 17342 34287
 10496  2130 29321  9470 14665 41651 32926 22922]
Neuron 532, Layer 0, Layer Type hook_mlp_out
Saved image to /network/scratch/s/sonia.joseph/CLIP_AUDIT/sampled_images/CLIP-ViT-B-32-DataComp.XL-s13B-b90K//layer_0/neuron_532/hook_mlp_out/avg/top/neuron_532_layer_0_top_avg_hook_mlp_out.png
Saved image to /network/scratch/s/sonia.joseph/CLIP_AUDIT/sampled_images/CLIP-ViT-B-32-DataComp.XL-s13B-b90K//layer_0/neuron_532/hook_mlp_out/avg/bottom/neuron_532_layer_0_bottom_avg_hook_mlp_out.png
Activations shape for blocks.0.hook_resid_post (49984, 50)
Type of sampling: average
Top sampled image indices for blocks.0.hook_resid_post: [20150 12223 13958 22180 27656 47940 44043  8073 20122 11088 19165 49646
 41774 22305 14687 19103 25253  1440  2555 31028]
Bottom sampled image indices for blocks.0.hook_resid_post: [23331  5116 44496 32384 31401 47124 10225 22750  1639  4818 17829 30850
 24710 46506  4000 35638 18647 23459 43004  2411]
Neuron 532, Layer 0, Layer Type hook_resid_post
Saved image to /network/scratch/s/sonia.joseph/CLIP_AUDIT/sampled_images/CLIP-ViT-B-32-DataComp.XL-s13B-b90K//layer_0/neuron_532/hook_resid_post/avg/top/neuron_532_layer_0_top_avg_hook_resid_post.png
Saved image to /network/scratch/s/sonia.joseph/CLIP_AUDIT/sampled_images/CLIP-ViT-B-32-DataComp.XL-s13B-b90K//layer_0/neuron_532/hook_resid_post/avg/bottom/neuron_532_layer_0_bottom_avg_hook_resid_post.png
Activations shape for blocks.0.mlp.hook_post (49984, 50)
Type of sampling: average
Top sampled image indices for blocks.0.mlp.hook_post: [  167 21864  5333  7885 36451 23766 33608   450  2341  7649 47076 20956
 17932 29175 10157 24297 34845 20684 10373 18167]
Bottom sampled image indices for blocks.0.mlp.hook_post: [20410 47405   298 43764 16628 17793  9563 40898 46171 38438  7641  4104
 22922 36614  7171 30399   370 36510 38630  9553]
Neuron 532, Layer 0, Layer Type hook_post
Saved image to /network/scratch/s/sonia.joseph/CLIP_AUDIT/sampled_images/CLIP-ViT-B-32-DataComp.XL-s13B-b90K//layer_0/neuron_532/hook_post/avg/top/neuron_532_layer_0_top_avg_hook_post.png
Saved image to /network/scratch/s/sonia.joseph/CLIP_AUDIT/sampled_images/CLIP-ViT-B-32-DataComp.XL-s13B-b90K//layer_0/neuron_532/hook_post/avg/bottom/neuron_532_layer_0_bottom_avg_hook_post.png
Activations shape for blocks.0.hook_mlp_out (49984, 50)
Type of sampling: average
Top sampled image indices for blocks.0.hook_mlp_out: [13801 23171  3610  2159  1886 20907 43889 26604 28233 48905 47541 34963
 43770 30603 46522 21235 30175 31743 22922  4173]
Bottom sampled image indices for blocks.0.hook_mlp_out: [25524 29098  8512   263 34865 21308  5800 18222 18199 24906  8677 44382
  3513 49500 42396 17201 11983 25793 13953 15518]
Neuron 732, Layer 0, Layer Type hook_mlp_out
Saved image to /network/scratch/s/sonia.joseph/CLIP_AUDIT/sampled_images/CLIP-ViT-B-32-DataComp.XL-s13B-b90K//layer_0/neuron_732/hook_mlp_out/avg/top/neuron_732_layer_0_top_avg_hook_mlp_out.png
Saved image to /network/scratch/s/sonia.joseph/CLIP_AUDIT/sampled_images/CLIP-ViT-B-32-DataComp.XL-s13B-b90K//layer_0/neuron_732/hook_mlp_out/avg/bottom/neuron_732_layer_0_bottom_avg_hook_mlp_out.png
Activations shape for blocks.0.hook_resid_post (49984, 50)
Type of sampling: average
Top sampled image indices for blocks.0.hook_resid_post: [49228 16319  5773 43634 49507  7789 41314 25688  4793 39053 31796 31884
   695 11875 27345 22376 37047 28725  3537 25426]
Bottom sampled image indices for blocks.0.hook_resid_post: [38438 17607 43072 27623  2860  9619 17367  6851 23418 31811  3576 39137
 48804 31241 21502 22689 20640 11778 47847  3677]
Neuron 732, Layer 0, Layer Type hook_resid_post
Saved image to /network/scratch/s/sonia.joseph/CLIP_AUDIT/sampled_images/CLIP-ViT-B-32-DataComp.XL-s13B-b90K//layer_0/neuron_732/hook_resid_post/avg/top/neuron_732_layer_0_top_avg_hook_resid_post.png
Saved image to /network/scratch/s/sonia.joseph/CLIP_AUDIT/sampled_images/CLIP-ViT-B-32-DataComp.XL-s13B-b90K//layer_0/neuron_732/hook_resid_post/avg/bottom/neuron_732_layer_0_bottom_avg_hook_resid_post.png
Activations shape for blocks.0.mlp.hook_post (49984, 50)
Type of sampling: average
Top sampled image indices for blocks.0.mlp.hook_post: [28480 49309 37060  9090 48509 47709 32047  6365 29729 30505 44137 24732
  4713 17576  5097 41205 28125  3079 26432 32946]
Bottom sampled image indices for blocks.0.mlp.hook_post: [25426 41314  5531 44496  7790 22922 19148 45917 20078 38122 37627 28314
 47256 21150 42141 11760 30640  4173 25592   323]
Neuron 732, Layer 0, Layer Type hook_post
Saved image to /network/scratch/s/sonia.joseph/CLIP_AUDIT/sampled_images/CLIP-ViT-B-32-DataComp.XL-s13B-b90K//layer_0/neuron_732/hook_post/avg/top/neuron_732_layer_0_top_avg_hook_post.png
Saved image to /network/scratch/s/sonia.joseph/CLIP_AUDIT/sampled_images/CLIP-ViT-B-32-DataComp.XL-s13B-b90K//layer_0/neuron_732/hook_post/avg/bottom/neuron_732_layer_0_bottom_avg_hook_post.png
Activations shape for blocks.0.hook_mlp_out (49984, 50)
Type of sampling: average
Top sampled image indices for blocks.0.hook_mlp_out: [ 4760 35684 34525 39455 16231 23084 43105 33527 33936  7434 37654 46647
   481 43758 19404 41059  4268 16374 42009 15444]
Bottom sampled image indices for blocks.0.hook_mlp_out: [35076 41781 24691 40696 28581 20450 22637 21115 25967 41193 17852 49509
 12461 12132 16888 47013 20635 34748 18640 41395]
Neuron 246, Layer 0, Layer Type hook_mlp_out
Saved image to /network/scratch/s/sonia.joseph/CLIP_AUDIT/sampled_images/CLIP-ViT-B-32-DataComp.XL-s13B-b90K//layer_0/neuron_246/hook_mlp_out/avg/top/neuron_246_layer_0_top_avg_hook_mlp_out.png
Saved image to /network/scratch/s/sonia.joseph/CLIP_AUDIT/sampled_images/CLIP-ViT-B-32-DataComp.XL-s13B-b90K//layer_0/neuron_246/hook_mlp_out/avg/bottom/neuron_246_layer_0_bottom_avg_hook_mlp_out.png
Activations shape for blocks.0.hook_resid_post (49984, 50)
Type of sampling: average
Top sampled image indices for blocks.0.hook_resid_post: [41206 45952 13868  9844  6263 16265 19446 19574  3537 27709 37524 44548
 11564 45296 39124 18715 35540 49130 22750 11098]
Bottom sampled image indices for blocks.0.hook_resid_post: [ 1762 21832 49220 13449 49124   407 34281 42981 13000 35304 48068 26352
 25716 32575 20416 38421 15607  4616  1091  7790]
Neuron 246, Layer 0, Layer Type hook_resid_post
Saved image to /network/scratch/s/sonia.joseph/CLIP_AUDIT/sampled_images/CLIP-ViT-B-32-DataComp.XL-s13B-b90K//layer_0/neuron_246/hook_resid_post/avg/top/neuron_246_layer_0_top_avg_hook_resid_post.png
Saved image to /network/scratch/s/sonia.joseph/CLIP_AUDIT/sampled_images/CLIP-ViT-B-32-DataComp.XL-s13B-b90K//layer_0/neuron_246/hook_resid_post/avg/bottom/neuron_246_layer_0_bottom_avg_hook_resid_post.png
Activations shape for blocks.0.mlp.hook_post (49984, 50)
Type of sampling: average
Top sampled image indices for blocks.0.mlp.hook_post: [  528 18947 44183 39099  5338 37473 13491 29874 16346 45579 18612 43394
 16600 28027  9207 15219 22378 17852 12878 34715]
Bottom sampled image indices for blocks.0.mlp.hook_post: [28314 20410 42141 44496  2257 25426  8606 49130 37282 11098 41314 23939
 22496  6638 45201  6742   762 31884 42313 45735]
Neuron 246, Layer 0, Layer Type hook_post
Saved image to /network/scratch/s/sonia.joseph/CLIP_AUDIT/sampled_images/CLIP-ViT-B-32-DataComp.XL-s13B-b90K//layer_0/neuron_246/hook_post/avg/top/neuron_246_layer_0_top_avg_hook_post.png
Saved image to /network/scratch/s/sonia.joseph/CLIP_AUDIT/sampled_images/CLIP-ViT-B-32-DataComp.XL-s13B-b90K//layer_0/neuron_246/hook_post/avg/bottom/neuron_246_layer_0_bottom_avg_hook_post.png
Activations shape for blocks.0.hook_mlp_out (49984, 50)
Type of sampling: average
Top sampled image indices for blocks.0.hook_mlp_out: [33599  7952 25145 24191  9005 24170 38584 43701 43246 19285 45428 40387
 23479  6263 34200 27391  8800 14239 31587 27029]
Bottom sampled image indices for blocks.0.hook_mlp_out: [29098   531 19891 39816 23673 47154 23564 12920 12067 15671 43018 44670
 35903  9069 13347 29611 28820 49811 15580 27980]
Neuron 437, Layer 0, Layer Type hook_mlp_out
Saved image to /network/scratch/s/sonia.joseph/CLIP_AUDIT/sampled_images/CLIP-ViT-B-32-DataComp.XL-s13B-b90K//layer_0/neuron_437/hook_mlp_out/avg/top/neuron_437_layer_0_top_avg_hook_mlp_out.png
Saved image to /network/scratch/s/sonia.joseph/CLIP_AUDIT/sampled_images/CLIP-ViT-B-32-DataComp.XL-s13B-b90K//layer_0/neuron_437/hook_mlp_out/avg/bottom/neuron_437_layer_0_bottom_avg_hook_mlp_out.png
Activations shape for blocks.0.hook_resid_post (49984, 50)
Type of sampling: average
Top sampled image indices for blocks.0.hook_resid_post: [49969 30344 16137 14621 49878 23408  3209 32042 14938 20334 18289  4921
 45503 38584  7708 33438 40119  7952 42214 41314]
Bottom sampled image indices for blocks.0.hook_resid_post: [40930  8606 49130 28314  8630  4145 39313   762 39828 45296  6635 27771
 32438 27878 24121 44970 46522 44602  1694 14044]
Neuron 437, Layer 0, Layer Type hook_resid_post
Saved image to /network/scratch/s/sonia.joseph/CLIP_AUDIT/sampled_images/CLIP-ViT-B-32-DataComp.XL-s13B-b90K//layer_0/neuron_437/hook_resid_post/avg/top/neuron_437_layer_0_top_avg_hook_resid_post.png
Saved image to /network/scratch/s/sonia.joseph/CLIP_AUDIT/sampled_images/CLIP-ViT-B-32-DataComp.XL-s13B-b90K//layer_0/neuron_437/hook_resid_post/avg/bottom/neuron_437_layer_0_bottom_avg_hook_resid_post.png
Activations shape for blocks.0.mlp.hook_post (49984, 50)
Type of sampling: average
Top sampled image indices for blocks.0.mlp.hook_post: [ 9599 10117 37081 11225 38744   105  5601  9265  4362 40460 16475 22462
 12512 41197  9549 19144 39210 15331 37862 19636]
Bottom sampled image indices for blocks.0.mlp.hook_post: [48837  3247  3303 39024 25592 33186 11637 41209  6638 47154  3865  7381
 27553 39159 21871 48893  3620 41623   258 35522]
Neuron 437, Layer 0, Layer Type hook_post
Saved image to /network/scratch/s/sonia.joseph/CLIP_AUDIT/sampled_images/CLIP-ViT-B-32-DataComp.XL-s13B-b90K//layer_0/neuron_437/hook_post/avg/top/neuron_437_layer_0_top_avg_hook_post.png
Saved image to /network/scratch/s/sonia.joseph/CLIP_AUDIT/sampled_images/CLIP-ViT-B-32-DataComp.XL-s13B-b90K//layer_0/neuron_437/hook_post/avg/bottom/neuron_437_layer_0_bottom_avg_hook_post.png
Activations shape for blocks.0.hook_mlp_out (49984, 50)
Type of sampling: average
Top sampled image indices for blocks.0.hook_mlp_out: [ 6638 43386 31796  7952 36327 14139 42141 21059 20424  7790 13032  8606
 44526 31951 44218 42313 44496 38742 37282  3146]
Bottom sampled image indices for blocks.0.hook_mlp_out: [ 2755 30084 24473 25524 43107 27508 49066 35809 32224 45302 49655 18506
  9620 13347  6155  3112 25947 26299 15232 27709]
Neuron 72, Layer 0, Layer Type hook_mlp_out
Saved image to /network/scratch/s/sonia.joseph/CLIP_AUDIT/sampled_images/CLIP-ViT-B-32-DataComp.XL-s13B-b90K//layer_0/neuron_72/hook_mlp_out/avg/top/neuron_72_layer_0_top_avg_hook_mlp_out.png
Saved image to /network/scratch/s/sonia.joseph/CLIP_AUDIT/sampled_images/CLIP-ViT-B-32-DataComp.XL-s13B-b90K//layer_0/neuron_72/hook_mlp_out/avg/bottom/neuron_72_layer_0_bottom_avg_hook_mlp_out.png
Activations shape for blocks.0.hook_resid_post (49984, 50)
Type of sampling: average
Top sampled image indices for blocks.0.hook_resid_post: [36817  2719 41314  4346  7787 12795  5245 30973  1762 16003 45990 30084
 47705 47522 23435 49535 25426 45201 42141 22750]
Bottom sampled image indices for blocks.0.hook_resid_post: [ 4921 41310 17271  6635 34889 16514  2008 41481 23878 10084  5660 18866
 49956 32755 10741 29429  8571 35111  4424 16160]
Neuron 72, Layer 0, Layer Type hook_resid_post
Saved image to /network/scratch/s/sonia.joseph/CLIP_AUDIT/sampled_images/CLIP-ViT-B-32-DataComp.XL-s13B-b90K//layer_0/neuron_72/hook_resid_post/avg/top/neuron_72_layer_0_top_avg_hook_resid_post.png
Saved image to /network/scratch/s/sonia.joseph/CLIP_AUDIT/sampled_images/CLIP-ViT-B-32-DataComp.XL-s13B-b90K//layer_0/neuron_72/hook_resid_post/avg/bottom/neuron_72_layer_0_bottom_avg_hook_resid_post.png
Activations shape for blocks.0.mlp.hook_post (49984, 50)
Type of sampling: average
Top sampled image indices for blocks.0.mlp.hook_post: [44329 32064  5114 33770 12049 45171 17084 19597 33432 44506 27627  6560
 49721 16495 49530 18997  4983  5633 19697 29784]
Bottom sampled image indices for blocks.0.mlp.hook_post: [42261 44920 12161 40403  3418 42851 13792 25269 32283 11917 36968 41180
 26715 21967 21268  5265 28214 11368 26732 32616]
Neuron 72, Layer 0, Layer Type hook_post
Saved image to /network/scratch/s/sonia.joseph/CLIP_AUDIT/sampled_images/CLIP-ViT-B-32-DataComp.XL-s13B-b90K//layer_0/neuron_72/hook_post/avg/top/neuron_72_layer_0_top_avg_hook_post.png
Saved image to /network/scratch/s/sonia.joseph/CLIP_AUDIT/sampled_images/CLIP-ViT-B-32-DataComp.XL-s13B-b90K//layer_0/neuron_72/hook_post/avg/bottom/neuron_72_layer_0_bottom_avg_hook_post.png
Activations shape for blocks.0.hook_mlp_out (49984, 50)
Type of sampling: average
Top sampled image indices for blocks.0.hook_mlp_out: [ 6558 17852 21305 40688 31990 24551 47273  4173   117 42958 36642 40156
 38287 11500  3063 16600  2710 28258 21871 39099]
Bottom sampled image indices for blocks.0.hook_mlp_out: [31796 27998  1833 33214 41690  3537 25835 45201  7790  5655 18802 18496
 31884 45606 15236 15779  6684 43279 15327 24683]
Neuron 334, Layer 0, Layer Type hook_mlp_out
Saved image to /network/scratch/s/sonia.joseph/CLIP_AUDIT/sampled_images/CLIP-ViT-B-32-DataComp.XL-s13B-b90K//layer_0/neuron_334/hook_mlp_out/avg/top/neuron_334_layer_0_top_avg_hook_mlp_out.png
Saved image to /network/scratch/s/sonia.joseph/CLIP_AUDIT/sampled_images/CLIP-ViT-B-32-DataComp.XL-s13B-b90K//layer_0/neuron_334/hook_mlp_out/avg/bottom/neuron_334_layer_0_bottom_avg_hook_mlp_out.png
Activations shape for blocks.0.hook_resid_post (49984, 50)
Type of sampling: average
Top sampled image indices for blocks.0.hook_resid_post: [17114   983 20907 45067 48993 31743 47541 35582 24505 47256 24452 47510
 28233 24691 14804  8682  4173 21235 13801  3610]
Bottom sampled image indices for blocks.0.hook_resid_post: [31796 27998  1833 33214  7790 41690  3537 43279 45201  5655 23869 22177
  5175 15236  1566 25835 18802 45246 25728 18496]
Neuron 334, Layer 0, Layer Type hook_resid_post
Saved image to /network/scratch/s/sonia.joseph/CLIP_AUDIT/sampled_images/CLIP-ViT-B-32-DataComp.XL-s13B-b90K//layer_0/neuron_334/hook_resid_post/avg/top/neuron_334_layer_0_top_avg_hook_resid_post.png
Saved image to /network/scratch/s/sonia.joseph/CLIP_AUDIT/sampled_images/CLIP-ViT-B-32-DataComp.XL-s13B-b90K//layer_0/neuron_334/hook_resid_post/avg/bottom/neuron_334_layer_0_bottom_avg_hook_resid_post.png
Activations shape for blocks.0.mlp.hook_post (49984, 50)
Type of sampling: average
Top sampled image indices for blocks.0.mlp.hook_post: [21798  6755 11500 47236 47327 16600 36233 46386  9907 24623 19988 18052
  8675 30364  2022 42550 30685 24374 21772 42338]
Bottom sampled image indices for blocks.0.mlp.hook_post: [36231  1948 16088 26876 45366 19810 27223 38554 23939 14167 10699  6287
 37282 43941 48853 39243 15028  7790   241 12539]
Neuron 334, Layer 0, Layer Type hook_post
Saved image to /network/scratch/s/sonia.joseph/CLIP_AUDIT/sampled_images/CLIP-ViT-B-32-DataComp.XL-s13B-b90K//layer_0/neuron_334/hook_post/avg/top/neuron_334_layer_0_top_avg_hook_post.png
Saved image to /network/scratch/s/sonia.joseph/CLIP_AUDIT/sampled_images/CLIP-ViT-B-32-DataComp.XL-s13B-b90K//layer_0/neuron_334/hook_post/avg/bottom/neuron_334_layer_0_bottom_avg_hook_post.png
Activations shape for blocks.0.hook_mlp_out (49984, 50)
Type of sampling: average
Top sampled image indices for blocks.0.hook_mlp_out: [37052 46925  7790  9889 41690 49493 37459 48317 31943 15714 24964 36944
 31146 47348  9558 35903  3564  1900 18196 31796]
Bottom sampled image indices for blocks.0.hook_mlp_out: [28979 46981 11961 49707 41209  1526 11703  4022 45470 24473 11637 38040
 15017 33470 16312 17367  6071   687 20654 24610]
Neuron 289, Layer 0, Layer Type hook_mlp_out
Saved image to /network/scratch/s/sonia.joseph/CLIP_AUDIT/sampled_images/CLIP-ViT-B-32-DataComp.XL-s13B-b90K//layer_0/neuron_289/hook_mlp_out/avg/top/neuron_289_layer_0_top_avg_hook_mlp_out.png
Saved image to /network/scratch/s/sonia.joseph/CLIP_AUDIT/sampled_images/CLIP-ViT-B-32-DataComp.XL-s13B-b90K//layer_0/neuron_289/hook_mlp_out/avg/bottom/neuron_289_layer_0_bottom_avg_hook_mlp_out.png
Activations shape for blocks.0.hook_resid_post (49984, 50)
Type of sampling: average
Top sampled image indices for blocks.0.hook_resid_post: [35954  6104 19125 29482 14227 35973  6449 35671   117 16559 49185 20929
  9164 28431   520 45201 45076 23476 41859 15327]
Bottom sampled image indices for blocks.0.hook_resid_post: [41314 38860  3337 28639 20193 28094 39215 19294 38491 18742 37047 29798
 35290 10837 26195  4738  8095 27994 42920 26424]
Neuron 289, Layer 0, Layer Type hook_resid_post
Saved image to /network/scratch/s/sonia.joseph/CLIP_AUDIT/sampled_images/CLIP-ViT-B-32-DataComp.XL-s13B-b90K//layer_0/neuron_289/hook_resid_post/avg/top/neuron_289_layer_0_top_avg_hook_resid_post.png
Saved image to /network/scratch/s/sonia.joseph/CLIP_AUDIT/sampled_images/CLIP-ViT-B-32-DataComp.XL-s13B-b90K//layer_0/neuron_289/hook_resid_post/avg/bottom/neuron_289_layer_0_bottom_avg_hook_resid_post.png
Activations shape for blocks.0.mlp.hook_post (49984, 50)
Type of sampling: average
Top sampled image indices for blocks.0.mlp.hook_post: [ 7887  3063 42642   100 45574 44183 23106 17031 21871 36961   547 39099
 22086  7501 11278 25251 47650 21967 29784 36642]
Bottom sampled image indices for blocks.0.mlp.hook_post: [24034 17584 25446 24427 32985 16769   576 15579 37713 41781  2828 24879
 26765 23746 47345 13814 46773 34231 26884 22391]
Neuron 289, Layer 0, Layer Type hook_post
Saved image to /network/scratch/s/sonia.joseph/CLIP_AUDIT/sampled_images/CLIP-ViT-B-32-DataComp.XL-s13B-b90K//layer_0/neuron_289/hook_post/avg/top/neuron_289_layer_0_top_avg_hook_post.png
Saved image to /network/scratch/s/sonia.joseph/CLIP_AUDIT/sampled_images/CLIP-ViT-B-32-DataComp.XL-s13B-b90K//layer_0/neuron_289/hook_post/avg/bottom/neuron_289_layer_0_bottom_avg_hook_post.png
Activations shape for blocks.0.hook_mlp_out (49984, 50)
Type of sampling: average
Top sampled image indices for blocks.0.hook_mlp_out: [37369 12000 42368 38930  8312 30714  8677 36578 27709 42093 37970 47741
 13229 24610 48905 16374 17607 13730 17462 26299]
Bottom sampled image indices for blocks.0.hook_mlp_out: [28314 45201 31796  8606 27998 31884  7790 44496  2257 11098 25426 41690
  7952 37282 46372 40556 41314 23939 49130 13197]
Neuron 651, Layer 0, Layer Type hook_mlp_out
Saved image to /network/scratch/s/sonia.joseph/CLIP_AUDIT/sampled_images/CLIP-ViT-B-32-DataComp.XL-s13B-b90K//layer_0/neuron_651/hook_mlp_out/avg/top/neuron_651_layer_0_top_avg_hook_mlp_out.png
Saved image to /network/scratch/s/sonia.joseph/CLIP_AUDIT/sampled_images/CLIP-ViT-B-32-DataComp.XL-s13B-b90K//layer_0/neuron_651/hook_mlp_out/avg/bottom/neuron_651_layer_0_bottom_avg_hook_mlp_out.png
Activations shape for blocks.0.hook_resid_post (49984, 50)
Type of sampling: average
Top sampled image indices for blocks.0.hook_resid_post: [39224 24452  7955 40992 39554 44310 48438 17513  4041 11290 14797 20794
 27562 19781 32010 30130 18868 46427 11308  4921]
Bottom sampled image indices for blocks.0.hook_resid_post: [28314 37282 25426 31884  8606 27998 45201  2257 44496  7790 11098 16514
 31796 12955 41690 46372 23939  7952 28639 13197]
Neuron 651, Layer 0, Layer Type hook_resid_post
Saved image to /network/scratch/s/sonia.joseph/CLIP_AUDIT/sampled_images/CLIP-ViT-B-32-DataComp.XL-s13B-b90K//layer_0/neuron_651/hook_resid_post/avg/top/neuron_651_layer_0_top_avg_hook_resid_post.png
Saved image to /network/scratch/s/sonia.joseph/CLIP_AUDIT/sampled_images/CLIP-ViT-B-32-DataComp.XL-s13B-b90K//layer_0/neuron_651/hook_resid_post/avg/bottom/neuron_651_layer_0_bottom_avg_hook_resid_post.png
Activations shape for blocks.0.mlp.hook_post (49984, 50)
Type of sampling: average
Top sampled image indices for blocks.0.mlp.hook_post: [49013 31472 20963 14771 29302 30294 25407 13054 38916 37761 38612 14993
  7958  7216 36761 26593 42696 36183 28619 31183]
Bottom sampled image indices for blocks.0.mlp.hook_post: [16449 32247 18947 13874  3513 41624 14264 24552  7282 34715 22378 30387
 10065 23531 41195  9992 37109 43394   263  9784]
Neuron 651, Layer 0, Layer Type hook_post
Saved image to /network/scratch/s/sonia.joseph/CLIP_AUDIT/sampled_images/CLIP-ViT-B-32-DataComp.XL-s13B-b90K//layer_0/neuron_651/hook_post/avg/top/neuron_651_layer_0_top_avg_hook_post.png
Saved image to /network/scratch/s/sonia.joseph/CLIP_AUDIT/sampled_images/CLIP-ViT-B-32-DataComp.XL-s13B-b90K//layer_0/neuron_651/hook_post/avg/bottom/neuron_651_layer_0_bottom_avg_hook_post.png
Activations shape for blocks.0.hook_mlp_out (49984, 50)
Type of sampling: average
Top sampled image indices for blocks.0.hook_mlp_out: [41534  1091 41021 37677 44774 43778 14204  4183 18999 27202 43279 16852
  1086 33214 15150 27090 13563 15327 27998 31796]
Bottom sampled image indices for blocks.0.hook_mlp_out: [28314 44496  6742 41314 23939 25426  2257  8606 11098 42141 19242 30973
 32073 48217 37282 49130 49535 29385  3815  1762]
Neuron 204, Layer 0, Layer Type hook_mlp_out
Saved image to /network/scratch/s/sonia.joseph/CLIP_AUDIT/sampled_images/CLIP-ViT-B-32-DataComp.XL-s13B-b90K//layer_0/neuron_204/hook_mlp_out/avg/top/neuron_204_layer_0_top_avg_hook_mlp_out.png
Saved image to /network/scratch/s/sonia.joseph/CLIP_AUDIT/sampled_images/CLIP-ViT-B-32-DataComp.XL-s13B-b90K//layer_0/neuron_204/hook_mlp_out/avg/bottom/neuron_204_layer_0_bottom_avg_hook_mlp_out.png
Activations shape for blocks.0.hook_resid_post (49984, 50)
Type of sampling: average
Top sampled image indices for blocks.0.hook_resid_post: [ 8277 37437  1406 19884  4959  9768 12826 30382 47058 47267 18802 32294
 34527 27998 12536 29343 10899 21561 10748 33746]
Bottom sampled image indices for blocks.0.hook_resid_post: [28314 44496  5561  8606 48217 32073 41314 23939  3441 25943 31884  5664
 19242  2257 36437 28082 46506 30084 27771 11732]
Neuron 204, Layer 0, Layer Type hook_resid_post
Saved image to /network/scratch/s/sonia.joseph/CLIP_AUDIT/sampled_images/CLIP-ViT-B-32-DataComp.XL-s13B-b90K//layer_0/neuron_204/hook_resid_post/avg/top/neuron_204_layer_0_top_avg_hook_resid_post.png
Saved image to /network/scratch/s/sonia.joseph/CLIP_AUDIT/sampled_images/CLIP-ViT-B-32-DataComp.XL-s13B-b90K//layer_0/neuron_204/hook_resid_post/avg/bottom/neuron_204_layer_0_bottom_avg_hook_resid_post.png
Activations shape for blocks.0.mlp.hook_post (49984, 50)
Type of sampling: average
Top sampled image indices for blocks.0.mlp.hook_post: [19778 34889 39221 40794 28996 31981 27422 43607 33434 44496 27728 14975
 19242 49346 30348 12304 11708 27926 16991 25872]
Bottom sampled image indices for blocks.0.mlp.hook_post: [47327 41505 43246 20309  1081 40341 11995 33480  5746 39798 15368 32917
  6183 43701 42320 34473 43904 10842 15567 34200]
Neuron 204, Layer 0, Layer Type hook_post
Saved image to /network/scratch/s/sonia.joseph/CLIP_AUDIT/sampled_images/CLIP-ViT-B-32-DataComp.XL-s13B-b90K//layer_0/neuron_204/hook_post/avg/top/neuron_204_layer_0_top_avg_hook_post.png
Saved image to /network/scratch/s/sonia.joseph/CLIP_AUDIT/sampled_images/CLIP-ViT-B-32-DataComp.XL-s13B-b90K//layer_0/neuron_204/hook_post/avg/bottom/neuron_204_layer_0_bottom_avg_hook_post.png
Activations shape for blocks.0.hook_mlp_out (49984, 50)
Type of sampling: average
Top sampled image indices for blocks.0.hook_mlp_out: [14475 31378 37779  1703 32852 12918  5377 17323  8682 38321 23536 31890
 41934 41128   495 46118 31710 14638 24473 23673]
Bottom sampled image indices for blocks.0.hook_mlp_out: [31201 14938 44939  4000 29385 15327 32061 49200 21277 20396 16265 29271
  2953 22692 21901 12000   206 49983 41450 35327]
Neuron 64, Layer 0, Layer Type hook_mlp_out
Saved image to /network/scratch/s/sonia.joseph/CLIP_AUDIT/sampled_images/CLIP-ViT-B-32-DataComp.XL-s13B-b90K//layer_0/neuron_64/hook_mlp_out/avg/top/neuron_64_layer_0_top_avg_hook_mlp_out.png
Saved image to /network/scratch/s/sonia.joseph/CLIP_AUDIT/sampled_images/CLIP-ViT-B-32-DataComp.XL-s13B-b90K//layer_0/neuron_64/hook_mlp_out/avg/bottom/neuron_64_layer_0_bottom_avg_hook_mlp_out.png
Activations shape for blocks.0.hook_resid_post (49984, 50)
Type of sampling: average
Top sampled image indices for blocks.0.hook_resid_post: [39227  3404 44470   983 49185 47256 38505 29071 22383 14938 47510  8512
 40939   762 36614 42195 38438 26299 30084 16265]
Bottom sampled image indices for blocks.0.hook_resid_post: [19332 28434 26961 42026 46310 45246 17826 19242 43710 31884 39251 44004
 46112 42740 34110 26524 33506 28639 13070 41206]
Neuron 64, Layer 0, Layer Type hook_resid_post
Saved image to /network/scratch/s/sonia.joseph/CLIP_AUDIT/sampled_images/CLIP-ViT-B-32-DataComp.XL-s13B-b90K//layer_0/neuron_64/hook_resid_post/avg/top/neuron_64_layer_0_top_avg_hook_resid_post.png
Saved image to /network/scratch/s/sonia.joseph/CLIP_AUDIT/sampled_images/CLIP-ViT-B-32-DataComp.XL-s13B-b90K//layer_0/neuron_64/hook_resid_post/avg/bottom/neuron_64_layer_0_bottom_avg_hook_resid_post.png
Activations shape for blocks.0.mlp.hook_post (49984, 50)
Type of sampling: average
Top sampled image indices for blocks.0.mlp.hook_post: [24494 39099 49137 34467 18527  9259 31954 12943 39107 48278 36634 38796
 10811 49913 47071 20568  3720 49556 29070  7579]
Bottom sampled image indices for blocks.0.mlp.hook_post: [20410 16449   298 14967  5388 12007 35827 30276 16747 49714 11760 49925
 18581 35566 22724  5244  5330 25920 30097 30432]
Neuron 64, Layer 0, Layer Type hook_post
Saved image to /network/scratch/s/sonia.joseph/CLIP_AUDIT/sampled_images/CLIP-ViT-B-32-DataComp.XL-s13B-b90K//layer_0/neuron_64/hook_post/avg/top/neuron_64_layer_0_top_avg_hook_post.png
Saved image to /network/scratch/s/sonia.joseph/CLIP_AUDIT/sampled_images/CLIP-ViT-B-32-DataComp.XL-s13B-b90K//layer_0/neuron_64/hook_post/avg/bottom/neuron_64_layer_0_bottom_avg_hook_post.png
Activations shape for blocks.0.hook_mlp_out (49984, 50)
Type of sampling: average
Top sampled image indices for blocks.0.hook_mlp_out: [39058  6721 13627  9733  7874 25640 36768 12878 28027 37473 34200  5338
 27513 37797 14833 21583 44895   528 15219  9207]
Bottom sampled image indices for blocks.0.hook_mlp_out: [40067 32743 42810 36285  8020 32959 21529 13054 46292 23643 43289 35482
 17430  3618 37399 40249 35169 32306 30725 11798]
Neuron 191, Layer 0, Layer Type hook_mlp_out
Saved image to /network/scratch/s/sonia.joseph/CLIP_AUDIT/sampled_images/CLIP-ViT-B-32-DataComp.XL-s13B-b90K//layer_0/neuron_191/hook_mlp_out/avg/top/neuron_191_layer_0_top_avg_hook_mlp_out.png
Saved image to /network/scratch/s/sonia.joseph/CLIP_AUDIT/sampled_images/CLIP-ViT-B-32-DataComp.XL-s13B-b90K//layer_0/neuron_191/hook_mlp_out/avg/bottom/neuron_191_layer_0_bottom_avg_hook_mlp_out.png
Activations shape for blocks.0.hook_resid_post (49984, 50)
Type of sampling: average
Top sampled image indices for blocks.0.hook_resid_post: [39640 25294  5929  7076 30901 49485 33970 49087 11422  7955 27501  4724
  2252 42327 16628  2854 14609 33016 17905 27949]
Bottom sampled image indices for blocks.0.hook_resid_post: [48853 14651 28314 25426 37114  6553 29385 30973 14257 15002  1056 15242
  6360 32663 33408  9847 12121 35304  1762  1993]
Neuron 191, Layer 0, Layer Type hook_resid_post
Saved image to /network/scratch/s/sonia.joseph/CLIP_AUDIT/sampled_images/CLIP-ViT-B-32-DataComp.XL-s13B-b90K//layer_0/neuron_191/hook_resid_post/avg/top/neuron_191_layer_0_top_avg_hook_resid_post.png
Saved image to /network/scratch/s/sonia.joseph/CLIP_AUDIT/sampled_images/CLIP-ViT-B-32-DataComp.XL-s13B-b90K//layer_0/neuron_191/hook_resid_post/avg/bottom/neuron_191_layer_0_bottom_avg_hook_resid_post.png
Activations shape for blocks.0.mlp.hook_post (49984, 50)
Type of sampling: average
Top sampled image indices for blocks.0.mlp.hook_post: [26382 42642 27802 38446 11278 42446   873 13512 35582 26709   655  7501
 19130 41209 46514 28241 44870   539 25935 30175]
Bottom sampled image indices for blocks.0.mlp.hook_post: [25426 12304 37047  8606  7790 23844  7660 31772 41314 39053  4092 44496
 13078 14651  2616  7952 44238  4166 32663 19706]
Neuron 191, Layer 0, Layer Type hook_post
Saved image to /network/scratch/s/sonia.joseph/CLIP_AUDIT/sampled_images/CLIP-ViT-B-32-DataComp.XL-s13B-b90K//layer_0/neuron_191/hook_post/avg/top/neuron_191_layer_0_top_avg_hook_post.png
Saved image to /network/scratch/s/sonia.joseph/CLIP_AUDIT/sampled_images/CLIP-ViT-B-32-DataComp.XL-s13B-b90K//layer_0/neuron_191/hook_post/avg/bottom/neuron_191_layer_0_bottom_avg_hook_post.png
Activations shape for blocks.0.hook_mlp_out (49984, 50)
Type of sampling: average
Top sampled image indices for blocks.0.hook_mlp_out: [11779 47043 49701 16604 28740  1251 31056  5800 23389 49501 46066 41781
 13088 36059 37114 17033 36951  2870 49811 12144]
Bottom sampled image indices for blocks.0.hook_mlp_out: [25426 41651 43721  8606 30175 31493 17684 42327 27530  5531 21768 19396
 30603 20997 41795 42141 35582   323  1715 24101]
Neuron 218, Layer 0, Layer Type hook_mlp_out
Saved image to /network/scratch/s/sonia.joseph/CLIP_AUDIT/sampled_images/CLIP-ViT-B-32-DataComp.XL-s13B-b90K//layer_0/neuron_218/hook_mlp_out/avg/top/neuron_218_layer_0_top_avg_hook_mlp_out.png
Saved image to /network/scratch/s/sonia.joseph/CLIP_AUDIT/sampled_images/CLIP-ViT-B-32-DataComp.XL-s13B-b90K//layer_0/neuron_218/hook_mlp_out/avg/bottom/neuron_218_layer_0_bottom_avg_hook_mlp_out.png
Activations shape for blocks.0.hook_resid_post (49984, 50)
Type of sampling: average
Top sampled image indices for blocks.0.hook_resid_post: [26415 17638 23416 39047 16046 38355 34100 11449 23795 38438 28726 19285
 36506 30466 11271 49130  1766 20410  8512  3815]
Bottom sampled image indices for blocks.0.hook_resid_post: [25426 37282  7790 44496 49535  8606 39356 41314 39053 23939 44238 32073
 23786  1762  3605 49689 28933 12403 25897  2257]
Neuron 218, Layer 0, Layer Type hook_resid_post
Saved image to /network/scratch/s/sonia.joseph/CLIP_AUDIT/sampled_images/CLIP-ViT-B-32-DataComp.XL-s13B-b90K//layer_0/neuron_218/hook_resid_post/avg/top/neuron_218_layer_0_top_avg_hook_resid_post.png
Saved image to /network/scratch/s/sonia.joseph/CLIP_AUDIT/sampled_images/CLIP-ViT-B-32-DataComp.XL-s13B-b90K//layer_0/neuron_218/hook_resid_post/avg/bottom/neuron_218_layer_0_bottom_avg_hook_resid_post.png
Activations shape for blocks.0.mlp.hook_post (49984, 50)
Type of sampling: average
Top sampled image indices for blocks.0.mlp.hook_post: [46441 14519 28171 16015 32672 27943 14880 34111 25246 18553 10117 37388
   249  4452 20700  6534 46662   441 23790 11814]
Bottom sampled image indices for blocks.0.mlp.hook_post: [25426  8606  7790  2257 45246 41314 45735 45201 42141 20718 40530     5
  7152  9419 44496 44238 17962  1833 46737 16829]
Neuron 218, Layer 0, Layer Type hook_post
Saved image to /network/scratch/s/sonia.joseph/CLIP_AUDIT/sampled_images/CLIP-ViT-B-32-DataComp.XL-s13B-b90K//layer_0/neuron_218/hook_post/avg/top/neuron_218_layer_0_top_avg_hook_post.png
Saved image to /network/scratch/s/sonia.joseph/CLIP_AUDIT/sampled_images/CLIP-ViT-B-32-DataComp.XL-s13B-b90K//layer_0/neuron_218/hook_post/avg/bottom/neuron_218_layer_0_bottom_avg_hook_post.png
Activations shape for blocks.0.hook_mlp_out (49984, 50)
Type of sampling: average
Top sampled image indices for blocks.0.hook_mlp_out: [ 4793 37003 41892  1091 17237 41953 41690 29061 29343 15327 10798 43279
  7790 14204 24473 42711  1833 18802 31796 27998]
Bottom sampled image indices for blocks.0.hook_mlp_out: [28314 25426 11098 23939 44496 41314 42141 30973  6742 37282 20410 49535
 20997 22750  7952 36614 36634  7579 49130 29701]
Neuron 699, Layer 0, Layer Type hook_mlp_out
Saved image to /network/scratch/s/sonia.joseph/CLIP_AUDIT/sampled_images/CLIP-ViT-B-32-DataComp.XL-s13B-b90K//layer_0/neuron_699/hook_mlp_out/avg/top/neuron_699_layer_0_top_avg_hook_mlp_out.png
Saved image to /network/scratch/s/sonia.joseph/CLIP_AUDIT/sampled_images/CLIP-ViT-B-32-DataComp.XL-s13B-b90K//layer_0/neuron_699/hook_mlp_out/avg/bottom/neuron_699_layer_0_bottom_avg_hook_mlp_out.png
Activations shape for blocks.0.hook_resid_post (49984, 50)
Type of sampling: average
Top sampled image indices for blocks.0.hook_resid_post: [21682 43194 13712 38983 41690 27911 27223 24608  7790 14204 22007 46096
 19778  1207 15150 15327 18802  1833 31796 27998]
Bottom sampled image indices for blocks.0.hook_resid_post: [44496 28314 23939 41314 30973 25426 42141 11098  8606 32073 37282  6742
 29583 26424 49535 16514  2257  7952 30076 19294]
Neuron 699, Layer 0, Layer Type hook_resid_post
Saved image to /network/scratch/s/sonia.joseph/CLIP_AUDIT/sampled_images/CLIP-ViT-B-32-DataComp.XL-s13B-b90K//layer_0/neuron_699/hook_resid_post/avg/top/neuron_699_layer_0_top_avg_hook_resid_post.png
Saved image to /network/scratch/s/sonia.joseph/CLIP_AUDIT/sampled_images/CLIP-ViT-B-32-DataComp.XL-s13B-b90K//layer_0/neuron_699/hook_resid_post/avg/bottom/neuron_699_layer_0_bottom_avg_hook_resid_post.png
Activations shape for blocks.0.mlp.hook_post (49984, 50)
Type of sampling: average
Top sampled image indices for blocks.0.mlp.hook_post: [46292 39099 10373 11549 18012 32959 23368  9992 30725 22378 23643 40067
 47327 21529 13054 37761 32743  8020 36285  5671]
Bottom sampled image indices for blocks.0.mlp.hook_post: [28314 45201  8606  2257 11098 44496 31884 41314 49130 23939 25426 37282
 29385  6742 30973 42141  3815 16046 45735 31743]
Neuron 699, Layer 0, Layer Type hook_post
Saved image to /network/scratch/s/sonia.joseph/CLIP_AUDIT/sampled_images/CLIP-ViT-B-32-DataComp.XL-s13B-b90K//layer_0/neuron_699/hook_post/avg/top/neuron_699_layer_0_top_avg_hook_post.png
Saved image to /network/scratch/s/sonia.joseph/CLIP_AUDIT/sampled_images/CLIP-ViT-B-32-DataComp.XL-s13B-b90K//layer_0/neuron_699/hook_post/avg/bottom/neuron_699_layer_0_bottom_avg_hook_post.png
Activations shape for blocks.0.hook_mlp_out (49984, 50)
Type of sampling: average
Top sampled image indices for blocks.0.hook_mlp_out: [42313 41309 13197 18802 49128 33214 29343 31884  1948  7790 42130   206
  5655 15327  1833 17389 27998 31796 41690 45201]
Bottom sampled image indices for blocks.0.hook_mlp_out: [48345 34676 41323 47741 24964 49028 29964 29978 32467 33626  8312 14459
 11354  2055  7907 16942  2464 29327 37052  5385]
Neuron 464, Layer 0, Layer Type hook_mlp_out
Saved image to /network/scratch/s/sonia.joseph/CLIP_AUDIT/sampled_images/CLIP-ViT-B-32-DataComp.XL-s13B-b90K//layer_0/neuron_464/hook_mlp_out/avg/top/neuron_464_layer_0_top_avg_hook_mlp_out.png
Saved image to /network/scratch/s/sonia.joseph/CLIP_AUDIT/sampled_images/CLIP-ViT-B-32-DataComp.XL-s13B-b90K//layer_0/neuron_464/hook_mlp_out/avg/bottom/neuron_464_layer_0_bottom_avg_hook_mlp_out.png
Activations shape for blocks.0.hook_resid_post (49984, 50)
Type of sampling: average
Top sampled image indices for blocks.0.hook_resid_post: [27091 44262 31436  9838  7810 30755     5 47202 15583 31884 11098 17463
 48845 21251 40930  9738 30042  5655 31796 23939]
Bottom sampled image indices for blocks.0.hook_resid_post: [28314  8321 11769 41310 20098 23923 25978  6278 20878  9100 42396 25358
 36176 24725 38995 24473 39672 26618 32163  4249]
Neuron 464, Layer 0, Layer Type hook_resid_post
Saved image to /network/scratch/s/sonia.joseph/CLIP_AUDIT/sampled_images/CLIP-ViT-B-32-DataComp.XL-s13B-b90K//layer_0/neuron_464/hook_resid_post/avg/top/neuron_464_layer_0_top_avg_hook_resid_post.png
Saved image to /network/scratch/s/sonia.joseph/CLIP_AUDIT/sampled_images/CLIP-ViT-B-32-DataComp.XL-s13B-b90K//layer_0/neuron_464/hook_resid_post/avg/bottom/neuron_464_layer_0_bottom_avg_hook_resid_post.png
Activations shape for blocks.0.mlp.hook_post (49984, 50)
Type of sampling: average
Top sampled image indices for blocks.0.mlp.hook_post: [21871 17424 17852 16600 28258  2710   539 47650 31227 45574 45688  3063
 30443 47704 21967 22086 45664 11278 39099 23106]
Bottom sampled image indices for blocks.0.mlp.hook_post: [ 7579 48278  3720 29070 43361 31954 27862 34560 29229 42478  7237 38796
 36830  5568 23850 42535 32641 36634 40379 49005]
Neuron 464, Layer 0, Layer Type hook_post
Saved image to /network/scratch/s/sonia.joseph/CLIP_AUDIT/sampled_images/CLIP-ViT-B-32-DataComp.XL-s13B-b90K//layer_0/neuron_464/hook_post/avg/top/neuron_464_layer_0_top_avg_hook_post.png
Saved image to /network/scratch/s/sonia.joseph/CLIP_AUDIT/sampled_images/CLIP-ViT-B-32-DataComp.XL-s13B-b90K//layer_0/neuron_464/hook_post/avg/bottom/neuron_464_layer_0_bottom_avg_hook_post.png
Activations shape for blocks.0.hook_mlp_out (49984, 50)
Type of sampling: average
Top sampled image indices for blocks.0.hook_mlp_out: [16498 15834 10990 24289 17704 36667 19636 19182 49032 42958 28258 30120
 48788 26607 17247 18168  9969 27998 12747 10798]
Bottom sampled image indices for blocks.0.hook_mlp_out: [47510 42671 25592 47541  3865 44182 19561 36614 47154 29321  4517 17078
 20410 49232 19840  4173  2130  7310 10129 24115]
Neuron 663, Layer 0, Layer Type hook_mlp_out
Saved image to /network/scratch/s/sonia.joseph/CLIP_AUDIT/sampled_images/CLIP-ViT-B-32-DataComp.XL-s13B-b90K//layer_0/neuron_663/hook_mlp_out/avg/top/neuron_663_layer_0_top_avg_hook_mlp_out.png
Saved image to /network/scratch/s/sonia.joseph/CLIP_AUDIT/sampled_images/CLIP-ViT-B-32-DataComp.XL-s13B-b90K//layer_0/neuron_663/hook_mlp_out/avg/bottom/neuron_663_layer_0_bottom_avg_hook_mlp_out.png
Activations shape for blocks.0.hook_resid_post (49984, 50)
Type of sampling: average
Top sampled image indices for blocks.0.hook_resid_post: [45246  9419 17429  5655  1762 25426 42313 42130 48853  1948 29385 41690
  8606 42141  2257 45735 23939 31884 45201 28314]
Bottom sampled image indices for blocks.0.hook_resid_post: [ 6602 14372 46833 16769 20231  6193   235 13512 46346 47722 14855  8779
 12842 34957 39281 16069 32047 32426 49489 42295]
Neuron 663, Layer 0, Layer Type hook_resid_post
Saved image to /network/scratch/s/sonia.joseph/CLIP_AUDIT/sampled_images/CLIP-ViT-B-32-DataComp.XL-s13B-b90K//layer_0/neuron_663/hook_resid_post/avg/top/neuron_663_layer_0_top_avg_hook_resid_post.png
Saved image to /network/scratch/s/sonia.joseph/CLIP_AUDIT/sampled_images/CLIP-ViT-B-32-DataComp.XL-s13B-b90K//layer_0/neuron_663/hook_resid_post/avg/bottom/neuron_663_layer_0_bottom_avg_hook_resid_post.png
Activations shape for blocks.0.mlp.hook_post (49984, 50)
Type of sampling: average
Top sampled image indices for blocks.0.mlp.hook_post: [23471 24061 35528  3693 48579 39251 15169 30215 26073 33970 45583 10706
 17837 46666  8739  9828  1753   258  6704 34139]
Bottom sampled image indices for blocks.0.mlp.hook_post: [ 8160 24101 21529 28855 15327 47977 37542 48853 15472 47344 36465 45952
 35937  6305 48574 15028 25888  8869 46504 34316]
Neuron 663, Layer 0, Layer Type hook_post
Saved image to /network/scratch/s/sonia.joseph/CLIP_AUDIT/sampled_images/CLIP-ViT-B-32-DataComp.XL-s13B-b90K//layer_0/neuron_663/hook_post/avg/top/neuron_663_layer_0_top_avg_hook_post.png
Saved image to /network/scratch/s/sonia.joseph/CLIP_AUDIT/sampled_images/CLIP-ViT-B-32-DataComp.XL-s13B-b90K//layer_0/neuron_663/hook_post/avg/bottom/neuron_663_layer_0_bottom_avg_hook_post.png
Activations shape for blocks.0.hook_mlp_out (49984, 50)
Type of sampling: average
Top sampled image indices for blocks.0.hook_mlp_out: [35809 27986  9469  8240 18387  1894 35143 23102 20912 42474  1711 27514
 41358 16614 10426 27998 25978 47296 49811 41781]
Bottom sampled image indices for blocks.0.hook_mlp_out: [22518 33149 38849 43063 34889 43543 27728  9207 43246 33208 20369 12931
 36567 19242  9688 36402 33941 21690 41505   243]
Neuron 415, Layer 0, Layer Type hook_mlp_out
Saved image to /network/scratch/s/sonia.joseph/CLIP_AUDIT/sampled_images/CLIP-ViT-B-32-DataComp.XL-s13B-b90K//layer_0/neuron_415/hook_mlp_out/avg/top/neuron_415_layer_0_top_avg_hook_mlp_out.png
Saved image to /network/scratch/s/sonia.joseph/CLIP_AUDIT/sampled_images/CLIP-ViT-B-32-DataComp.XL-s13B-b90K//layer_0/neuron_415/hook_mlp_out/avg/bottom/neuron_415_layer_0_bottom_avg_hook_mlp_out.png
Activations shape for blocks.0.hook_resid_post (49984, 50)
Type of sampling: average
Top sampled image indices for blocks.0.hook_resid_post: [13094 31450 39100 24860 26721 48225 28512 17269 11098 14975 23181 33934
 35934 35676 20165 40930 11564 19125 23964 13449]
Bottom sampled image indices for blocks.0.hook_resid_post: [23155 25728  8086 33438 11301 31200 46332 41206 32692 23939 46120 38571
 32704 47463 46906 11198  5371 23350 38554  4844]
Neuron 415, Layer 0, Layer Type hook_resid_post
Saved image to /network/scratch/s/sonia.joseph/CLIP_AUDIT/sampled_images/CLIP-ViT-B-32-DataComp.XL-s13B-b90K//layer_0/neuron_415/hook_resid_post/avg/top/neuron_415_layer_0_top_avg_hook_resid_post.png
Saved image to /network/scratch/s/sonia.joseph/CLIP_AUDIT/sampled_images/CLIP-ViT-B-32-DataComp.XL-s13B-b90K//layer_0/neuron_415/hook_resid_post/avg/bottom/neuron_415_layer_0_bottom_avg_hook_resid_post.png
Activations shape for blocks.0.mlp.hook_post (49984, 50)
Type of sampling: average
Top sampled image indices for blocks.0.mlp.hook_post: [14378  8430 43361  5803 16484  6336 45811 18635 17756 31988  8625 42713
 12873 43774  6638  9928 14880 30049 31077   117]
Bottom sampled image indices for blocks.0.mlp.hook_post: [42851  4687 25125 16169 21967 46483 10351 26715 35504 23315 48894 10526
 26759 21268 43543 45171 32831 25534 21305  6976]
Neuron 415, Layer 0, Layer Type hook_post
Saved image to /network/scratch/s/sonia.joseph/CLIP_AUDIT/sampled_images/CLIP-ViT-B-32-DataComp.XL-s13B-b90K//layer_0/neuron_415/hook_post/avg/top/neuron_415_layer_0_top_avg_hook_post.png
Saved image to /network/scratch/s/sonia.joseph/CLIP_AUDIT/sampled_images/CLIP-ViT-B-32-DataComp.XL-s13B-b90K//layer_0/neuron_415/hook_post/avg/bottom/neuron_415_layer_0_bottom_avg_hook_post.png
Activations shape for blocks.0.hook_mlp_out (49984, 50)
Type of sampling: average
Top sampled image indices for blocks.0.hook_mlp_out: [41795 17871  4635   782 29601  6069 28209  9907  6971 48876 20292  5014
 43532 41032 17114  6463 11141 14459 30955 32474]
Bottom sampled image indices for blocks.0.hook_mlp_out: [31772 19891 44598  9865 20664 46797 43834 49064 16828  8787 19242  5116
 35304 15307 24723 28655   524 25426 14033 25872]
Neuron 385, Layer 0, Layer Type hook_mlp_out
Saved image to /network/scratch/s/sonia.joseph/CLIP_AUDIT/sampled_images/CLIP-ViT-B-32-DataComp.XL-s13B-b90K//layer_0/neuron_385/hook_mlp_out/avg/top/neuron_385_layer_0_top_avg_hook_mlp_out.png
Saved image to /network/scratch/s/sonia.joseph/CLIP_AUDIT/sampled_images/CLIP-ViT-B-32-DataComp.XL-s13B-b90K//layer_0/neuron_385/hook_mlp_out/avg/bottom/neuron_385_layer_0_bottom_avg_hook_mlp_out.png
Activations shape for blocks.0.hook_resid_post (49984, 50)
Type of sampling: average
Top sampled image indices for blocks.0.hook_resid_post: [  660 21794 10206 29936 24392 15327 36261   762 14287 21996  6569 41274
  3511  2810 13197 49128 39818 26657  4145 37282]
Bottom sampled image indices for blocks.0.hook_resid_post: [31884 47124  8928  2237 12940 27141  3564 13487 39134 20812  2382 48465
 17271 28365 35486  7308 30064 16920 22953 11327]
Neuron 385, Layer 0, Layer Type hook_resid_post
Saved image to /network/scratch/s/sonia.joseph/CLIP_AUDIT/sampled_images/CLIP-ViT-B-32-DataComp.XL-s13B-b90K//layer_0/neuron_385/hook_resid_post/avg/top/neuron_385_layer_0_top_avg_hook_resid_post.png
Saved image to /network/scratch/s/sonia.joseph/CLIP_AUDIT/sampled_images/CLIP-ViT-B-32-DataComp.XL-s13B-b90K//layer_0/neuron_385/hook_resid_post/avg/bottom/neuron_385_layer_0_bottom_avg_hook_resid_post.png
Activations shape for blocks.0.mlp.hook_post (49984, 50)
Type of sampling: average
Top sampled image indices for blocks.0.mlp.hook_post: [ 1741 21725 19891  1181 28863  4000 24115 32169 34865 33851 45507 28734
 31764 26038 14460 18387 11449  1023 36020 25978]
Bottom sampled image indices for blocks.0.mlp.hook_post: [48278 43489  2427 47650 29070 37820 22217 33208 24026 22086 18293 47810
 39099 17021 44323 49566 38075 43828  3466 25322]
Neuron 385, Layer 0, Layer Type hook_post
Saved image to /network/scratch/s/sonia.joseph/CLIP_AUDIT/sampled_images/CLIP-ViT-B-32-DataComp.XL-s13B-b90K//layer_0/neuron_385/hook_post/avg/top/neuron_385_layer_0_top_avg_hook_post.png
Saved image to /network/scratch/s/sonia.joseph/CLIP_AUDIT/sampled_images/CLIP-ViT-B-32-DataComp.XL-s13B-b90K//layer_0/neuron_385/hook_post/avg/bottom/neuron_385_layer_0_bottom_avg_hook_post.png
Activations shape for blocks.0.hook_mlp_out (49984, 50)
Type of sampling: average
Top sampled image indices for blocks.0.hook_mlp_out: [12332 10575 41021   635 18255  6602 47527   128 30497  5597 21115 36401
 14459  4980 41193 40023 16920 22799 24356 19996]
Bottom sampled image indices for blocks.0.hook_mlp_out: [20410 26299 45201 13767 27647  6298  6638 15015 30466 20132 43372 13807
   723 45149 17661 21996 42497 45195 18387 16529]
Neuron 517, Layer 0, Layer Type hook_mlp_out
Saved image to /network/scratch/s/sonia.joseph/CLIP_AUDIT/sampled_images/CLIP-ViT-B-32-DataComp.XL-s13B-b90K//layer_0/neuron_517/hook_mlp_out/avg/top/neuron_517_layer_0_top_avg_hook_mlp_out.png
Saved image to /network/scratch/s/sonia.joseph/CLIP_AUDIT/sampled_images/CLIP-ViT-B-32-DataComp.XL-s13B-b90K//layer_0/neuron_517/hook_mlp_out/avg/bottom/neuron_517_layer_0_bottom_avg_hook_mlp_out.png
Activations shape for blocks.0.hook_resid_post (49984, 50)
Type of sampling: average
Top sampled image indices for blocks.0.hook_resid_post: [15896 11449  6742  6869 32412 37047 44908 14977 29415 46324 41979  9947
 49664 28116     5 46917 25336 11098 35680 36706]
Bottom sampled image indices for blocks.0.hook_resid_post: [23939 45515 44496 24915  7952 14651 14938 38597  4314  4921 25405 38392
 34421 42141 45229 15666 38355 15606 42957 33274]
Neuron 517, Layer 0, Layer Type hook_resid_post
Saved image to /network/scratch/s/sonia.joseph/CLIP_AUDIT/sampled_images/CLIP-ViT-B-32-DataComp.XL-s13B-b90K//layer_0/neuron_517/hook_resid_post/avg/top/neuron_517_layer_0_top_avg_hook_resid_post.png
Saved image to /network/scratch/s/sonia.joseph/CLIP_AUDIT/sampled_images/CLIP-ViT-B-32-DataComp.XL-s13B-b90K//layer_0/neuron_517/hook_resid_post/avg/bottom/neuron_517_layer_0_bottom_avg_hook_resid_post.png
Activations shape for blocks.0.mlp.hook_post (49984, 50)
Type of sampling: average
Top sampled image indices for blocks.0.mlp.hook_post: [ 1175 32843  6263 20966 28005 45222 42857 16597 40624 12137 20702  1236
 25342  3994 25145 13832 37345 38438 42321 39676]
Bottom sampled image indices for blocks.0.mlp.hook_post: [22378 47349 43394 24964 14938 22495 37779 23368 39044  1439 32188 38312
 45579 14665 22138 19539 45422 34957 40681 15786]
Neuron 517, Layer 0, Layer Type hook_post
Saved image to /network/scratch/s/sonia.joseph/CLIP_AUDIT/sampled_images/CLIP-ViT-B-32-DataComp.XL-s13B-b90K//layer_0/neuron_517/hook_post/avg/top/neuron_517_layer_0_top_avg_hook_post.png
Saved image to /network/scratch/s/sonia.joseph/CLIP_AUDIT/sampled_images/CLIP-ViT-B-32-DataComp.XL-s13B-b90K//layer_0/neuron_517/hook_post/avg/bottom/neuron_517_layer_0_bottom_avg_hook_post.png
Activations shape for blocks.0.hook_mlp_out (49984, 50)
Type of sampling: average
Top sampled image indices for blocks.0.hook_mlp_out: [29727 43279 45362 29620 20450 27599 36515 15327 41193 20043 39803 22215
 27203 45201 27202 16920 24356 31796  7790 27998]
Bottom sampled image indices for blocks.0.hook_mlp_out: [  107 13767 38505  7024 41786 40939 26901 30553 34875 48186 30768  9014
 47541  1268  7556 18394 41246 29964  3860 23279]
Neuron 548, Layer 0, Layer Type hook_mlp_out
Saved image to /network/scratch/s/sonia.joseph/CLIP_AUDIT/sampled_images/CLIP-ViT-B-32-DataComp.XL-s13B-b90K//layer_0/neuron_548/hook_mlp_out/avg/top/neuron_548_layer_0_top_avg_hook_mlp_out.png
Saved image to /network/scratch/s/sonia.joseph/CLIP_AUDIT/sampled_images/CLIP-ViT-B-32-DataComp.XL-s13B-b90K//layer_0/neuron_548/hook_mlp_out/avg/bottom/neuron_548_layer_0_bottom_avg_hook_mlp_out.png
Activations shape for blocks.0.hook_resid_post (49984, 50)
Type of sampling: average
Top sampled image indices for blocks.0.hook_resid_post: [44639 45735 27998 12055  5383 24055   356 45246 38320  6878 29397  5124
 44305 11098  7790  4304  7205 45944 22750  1948]
Bottom sampled image indices for blocks.0.hook_resid_post: [44496 28314 48917 37282 42981 20681  1015 40060 46369 48587 38484 41159
 10546 25957 37232 19332 12444 23155 29253 49535]
Neuron 548, Layer 0, Layer Type hook_resid_post
Saved image to /network/scratch/s/sonia.joseph/CLIP_AUDIT/sampled_images/CLIP-ViT-B-32-DataComp.XL-s13B-b90K//layer_0/neuron_548/hook_resid_post/avg/top/neuron_548_layer_0_top_avg_hook_resid_post.png
Saved image to /network/scratch/s/sonia.joseph/CLIP_AUDIT/sampled_images/CLIP-ViT-B-32-DataComp.XL-s13B-b90K//layer_0/neuron_548/hook_resid_post/avg/bottom/neuron_548_layer_0_bottom_avg_hook_resid_post.png
Activations shape for blocks.0.mlp.hook_post (49984, 50)
Type of sampling: average
Top sampled image indices for blocks.0.mlp.hook_post: [48407 36895 47700 39390  3922 44416 43599 25174 39835  1019 22587  3423
 20568 36706 17497 41195  6881 42577 26311 45031]
Bottom sampled image indices for blocks.0.mlp.hook_post: [41209 19891  9209 42851 40067 16312 21268  2496 28799 31089 22868 17817
 30443 22086 41365  6071 46313 11549 15780 25967]
Neuron 548, Layer 0, Layer Type hook_post
Saved image to /network/scratch/s/sonia.joseph/CLIP_AUDIT/sampled_images/CLIP-ViT-B-32-DataComp.XL-s13B-b90K//layer_0/neuron_548/hook_post/avg/top/neuron_548_layer_0_top_avg_hook_post.png
Saved image to /network/scratch/s/sonia.joseph/CLIP_AUDIT/sampled_images/CLIP-ViT-B-32-DataComp.XL-s13B-b90K//layer_0/neuron_548/hook_post/avg/bottom/neuron_548_layer_0_bottom_avg_hook_post.png
Activations shape for blocks.0.hook_mlp_out (49984, 50)
Type of sampling: average
Top sampled image indices for blocks.0.hook_mlp_out: [48217 22496 32073 31884 42313 49130 38860  6742 30973 37282  8606  2257
 44496 29385 11098 41314 42141 23939 25426 28314]
Bottom sampled image indices for blocks.0.hook_mlp_out: [27998 27647 31796 19778  4808 38630 24473 37337  3229 13767  3513 44001
 25751 27926 12045 38524  2155  1086 43372 43296]
Neuron 243, Layer 0, Layer Type hook_mlp_out
Saved image to /network/scratch/s/sonia.joseph/CLIP_AUDIT/sampled_images/CLIP-ViT-B-32-DataComp.XL-s13B-b90K//layer_0/neuron_243/hook_mlp_out/avg/top/neuron_243_layer_0_top_avg_hook_mlp_out.png
Saved image to /network/scratch/s/sonia.joseph/CLIP_AUDIT/sampled_images/CLIP-ViT-B-32-DataComp.XL-s13B-b90K//layer_0/neuron_243/hook_mlp_out/avg/bottom/neuron_243_layer_0_bottom_avg_hook_mlp_out.png
Activations shape for blocks.0.hook_resid_post (49984, 50)
Type of sampling: average
Top sampled image indices for blocks.0.hook_resid_post: [47077 29679 49173 16332 13197  3815 16003  6742  2521 37282 49535 41314
 25426 30973 29583 32827 43710 32073  5561 28314]
Bottom sampled image indices for blocks.0.hook_resid_post: [ 8261  7717 30035 38771 31981  3055 28668 46168  1006 16496  1181 12306
 19504  2398 11652 43603 10783 10036 23572 34954]
Neuron 243, Layer 0, Layer Type hook_resid_post
Saved image to /network/scratch/s/sonia.joseph/CLIP_AUDIT/sampled_images/CLIP-ViT-B-32-DataComp.XL-s13B-b90K//layer_0/neuron_243/hook_resid_post/avg/top/neuron_243_layer_0_top_avg_hook_resid_post.png
Saved image to /network/scratch/s/sonia.joseph/CLIP_AUDIT/sampled_images/CLIP-ViT-B-32-DataComp.XL-s13B-b90K//layer_0/neuron_243/hook_resid_post/avg/bottom/neuron_243_layer_0_bottom_avg_hook_resid_post.png
Activations shape for blocks.0.mlp.hook_post (49984, 50)
Type of sampling: average
Top sampled image indices for blocks.0.mlp.hook_post: [42018 14133 34616 41718 22692 33332 38772 23258 41654 16422 32915 48658
 28578 16747 15605 41505  1920 48893  8160 34316]
Bottom sampled image indices for blocks.0.mlp.hook_post: [35544 27422 49966 44238 36231 15220 41640 24116 14977 11722 27223 27903
 36774 46168 10918  7076 44955 22159  7790 39053]
Neuron 243, Layer 0, Layer Type hook_post
Saved image to /network/scratch/s/sonia.joseph/CLIP_AUDIT/sampled_images/CLIP-ViT-B-32-DataComp.XL-s13B-b90K//layer_0/neuron_243/hook_post/avg/top/neuron_243_layer_0_top_avg_hook_post.png
Saved image to /network/scratch/s/sonia.joseph/CLIP_AUDIT/sampled_images/CLIP-ViT-B-32-DataComp.XL-s13B-b90K//layer_0/neuron_243/hook_post/avg/bottom/neuron_243_layer_0_bottom_avg_hook_post.png
Activations shape for blocks.0.hook_mlp_out (49984, 50)
Type of sampling: average
Top sampled image indices for blocks.0.hook_mlp_out: [31743 44922 42243 44182  3610 24691  3993 47541 15287 32786 32677  3815
 38157 47510  8698  3847 24206 49130 22496 20410]
Bottom sampled image indices for blocks.0.hook_mlp_out: [ 6028 26299 49916 14475 41306 14938  2257 32294 19242  9688  9956 13342
 24837 28244  1489 31782  9634 40688 17176 43018]
Neuron 387, Layer 0, Layer Type hook_mlp_out
Saved image to /network/scratch/s/sonia.joseph/CLIP_AUDIT/sampled_images/CLIP-ViT-B-32-DataComp.XL-s13B-b90K//layer_0/neuron_387/hook_mlp_out/avg/top/neuron_387_layer_0_top_avg_hook_mlp_out.png
Saved image to /network/scratch/s/sonia.joseph/CLIP_AUDIT/sampled_images/CLIP-ViT-B-32-DataComp.XL-s13B-b90K//layer_0/neuron_387/hook_mlp_out/avg/bottom/neuron_387_layer_0_bottom_avg_hook_mlp_out.png
Activations shape for blocks.0.hook_resid_post (49984, 50)
Type of sampling: average
Top sampled image indices for blocks.0.hook_resid_post: [ 3886 34156 31004 12647  3354  3815 49130  3016 25867 26374 14970 29976
 42710  8512 32790 43306 19696  4092 15789 34889]
Bottom sampled image indices for blocks.0.hook_resid_post: [40930 12795 36706  9419  2356 47520 21901 38860 24359 39985  8261  9718
 14726 16455 39170  3729 10552 15583 35103 17462]
Neuron 387, Layer 0, Layer Type hook_resid_post
Saved image to /network/scratch/s/sonia.joseph/CLIP_AUDIT/sampled_images/CLIP-ViT-B-32-DataComp.XL-s13B-b90K//layer_0/neuron_387/hook_resid_post/avg/top/neuron_387_layer_0_top_avg_hook_resid_post.png
Saved image to /network/scratch/s/sonia.joseph/CLIP_AUDIT/sampled_images/CLIP-ViT-B-32-DataComp.XL-s13B-b90K//layer_0/neuron_387/hook_resid_post/avg/bottom/neuron_387_layer_0_bottom_avg_hook_resid_post.png
Activations shape for blocks.0.mlp.hook_post (49984, 50)
Type of sampling: average
Top sampled image indices for blocks.0.mlp.hook_post: [37147 18001 32107  8020 16697 34211 32743 12993  3618 22470 14271  8148
 13277 46292  9849 37399 32959 40067 17430 30120]
Bottom sampled image indices for blocks.0.mlp.hook_post: [44895 15219 45579  7874 42445 21946  5338 15327 17078 15314 23531  9273
  2697 11729 35566 32620 42254  1001 24115 36768]
Neuron 387, Layer 0, Layer Type hook_post
Saved image to /network/scratch/s/sonia.joseph/CLIP_AUDIT/sampled_images/CLIP-ViT-B-32-DataComp.XL-s13B-b90K//layer_0/neuron_387/hook_post/avg/top/neuron_387_layer_0_top_avg_hook_post.png
Saved image to /network/scratch/s/sonia.joseph/CLIP_AUDIT/sampled_images/CLIP-ViT-B-32-DataComp.XL-s13B-b90K//layer_0/neuron_387/hook_post/avg/bottom/neuron_387_layer_0_bottom_avg_hook_post.png

======== GPU REPORT ========

==============NVSMI LOG==============

Timestamp                                 : Mon Sep 16 01:22:40 2024
Driver Version                            : 535.183.06
CUDA Version                              : 12.2

Attached GPUs                             : 1
GPU 00000000:C3:00.0
    Accounting Mode                       : Enabled
    Accounting Mode Buffer Size           : 4000
    Accounted Processes
        Process ID                        : 2047855
            GPU Utilization               : 0 %
            Memory Utilization            : 0 %
            Max memory usage              : 594 MiB
            Time                          : 4626082 ms
            Is Running                    : 0

Mon Sep 16 01:22:40 2024       
+---------------------------------------------------------------------------------------+
| NVIDIA-SMI 535.183.06             Driver Version: 535.183.06   CUDA Version: 12.2     |
|-----------------------------------------+----------------------+----------------------+
| GPU  Name                 Persistence-M | Bus-Id        Disp.A | Volatile Uncorr. ECC |
| Fan  Temp   Perf          Pwr:Usage/Cap |         Memory-Usage | GPU-Util  Compute M. |
|                                         |                      |               MIG M. |
|=========================================+======================+======================|
|   0  Quadro RTX 8000                On  | 00000000:C3:00.0 Off |                    0 |
| 33%   33C    P2              67W / 260W |      1MiB / 46080MiB |      8%      Default |
|                                         |                      |                  N/A |
+-----------------------------------------+----------------------+----------------------+
                                                                                         
+---------------------------------------------------------------------------------------+
| Processes:                                                                            |
|  GPU   GI   CI        PID   Type   Process name                            GPU Memory |
|        ID   ID                                                             Usage      |
|=======================================================================================|
|  No running processes found                                                           |
+---------------------------------------------------------------------------------------+
