{'n_layers': 12, 'd_model': 512, 'd_head': 64, 'model_name': '', 'n_heads': 8, 'd_mlp': 2048, 'activation_name': 'gelu', 'eps': 1e-05, 'original_architecture': 'vit_clip_vision_encoder', 'initializer_range': 0.02, 'n_channels': 3, 'patch_size': 32, 'image_size': 224, 'n_classes': 512, 'n_params': None, 'layer_norm_pre': True, 'return_type': 'class_logits'}
LayerNorm folded.
Centered weights writing to residual stream
Loaded pretrained model wkcn/TinyCLIP-ViT-40M-32-Text-19M-LAION400M into HookedTransformer
Neuron 366 in layer 2 already processed. Skipping.
Neuron 19 in layer 2 already processed. Skipping.
Neuron 106 in layer 2 already processed. Skipping.
Neuron 468 in layer 2 already processed. Skipping.
Skipping interval (-7.0, -6.0, -0.4625308811664581, -0.4625308811664581) as it has less than 20 images
Skipping interval (-6.0, -5.0, -0.4076062440872192, -0.3632735908031463) as it has less than 20 images
Skipping interval (-7.0, -6.0, -0.4016520977020263, -0.4016520977020263) as it has less than 20 images
Skipping interval (5.0, 6.0, 0.3535924851894378, 0.4082664549350738) as it has less than 20 images
Skipping interval (-7.0, -6.0, -0.4788224995136261, -0.4788224995136261) as it has less than 20 images
Skipping interval (-6.0, -5.0, -0.4044053256511688, -0.3579553961753845) as it has less than 20 images
Skipping interval (5.0, 6.0, 0.4260343015193939, 0.4613055884838104) as it has less than 20 images
Skipping interval (6.0, 7.0, 0.5084459781646729, 0.5084459781646729) as it has less than 20 images
Skipping interval (-7.0, -6.0, -0.5117684006690979, -0.4745084345340729) as it has less than 20 images
Skipping interval (-6.0, -5.0, -0.4495323300361633, -0.379590630531311) as it has less than 20 images
Skipping interval (5.0, 6.0, 0.4161493480205536, 0.4629752337932586) as it has less than 20 images
Skipping interval (-7.0, -6.0, -0.4294308125972748, -0.390536904335022) as it has less than 20 images
Skipping interval (5.0, 6.0, 0.3362634479999542, 0.3669595420360565) as it has less than 20 images
Neuron 511 in layer 2 already processed. Skipping.
Skipping interval (6.0, 7.0, 0.427067369222641, 0.4483267664909363) as it has less than 20 images
Neuron 484 in layer 2 already processed. Skipping.
Skipping interval (-7.0, -6.0, -0.4732374846935272, -0.4228980541229248) as it has less than 20 images
Skipping interval (5.0, 6.0, 0.3342903554439544, 0.3572432100772857) as it has less than 20 images
Neuron 104 in layer 2 already processed. Skipping.
Skipping interval (-7.0, -6.0, -0.3704063594341278, -0.3704063594341278) as it has less than 20 images
Neuron 227 in layer 2 already processed. Skipping.
Skipping interval (-7.0, -6.0, -0.3465540409088135, -0.3308493494987488) as it has less than 20 images
Skipping interval (5.0, 6.0, 0.3371922671794891, 0.356869637966156) as it has less than 20 images
Skipping interval (6.0, 7.0, 0.4495280683040619, 0.4495280683040619) as it has less than 20 images
Neuron 305 in layer 2 already processed. Skipping.
Skipping interval (-7.0, -6.0, -0.4399488270282745, -0.4250907301902771) as it has less than 20 images
Skipping interval (5.0, 6.0, 0.3566307425498962, 0.3833158612251282) as it has less than 20 images
Neuron 379 in layer 2 already processed. Skipping.
Skipping interval (-7.0, -6.0, -0.3480848371982574, -0.3480848371982574) as it has less than 20 images
Skipping interval (-6.0, -5.0, -0.3068658113479614, -0.2641367614269256) as it has less than 20 images
Skipping interval (7.0, 8.0, 0.4901466071605682, 0.4920515418052673) as it has less than 20 images
Skipping interval (8.0, 9.0, 0.5558234453201294, 0.5558234453201294) as it has less than 20 images
Neuron 162 in layer 2 already processed. Skipping.
Skipping interval (-7.0, -6.0, -0.4213134944438934, -0.4213134944438934) as it has less than 20 images
Skipping interval (-6.0, -5.0, -0.3815359771251678, -0.3346125185489654) as it has less than 20 images
Skipping interval (5.0, 6.0, 0.329592615365982, 0.3315992653369903) as it has less than 20 images
Skipping interval (6.0, 7.0, 0.4185657799243927, 0.4185657799243927) as it has less than 20 images
Neuron 387 in layer 2 already processed. Skipping.
Skipping interval (-6.0, -5.0, -0.4324254095554352, -0.3902623355388641) as it has less than 20 images
Skipping interval (5.0, 6.0, 0.3372218906879425, 0.3814773261547088) as it has less than 20 images
Neuron 495 in layer 2 already processed. Skipping.
Skipping interval (4.0, 5.0, 0.2973735630512237, 0.3564018607139587) as it has less than 20 images
Neuron 478 in layer 2 already processed. Skipping.
Skipping interval (-6.0, -5.0, -0.3891304433345794, -0.3490373194217682) as it has less than 20 images
Skipping interval (5.0, 6.0, 0.3550927340984344, 0.4161548912525177) as it has less than 20 images
Neuron 194 in layer 2 already processed. Skipping.
Skipping interval (-7.0, -6.0, -0.486113041639328, -0.4228318929672241) as it has less than 20 images
Skipping interval (5.0, 6.0, 0.3502595424652099, 0.4123886823654175) as it has less than 20 images
Neuron 477 in layer 2 already processed. Skipping.
Skipping interval (-6.0, -5.0, -0.3256431519985199, -0.3199334442615509) as it has less than 20 images
Skipping interval (5.0, 6.0, 0.3334896266460418, 0.3497619330883026) as it has less than 20 images
Skipping interval (-7.0, -6.0, -0.4574072659015655, -0.3938097059726715) as it has less than 20 images
Skipping interval (5.0, 6.0, 0.3508213460445404, 0.4067659676074981) as it has less than 20 images
Neuron 126 in layer 2 already processed. Skipping.
Skipping interval (-6.0, -5.0, -0.4513943493366241, -0.4158023297786712) as it has less than 20 images
Skipping interval (5.0, 6.0, 0.2881058752536773, 0.3177564144134521) as it has less than 20 images
Skipping interval (-6.0, -5.0, -0.3596450388431549, -0.2972673177719116) as it has less than 20 images
Skipping interval (6.0, 7.0, 0.4026277959346771, 0.4026277959346771) as it has less than 20 images
Skipping interval (-6.0, -5.0, -0.3536738455295563, -0.2937029004096985) as it has less than 20 images
Skipping interval (6.0, 7.0, 0.4160902798175812, 0.4304004609584808) as it has less than 20 images
Skipping interval (-6.0, -5.0, -0.3750218451023102, -0.3402886688709259) as it has less than 20 images
Skipping interval (-8.0, -7.0, -0.5854687690734863, -0.5854687690734863) as it has less than 20 images
Skipping interval (-7.0, -6.0, -0.546809732913971, -0.5066723823547363) as it has less than 20 images
Skipping interval (6.0, 7.0, 0.4449655711650848, 0.4449655711650848) as it has less than 20 images
Skipping interval (-7.0, -6.0, -0.4025857746601105, -0.4025857746601105) as it has less than 20 images
Skipping interval (5.0, 6.0, 0.3316510617733001, 0.3790263235569) as it has less than 20 images
Skipping interval (-6.0, -5.0, -0.2835984230041504, -0.2835984230041504) as it has less than 20 images
Skipping interval (5.0, 6.0, 0.365976333618164, 0.365976333618164) as it has less than 20 images
Skipping interval (-6.0, -5.0, -0.3864317238330841, -0.3559716045856476) as it has less than 20 images
Skipping interval (5.0, 6.0, 0.3826430737972259, 0.3826430737972259) as it has less than 20 images
Skipping interval (-6.0, -5.0, -0.409970074892044, -0.3572025895118713) as it has less than 20 images
Skipping interval (5.0, 6.0, 0.384834736585617, 0.4367153644561767) as it has less than 20 images
Skipping interval (-9.0, -8.0, -0.5148400664329529, -0.5148400664329529) as it has less than 20 images
Skipping interval (-8.0, -7.0, -0.4789530336856842, -0.4789530336856842) as it has less than 20 images
Skipping interval (-7.0, -6.0, -0.3914171457290649, -0.3817673623561859) as it has less than 20 images
Skipping interval (-6.0, -5.0, -0.3740700185298919, -0.313071072101593) as it has less than 20 images
Skipping interval (5.0, 6.0, 0.3767021298408508, 0.3767021298408508) as it has less than 20 images
Skipping interval (-7.0, -6.0, -0.4225876927375793, -0.4225876927375793) as it has less than 20 images
Skipping interval (5.0, 6.0, 0.2673864662647247, 0.2995644211769104) as it has less than 20 images
Skipping interval (-6.0, -5.0, -0.2699190974235534, -0.2428573668003082) as it has less than 20 images
Skipping interval (5.0, 6.0, 0.3574718236923218, 0.3825275301933288) as it has less than 20 images
Skipping interval (-6.0, -5.0, -0.3866868913173675, -0.3559160232543945) as it has less than 20 images
Skipping interval (5.0, 6.0, 0.3068939745426178, 0.3248728811740875) as it has less than 20 images
Skipping interval (-6.0, -5.0, -0.3764747679233551, -0.3687850534915924) as it has less than 20 images
Skipping interval (6.0, 7.0, 0.362939178943634, 0.3994768559932709) as it has less than 20 images
Skipping interval (-7.0, -6.0, -0.4213608801364898, -0.4066894650459289) as it has less than 20 images
Skipping interval (5.0, 6.0, 0.4750032424926758, 0.4750032424926758) as it has less than 20 images
Skipping interval (-6.0, -5.0, -0.3729448616504669, -0.3392863273620605) as it has less than 20 images
Skipping interval (5.0, 6.0, 0.3197597861289978, 0.3197597861289978) as it has less than 20 images
Skipping interval (-6.0, -5.0, -0.2984823882579803, -0.2910389602184295) as it has less than 20 images
Skipping interval (5.0, 6.0, 0.3618199527263641, 0.3618199527263641) as it has less than 20 images
Skipping interval (-6.0, -5.0, -0.3428650200366974, -0.2909238636493683) as it has less than 20 images
Skipping interval (5.0, 6.0, 0.3540341854095459, 0.3922944962978363) as it has less than 20 images
Skipping interval (-7.0, -6.0, -0.3958233892917633, -0.3958233892917633) as it has less than 20 images
Skipping interval (-6.0, -5.0, -0.3574789464473724, -0.318806916475296) as it has less than 20 images
Skipping interval (5.0, 6.0, 0.3352217376232147, 0.3674989938735962) as it has less than 20 images
Skipping interval (-6.0, -5.0, -0.3779352009296417, -0.372608333826065) as it has less than 20 images
Skipping interval (5.0, 6.0, 0.2895004153251648, 0.3279319703578949) as it has less than 20 images
Skipping interval (-7.0, -6.0, -0.4137239754199981, -0.4137239754199981) as it has less than 20 images
Skipping interval (-6.0, -5.0, -0.3848783075809479, -0.3460341095924377) as it has less than 20 images
Skipping interval (5.0, 6.0, 0.3128941357135772, 0.3608013689517975) as it has less than 20 images
Skipping interval (-6.0, -5.0, -0.4228590130805969, -0.4089015126228332) as it has less than 20 images
Skipping interval (5.0, 6.0, 0.2688882350921631, 0.3095406293869018) as it has less than 20 images
Skipping interval (-7.0, -6.0, -0.4241106212139129, -0.4097490608692169) as it has less than 20 images
Skipping interval (5.0, 6.0, 0.353776067495346, 0.3578163683414459) as it has less than 20 images
Skipping interval (-6.0, -5.0, -0.3235611021518707, -0.3029651343822479) as it has less than 20 images
Skipping interval (-6.0, -5.0, -0.3144083321094513, -0.2822166085243225) as it has less than 20 images
Skipping interval (5.0, 6.0, 0.3408392965793609, 0.3807305991649627) as it has less than 20 images
Skipping interval (6.0, 7.0, 0.4031462669372558, 0.4031462669372558) as it has less than 20 images
Skipping interval (-6.0, -5.0, -0.28559011220932, -0.2749778032302856) as it has less than 20 images
Skipping interval (5.0, 6.0, 0.3689493536949157, 0.3908871412277221) as it has less than 20 images
Skipping interval (-7.0, -6.0, -0.415871113538742, -0.415871113538742) as it has less than 20 images
Skipping interval (-6.0, -5.0, -0.3362746238708496, -0.3362746238708496) as it has less than 20 images
Skipping interval (6.0, 7.0, 0.4116839170455932, 0.4325616657733917) as it has less than 20 images
Skipping interval (-6.0, -5.0, -0.3420636355876922, -0.282780110836029) as it has less than 20 images
Skipping interval (4.0, 5.0, 0.3184269666671753, 0.3485925495624542) as it has less than 20 images
Skipping interval (-7.0, -6.0, -0.4255634844303131, -0.4255634844303131) as it has less than 20 images
Skipping interval (-6.0, -5.0, -0.3726405799388885, -0.3329847753047943) as it has less than 20 images
Skipping interval (5.0, 6.0, 0.3703578412532806, 0.4091914296150207) as it has less than 20 images
Skipping interval (5.0, 6.0, 0.3447989821434021, 0.3961551189422607) as it has less than 20 images
Skipping interval (-7.0, -6.0, -0.4587181210517883, -0.415419727563858) as it has less than 20 images
Skipping interval (-6.0, -5.0, -0.3930150866508484, -0.3423327207565307) as it has less than 20 images
Skipping interval (5.0, 6.0, 0.3491214215755462, 0.3676398694515228) as it has less than 20 images
Skipping interval (-7.0, -6.0, -0.4517301619052887, -0.4517301619052887) as it has less than 20 images
Skipping interval (-6.0, -5.0, -0.397431880235672, -0.3511932790279388) as it has less than 20 images
Skipping interval (5.0, 6.0, 0.3650785684585571, 0.3792906403541565) as it has less than 20 images
Skipping interval (-6.0, -5.0, -0.3735181391239166, -0.350121408700943) as it has less than 20 images
Skipping interval (5.0, 6.0, 0.3516538143157959, 0.4007304012775421) as it has less than 20 images
Skipping interval (6.0, 7.0, 0.432135671377182, 0.432135671377182) as it has less than 20 images
Skipping interval (-6.0, -5.0, -0.3042598068714142, -0.3002456128597259) as it has less than 20 images
Skipping interval (5.0, 6.0, 0.3817175924777984, 0.4125652611255646) as it has less than 20 images
Skipping interval (-6.0, -5.0, -0.3384575843811035, -0.3058295249938965) as it has less than 20 images
Skipping interval (5.0, 6.0, 0.3466504216194153, 0.4045374691486358) as it has less than 20 images
Skipping interval (-6.0, -5.0, -0.3368064165115356, -0.3211283683776855) as it has less than 20 images
Skipping interval (5.0, 6.0, 0.3074301183223724, 0.3254809379577636) as it has less than 20 images
Skipping interval (-8.0, -7.0, -0.6529290676116943, -0.6529290676116943) as it has less than 20 images
Skipping interval (-7.0, -6.0, -0.5744339823722839, -0.5186576843261719) as it has less than 20 images
Skipping interval (-6.0, -5.0, -0.5037274956703186, -0.4241710901260376) as it has less than 20 images
Skipping interval (5.0, 6.0, 0.4164213240146637, 0.4604502618312835) as it has less than 20 images
Skipping interval (6.0, 7.0, 0.5034235119819641, 0.5660206079483032) as it has less than 20 images
Skipping interval (7.0, 8.0, 0.5949105024337769, 0.6278259754180908) as it has less than 20 images
Skipping interval (8.0, 9.0, 0.7347517013549805, 0.7347517013549805) as it has less than 20 images
Skipping interval (10.0, 11.0, 0.898969829082489, 0.898969829082489) as it has less than 20 images
Skipping interval (5.0, 6.0, 0.3280959725379944, 0.3761840462684631) as it has less than 20 images
Neuron 146 in layer 2 already processed. Skipping.
Skipping interval (-6.0, -5.0, -0.3091661632061004, -0.2884107530117035) as it has less than 20 images
Skipping interval (5.0, 6.0, 0.3570313155651092, 0.4051946699619293) as it has less than 20 images
Neuron 153 in layer 2 already processed. Skipping.
Skipping interval (-7.0, -6.0, -0.4001425206661224, -0.4001425206661224) as it has less than 20 images
Skipping interval (5.0, 6.0, 0.3170344531536102, 0.3467527031898498) as it has less than 20 images
Skipping interval (6.0, 7.0, 0.4437829554080963, 0.4437829554080963) as it has less than 20 images
Neuron 347 in layer 2 already processed. Skipping.
Skipping interval (-6.0, -5.0, -0.3693613708019256, -0.3463682830333709) as it has less than 20 images
Skipping interval (5.0, 6.0, 0.3405666947364807, 0.3754656016826629) as it has less than 20 images
Neuron 267 in layer 2 already processed. Skipping.
Skipping interval (-11.0, -10.0, -0.6882393956184387, -0.6882393956184387) as it has less than 20 images
Skipping interval (-9.0, -8.0, -0.6075781583786011, -0.5685571432113647) as it has less than 20 images
Skipping interval (-8.0, -7.0, -0.5276737809181213, -0.4900289177894592) as it has less than 20 images
Skipping interval (-7.0, -6.0, -0.4632757306098938, -0.4207882285118103) as it has less than 20 images
Skipping interval (6.0, 7.0, 0.3841925263404846, 0.442061185836792) as it has less than 20 images
Skipping interval (7.0, 8.0, 0.4505789279937744, 0.4645705819129944) as it has less than 20 images
Skipping interval (8.0, 9.0, 0.526530385017395, 0.5510551333427429) as it has less than 20 images
Neuron 237 in layer 2 already processed. Skipping.
Skipping interval (-7.0, -6.0, -0.369993656873703, -0.3598711192607879) as it has less than 20 images
Skipping interval (-6.0, -5.0, -0.3509365022182464, -0.291354238986969) as it has less than 20 images
Skipping interval (5.0, 6.0, 0.4017689526081085, 0.4594058692455292) as it has less than 20 images
Skipping interval (6.0, 7.0, 0.4771535098552704, 0.4771535098552704) as it has less than 20 images
Neuron 270 in layer 2 already processed. Skipping.
Neuron 77 in layer 2 already processed. Skipping.
Skipping interval (-6.0, -5.0, -0.3704122006893158, -0.3499919176101684) as it has less than 20 images
Skipping interval (6.0, 7.0, 0.4464631378650665, 0.4790146946907043) as it has less than 20 images
Neuron 480 in layer 2 already processed. Skipping.
Skipping interval (-7.0, -6.0, -0.441019743680954, -0.441019743680954) as it has less than 20 images
Skipping interval (-6.0, -5.0, -0.403084248304367, -0.365145742893219) as it has less than 20 images
Skipping interval (6.0, 7.0, 0.4036801159381866, 0.406733363866806) as it has less than 20 images
Neuron 175 in layer 2 already processed. Skipping.
Skipping interval (-7.0, -6.0, -0.4279204905033111, -0.4279204905033111) as it has less than 20 images
Skipping interval (5.0, 6.0, 0.294425755739212, 0.3524021804332733) as it has less than 20 images
Neuron 67 in layer 2 already processed. Skipping.
Skipping interval (-7.0, -6.0, -0.4271945655345917, -0.4271945655345917) as it has less than 20 images
Skipping interval (-6.0, -5.0, -0.3588307201862335, -0.3157694637775421) as it has less than 20 images
Skipping interval (6.0, 7.0, 0.4444001615047455, 0.4570405483245849) as it has less than 20 images
Neuron 365 in layer 2 already processed. Skipping.
Skipping interval (-7.0, -6.0, -0.5438897013664246, -0.4990289509296417) as it has less than 20 images
Skipping interval (5.0, 6.0, 0.3515519201755523, 0.3925037682056427) as it has less than 20 images
Neuron 510 in layer 2 already processed. Skipping.
Skipping interval (-6.0, -5.0, -0.3158665597438812, -0.2797547876834869) as it has less than 20 images
Skipping interval (5.0, 6.0, 0.3029039800167084, 0.3127318620681762) as it has less than 20 images
Skipping interval (-8.0, -7.0, -0.4777738153934479, -0.4777738153934479) as it has less than 20 images
Skipping interval (5.0, 6.0, 0.3266834318637848, 0.367319792509079) as it has less than 20 images
Skipping interval (-8.0, -7.0, -0.4213475286960602, -0.4130215942859649) as it has less than 20 images

======== GPU REPORT ========

==============NVSMI LOG==============

Timestamp                                 : Thu Jul 11 01:37:54 2024
Driver Version                            : 535.161.08
CUDA Version                              : 12.2

Attached GPUs                             : 1
GPU 00000000:81:00.0
    Accounting Mode                       : Disabled
    Accounting Mode Buffer Size           : 4000
    Accounted Processes                   : None

Thu Jul 11 01:37:54 2024       
+---------------------------------------------------------------------------------------+
| NVIDIA-SMI 535.161.08             Driver Version: 535.161.08   CUDA Version: 12.2     |
|-----------------------------------------+----------------------+----------------------+
| GPU  Name                 Persistence-M | Bus-Id        Disp.A | Volatile Uncorr. ECC |
| Fan  Temp   Perf          Pwr:Usage/Cap |         Memory-Usage | GPU-Util  Compute M. |
|                                         |                      |               MIG M. |
|=========================================+======================+======================|
|   0  NVIDIA A100-SXM4-80GB          On  | 00000000:81:00.0 Off |                   On |
| N/A   34C    P0              86W / 500W |  15690MiB / 81920MiB |     N/A      Default |
|                                         |                      |              Enabled |
+-----------------------------------------+----------------------+----------------------+

+---------------------------------------------------------------------------------------+
| MIG devices:                                                                          |
+------------------+--------------------------------+-----------+-----------------------+
| GPU  GI  CI  MIG |                   Memory-Usage |        Vol|      Shared           |
|      ID  ID  Dev |                     BAR1-Usage | SM     Unc| CE ENC DEC OFA JPG    |
|                  |                                |        ECC|                       |
|==================+================================+===========+=======================|
|  0    4   0   0  |              10MiB / 19968MiB  | 28      0 |  2   0    1    0    0 |
|                  |               0MiB / 32767MiB  |           |                       |
+------------------+--------------------------------+-----------+-----------------------+
                                                                                         
+---------------------------------------------------------------------------------------+
| Processes:                                                                            |
|  GPU   GI   CI        PID   Type   Process name                            GPU Memory |
|        ID   ID                                                             Usage      |
|=======================================================================================|
|  No running processes found                                                           |
+---------------------------------------------------------------------------------------+
