{'n_layers': 12, 'd_model': 512, 'd_head': 64, 'model_name': '', 'n_heads': 8, 'd_mlp': 2048, 'activation_name': 'gelu', 'eps': 1e-05, 'original_architecture': 'vit_clip_vision_encoder', 'initializer_range': 0.02, 'n_channels': 3, 'patch_size': 32, 'image_size': 224, 'n_classes': 512, 'n_params': None, 'layer_norm_pre': True, 'return_type': 'class_logits'}
LayerNorm folded.
Centered weights writing to residual stream
Loaded pretrained model wkcn/TinyCLIP-ViT-40M-32-Text-19M-LAION400M into HookedTransformer
Neuron 447, Layer 8, SD intervals: (5.0, 7.0)
Saved image to /network/scratch/s/sonia.joseph/CLIP_AUDIT/sampled_images/TinyCLIP40M/layer_8/neuron_447/neuron_447_layer_8_top_k_only.png
Neuron 70, Layer 8, SD intervals: (5.0, 6.0)
Saved image to /network/scratch/s/sonia.joseph/CLIP_AUDIT/sampled_images/TinyCLIP40M/layer_8/neuron_70/neuron_70_layer_8_top_k_only.png
Neuron 53, Layer 8, SD intervals: (5.0, 8.0)
Saved image to /network/scratch/s/sonia.joseph/CLIP_AUDIT/sampled_images/TinyCLIP40M/layer_8/neuron_53/neuron_53_layer_8_top_k_only.png
Neuron 123, Layer 8, SD intervals: (6.0, 9.0)
Saved image to /network/scratch/s/sonia.joseph/CLIP_AUDIT/sampled_images/TinyCLIP40M/layer_8/neuron_123/neuron_123_layer_8_top_k_only.png
Neuron 218, Layer 8, SD intervals: (5.0, 7.0)
Saved image to /network/scratch/s/sonia.joseph/CLIP_AUDIT/sampled_images/TinyCLIP40M/layer_8/neuron_218/neuron_218_layer_8_top_k_only.png
Neuron 481, Layer 8, SD intervals: (5.0, 8.0)
Saved image to /network/scratch/s/sonia.joseph/CLIP_AUDIT/sampled_images/TinyCLIP40M/layer_8/neuron_481/neuron_481_layer_8_top_k_only.png
Neuron 114, Layer 8, SD intervals: (5.0, 6.0)
Saved image to /network/scratch/s/sonia.joseph/CLIP_AUDIT/sampled_images/TinyCLIP40M/layer_8/neuron_114/neuron_114_layer_8_top_k_only.png
Neuron 168, Layer 8, SD intervals: (4.0, 6.0)
Saved image to /network/scratch/s/sonia.joseph/CLIP_AUDIT/sampled_images/TinyCLIP40M/layer_8/neuron_168/neuron_168_layer_8_top_k_only.png
Neuron 98, Layer 8, SD intervals: (5.0, 7.0)
Saved image to /network/scratch/s/sonia.joseph/CLIP_AUDIT/sampled_images/TinyCLIP40M/layer_8/neuron_98/neuron_98_layer_8_top_k_only.png
Neuron 62, Layer 8, SD intervals: (4.0, 7.0)
Saved image to /network/scratch/s/sonia.joseph/CLIP_AUDIT/sampled_images/TinyCLIP40M/layer_8/neuron_62/neuron_62_layer_8_top_k_only.png
Neuron 250, Layer 8, SD intervals: (5.0, 7.0)
Saved image to /network/scratch/s/sonia.joseph/CLIP_AUDIT/sampled_images/TinyCLIP40M/layer_8/neuron_250/neuron_250_layer_8_top_k_only.png
Neuron 264, Layer 8, SD intervals: (5.0, 7.0)
Saved image to /network/scratch/s/sonia.joseph/CLIP_AUDIT/sampled_images/TinyCLIP40M/layer_8/neuron_264/neuron_264_layer_8_top_k_only.png
Neuron 68, Layer 8, SD intervals: (5.0, 7.0)
Saved image to /network/scratch/s/sonia.joseph/CLIP_AUDIT/sampled_images/TinyCLIP40M/layer_8/neuron_68/neuron_68_layer_8_top_k_only.png
Neuron 56, Layer 8, SD intervals: (5.0, 8.0)
Saved image to /network/scratch/s/sonia.joseph/CLIP_AUDIT/sampled_images/TinyCLIP40M/layer_8/neuron_56/neuron_56_layer_8_top_k_only.png
Neuron 259, Layer 8, SD intervals: (5.0, 9.0)
Saved image to /network/scratch/s/sonia.joseph/CLIP_AUDIT/sampled_images/TinyCLIP40M/layer_8/neuron_259/neuron_259_layer_8_top_k_only.png
Neuron 501, Layer 8, SD intervals: (5.0, 7.0)
Saved image to /network/scratch/s/sonia.joseph/CLIP_AUDIT/sampled_images/TinyCLIP40M/layer_8/neuron_501/neuron_501_layer_8_top_k_only.png
Neuron 399, Layer 8, SD intervals: (3.0, 4.0)
Saved image to /network/scratch/s/sonia.joseph/CLIP_AUDIT/sampled_images/TinyCLIP40M/layer_8/neuron_399/neuron_399_layer_8_top_k_only.png
Neuron 105, Layer 8, SD intervals: (6.0, 8.0)
Saved image to /network/scratch/s/sonia.joseph/CLIP_AUDIT/sampled_images/TinyCLIP40M/layer_8/neuron_105/neuron_105_layer_8_top_k_only.png
Neuron 71, Layer 8, SD intervals: (5.0, 9.0)
Saved image to /network/scratch/s/sonia.joseph/CLIP_AUDIT/sampled_images/TinyCLIP40M/layer_8/neuron_71/neuron_71_layer_8_top_k_only.png
Neuron 126, Layer 8, SD intervals: (5.0, 6.0)
Saved image to /network/scratch/s/sonia.joseph/CLIP_AUDIT/sampled_images/TinyCLIP40M/layer_8/neuron_126/neuron_126_layer_8_top_k_only.png
Neuron 385, Layer 8, SD intervals: (5.0, 6.0)
Saved image to /network/scratch/s/sonia.joseph/CLIP_AUDIT/sampled_images/TinyCLIP40M/layer_8/neuron_385/neuron_385_layer_8_top_k_only.png
Neuron 104, Layer 8, SD intervals: (4.0, 6.0)
Saved image to /network/scratch/s/sonia.joseph/CLIP_AUDIT/sampled_images/TinyCLIP40M/layer_8/neuron_104/neuron_104_layer_8_top_k_only.png
Neuron 253, Layer 8, SD intervals: (6.0, 8.0)
Saved image to /network/scratch/s/sonia.joseph/CLIP_AUDIT/sampled_images/TinyCLIP40M/layer_8/neuron_253/neuron_253_layer_8_top_k_only.png
Neuron 319, Layer 8, SD intervals: (4.0, 7.0)
Saved image to /network/scratch/s/sonia.joseph/CLIP_AUDIT/sampled_images/TinyCLIP40M/layer_8/neuron_319/neuron_319_layer_8_top_k_only.png
Neuron 163, Layer 8, SD intervals: (6.0, 10.0)
Saved image to /network/scratch/s/sonia.joseph/CLIP_AUDIT/sampled_images/TinyCLIP40M/layer_8/neuron_163/neuron_163_layer_8_top_k_only.png
Neuron 131, Layer 8, SD intervals: (5.0, 7.0)
Saved image to /network/scratch/s/sonia.joseph/CLIP_AUDIT/sampled_images/TinyCLIP40M/layer_8/neuron_131/neuron_131_layer_8_top_k_only.png
Neuron 198, Layer 8, SD intervals: (5.0, 6.0)
Saved image to /network/scratch/s/sonia.joseph/CLIP_AUDIT/sampled_images/TinyCLIP40M/layer_8/neuron_198/neuron_198_layer_8_top_k_only.png
Neuron 189, Layer 8, SD intervals: (6.0, 9.0)
Saved image to /network/scratch/s/sonia.joseph/CLIP_AUDIT/sampled_images/TinyCLIP40M/layer_8/neuron_189/neuron_189_layer_8_top_k_only.png
Neuron 358, Layer 8, SD intervals: (6.0, 9.0)
Saved image to /network/scratch/s/sonia.joseph/CLIP_AUDIT/sampled_images/TinyCLIP40M/layer_8/neuron_358/neuron_358_layer_8_top_k_only.png
Neuron 6, Layer 8, SD intervals: (5.0, 7.0)
Saved image to /network/scratch/s/sonia.joseph/CLIP_AUDIT/sampled_images/TinyCLIP40M/layer_8/neuron_6/neuron_6_layer_8_top_k_only.png
Neuron 191, Layer 8, SD intervals: (5.0, 8.0)
Saved image to /network/scratch/s/sonia.joseph/CLIP_AUDIT/sampled_images/TinyCLIP40M/layer_8/neuron_191/neuron_191_layer_8_top_k_only.png
Neuron 147, Layer 8, SD intervals: (5.0, 8.0)
Saved image to /network/scratch/s/sonia.joseph/CLIP_AUDIT/sampled_images/TinyCLIP40M/layer_8/neuron_147/neuron_147_layer_8_top_k_only.png
Neuron 468, Layer 8, SD intervals: (5.0, 7.0)
Saved image to /network/scratch/s/sonia.joseph/CLIP_AUDIT/sampled_images/TinyCLIP40M/layer_8/neuron_468/neuron_468_layer_8_top_k_only.png
Neuron 175, Layer 8, SD intervals: (6.0, 8.0)
Saved image to /network/scratch/s/sonia.joseph/CLIP_AUDIT/sampled_images/TinyCLIP40M/layer_8/neuron_175/neuron_175_layer_8_top_k_only.png
Neuron 466, Layer 8, SD intervals: (6.0, 9.0)
Saved image to /network/scratch/s/sonia.joseph/CLIP_AUDIT/sampled_images/TinyCLIP40M/layer_8/neuron_466/neuron_466_layer_8_top_k_only.png
Neuron 314, Layer 8, SD intervals: (5.0, 7.0)
Saved image to /network/scratch/s/sonia.joseph/CLIP_AUDIT/sampled_images/TinyCLIP40M/layer_8/neuron_314/neuron_314_layer_8_top_k_only.png
Neuron 107, Layer 8, SD intervals: (5.0, 6.0)
Saved image to /network/scratch/s/sonia.joseph/CLIP_AUDIT/sampled_images/TinyCLIP40M/layer_8/neuron_107/neuron_107_layer_8_top_k_only.png
Neuron 370, Layer 8, SD intervals: (5.0, 7.0)
Saved image to /network/scratch/s/sonia.joseph/CLIP_AUDIT/sampled_images/TinyCLIP40M/layer_8/neuron_370/neuron_370_layer_8_top_k_only.png
Neuron 93, Layer 8, SD intervals: (5.0, 6.0)
Saved image to /network/scratch/s/sonia.joseph/CLIP_AUDIT/sampled_images/TinyCLIP40M/layer_8/neuron_93/neuron_93_layer_8_top_k_only.png
Neuron 220, Layer 8, SD intervals: (6.0, 10.0)
Saved image to /network/scratch/s/sonia.joseph/CLIP_AUDIT/sampled_images/TinyCLIP40M/layer_8/neuron_220/neuron_220_layer_8_top_k_only.png
Neuron 16, Layer 8, SD intervals: (6.0, 8.0)
Saved image to /network/scratch/s/sonia.joseph/CLIP_AUDIT/sampled_images/TinyCLIP40M/layer_8/neuron_16/neuron_16_layer_8_top_k_only.png
Neuron 155, Layer 8, SD intervals: (5.0, 8.0)
Saved image to /network/scratch/s/sonia.joseph/CLIP_AUDIT/sampled_images/TinyCLIP40M/layer_8/neuron_155/neuron_155_layer_8_top_k_only.png
Neuron 334, Layer 8, SD intervals: (5.0, 7.0)
Saved image to /network/scratch/s/sonia.joseph/CLIP_AUDIT/sampled_images/TinyCLIP40M/layer_8/neuron_334/neuron_334_layer_8_top_k_only.png
Neuron 54, Layer 8, SD intervals: (5.0, 7.0)
Saved image to /network/scratch/s/sonia.joseph/CLIP_AUDIT/sampled_images/TinyCLIP40M/layer_8/neuron_54/neuron_54_layer_8_top_k_only.png
Neuron 502, Layer 8, SD intervals: (6.0, 8.0)
Saved image to /network/scratch/s/sonia.joseph/CLIP_AUDIT/sampled_images/TinyCLIP40M/layer_8/neuron_502/neuron_502_layer_8_top_k_only.png
Neuron 91, Layer 8, SD intervals: (5.0, 10.0)
Saved image to /network/scratch/s/sonia.joseph/CLIP_AUDIT/sampled_images/TinyCLIP40M/layer_8/neuron_91/neuron_91_layer_8_top_k_only.png
Neuron 475, Layer 8, SD intervals: (5.0, 7.0)
Saved image to /network/scratch/s/sonia.joseph/CLIP_AUDIT/sampled_images/TinyCLIP40M/layer_8/neuron_475/neuron_475_layer_8_top_k_only.png
Neuron 117, Layer 8, SD intervals: (6.0, 9.0)
Saved image to /network/scratch/s/sonia.joseph/CLIP_AUDIT/sampled_images/TinyCLIP40M/layer_8/neuron_117/neuron_117_layer_8_top_k_only.png
Neuron 249, Layer 8, SD intervals: (5.0, 9.0)
Saved image to /network/scratch/s/sonia.joseph/CLIP_AUDIT/sampled_images/TinyCLIP40M/layer_8/neuron_249/neuron_249_layer_8_top_k_only.png
Neuron 81, Layer 8, SD intervals: (5.0, 6.0)
Saved image to /network/scratch/s/sonia.joseph/CLIP_AUDIT/sampled_images/TinyCLIP40M/layer_8/neuron_81/neuron_81_layer_8_top_k_only.png
Neuron 297, Layer 8, SD intervals: (4.0, 7.0)
Saved image to /network/scratch/s/sonia.joseph/CLIP_AUDIT/sampled_images/TinyCLIP40M/layer_8/neuron_297/neuron_297_layer_8_top_k_only.png
Neuron 228, Layer 8, SD intervals: (5.0, 7.0)
Saved image to /network/scratch/s/sonia.joseph/CLIP_AUDIT/sampled_images/TinyCLIP40M/layer_8/neuron_228/neuron_228_layer_8_top_k_only.png
Neuron 24, Layer 8, SD intervals: (4.0, 6.0)
Saved image to /network/scratch/s/sonia.joseph/CLIP_AUDIT/sampled_images/TinyCLIP40M/layer_8/neuron_24/neuron_24_layer_8_top_k_only.png
Neuron 42, Layer 8, SD intervals: (5.0, 7.0)
Saved image to /network/scratch/s/sonia.joseph/CLIP_AUDIT/sampled_images/TinyCLIP40M/layer_8/neuron_42/neuron_42_layer_8_top_k_only.png
Neuron 225, Layer 8, SD intervals: (6.0, 9.0)
Saved image to /network/scratch/s/sonia.joseph/CLIP_AUDIT/sampled_images/TinyCLIP40M/layer_8/neuron_225/neuron_225_layer_8_top_k_only.png
Neuron 182, Layer 8, SD intervals: (5.0, 7.0)
Saved image to /network/scratch/s/sonia.joseph/CLIP_AUDIT/sampled_images/TinyCLIP40M/layer_8/neuron_182/neuron_182_layer_8_top_k_only.png
Neuron 195, Layer 8, SD intervals: (6.0, 8.0)
Saved image to /network/scratch/s/sonia.joseph/CLIP_AUDIT/sampled_images/TinyCLIP40M/layer_8/neuron_195/neuron_195_layer_8_top_k_only.png
Neuron 12, Layer 8, SD intervals: (5.0, 8.0)
Saved image to /network/scratch/s/sonia.joseph/CLIP_AUDIT/sampled_images/TinyCLIP40M/layer_8/neuron_12/neuron_12_layer_8_top_k_only.png
Neuron 37, Layer 8, SD intervals: (5.0, 8.0)
Saved image to /network/scratch/s/sonia.joseph/CLIP_AUDIT/sampled_images/TinyCLIP40M/layer_8/neuron_37/neuron_37_layer_8_top_k_only.png
Neuron 113, Layer 8, SD intervals: (5.0, 7.0)
Saved image to /network/scratch/s/sonia.joseph/CLIP_AUDIT/sampled_images/TinyCLIP40M/layer_8/neuron_113/neuron_113_layer_8_top_k_only.png
Neuron 164, Layer 8, SD intervals: (5.0, 7.0)
Saved image to /network/scratch/s/sonia.joseph/CLIP_AUDIT/sampled_images/TinyCLIP40M/layer_8/neuron_164/neuron_164_layer_8_top_k_only.png
Neuron 48, Layer 8, SD intervals: (6.0, 8.0)
Saved image to /network/scratch/s/sonia.joseph/CLIP_AUDIT/sampled_images/TinyCLIP40M/layer_8/neuron_48/neuron_48_layer_8_top_k_only.png
Neuron 300, Layer 8, SD intervals: (6.0, 8.0)
Saved image to /network/scratch/s/sonia.joseph/CLIP_AUDIT/sampled_images/TinyCLIP40M/layer_8/neuron_300/neuron_300_layer_8_top_k_only.png
Neuron 425, Layer 8, SD intervals: (5.0, 7.0)
Saved image to /network/scratch/s/sonia.joseph/CLIP_AUDIT/sampled_images/TinyCLIP40M/layer_8/neuron_425/neuron_425_layer_8_top_k_only.png
Neuron 360, Layer 8, SD intervals: (6.0, 9.0)
Saved image to /network/scratch/s/sonia.joseph/CLIP_AUDIT/sampled_images/TinyCLIP40M/layer_8/neuron_360/neuron_360_layer_8_top_k_only.png
Neuron 44, Layer 8, SD intervals: (5.0, 8.0)
Saved image to /network/scratch/s/sonia.joseph/CLIP_AUDIT/sampled_images/TinyCLIP40M/layer_8/neuron_44/neuron_44_layer_8_top_k_only.png
Neuron 353, Layer 8, SD intervals: (4.0, 7.0)
Saved image to /network/scratch/s/sonia.joseph/CLIP_AUDIT/sampled_images/TinyCLIP40M/layer_8/neuron_353/neuron_353_layer_8_top_k_only.png
Neuron 203, Layer 8, SD intervals: (5.0, 7.0)
Saved image to /network/scratch/s/sonia.joseph/CLIP_AUDIT/sampled_images/TinyCLIP40M/layer_8/neuron_203/neuron_203_layer_8_top_k_only.png
Neuron 432, Layer 8, SD intervals: (5.0, 7.0)
Saved image to /network/scratch/s/sonia.joseph/CLIP_AUDIT/sampled_images/TinyCLIP40M/layer_8/neuron_432/neuron_432_layer_8_top_k_only.png
Neuron 436, Layer 8, SD intervals: (6.0, 8.0)
Saved image to /network/scratch/s/sonia.joseph/CLIP_AUDIT/sampled_images/TinyCLIP40M/layer_8/neuron_436/neuron_436_layer_8_top_k_only.png
Neuron 506, Layer 8, SD intervals: (5.0, 7.0)
Saved image to /network/scratch/s/sonia.joseph/CLIP_AUDIT/sampled_images/TinyCLIP40M/layer_8/neuron_506/neuron_506_layer_8_top_k_only.png
Neuron 398, Layer 8, SD intervals: (6.0, 8.0)
Saved image to /network/scratch/s/sonia.joseph/CLIP_AUDIT/sampled_images/TinyCLIP40M/layer_8/neuron_398/neuron_398_layer_8_top_k_only.png
Neuron 390, Layer 8, SD intervals: (4.0, 8.0)
Saved image to /network/scratch/s/sonia.joseph/CLIP_AUDIT/sampled_images/TinyCLIP40M/layer_8/neuron_390/neuron_390_layer_8_top_k_only.png
Neuron 354, Layer 8, SD intervals: (5.0, 7.0)
Saved image to /network/scratch/s/sonia.joseph/CLIP_AUDIT/sampled_images/TinyCLIP40M/layer_8/neuron_354/neuron_354_layer_8_top_k_only.png
Neuron 90, Layer 8, SD intervals: (5.0, 8.0)
Saved image to /network/scratch/s/sonia.joseph/CLIP_AUDIT/sampled_images/TinyCLIP40M/layer_8/neuron_90/neuron_90_layer_8_top_k_only.png
Neuron 494, Layer 8, SD intervals: (6.0, 9.0)
Saved image to /network/scratch/s/sonia.joseph/CLIP_AUDIT/sampled_images/TinyCLIP40M/layer_8/neuron_494/neuron_494_layer_8_top_k_only.png
Neuron 443, Layer 8, SD intervals: (5.0, 7.0)
Saved image to /network/scratch/s/sonia.joseph/CLIP_AUDIT/sampled_images/TinyCLIP40M/layer_8/neuron_443/neuron_443_layer_8_top_k_only.png
Neuron 299, Layer 8, SD intervals: (5.0, 7.0)
Saved image to /network/scratch/s/sonia.joseph/CLIP_AUDIT/sampled_images/TinyCLIP40M/layer_8/neuron_299/neuron_299_layer_8_top_k_only.png
Neuron 18, Layer 8, SD intervals: (4.0, 5.0)
Saved image to /network/scratch/s/sonia.joseph/CLIP_AUDIT/sampled_images/TinyCLIP40M/layer_8/neuron_18/neuron_18_layer_8_top_k_only.png
Neuron 269, Layer 8, SD intervals: (6.0, 8.0)
Saved image to /network/scratch/s/sonia.joseph/CLIP_AUDIT/sampled_images/TinyCLIP40M/layer_8/neuron_269/neuron_269_layer_8_top_k_only.png
Neuron 301, Layer 8, SD intervals: (5.0, 8.0)
Saved image to /network/scratch/s/sonia.joseph/CLIP_AUDIT/sampled_images/TinyCLIP40M/layer_8/neuron_301/neuron_301_layer_8_top_k_only.png
Neuron 272, Layer 8, SD intervals: (5.0, 8.0)
Saved image to /network/scratch/s/sonia.joseph/CLIP_AUDIT/sampled_images/TinyCLIP40M/layer_8/neuron_272/neuron_272_layer_8_top_k_only.png
Neuron 173, Layer 8, SD intervals: (5.0, 7.0)
Saved image to /network/scratch/s/sonia.joseph/CLIP_AUDIT/sampled_images/TinyCLIP40M/layer_8/neuron_173/neuron_173_layer_8_top_k_only.png
Neuron 331, Layer 8, SD intervals: (5.0, 8.0)
Saved image to /network/scratch/s/sonia.joseph/CLIP_AUDIT/sampled_images/TinyCLIP40M/layer_8/neuron_331/neuron_331_layer_8_top_k_only.png
Neuron 374, Layer 8, SD intervals: (5.0, 8.0)
Saved image to /network/scratch/s/sonia.joseph/CLIP_AUDIT/sampled_images/TinyCLIP40M/layer_8/neuron_374/neuron_374_layer_8_top_k_only.png
Neuron 85, Layer 8, SD intervals: (4.0, 6.0)
Saved image to /network/scratch/s/sonia.joseph/CLIP_AUDIT/sampled_images/TinyCLIP40M/layer_8/neuron_85/neuron_85_layer_8_top_k_only.png
Neuron 13, Layer 8, SD intervals: (5.0, 8.0)
Saved image to /network/scratch/s/sonia.joseph/CLIP_AUDIT/sampled_images/TinyCLIP40M/layer_8/neuron_13/neuron_13_layer_8_top_k_only.png
Neuron 30, Layer 8, SD intervals: (5.0, 8.0)
Saved image to /network/scratch/s/sonia.joseph/CLIP_AUDIT/sampled_images/TinyCLIP40M/layer_8/neuron_30/neuron_30_layer_8_top_k_only.png
Neuron 270, Layer 8, SD intervals: (7.0, 10.0)
Saved image to /network/scratch/s/sonia.joseph/CLIP_AUDIT/sampled_images/TinyCLIP40M/layer_8/neuron_270/neuron_270_layer_8_top_k_only.png
Neuron 497, Layer 8, SD intervals: (5.0, 7.0)
Saved image to /network/scratch/s/sonia.joseph/CLIP_AUDIT/sampled_images/TinyCLIP40M/layer_8/neuron_497/neuron_497_layer_8_top_k_only.png
Neuron 205, Layer 8, SD intervals: (6.0, 8.0)
Saved image to /network/scratch/s/sonia.joseph/CLIP_AUDIT/sampled_images/TinyCLIP40M/layer_8/neuron_205/neuron_205_layer_8_top_k_only.png
Neuron 233, Layer 8, SD intervals: (5.0, 8.0)
Saved image to /network/scratch/s/sonia.joseph/CLIP_AUDIT/sampled_images/TinyCLIP40M/layer_8/neuron_233/neuron_233_layer_8_top_k_only.png
Neuron 275, Layer 8, SD intervals: (5.0, 7.0)
Saved image to /network/scratch/s/sonia.joseph/CLIP_AUDIT/sampled_images/TinyCLIP40M/layer_8/neuron_275/neuron_275_layer_8_top_k_only.png
Neuron 206, Layer 8, SD intervals: (5.0, 7.0)
Saved image to /network/scratch/s/sonia.joseph/CLIP_AUDIT/sampled_images/TinyCLIP40M/layer_8/neuron_206/neuron_206_layer_8_top_k_only.png
Neuron 145, Layer 8, SD intervals: (6.0, 9.0)
Saved image to /network/scratch/s/sonia.joseph/CLIP_AUDIT/sampled_images/TinyCLIP40M/layer_8/neuron_145/neuron_145_layer_8_top_k_only.png
Neuron 136, Layer 8, SD intervals: (6.0, 8.0)
Saved image to /network/scratch/s/sonia.joseph/CLIP_AUDIT/sampled_images/TinyCLIP40M/layer_8/neuron_136/neuron_136_layer_8_top_k_only.png
Neuron 413, Layer 8, SD intervals: (5.0, 7.0)
Saved image to /network/scratch/s/sonia.joseph/CLIP_AUDIT/sampled_images/TinyCLIP40M/layer_8/neuron_413/neuron_413_layer_8_top_k_only.png
Neuron 251, Layer 8, SD intervals: (5.0, 7.0)
Saved image to /network/scratch/s/sonia.joseph/CLIP_AUDIT/sampled_images/TinyCLIP40M/layer_8/neuron_251/neuron_251_layer_8_top_k_only.png
Neuron 156, Layer 8, SD intervals: (5.0, 8.0)
Saved image to /network/scratch/s/sonia.joseph/CLIP_AUDIT/sampled_images/TinyCLIP40M/layer_8/neuron_156/neuron_156_layer_8_top_k_only.png
Neuron 231, Layer 8, SD intervals: (6.0, 8.0)
Saved image to /network/scratch/s/sonia.joseph/CLIP_AUDIT/sampled_images/TinyCLIP40M/layer_8/neuron_231/neuron_231_layer_8_top_k_only.png

======== GPU REPORT ========

==============NVSMI LOG==============

Timestamp                                 : Thu Jul 11 11:23:02 2024
Driver Version                            : 535.161.08
CUDA Version                              : 12.2

Attached GPUs                             : 1
GPU 00000000:41:00.0
    Accounting Mode                       : Disabled
    Accounting Mode Buffer Size           : 4000
    Accounted Processes                   : None

Thu Jul 11 11:23:02 2024       
+---------------------------------------------------------------------------------------+
| NVIDIA-SMI 535.161.08             Driver Version: 535.161.08   CUDA Version: 12.2     |
|-----------------------------------------+----------------------+----------------------+
| GPU  Name                 Persistence-M | Bus-Id        Disp.A | Volatile Uncorr. ECC |
| Fan  Temp   Perf          Pwr:Usage/Cap |         Memory-Usage | GPU-Util  Compute M. |
|                                         |                      |               MIG M. |
|=========================================+======================+======================|
|   0  NVIDIA A100-SXM4-80GB          On  | 00000000:41:00.0 Off |                   On |
| N/A   29C    P0             127W / 500W |  19272MiB / 81920MiB |     N/A      Default |
|                                         |                      |              Enabled |
+-----------------------------------------+----------------------+----------------------+

+---------------------------------------------------------------------------------------+
| MIG devices:                                                                          |
+------------------+--------------------------------+-----------+-----------------------+
| GPU  GI  CI  MIG |                   Memory-Usage |        Vol|      Shared           |
|      ID  ID  Dev |                     BAR1-Usage | SM     Unc| CE ENC DEC OFA JPG    |
|                  |                                |        ECC|                       |
|==================+================================+===========+=======================|
|  0    6   0   0  |              10MiB / 19968MiB  | 28      0 |  2   0    1    0    0 |
|                  |               0MiB / 32767MiB  |           |                       |
+------------------+--------------------------------+-----------+-----------------------+
                                                                                         
+---------------------------------------------------------------------------------------+
| Processes:                                                                            |
|  GPU   GI   CI        PID   Type   Process name                            GPU Memory |
|        ID   ID                                                             Usage      |
|=======================================================================================|
|  No running processes found                                                           |
+---------------------------------------------------------------------------------------+
