CLIPVisionConfig {
  "architecture": "vit_clip_vision_encoder",
  "attention_dropout": 0.0,
  "dropout": 0.0,
  "hidden_act": "gelu",
  "hidden_size": 1664,
  "image_size": 224,
  "initializer_factor": 1.0,
  "initializer_range": 0.02,
  "intermediate_size": 8192,
  "layer_norm_eps": 1e-05,
  "model_type": "clip_vision_model",
  "num_attention_heads": 16,
  "num_channels": 3,
  "num_classes": 1280,
  "num_hidden_layers": 48,
  "patch_size": 14,
  "projection_dim": 1280,
  "transformers_version": "4.39.3"
}

Official model name laion/CLIP-ViT-bigG-14-laion2B-39B-b160k
Loaded pretrained model laion/CLIP-ViT-bigG-14-laion2B-39B-b160k into HookedTransformer
Model loaded: laion/CLIP-ViT-bigG-14-laion2B-39B-b160k

======== GPU REPORT ========

==============NVSMI LOG==============

Timestamp                                 : Thu Dec 12 01:37:00 2024
Driver Version                            : 560.35.03
CUDA Version                              : 12.6

Attached GPUs                             : 1
GPU 00000000:89:00.0
    Accounting Mode                       : Enabled
    Accounting Mode Buffer Size           : 4000
    Accounted Processes
        Process ID                        : 1285181
            GPU Utilization               : 40 %
            Memory Utilization            : 17 %
            Max memory usage              : 12222 MiB
            Time                          : 0 ms
            Is Running                    : 1

Thu Dec 12 01:37:00 2024       
+-----------------------------------------------------------------------------------------+
| NVIDIA-SMI 560.35.03              Driver Version: 560.35.03      CUDA Version: 12.6     |
|-----------------------------------------+------------------------+----------------------+
| GPU  Name                 Persistence-M | Bus-Id          Disp.A | Volatile Uncorr. ECC |
| Fan  Temp   Perf          Pwr:Usage/Cap |           Memory-Usage | GPU-Util  Compute M. |
|                                         |                        |               MIG M. |
|=========================================+========================+======================|
|   0  Tesla V100-SXM2-32GB           On  |   00000000:89:00.0 Off |                    0 |
| N/A   39C    P0             65W /  300W |   12226MiB /  32768MiB |      0%      Default |
|                                         |                        |                  N/A |
+-----------------------------------------+------------------------+----------------------+
                                                                                         
+-----------------------------------------------------------------------------------------+
| Processes:                                                                              |
|  GPU   GI   CI        PID   Type   Process name                              GPU Memory |
|        ID   ID                                                               Usage      |
|=========================================================================================|
|    0   N/A  N/A   1285181      C   python                                      12222MiB |
+-----------------------------------------------------------------------------------------+
