Official model name open-clip:laion/CLIP-ViT-B-32-DataComp.XL-s13B-b90K
Converting OpenCLIP weights
visual projection shape torch.Size([768, 512])
Setting center_writing_weights to False for OpenCLIP
Setting fold_ln to False for OpenCLIP
Loaded pretrained model open-clip:laion/CLIP-ViT-B-32-DataComp.XL-s13B-b90K into HookedTransformer

======== GPU REPORT ========

==============NVSMI LOG==============

Timestamp                                 : Mon Sep 16 11:30:14 2024
Driver Version                            : 535.183.06
CUDA Version                              : 12.2

Attached GPUs                             : 1
GPU 00000000:01:00.0
    Accounting Mode                       : Enabled
    Accounting Mode Buffer Size           : 4000
    Accounted Processes
        Process ID                        : 3086903
            GPU Utilization               : 0 %
            Memory Utilization            : 0 %
            Max memory usage              : 796 MiB
            Time                          : 4545503 ms
            Is Running                    : 0

Mon Sep 16 11:30:14 2024       
+---------------------------------------------------------------------------------------+
| NVIDIA-SMI 535.183.06             Driver Version: 535.183.06   CUDA Version: 12.2     |
|-----------------------------------------+----------------------+----------------------+
| GPU  Name                 Persistence-M | Bus-Id        Disp.A | Volatile Uncorr. ECC |
| Fan  Temp   Perf          Pwr:Usage/Cap |         Memory-Usage | GPU-Util  Compute M. |
|                                         |                      |               MIG M. |
|=========================================+======================+======================|
|   0  NVIDIA A100-SXM4-40GB          On  | 00000000:01:00.0 Off |                    0 |
| N/A   27C    P0              58W / 400W |      0MiB / 40960MiB |     14%      Default |
|                                         |                      |             Disabled |
+-----------------------------------------+----------------------+----------------------+
                                                                                         
+---------------------------------------------------------------------------------------+
| Processes:                                                                            |
|  GPU   GI   CI        PID   Type   Process name                            GPU Memory |
|        ID   ID                                                             Usage      |
|=======================================================================================|
|  No running processes found                                                           |
+---------------------------------------------------------------------------------------+
