model_id download_pretrained_from_hf: laion/CLIP-ViT-B-32-DataComp.XL-s13B-b90K
Official model name open-clip:laion/CLIP-ViT-B-32-DataComp.XL-s13B-b90K
Converting OpenCLIP weights
model_id download_pretrained_from_hf: laion/CLIP-ViT-B-32-DataComp.XL-s13B-b90K
visual projection shape torch.Size([768, 512])
Setting center_writing_weights to False for OpenCLIP
Setting fold_ln to False for OpenCLIP
Loaded pretrained model open-clip:laion/CLIP-ViT-B-32-DataComp.XL-s13B-b90K into HookedTransformer
Processing neuron 387 in layer 7
Processing neuron 680 in layer 7
Processing neuron 362 in layer 7
Processing neuron 395 in layer 7
Processing neuron 136 in layer 7
Processing neuron 761 in layer 7
Processing neuron 432 in layer 7
Processing neuron 532 in layer 7
Processing neuron 338 in layer 7
Processing neuron 764 in layer 7
Processing neuron 269 in layer 7
Processing neuron 37 in layer 7
Processing neuron 402 in layer 7
Processing neuron 550 in layer 7
Processing neuron 693 in layer 7
Processing neuron 684 in layer 7
Processing neuron 224 in layer 7
Processing neuron 95 in layer 7
Processing neuron 216 in layer 7
Processing neuron 343 in layer 7
Processing neuron 55 in layer 7
Processing neuron 650 in layer 7
Processing neuron 737 in layer 7
Processing neuron 336 in layer 7
Processing neuron 656 in layer 7
Processing neuron 111 in layer 7
Processing neuron 454 in layer 7
Processing neuron 306 in layer 7
Processing neuron 251 in layer 7
Processing neuron 109 in layer 7

======== GPU REPORT ========

==============NVSMI LOG==============

Timestamp                                 : Sat Nov  2 15:13:44 2024
Driver Version                            : 560.35.03
CUDA Version                              : 12.6

Attached GPUs                             : 1
GPU 00000000:27:00.0
    Accounting Mode                       : Enabled
    Accounting Mode Buffer Size           : 4000
    Accounted Processes
        Process ID                        : 2627142
            GPU Utilization               : 0 %
            Memory Utilization            : 0 %
            Max memory usage              : 544 MiB
            Time                          : 3340462 ms
            Is Running                    : 0

Sat Nov  2 15:13:44 2024       
+-----------------------------------------------------------------------------------------+
| NVIDIA-SMI 560.35.03              Driver Version: 560.35.03      CUDA Version: 12.6     |
|-----------------------------------------+------------------------+----------------------+
| GPU  Name                 Persistence-M | Bus-Id          Disp.A | Volatile Uncorr. ECC |
| Fan  Temp   Perf          Pwr:Usage/Cap |           Memory-Usage | GPU-Util  Compute M. |
|                                         |                        |               MIG M. |
|=========================================+========================+======================|
|   0  Quadro RTX 8000                On  |   00000000:27:00.0 Off |                    0 |
| 37%   40C    P8             25W /  260W |       1MiB /  46080MiB |     17%      Default |
|                                         |                        |                  N/A |
+-----------------------------------------+------------------------+----------------------+
                                                                                         
+-----------------------------------------------------------------------------------------+
| Processes:                                                                              |
|  GPU   GI   CI        PID   Type   Process name                              GPU Memory |
|        ID   ID                                                               Usage      |
|=========================================================================================|
|  No running processes found                                                             |
+-----------------------------------------------------------------------------------------+
