{'n_layers': 12, 'd_model': 512, 'd_head': 64, 'model_name': '', 'n_heads': 8, 'd_mlp': 2048, 'activation_name': 'gelu', 'eps': 1e-05, 'original_architecture': 'vit_clip_vision_encoder', 'initializer_range': 0.02, 'n_channels': 3, 'patch_size': 32, 'image_size': 224, 'n_classes': 512, 'n_params': None, 'layer_norm_pre': True, 'return_type': 'class_logits'}
LayerNorm folded.
Centered weights writing to residual stream
Loaded pretrained model wkcn/TinyCLIP-ViT-40M-32-Text-19M-LAION400M into HookedTransformer
Neuron 80 in layer 1 already processed. Skipping.
Neuron 274 in layer 1 already processed. Skipping.
Neuron 206 in layer 1 already processed. Skipping.
Neuron 479 in layer 1 already processed. Skipping.
Neuron 58 in layer 1 already processed. Skipping.
Neuron 310 in layer 1 already processed. Skipping.
Neuron 342 in layer 1 already processed. Skipping.
Neuron 87 in layer 1 already processed. Skipping.
Neuron 157 in layer 1 already processed. Skipping.
Skipping interval (-7.0, -6.0, -0.6086840033531189, -0.5743136405944824) as it has less than 20 images
Skipping interval (6.0, 7.0, 0.585871696472168, 0.6250513792037964) as it has less than 20 images
Neuron 39 in layer 1 already processed. Skipping.
Skipping interval (-6.0, -5.0, -0.4268956482410431, -0.3966799080371856) as it has less than 20 images
Skipping interval (6.0, 7.0, 0.5800150632858276, 0.6583239436149597) as it has less than 20 images
Neuron 412 in layer 1 already processed. Skipping.
Skipping interval (-6.0, -5.0, -0.3849713802337646, -0.3592004477977752) as it has less than 20 images
Skipping interval (6.0, 7.0, 0.5470837950706482, 0.5470837950706482) as it has less than 20 images
Neuron 265 in layer 1 already processed. Skipping.
Skipping interval (-6.0, -5.0, -0.5329288244247437, -0.4817593097686767) as it has less than 20 images
Skipping interval (6.0, 7.0, 0.4379692673683166, 0.4536235928535461) as it has less than 20 images
Skipping interval (-8.0, -7.0, -0.5526590347290039, -0.5484538078308105) as it has less than 20 images
Skipping interval (-7.0, -6.0, -0.5286325216293335, -0.4580816030502319) as it has less than 20 images
Skipping interval (5.0, 6.0, 0.382333755493164, 0.402793824672699) as it has less than 20 images
Neuron 511 in layer 1 already processed. Skipping.
Skipping interval (-7.0, -6.0, -0.5126205682754517, -0.5126205682754517) as it has less than 20 images
Skipping interval (6.0, 7.0, 0.5573439002037048, 0.6172721982002258) as it has less than 20 images
Skipping interval (-8.0, -7.0, -0.6263360977172852, -0.6263360977172852) as it has less than 20 images
Skipping interval (-7.0, -6.0, -0.5280740857124329, -0.5240858197212219) as it has less than 20 images
Skipping interval (6.0, 7.0, 0.5442621111869812, 0.5442621111869812) as it has less than 20 images
Skipping interval (-6.0, -5.0, -0.4880829751491546, -0.4675053656101227) as it has less than 20 images
Skipping interval (5.0, 6.0, 0.3356267511844635, 0.3702347576618194) as it has less than 20 images
Neuron 189 in layer 1 already processed. Skipping.
Skipping interval (-8.0, -7.0, -0.7178415060043335, -0.7178415060043335) as it has less than 20 images
Skipping interval (-7.0, -6.0, -0.5782197713851929, -0.5782197713851929) as it has less than 20 images
Skipping interval (6.0, 7.0, 0.5957624912261963, 0.6552296876907349) as it has less than 20 images
Neuron 495 in layer 1 already processed. Skipping.
Skipping interval (-8.0, -7.0, -0.9348592758178712, -0.87848961353302) as it has less than 20 images
Skipping interval (-7.0, -6.0, -0.8155699968338013, -0.7374396920204163) as it has less than 20 images
Skipping interval (6.0, 7.0, 0.6810165047645569, 0.7950273752212524) as it has less than 20 images
Skipping interval (7.0, 8.0, 0.8193908929824829, 0.9122163653373718) as it has less than 20 images
Skipping interval (8.0, 9.0, 1.0182737112045288, 1.0182737112045288) as it has less than 20 images
Skipping interval (9.0, 10.0, 1.0835068225860596, 1.0835068225860596) as it has less than 20 images
Skipping interval (-7.0, -6.0, -0.533740222454071, -0.533740222454071) as it has less than 20 images
Skipping interval (6.0, 7.0, 0.5692998170852661, 0.6002742052078247) as it has less than 20 images
Skipping interval (-8.0, -7.0, -0.7411613464355469, -0.6593892574310303) as it has less than 20 images
Skipping interval (-7.0, -6.0, -0.6475884914398193, -0.5641387104988098) as it has less than 20 images
Skipping interval (6.0, 7.0, 0.5786033272743225, 0.656154990196228) as it has less than 20 images
Neuron 254 in layer 1 already processed. Skipping.
Skipping interval (-18.0, -17.0, -1.2143532037734983, -1.2143532037734983) as it has less than 20 images
Skipping interval (-14.0, -13.0, -0.8948726654052734, -0.8948726654052734) as it has less than 20 images
Skipping interval (-13.0, -12.0, -0.8775762319564819, -0.8775762319564819) as it has less than 20 images
Skipping interval (-11.0, -10.0, -0.7278388738632202, -0.7141661047935486) as it has less than 20 images
Skipping interval (-10.0, -9.0, -0.6511659622192383, -0.6511659622192383) as it has less than 20 images
Skipping interval (-9.0, -8.0, -0.6231846213340759, -0.617874801158905) as it has less than 20 images
Skipping interval (-8.0, -7.0, -0.5575780272483826, -0.5010597705841064) as it has less than 20 images
Skipping interval (-7.0, -6.0, -0.4866440594196319, -0.4239890277385711) as it has less than 20 images
Skipping interval (6.0, 7.0, 0.382471889257431, 0.4446575045585632) as it has less than 20 images
Skipping interval (7.0, 8.0, 0.4603018462657928, 0.5120712518692017) as it has less than 20 images
Skipping interval (8.0, 9.0, 0.5406948328018188, 0.5406948328018188) as it has less than 20 images
Skipping interval (9.0, 10.0, 0.642926812171936, 0.6461206078529358) as it has less than 20 images
Skipping interval (10.0, 11.0, 0.652686357498169, 0.6753807663917542) as it has less than 20 images
Skipping interval (11.0, 12.0, 0.7217661142349243, 0.7217661142349243) as it has less than 20 images
Skipping interval (17.0, 18.0, 1.1439510583877563, 1.172834396362305) as it has less than 20 images
Neuron 108 in layer 1 already processed. Skipping.
Skipping interval (-6.0, -5.0, -0.7140050530433655, -0.6356956958770752) as it has less than 20 images
Skipping interval (7.0, 8.0, 0.7840032577514648, 0.8223657608032227) as it has less than 20 images
Neuron 184 in layer 1 already processed. Skipping.
Skipping interval (-7.0, -6.0, -0.6180946230888367, -0.5658441781997681) as it has less than 20 images
Skipping interval (6.0, 7.0, 0.5227736234664917, 0.6099451184272766) as it has less than 20 images
Skipping interval (7.0, 8.0, 0.6427048444747925, 0.6427048444747925) as it has less than 20 images
Skipping interval (-7.0, -6.0, -0.6199988126754761, -0.5443748831748962) as it has less than 20 images
Skipping interval (6.0, 7.0, 0.6037157773971558, 0.6340285539627075) as it has less than 20 images
Skipping interval (7.0, 8.0, 0.7255696654319763, 0.7255696654319763) as it has less than 20 images
Skipping interval (-9.0, -8.0, -0.6005709171295166, -0.5875446200370789) as it has less than 20 images
Skipping interval (-8.0, -7.0, -0.5136420726776123, -0.5129925012588501) as it has less than 20 images
Skipping interval (-7.0, -6.0, -0.4919388592243194, -0.4684755504131317) as it has less than 20 images
Skipping interval (6.0, 7.0, 0.4467798173427582, 0.4964579641819) as it has less than 20 images
Skipping interval (7.0, 8.0, 0.5359105467796326, 0.5736821889877319) as it has less than 20 images
Skipping interval (8.0, 9.0, 0.6002481579780579, 0.6596340537071228) as it has less than 20 images
Skipping interval (9.0, 10.0, 0.6684035062789917, 0.727401852607727) as it has less than 20 images
Skipping interval (11.0, 12.0, 0.8515386581420898, 0.8515386581420898) as it has less than 20 images
Skipping interval (-8.0, -7.0, -0.6538100242614746, -0.6538100242614746) as it has less than 20 images
Skipping interval (-7.0, -6.0, -0.5967807769775391, -0.547767162322998) as it has less than 20 images
Skipping interval (5.0, 6.0, 0.5407577753067017, 0.6243695616722107) as it has less than 20 images
Skipping interval (6.0, 7.0, 0.6555128693580627, 0.6555128693580627) as it has less than 20 images
Skipping interval (-6.0, -5.0, -0.4830918610095978, -0.4132011234760284) as it has less than 20 images
Skipping interval (6.0, 7.0, 0.4563235938549042, 0.4563235938549042) as it has less than 20 images
Skipping interval (-8.0, -7.0, -0.7994565963745117, -0.7173436284065247) as it has less than 20 images
Skipping interval (-7.0, -6.0, -0.6912440657615662, -0.6096546649932861) as it has less than 20 images
Skipping interval (6.0, 7.0, 0.6116317510604858, 0.6988720893859863) as it has less than 20 images
Skipping interval (-6.0, -5.0, -0.401782363653183, -0.3562754690647125) as it has less than 20 images
Skipping interval (5.0, 6.0, 0.3910126388072967, 0.4293769896030426) as it has less than 20 images
Skipping interval (-6.0, -5.0, -0.5031707286834717, -0.4370772540569305) as it has less than 20 images
Skipping interval (5.0, 6.0, 0.3789477050304413, 0.409822940826416) as it has less than 20 images
Skipping interval (-6.0, -5.0, -0.3888221085071563, -0.3349178731441498) as it has less than 20 images
Skipping interval (-7.0, -6.0, -0.5068463683128357, -0.5068463683128357) as it has less than 20 images
Skipping interval (6.0, 7.0, 0.5989636182785034, 0.5989636182785034) as it has less than 20 images
Skipping interval (5.0, 6.0, 0.4291441440582275, 0.4685744345188141) as it has less than 20 images
Skipping interval (6.0, 7.0, 0.5115387439727783, 0.5483239889144897) as it has less than 20 images
Skipping interval (-8.0, -7.0, -0.5721604824066162, -0.5721604824066162) as it has less than 20 images
Skipping interval (-7.0, -6.0, -0.4538145959377289, -0.4538145959377289) as it has less than 20 images
Skipping interval (5.0, 6.0, 0.3912834823131561, 0.4074686765670776) as it has less than 20 images
Skipping interval (5.0, 6.0, 0.4069092869758606, 0.4766425192356109) as it has less than 20 images
Skipping interval (6.0, 7.0, 0.4981096088886261, 0.5209348797798157) as it has less than 20 images
Skipping interval (-6.0, -5.0, -0.4236201047897339, -0.4236201047897339) as it has less than 20 images
Skipping interval (6.0, 7.0, 0.4663051664829254, 0.4670910537242889) as it has less than 20 images
Skipping interval (-7.0, -6.0, -0.4870697259902954, -0.4870697259902954) as it has less than 20 images
Skipping interval (-6.0, -5.0, -0.4469466805458069, -0.3819924592971802) as it has less than 20 images
Skipping interval (5.0, 6.0, 0.3632695376873016, 0.4339620172977447) as it has less than 20 images
Skipping interval (6.0, 7.0, 0.4475410878658294, 0.4475410878658294) as it has less than 20 images
Skipping interval (-9.0, -8.0, -0.6562782526016235, -0.6562782526016235) as it has less than 20 images
Skipping interval (-8.0, -7.0, -0.57364821434021, -0.5519951581954956) as it has less than 20 images
Skipping interval (-7.0, -6.0, -0.5340196490287781, -0.4569286704063415) as it has less than 20 images
Skipping interval (6.0, 7.0, 0.6552915573120117, 0.7049174308776855) as it has less than 20 images
Skipping interval (-7.0, -6.0, -0.7362937927246094, -0.6426688432693481) as it has less than 20 images
Skipping interval (6.0, 7.0, 0.6308846473693848, 0.6774752736091614) as it has less than 20 images
Skipping interval (-7.0, -6.0, -0.5944448709487915, -0.5944448709487915) as it has less than 20 images
Skipping interval (-6.0, -5.0, -0.517406165599823, -0.4613799452781677) as it has less than 20 images
Skipping interval (6.0, 7.0, 0.5735276937484741, 0.5905733108520508) as it has less than 20 images
Skipping interval (-6.0, -5.0, -0.5427695512771606, -0.4662825167179107) as it has less than 20 images
Skipping interval (6.0, 7.0, 0.5883172750473022, 0.6221416592597961) as it has less than 20 images
Skipping interval (-7.0, -6.0, -0.4929751455783844, -0.4446316659450531) as it has less than 20 images
Skipping interval (-10.0, -9.0, -1.3823699951171875, -1.275954008102417) as it has less than 20 images
Skipping interval (-9.0, -8.0, -1.2593570947647097, -1.1291470527648926) as it has less than 20 images
Skipping interval (6.0, 7.0, 0.7846927046775818, 0.7876797914505005) as it has less than 20 images
Skipping interval (-6.0, -5.0, -0.3776239156723022, -0.3350378572940826) as it has less than 20 images
Skipping interval (6.0, 7.0, 0.4055053293704986, 0.4055053293704986) as it has less than 20 images
Skipping interval (-8.0, -7.0, -1.0600744485855105, -1.0600744485855105) as it has less than 20 images
Skipping interval (-7.0, -6.0, -0.9641826152801514, -0.903027892112732) as it has less than 20 images
Skipping interval (6.0, 7.0, 0.7644366025924683, 0.8663002252578735) as it has less than 20 images
Skipping interval (7.0, 8.0, 0.9362870454788208, 0.9362870454788208) as it has less than 20 images
Skipping interval (-10.0, -9.0, -0.7313016653060913, -0.7004333734512329) as it has less than 20 images
Skipping interval (-9.0, -8.0, -0.6188024282455444, -0.6087713837623596) as it has less than 20 images
Skipping interval (-8.0, -7.0, -0.5803770422935486, -0.5246244072914124) as it has less than 20 images
Skipping interval (-7.0, -6.0, -0.5016694068908691, -0.4480229616165161) as it has less than 20 images
Skipping interval (7.0, 8.0, 0.5495314002037048, 0.5997848510742188) as it has less than 20 images
Skipping interval (8.0, 9.0, 0.6216127276420593, 0.6835891008377075) as it has less than 20 images
Skipping interval (9.0, 10.0, 0.7692865133285522, 0.7692865133285522) as it has less than 20 images
Skipping interval (10.0, 11.0, 0.7766479849815369, 0.7766479849815369) as it has less than 20 images
Skipping interval (11.0, 12.0, 0.8990230560302734, 0.8990230560302734) as it has less than 20 images
Skipping interval (13.0, 14.0, 1.0366849899291992, 1.0366849899291992) as it has less than 20 images
Skipping interval (14.0, 15.0, 1.1307501792907717, 1.1307501792907717) as it has less than 20 images
Skipping interval (-7.0, -6.0, -0.5316856503486633, -0.5316856503486633) as it has less than 20 images
Skipping interval (6.0, 7.0, 0.5777132511138916, 0.6658966541290283) as it has less than 20 images
Skipping interval (7.0, 8.0, 0.6862977743148804, 0.6964311599731445) as it has less than 20 images
Skipping interval (-6.0, -5.0, -0.4607090055942535, -0.4078743457794189) as it has less than 20 images
Skipping interval (6.0, 7.0, 0.5008542537689209, 0.5180890560150146) as it has less than 20 images
Skipping interval (-5.0, -4.0, -0.2722623646259308, -0.2339567244052887) as it has less than 20 images
Skipping interval (5.0, 6.0, 0.5937352776527405, 0.6429693698883057) as it has less than 20 images
Skipping interval (-8.0, -7.0, -0.739946186542511, -0.6899096965789795) as it has less than 20 images
Skipping interval (5.0, 6.0, 0.4153590202331543, 0.5019909739494324) as it has less than 20 images
Skipping interval (-7.0, -6.0, -0.6019787788391113, -0.6019787788391113) as it has less than 20 images
Skipping interval (6.0, 7.0, 0.5316094756126404, 0.5690127611160278) as it has less than 20 images
Skipping interval (-6.0, -5.0, -0.5683887600898743, -0.5141873359680176) as it has less than 20 images
Skipping interval (5.0, 6.0, 0.3823305964469909, 0.4288567304611206) as it has less than 20 images
Skipping interval (-8.0, -7.0, -0.7228124737739563, -0.7228124737739563) as it has less than 20 images
Skipping interval (-7.0, -6.0, -0.6727361679077148, -0.6221067905426025) as it has less than 20 images
Skipping interval (6.0, 7.0, 0.4833670258522033, 0.5326863527297974) as it has less than 20 images
Skipping interval (-7.0, -6.0, -0.5858619809150696, -0.5557596683502197) as it has less than 20 images
Skipping interval (6.0, 7.0, 0.5950534343719482, 0.6084793210029602) as it has less than 20 images
Skipping interval (7.0, 8.0, 0.6953150033950806, 0.6953150033950806) as it has less than 20 images
Skipping interval (-15.0, -14.0, -1.0417579412460327, -0.988194465637207) as it has less than 20 images
Skipping interval (-13.0, -12.0, -0.9031355977058412, -0.8621002435684204) as it has less than 20 images
Skipping interval (-11.0, -10.0, -0.709317684173584, -0.7087146043777466) as it has less than 20 images
Skipping interval (-10.0, -9.0, -0.6549485921859741, -0.6334512233734131) as it has less than 20 images
Skipping interval (-9.0, -8.0, -0.6318255066871643, -0.5741129517555237) as it has less than 20 images
Skipping interval (-8.0, -7.0, -0.534554660320282, -0.507453203201294) as it has less than 20 images
Skipping interval (-7.0, -6.0, -0.4850985705852508, -0.4295857846736908) as it has less than 20 images
Skipping interval (6.0, 7.0, 0.4088394045829773, 0.4698045253753662) as it has less than 20 images
Skipping interval (7.0, 8.0, 0.4782022535800934, 0.4782022535800934) as it has less than 20 images
Skipping interval (9.0, 10.0, 0.6284924745559692, 0.6284924745559692) as it has less than 20 images
Skipping interval (10.0, 11.0, 0.6846482753753662, 0.7451353073120117) as it has less than 20 images
Skipping interval (11.0, 12.0, 0.7993758916854858, 0.7993758916854858) as it has less than 20 images
Skipping interval (18.0, 19.0, 1.2905375957489014, 1.2905375957489014) as it has less than 20 images
Skipping interval (-7.0, -6.0, -0.6429487466812134, -0.639510989189148) as it has less than 20 images
Skipping interval (6.0, 7.0, 0.5475689172744751, 0.6295429468154907) as it has less than 20 images
Neuron 266 in layer 1 already processed. Skipping.
Skipping interval (-7.0, -6.0, -0.5765576362609863, -0.5765576362609863) as it has less than 20 images
Skipping interval (-6.0, -5.0, -0.5389264225959778, -0.4651220738887787) as it has less than 20 images
Skipping interval (5.0, 6.0, 0.5361319184303284, 0.5966818928718567) as it has less than 20 images
Neuron 381 in layer 1 already processed. Skipping.
Skipping interval (-7.0, -6.0, -0.5413023233413696, -0.4885282218456268) as it has less than 20 images
Skipping interval (5.0, 6.0, 0.4074656069278717, 0.4696454107761383) as it has less than 20 images
Skipping interval (6.0, 7.0, 0.5668185949325562, 0.5668185949325562) as it has less than 20 images
Neuron 283 in layer 1 already processed. Skipping.
Skipping interval (-8.0, -7.0, -1.2207705974578855, -1.1083500385284424) as it has less than 20 images
Skipping interval (7.0, 8.0, 1.1019201278686523, 1.1642776727676392) as it has less than 20 images
Skipping interval (8.0, 9.0, 1.2263047695159912, 1.239678144454956) as it has less than 20 images
Neuron 227 in layer 1 already processed. Skipping.
Skipping interval (-7.0, -6.0, -0.4991916120052337, -0.4991916120052337) as it has less than 20 images
Skipping interval (-6.0, -5.0, -0.4422298073768616, -0.3996540307998657) as it has less than 20 images
Skipping interval (6.0, 7.0, 0.5805236101150513, 0.593948245048523) as it has less than 20 images
Neuron 231 in layer 1 already processed. Skipping.
Skipping interval (-7.0, -6.0, -0.6142469644546509, -0.5605073571205139) as it has less than 20 images
Skipping interval (6.0, 7.0, 0.5509538650512695, 0.5998702049255371) as it has less than 20 images
Neuron 259 in layer 1 already processed. Skipping.
Skipping interval (-7.0, -6.0, -0.6577059626579285, -0.6074979901313782) as it has less than 20 images
Skipping interval (6.0, 7.0, 0.5878682136535645, 0.6013398170471191) as it has less than 20 images
Skipping interval (7.0, 8.0, 0.679770827293396, 0.7418573498725891) as it has less than 20 images
Neuron 172 in layer 1 already processed. Skipping.
Skipping interval (6.0, 7.0, 0.5270726680755615, 0.5767594575881958) as it has less than 20 images
Neuron 391 in layer 1 already processed. Skipping.
Skipping interval (-7.0, -6.0, -0.5997966527938843, -0.5563082098960876) as it has less than 20 images
Skipping interval (5.0, 6.0, 0.4609235227108001, 0.5285084843635559) as it has less than 20 images
Skipping interval (6.0, 7.0, 0.554778516292572, 0.554778516292572) as it has less than 20 images
Neuron 117 in layer 1 already processed. Skipping.
Skipping interval (-7.0, -6.0, -0.6280190944671631, -0.6090476512908936) as it has less than 20 images
Skipping interval (6.0, 7.0, 0.5147688388824463, 0.5639734268188477) as it has less than 20 images
Skipping interval (8.0, 9.0, 0.7457087635993958, 0.7457087635993958) as it has less than 20 images
Neuron 279 in layer 1 already processed. Skipping.
Neuron 450 in layer 1 already processed. Skipping.
Skipping interval (-7.0, -6.0, -0.4584963619709015, -0.4267230927944183) as it has less than 20 images
Skipping interval (5.0, 6.0, 0.398998886346817, 0.4496563374996185) as it has less than 20 images
Skipping interval (6.0, 7.0, 0.5029979944229126, 0.5029979944229126) as it has less than 20 images
Neuron 138 in layer 1 already processed. Skipping.
Skipping interval (-7.0, -6.0, -0.4586112201213836, -0.4100818932056427) as it has less than 20 images
Skipping interval (6.0, 7.0, 0.6216042637825012, 0.6216042637825012) as it has less than 20 images
Neuron 152 in layer 1 already processed. Skipping.
Skipping interval (-6.0, -5.0, -0.2405958622694015, -0.2224704474210739) as it has less than 20 images
Skipping interval (5.0, 6.0, 0.2916404604911804, 0.3212150335311889) as it has less than 20 images
Skipping interval (-7.0, -6.0, -0.4350110292434692, -0.4284992218017578) as it has less than 20 images
Skipping interval (-6.0, -5.0, -0.3548922538757324, -0.3255394697189331) as it has less than 20 images
Skipping interval (6.0, 7.0, 0.4771322607994079, 0.5376349687576294) as it has less than 20 images
Skipping interval (7.0, 8.0, 0.579138457775116, 0.579138457775116) as it has less than 20 images
Skipping interval (-8.0, -7.0, -1.4084466695785522, -1.2672722339630127) as it has less than 20 images
Skipping interval (5.0, 6.0, 0.8834080100059509, 0.8954722881317139) as it has less than 20 images
Skipping interval (-9.0, -8.0, -0.6887767910957336, -0.6887767910957336) as it has less than 20 images
Skipping interval (-8.0, -7.0, -0.6121498346328735, -0.6121498346328735) as it has less than 20 images
Skipping interval (6.0, 7.0, 0.4558888673782348, 0.4828112721443176) as it has less than 20 images
Skipping interval (5.0, 6.0, 0.3618145287036896, 0.39762744307518) as it has less than 20 images
Neuron 290 in layer 1 already processed. Skipping.
Skipping interval (-7.0, -6.0, -0.6526379585266113, -0.5954050421714783) as it has less than 20 images
Skipping interval (6.0, 7.0, 0.4218631088733673, 0.4218631088733673) as it has less than 20 images
Skipping interval (7.0, 8.0, 0.5508973002433777, 0.5508973002433777) as it has less than 20 images
Neuron 468 in layer 1 already processed. Skipping.

======== GPU REPORT ========

==============NVSMI LOG==============

Timestamp                                 : Thu Jul 11 01:55:17 2024
Driver Version                            : 535.161.08
CUDA Version                              : 12.2

Attached GPUs                             : 1
GPU 00000000:41:00.0
    Accounting Mode                       : Enabled
    Accounting Mode Buffer Size           : 4000
    Accounted Processes
        Process ID                        : 307482
            GPU Utilization               : 0 %
            Memory Utilization            : 0 %
            Max memory usage              : 684 MiB
            Time                          : 16936584 ms
            Is Running                    : 0

Thu Jul 11 01:55:17 2024       
+---------------------------------------------------------------------------------------+
| NVIDIA-SMI 535.161.08             Driver Version: 535.161.08   CUDA Version: 12.2     |
|-----------------------------------------+----------------------+----------------------+
| GPU  Name                 Persistence-M | Bus-Id        Disp.A | Volatile Uncorr. ECC |
| Fan  Temp   Perf          Pwr:Usage/Cap |         Memory-Usage | GPU-Util  Compute M. |
|                                         |                      |               MIG M. |
|=========================================+======================+======================|
|   0  NVIDIA A100-SXM4-80GB          On  | 00000000:41:00.0 Off |                    0 |
| N/A   28C    P0              80W / 500W |      0MiB / 81920MiB |     11%      Default |
|                                         |                      |             Disabled |
+-----------------------------------------+----------------------+----------------------+
                                                                                         
+---------------------------------------------------------------------------------------+
| Processes:                                                                            |
|  GPU   GI   CI        PID   Type   Process name                            GPU Memory |
|        ID   ID                                                             Usage      |
|=======================================================================================|
|  No running processes found                                                           |
+---------------------------------------------------------------------------------------+
