model_id download_pretrained_from_hf: laion/CLIP-ViT-B-32-DataComp.XL-s13B-b90K
Official model name open-clip:laion/CLIP-ViT-B-32-DataComp.XL-s13B-b90K
Converting OpenCLIP weights
model_id download_pretrained_from_hf: laion/CLIP-ViT-B-32-DataComp.XL-s13B-b90K
visual projection shape torch.Size([768, 512])
Setting center_writing_weights to False for OpenCLIP
Setting fold_ln to False for OpenCLIP
Loaded pretrained model open-clip:laion/CLIP-ViT-B-32-DataComp.XL-s13B-b90K into HookedTransformer
Processing neuron 131 in layer 3
Processing neuron 557 in layer 3
Processing neuron 476 in layer 3
Processing neuron 548 in layer 3
Processing neuron 550 in layer 3
Processing neuron 395 in layer 3
Processing neuron 754 in layer 3
Processing neuron 455 in layer 3
Processing neuron 458 in layer 3
Processing neuron 756 in layer 3
Processing neuron 406 in layer 3
Processing neuron 537 in layer 3
Processing neuron 117 in layer 3
Processing neuron 663 in layer 3
Processing neuron 159 in layer 3
Processing neuron 628 in layer 3
Processing neuron 486 in layer 3
Processing neuron 640 in layer 3
Processing neuron 553 in layer 3
Processing neuron 351 in layer 3
Processing neuron 446 in layer 3
Processing neuron 105 in layer 3
Processing neuron 654 in layer 3
Processing neuron 344 in layer 3
Processing neuron 18 in layer 3
Processing neuron 198 in layer 3
Processing neuron 331 in layer 3
Processing neuron 590 in layer 3
Processing neuron 532 in layer 3
Processing neuron 208 in layer 3

======== GPU REPORT ========

==============NVSMI LOG==============

Timestamp                                 : Sat Nov  2 15:11:20 2024
Driver Version                            : 560.35.03
CUDA Version                              : 12.6

Attached GPUs                             : 1
GPU 00000000:27:00.0
    Accounting Mode                       : Enabled
    Accounting Mode Buffer Size           : 4000
    Accounted Processes
        Process ID                        : 686102
            GPU Utilization               : 0 %
            Memory Utilization            : 0 %
            Max memory usage              : 544 MiB
            Time                          : 3385716 ms
            Is Running                    : 0

Sat Nov  2 15:11:20 2024       
+-----------------------------------------------------------------------------------------+
| NVIDIA-SMI 560.35.03              Driver Version: 560.35.03      CUDA Version: 12.6     |
|-----------------------------------------+------------------------+----------------------+
| GPU  Name                 Persistence-M | Bus-Id          Disp.A | Volatile Uncorr. ECC |
| Fan  Temp   Perf          Pwr:Usage/Cap |           Memory-Usage | GPU-Util  Compute M. |
|                                         |                        |               MIG M. |
|=========================================+========================+======================|
|   0  Quadro RTX 8000                On  |   00000000:27:00.0 Off |                    0 |
| 34%   35C    P8             33W /  260W |       1MiB /  46080MiB |      0%      Default |
|                                         |                        |                  N/A |
+-----------------------------------------+------------------------+----------------------+
                                                                                         
+-----------------------------------------------------------------------------------------+
| Processes:                                                                              |
|  GPU   GI   CI        PID   Type   Process name                              GPU Memory |
|        ID   ID                                                               Usage      |
|=========================================================================================|
|  No running processes found                                                             |
+-----------------------------------------------------------------------------------------+
