Official model name open-clip:laion/CLIP-ViT-B-32-DataComp.XL-s13B-b90K
Converting OpenCLIP weights
visual projection shape torch.Size([768, 512])
Setting center_writing_weights to False for OpenCLIP
Setting fold_ln to False for OpenCLIP
Loaded pretrained model open-clip:laion/CLIP-ViT-B-32-DataComp.XL-s13B-b90K into HookedTransformer
Activations shape for blocks.3.hook_mlp_out (49984, 50)
Type of sampling: average
Top sampled image indices for blocks.3.hook_mlp_out: [ 5508 13928 29219 37862 39327 22518 11947 42040 30495 36402 40258 26849
 42799 47846 46380 47244  1251 49313  6163 25426]
Bottom sampled image indices for blocks.3.hook_mlp_out: [ 1833  6635 43770 10246 13856 46342  2308 35955 19284 35419 38707 39074
 25592 31542 47926 26591 33489 16559 43428 36029]
Neuron 131, Layer 3, Layer Type hook_mlp_out
Saved image to /network/scratch/s/sonia.joseph/CLIP_AUDIT/sampled_images/CLIP-ViT-B-32-DataComp.XL-s13B-b90K//layer_3/neuron_131/hook_mlp_out/avg/top/neuron_131_layer_3_top_avg_hook_mlp_out.png
Saved image to /network/scratch/s/sonia.joseph/CLIP_AUDIT/sampled_images/CLIP-ViT-B-32-DataComp.XL-s13B-b90K//layer_3/neuron_131/hook_mlp_out/avg/bottom/neuron_131_layer_3_bottom_avg_hook_mlp_out.png
Activations shape for blocks.3.hook_resid_post (49984, 50)
Type of sampling: average
Top sampled image indices for blocks.3.hook_resid_post: [28209  5104 25978 45493 14279 13903 32052 13712 29784 25125 44506  2427
 33014 20410  6423 26064 18191 10230 33161 48217]
Bottom sampled image indices for blocks.3.hook_resid_post: [37282 11098 33666  3736  3849 43846  1833 47536  8606 34962 38984 19237
 27366 31217 21966 37047 35642 43382 15472 43473]
Neuron 131, Layer 3, Layer Type hook_resid_post
Saved image to /network/scratch/s/sonia.joseph/CLIP_AUDIT/sampled_images/CLIP-ViT-B-32-DataComp.XL-s13B-b90K//layer_3/neuron_131/hook_resid_post/avg/top/neuron_131_layer_3_top_avg_hook_resid_post.png
Saved image to /network/scratch/s/sonia.joseph/CLIP_AUDIT/sampled_images/CLIP-ViT-B-32-DataComp.XL-s13B-b90K//layer_3/neuron_131/hook_resid_post/avg/bottom/neuron_131_layer_3_bottom_avg_hook_resid_post.png
Activations shape for blocks.3.mlp.hook_post (49984, 50)
Type of sampling: average
Top sampled image indices for blocks.3.mlp.hook_post: [36290 12477 40131  5472 32438 21698 18732 29526 30391 19150 49277 15775
 29324 26772  6381 41644 14200 24683 39672  9631]
Bottom sampled image indices for blocks.3.mlp.hook_post: [29932  3078 28612 17271  5433  6752 24026 29701 22086 37613 22217 12460
  6631  1056 16701 39726 25132 22735 49093 16449]
Neuron 131, Layer 3, Layer Type hook_post
Saved image to /network/scratch/s/sonia.joseph/CLIP_AUDIT/sampled_images/CLIP-ViT-B-32-DataComp.XL-s13B-b90K//layer_3/neuron_131/hook_post/avg/top/neuron_131_layer_3_top_avg_hook_post.png
Saved image to /network/scratch/s/sonia.joseph/CLIP_AUDIT/sampled_images/CLIP-ViT-B-32-DataComp.XL-s13B-b90K//layer_3/neuron_131/hook_post/avg/bottom/neuron_131_layer_3_bottom_avg_hook_post.png
Activations shape for blocks.3.hook_mlp_out (49984, 50)
Type of sampling: average
Top sampled image indices for blocks.3.hook_mlp_out: [36446 30532  6364 31428 15431 44786 39985 31764 31326 26584 20498 18975
 25193  4609 34954 40233 41214 24055 17787 42040]
Bottom sampled image indices for blocks.3.hook_mlp_out: [48217 21726 30348 38989  4362 41467 30973  1097 46830  7577 10196 48244
 16697 34994 17271  6635  4921 45201  7828 39299]
Neuron 557, Layer 3, Layer Type hook_mlp_out
Saved image to /network/scratch/s/sonia.joseph/CLIP_AUDIT/sampled_images/CLIP-ViT-B-32-DataComp.XL-s13B-b90K//layer_3/neuron_557/hook_mlp_out/avg/top/neuron_557_layer_3_top_avg_hook_mlp_out.png
Saved image to /network/scratch/s/sonia.joseph/CLIP_AUDIT/sampled_images/CLIP-ViT-B-32-DataComp.XL-s13B-b90K//layer_3/neuron_557/hook_mlp_out/avg/bottom/neuron_557_layer_3_bottom_avg_hook_mlp_out.png
Activations shape for blocks.3.hook_resid_post (49984, 50)
Type of sampling: average
Top sampled image indices for blocks.3.hook_resid_post: [28192  3914 33947 46790 11263 33433 49719 21300 17950  8596  2440  2212
  5654 27393 35491  4609 23433 39678 23119 16265]
Bottom sampled image indices for blocks.3.hook_resid_post: [ 8606 28314  2257 30973 20489 44496 26920 38989 14441 38860 11098  1762
 48217 37282 49535 45663 45201 27469  1566 48489]
Neuron 557, Layer 3, Layer Type hook_resid_post
Saved image to /network/scratch/s/sonia.joseph/CLIP_AUDIT/sampled_images/CLIP-ViT-B-32-DataComp.XL-s13B-b90K//layer_3/neuron_557/hook_resid_post/avg/top/neuron_557_layer_3_top_avg_hook_resid_post.png
Saved image to /network/scratch/s/sonia.joseph/CLIP_AUDIT/sampled_images/CLIP-ViT-B-32-DataComp.XL-s13B-b90K//layer_3/neuron_557/hook_resid_post/avg/bottom/neuron_557_layer_3_bottom_avg_hook_resid_post.png
Activations shape for blocks.3.mlp.hook_post (49984, 50)
Type of sampling: average
Top sampled image indices for blocks.3.mlp.hook_post: [10146 27005  8241 12926  8471 28168 10915  2855 13300 24295 27314  6368
 33977 28610 33460  8650  4379 23458 32592 41953]
Bottom sampled image indices for blocks.3.mlp.hook_post: [17271 33217  8251 18945 39299 44388 34792  5618 42803 30193 29264   198
 33497 35676 44654 32145 30784 31437 25872 24480]
Neuron 557, Layer 3, Layer Type hook_post
Saved image to /network/scratch/s/sonia.joseph/CLIP_AUDIT/sampled_images/CLIP-ViT-B-32-DataComp.XL-s13B-b90K//layer_3/neuron_557/hook_post/avg/top/neuron_557_layer_3_top_avg_hook_post.png
Saved image to /network/scratch/s/sonia.joseph/CLIP_AUDIT/sampled_images/CLIP-ViT-B-32-DataComp.XL-s13B-b90K//layer_3/neuron_557/hook_post/avg/bottom/neuron_557_layer_3_bottom_avg_hook_post.png
Activations shape for blocks.3.hook_mlp_out (49984, 50)
Type of sampling: average
Top sampled image indices for blocks.3.hook_mlp_out: [42040 26486  7863 31520 48856 15431  1862 23691 28344 30296  7857 47079
 31262 40345 16167  1815 40450 35962 18750 45665]
Bottom sampled image indices for blocks.3.hook_mlp_out: [28314 11098 48217 41314 12795 42313  2257  6742 16514 21527 24277 29583
   117  5561 21871 31884 13197 20410 48655 38860]
Neuron 476, Layer 3, Layer Type hook_mlp_out
Saved image to /network/scratch/s/sonia.joseph/CLIP_AUDIT/sampled_images/CLIP-ViT-B-32-DataComp.XL-s13B-b90K//layer_3/neuron_476/hook_mlp_out/avg/top/neuron_476_layer_3_top_avg_hook_mlp_out.png
Saved image to /network/scratch/s/sonia.joseph/CLIP_AUDIT/sampled_images/CLIP-ViT-B-32-DataComp.XL-s13B-b90K//layer_3/neuron_476/hook_mlp_out/avg/bottom/neuron_476_layer_3_bottom_avg_hook_mlp_out.png
Activations shape for blocks.3.hook_resid_post (49984, 50)
Type of sampling: average
Top sampled image indices for blocks.3.hook_resid_post: [35566  1705 24027 36354 20410 39176  6498 31333 21557 14481 29073 41467
 35962 41690 29811 43369 32183 32838 35419  1833]
Bottom sampled image indices for blocks.3.hook_resid_post: [18869  2257 48775 19242 41491   663 10013  7184 23684 17078 27686 34889
 45350 11742 30343 22750  2794 37047 43246 41822]
Neuron 476, Layer 3, Layer Type hook_resid_post
Saved image to /network/scratch/s/sonia.joseph/CLIP_AUDIT/sampled_images/CLIP-ViT-B-32-DataComp.XL-s13B-b90K//layer_3/neuron_476/hook_resid_post/avg/top/neuron_476_layer_3_top_avg_hook_resid_post.png
Saved image to /network/scratch/s/sonia.joseph/CLIP_AUDIT/sampled_images/CLIP-ViT-B-32-DataComp.XL-s13B-b90K//layer_3/neuron_476/hook_resid_post/avg/bottom/neuron_476_layer_3_bottom_avg_hook_resid_post.png
Activations shape for blocks.3.mlp.hook_post (49984, 50)
Type of sampling: average
Top sampled image indices for blocks.3.mlp.hook_post: [28135  7770 32813 39054 24979 32019 28079 46460 39110 16573 29911  7315
 14865 44886 45485 45054 43545 12902 35445  4921]
Bottom sampled image indices for blocks.3.mlp.hook_post: [22086 40688 28258 16600 10831  7579 39099 11500 29611 47273  9482  5476
  6951  2710 18676 38321   167 12955 22553 15246]
Neuron 476, Layer 3, Layer Type hook_post
Saved image to /network/scratch/s/sonia.joseph/CLIP_AUDIT/sampled_images/CLIP-ViT-B-32-DataComp.XL-s13B-b90K//layer_3/neuron_476/hook_post/avg/top/neuron_476_layer_3_top_avg_hook_post.png
Saved image to /network/scratch/s/sonia.joseph/CLIP_AUDIT/sampled_images/CLIP-ViT-B-32-DataComp.XL-s13B-b90K//layer_3/neuron_476/hook_post/avg/bottom/neuron_476_layer_3_bottom_avg_hook_post.png
Activations shape for blocks.3.hook_mlp_out (49984, 50)
Type of sampling: average
Top sampled image indices for blocks.3.hook_mlp_out: [19049 20946 36356 44675 15202 30399 24261 23467   149 14165 17342 27483
 16011  7241 41846 13319 31489 14772  4310 48655]
Bottom sampled image indices for blocks.3.hook_mlp_out: [42040  6916 46692 24964 11245 29529 31089 32827 41362  8123 25864  2131
 28855 16226 35877 20165 32606 11712 17787 17019]
Neuron 548, Layer 3, Layer Type hook_mlp_out
Saved image to /network/scratch/s/sonia.joseph/CLIP_AUDIT/sampled_images/CLIP-ViT-B-32-DataComp.XL-s13B-b90K//layer_3/neuron_548/hook_mlp_out/avg/top/neuron_548_layer_3_top_avg_hook_mlp_out.png
Saved image to /network/scratch/s/sonia.joseph/CLIP_AUDIT/sampled_images/CLIP-ViT-B-32-DataComp.XL-s13B-b90K//layer_3/neuron_548/hook_mlp_out/avg/bottom/neuron_548_layer_3_bottom_avg_hook_mlp_out.png
Activations shape for blocks.3.hook_resid_post (49984, 50)
Type of sampling: average
Top sampled image indices for blocks.3.hook_resid_post: [30049 20530 35351 37071  4085 34299 34964 46280 15882  4744  7977 47390
 15653 15460  4798 11184 36325 48816 36090 27595]
Bottom sampled image indices for blocks.3.hook_resid_post: [28314 44496 22728  1762 42040 40233 20489  2257 17607 44859 14441 29529
 31884 41314  5433 37062 19242  1251 39985 26424]
Neuron 548, Layer 3, Layer Type hook_resid_post
Saved image to /network/scratch/s/sonia.joseph/CLIP_AUDIT/sampled_images/CLIP-ViT-B-32-DataComp.XL-s13B-b90K//layer_3/neuron_548/hook_resid_post/avg/top/neuron_548_layer_3_top_avg_hook_resid_post.png
Saved image to /network/scratch/s/sonia.joseph/CLIP_AUDIT/sampled_images/CLIP-ViT-B-32-DataComp.XL-s13B-b90K//layer_3/neuron_548/hook_resid_post/avg/bottom/neuron_548_layer_3_bottom_avg_hook_resid_post.png
Activations shape for blocks.3.mlp.hook_post (49984, 50)
Type of sampling: average
Top sampled image indices for blocks.3.mlp.hook_post: [20839  6876  5755 28255 48682  8507 14013 28314 48975 11098  1762 21606
 19148 38984 34233 30686 46692 29343 38080  3849]
Bottom sampled image indices for blocks.3.mlp.hook_post: [ 7579 36684  4921  9259 48278 14459 38312 14441 20196  1574  9459 38796
 29660 20568 49913 43487 41448 13180 23059 40986]
Neuron 548, Layer 3, Layer Type hook_post
Saved image to /network/scratch/s/sonia.joseph/CLIP_AUDIT/sampled_images/CLIP-ViT-B-32-DataComp.XL-s13B-b90K//layer_3/neuron_548/hook_post/avg/top/neuron_548_layer_3_top_avg_hook_post.png
Saved image to /network/scratch/s/sonia.joseph/CLIP_AUDIT/sampled_images/CLIP-ViT-B-32-DataComp.XL-s13B-b90K//layer_3/neuron_548/hook_post/avg/bottom/neuron_548_layer_3_bottom_avg_hook_post.png
Activations shape for blocks.3.hook_mlp_out (49984, 50)
Type of sampling: average
Top sampled image indices for blocks.3.hook_mlp_out: [ 5535 20679 38946   420 18306 29732 15668 37709 37912 34962 19310  2737
  9882  1344 25534 22296 42040  3046 49028 30349]
Bottom sampled image indices for blocks.3.hook_mlp_out: [25426 27998 26920  6635 28314 37282  3266  8606 48423 11761 18069 21773
 41206 11098 48489 20369  4308  6863   542 22776]
Neuron 550, Layer 3, Layer Type hook_mlp_out
Saved image to /network/scratch/s/sonia.joseph/CLIP_AUDIT/sampled_images/CLIP-ViT-B-32-DataComp.XL-s13B-b90K//layer_3/neuron_550/hook_mlp_out/avg/top/neuron_550_layer_3_top_avg_hook_mlp_out.png
Saved image to /network/scratch/s/sonia.joseph/CLIP_AUDIT/sampled_images/CLIP-ViT-B-32-DataComp.XL-s13B-b90K//layer_3/neuron_550/hook_mlp_out/avg/bottom/neuron_550_layer_3_bottom_avg_hook_mlp_out.png
Activations shape for blocks.3.hook_resid_post (49984, 50)
Type of sampling: average
Top sampled image indices for blocks.3.hook_resid_post: [45610 33693  4695 45281 13534 36993  1094 13088 41953 43279 30349 40326
  3513 45665 10798  2150  1091 37062 40930 42040]
Bottom sampled image indices for blocks.3.hook_resid_post: [44496 23939 41206 32073 12795 13305 48217 14970  2196 49535  5664 12212
 42141 22100  8606 10709 26256  9306 30378 33977]
Neuron 550, Layer 3, Layer Type hook_resid_post
Saved image to /network/scratch/s/sonia.joseph/CLIP_AUDIT/sampled_images/CLIP-ViT-B-32-DataComp.XL-s13B-b90K//layer_3/neuron_550/hook_resid_post/avg/top/neuron_550_layer_3_top_avg_hook_resid_post.png
Saved image to /network/scratch/s/sonia.joseph/CLIP_AUDIT/sampled_images/CLIP-ViT-B-32-DataComp.XL-s13B-b90K//layer_3/neuron_550/hook_resid_post/avg/bottom/neuron_550_layer_3_bottom_avg_hook_resid_post.png
Activations shape for blocks.3.mlp.hook_post (49984, 50)
Type of sampling: average
Top sampled image indices for blocks.3.mlp.hook_post: [11833 18590 34394   222 10329 23458 34678 16153 26543  2067  4383 28262
 15671 32969  4598  7813 28232 36851 32592 28610]
Bottom sampled image indices for blocks.3.mlp.hook_post: [36358 25524  7579  1182 30065  1368 35425 23491 19778 17912 42743  3344
 49624 16160  4934 14083 30954 38796 46545  3749]
Neuron 550, Layer 3, Layer Type hook_post
Saved image to /network/scratch/s/sonia.joseph/CLIP_AUDIT/sampled_images/CLIP-ViT-B-32-DataComp.XL-s13B-b90K//layer_3/neuron_550/hook_post/avg/top/neuron_550_layer_3_top_avg_hook_post.png
Saved image to /network/scratch/s/sonia.joseph/CLIP_AUDIT/sampled_images/CLIP-ViT-B-32-DataComp.XL-s13B-b90K//layer_3/neuron_550/hook_post/avg/bottom/neuron_550_layer_3_bottom_avg_hook_post.png
Activations shape for blocks.3.hook_mlp_out (49984, 50)
Type of sampling: average
Top sampled image indices for blocks.3.hook_mlp_out: [22456 21551 36913 49769 48412 44141  3046 10587 19057 11237 37544  8990
  1690 17651 40567  6863 45273  8959 13856 35419]
Bottom sampled image indices for blocks.3.hook_mlp_out: [10798 41715 38989  1980  8866 30348  4793 19778 45201 27686 25295  1056
   416 42040 21114 34031 11363   407 46302 37060]
Neuron 395, Layer 3, Layer Type hook_mlp_out
Saved image to /network/scratch/s/sonia.joseph/CLIP_AUDIT/sampled_images/CLIP-ViT-B-32-DataComp.XL-s13B-b90K//layer_3/neuron_395/hook_mlp_out/avg/top/neuron_395_layer_3_top_avg_hook_mlp_out.png
Saved image to /network/scratch/s/sonia.joseph/CLIP_AUDIT/sampled_images/CLIP-ViT-B-32-DataComp.XL-s13B-b90K//layer_3/neuron_395/hook_mlp_out/avg/bottom/neuron_395_layer_3_bottom_avg_hook_mlp_out.png
Activations shape for blocks.3.hook_resid_post (49984, 50)
Type of sampling: average
Top sampled image indices for blocks.3.hook_resid_post: [27728 22777 35160 11756 29583  6635  6742  3129 13088 48869  2257 17271
 33145 16514 42141 39299 48217 41314 11098 28314]
Bottom sampled image indices for blocks.3.hook_resid_post: [10798 35962 29343  9359 12460 13040  3513 25295 42040 36753 48068 10567
  4186 11608 48633  7952 31682 18064 30551  5370]
Neuron 395, Layer 3, Layer Type hook_resid_post
Saved image to /network/scratch/s/sonia.joseph/CLIP_AUDIT/sampled_images/CLIP-ViT-B-32-DataComp.XL-s13B-b90K//layer_3/neuron_395/hook_resid_post/avg/top/neuron_395_layer_3_top_avg_hook_resid_post.png
Saved image to /network/scratch/s/sonia.joseph/CLIP_AUDIT/sampled_images/CLIP-ViT-B-32-DataComp.XL-s13B-b90K//layer_3/neuron_395/hook_resid_post/avg/bottom/neuron_395_layer_3_bottom_avg_hook_resid_post.png
Activations shape for blocks.3.mlp.hook_post (49984, 50)
Type of sampling: average
Top sampled image indices for blocks.3.mlp.hook_post: [46465 25071 18262 34378 12897 37377 18402 24406  1856 11581 29420   524
 10786  2995 21546 43512 44176 48737 20211 13012]
Bottom sampled image indices for blocks.3.mlp.hook_post: [ 7579  9259 32475  3720  3985 20568 34962 47741 10811 10450 17365 13907
 29070 13832 18634 30694 25201 18069 40681 16422]
Neuron 395, Layer 3, Layer Type hook_post
Saved image to /network/scratch/s/sonia.joseph/CLIP_AUDIT/sampled_images/CLIP-ViT-B-32-DataComp.XL-s13B-b90K//layer_3/neuron_395/hook_post/avg/top/neuron_395_layer_3_top_avg_hook_post.png
Saved image to /network/scratch/s/sonia.joseph/CLIP_AUDIT/sampled_images/CLIP-ViT-B-32-DataComp.XL-s13B-b90K//layer_3/neuron_395/hook_post/avg/bottom/neuron_395_layer_3_bottom_avg_hook_post.png
Activations shape for blocks.3.hook_mlp_out (49984, 50)
Type of sampling: average
Top sampled image indices for blocks.3.hook_mlp_out: [ 7662 37393 17053   519 31718  2828 47527  7952 24223 38104 22628 15567
 39125 32212 41217 17562 23368 17201    39 34231]
Bottom sampled image indices for blocks.3.hook_mlp_out: [41314 11245 27595 42141 29583 13442  7790 38860 39413 43675 25426 11608
 16559 21748 11686 16046 38933 24406  8606 23416]
Neuron 754, Layer 3, Layer Type hook_mlp_out
Saved image to /network/scratch/s/sonia.joseph/CLIP_AUDIT/sampled_images/CLIP-ViT-B-32-DataComp.XL-s13B-b90K//layer_3/neuron_754/hook_mlp_out/avg/top/neuron_754_layer_3_top_avg_hook_mlp_out.png
Saved image to /network/scratch/s/sonia.joseph/CLIP_AUDIT/sampled_images/CLIP-ViT-B-32-DataComp.XL-s13B-b90K//layer_3/neuron_754/hook_mlp_out/avg/bottom/neuron_754_layer_3_bottom_avg_hook_mlp_out.png
Activations shape for blocks.3.hook_resid_post (49984, 50)
Type of sampling: average
Top sampled image indices for blocks.3.hook_resid_post: [27021  9439 28241 25715 39534 20543  3291  1435 22826 39587  2281 42420
 35009 17375 35894  6070 26158 41314 42877 47196]
Bottom sampled image indices for blocks.3.hook_resid_post: [36029  8512 48742 45769  8907 25905 39260  3513  6365 17947 17436 21831
 44496 34530 47536  3677  2892 15623   617  1014]
Neuron 754, Layer 3, Layer Type hook_resid_post
Saved image to /network/scratch/s/sonia.joseph/CLIP_AUDIT/sampled_images/CLIP-ViT-B-32-DataComp.XL-s13B-b90K//layer_3/neuron_754/hook_resid_post/avg/top/neuron_754_layer_3_top_avg_hook_resid_post.png
Saved image to /network/scratch/s/sonia.joseph/CLIP_AUDIT/sampled_images/CLIP-ViT-B-32-DataComp.XL-s13B-b90K//layer_3/neuron_754/hook_resid_post/avg/bottom/neuron_754_layer_3_bottom_avg_hook_resid_post.png
Activations shape for blocks.3.mlp.hook_post (49984, 50)
Type of sampling: average
Top sampled image indices for blocks.3.mlp.hook_post: [16923 44001 12092 36851 40830  3511 15399 35676 17787 46460 45956  7172
 39914 21758  2361  9344 40159  6420 19242 38989]
Bottom sampled image indices for blocks.3.mlp.hook_post: [29481 10596 49454 31309 18399 25592  3876 44694 28868  7310  6298 39286
 29134  6368 16367 37483  1170  3310 43069 26025]
Neuron 754, Layer 3, Layer Type hook_post
Saved image to /network/scratch/s/sonia.joseph/CLIP_AUDIT/sampled_images/CLIP-ViT-B-32-DataComp.XL-s13B-b90K//layer_3/neuron_754/hook_post/avg/top/neuron_754_layer_3_top_avg_hook_post.png
Saved image to /network/scratch/s/sonia.joseph/CLIP_AUDIT/sampled_images/CLIP-ViT-B-32-DataComp.XL-s13B-b90K//layer_3/neuron_754/hook_post/avg/bottom/neuron_754_layer_3_bottom_avg_hook_post.png
Activations shape for blocks.3.hook_mlp_out (49984, 50)
Type of sampling: average
Top sampled image indices for blocks.3.hook_mlp_out: [ 9372 41314 36246 33536 39413 37239  1046 26207 20754   264 18579 13337
 47102 41913  6531 10339 25030 10653 34384 30141]
Bottom sampled image indices for blocks.3.hook_mlp_out: [ 4793  1833 49028 45281 27391 15476 25970 11363  5090 45735 35962 41953
 19139 46727  7952 41159 45448 10886 37281 16697]
Neuron 455, Layer 3, Layer Type hook_mlp_out
Saved image to /network/scratch/s/sonia.joseph/CLIP_AUDIT/sampled_images/CLIP-ViT-B-32-DataComp.XL-s13B-b90K//layer_3/neuron_455/hook_mlp_out/avg/top/neuron_455_layer_3_top_avg_hook_mlp_out.png
Saved image to /network/scratch/s/sonia.joseph/CLIP_AUDIT/sampled_images/CLIP-ViT-B-32-DataComp.XL-s13B-b90K//layer_3/neuron_455/hook_mlp_out/avg/bottom/neuron_455_layer_3_bottom_avg_hook_mlp_out.png
Activations shape for blocks.3.hook_resid_post (49984, 50)
Type of sampling: average
Top sampled image indices for blocks.3.hook_resid_post: [ 1475 18245 24170  5857 47536 25145  6230  7082  2883 39220 35857 38314
  7640 28075 14271  5561 28314 14239 42040 11098]
Bottom sampled image indices for blocks.3.hook_resid_post: [25426 25943 41206 19986 19778 22750 32793 26920 24436 20718 37421  3279
 23433 21076 11967 23587 14970  9144 18802 33901]
Neuron 455, Layer 3, Layer Type hook_resid_post
Saved image to /network/scratch/s/sonia.joseph/CLIP_AUDIT/sampled_images/CLIP-ViT-B-32-DataComp.XL-s13B-b90K//layer_3/neuron_455/hook_resid_post/avg/top/neuron_455_layer_3_top_avg_hook_resid_post.png
Saved image to /network/scratch/s/sonia.joseph/CLIP_AUDIT/sampled_images/CLIP-ViT-B-32-DataComp.XL-s13B-b90K//layer_3/neuron_455/hook_resid_post/avg/bottom/neuron_455_layer_3_bottom_avg_hook_resid_post.png
Activations shape for blocks.3.mlp.hook_post (49984, 50)
Type of sampling: average
Top sampled image indices for blocks.3.mlp.hook_post: [32459 27588 37905 13626 35320 17835  9609 12950 25805 47966 15972  4187
 25737 24969 33740 22007  9817 40530 38284  1091]
Bottom sampled image indices for blocks.3.mlp.hook_post: [17852 29070 11500  7579 36642 10811  5531 39454 42810 18293 24494 20401
 17021 45013 20129 21798 16600  6961 31122 17031]
Neuron 455, Layer 3, Layer Type hook_post
Saved image to /network/scratch/s/sonia.joseph/CLIP_AUDIT/sampled_images/CLIP-ViT-B-32-DataComp.XL-s13B-b90K//layer_3/neuron_455/hook_post/avg/top/neuron_455_layer_3_top_avg_hook_post.png
Saved image to /network/scratch/s/sonia.joseph/CLIP_AUDIT/sampled_images/CLIP-ViT-B-32-DataComp.XL-s13B-b90K//layer_3/neuron_455/hook_post/avg/bottom/neuron_455_layer_3_bottom_avg_hook_post.png
Activations shape for blocks.3.hook_mlp_out (49984, 50)
Type of sampling: average
Top sampled image indices for blocks.3.hook_mlp_out: [ 5527 28244 10413 29877 32854 20425 41771 45485 37281  5426 11685 44759
 35384 44083 15794 18256 14121 41897 21299 32956]
Bottom sampled image indices for blocks.3.hook_mlp_out: [31437  7952 24330 26920  8376 29932 22110 17852 30135 28314 38860  9683
 39776  7418  9548 32088 42040 48244 26699  2476]
Neuron 458, Layer 3, Layer Type hook_mlp_out
Saved image to /network/scratch/s/sonia.joseph/CLIP_AUDIT/sampled_images/CLIP-ViT-B-32-DataComp.XL-s13B-b90K//layer_3/neuron_458/hook_mlp_out/avg/top/neuron_458_layer_3_top_avg_hook_mlp_out.png
Saved image to /network/scratch/s/sonia.joseph/CLIP_AUDIT/sampled_images/CLIP-ViT-B-32-DataComp.XL-s13B-b90K//layer_3/neuron_458/hook_mlp_out/avg/bottom/neuron_458_layer_3_bottom_avg_hook_mlp_out.png
Activations shape for blocks.3.hook_resid_post (49984, 50)
Type of sampling: average
Top sampled image indices for blocks.3.hook_resid_post: [ 1833 37957 15869 47346 47816 34591 25063 20331 35540 45606 27422 27709
 27686 15836 25310 20271 10403 16923 45934 39193]
Bottom sampled image indices for blocks.3.hook_resid_post: [25426 26124 29583 48793 46646 34889 25872 11098 48415 38008 46545 23225
 30120 37114 14449 41314 22826 23955 18870 27514]
Neuron 458, Layer 3, Layer Type hook_resid_post
Saved image to /network/scratch/s/sonia.joseph/CLIP_AUDIT/sampled_images/CLIP-ViT-B-32-DataComp.XL-s13B-b90K//layer_3/neuron_458/hook_resid_post/avg/top/neuron_458_layer_3_top_avg_hook_resid_post.png
Saved image to /network/scratch/s/sonia.joseph/CLIP_AUDIT/sampled_images/CLIP-ViT-B-32-DataComp.XL-s13B-b90K//layer_3/neuron_458/hook_resid_post/avg/bottom/neuron_458_layer_3_bottom_avg_hook_resid_post.png
Activations shape for blocks.3.mlp.hook_post (49984, 50)
Type of sampling: average
Top sampled image indices for blocks.3.mlp.hook_post: [36940 40912 45610 34275 22386 26224 47013 17200 39706 12144 22096 31365
 49220 29044 44631  6965 35414 43701  3994 10559]
Bottom sampled image indices for blocks.3.mlp.hook_post: [34290  1305  1415 41209 14938 24465   420 41269 13791 18687  3964  7789
  3124  7980 20752 28638 15792 31036 41089 36901]
Neuron 458, Layer 3, Layer Type hook_post
Saved image to /network/scratch/s/sonia.joseph/CLIP_AUDIT/sampled_images/CLIP-ViT-B-32-DataComp.XL-s13B-b90K//layer_3/neuron_458/hook_post/avg/top/neuron_458_layer_3_top_avg_hook_post.png
Saved image to /network/scratch/s/sonia.joseph/CLIP_AUDIT/sampled_images/CLIP-ViT-B-32-DataComp.XL-s13B-b90K//layer_3/neuron_458/hook_post/avg/bottom/neuron_458_layer_3_bottom_avg_hook_post.png
Activations shape for blocks.3.hook_mlp_out (49984, 50)
Type of sampling: average
Top sampled image indices for blocks.3.hook_mlp_out: [10970 24244 37026 28226 11121 26996 10805 20092 34397   862 22784 44955
 38710 13063 35481 23946 31917  7698 49032 34031]
Bottom sampled image indices for blocks.3.hook_mlp_out: [39299  3266  3693  5805  7660  4145  6704 14441 40083 38354 37421 44273
 19242 11732 45296 27998 39394 42313 25303 49822]
Neuron 756, Layer 3, Layer Type hook_mlp_out
Saved image to /network/scratch/s/sonia.joseph/CLIP_AUDIT/sampled_images/CLIP-ViT-B-32-DataComp.XL-s13B-b90K//layer_3/neuron_756/hook_mlp_out/avg/top/neuron_756_layer_3_top_avg_hook_mlp_out.png
Saved image to /network/scratch/s/sonia.joseph/CLIP_AUDIT/sampled_images/CLIP-ViT-B-32-DataComp.XL-s13B-b90K//layer_3/neuron_756/hook_mlp_out/avg/bottom/neuron_756_layer_3_bottom_avg_hook_mlp_out.png
Activations shape for blocks.3.hook_resid_post (49984, 50)
Type of sampling: average
Top sampled image indices for blocks.3.hook_resid_post: [47155 17201 43253 10805  1976 12832 15220 20916 11263 39886 27728 26699
  4690 33773 40939 49966 23939 11098 31884 40930]
Bottom sampled image indices for blocks.3.hook_resid_post: [43404 19778 48633 32340 48068 25524 15476 49028  6635 22470 39461  4695
 39299  3513  8376  4921 11224 27366 30189 32838]
Neuron 756, Layer 3, Layer Type hook_resid_post
Saved image to /network/scratch/s/sonia.joseph/CLIP_AUDIT/sampled_images/CLIP-ViT-B-32-DataComp.XL-s13B-b90K//layer_3/neuron_756/hook_resid_post/avg/top/neuron_756_layer_3_top_avg_hook_resid_post.png
Saved image to /network/scratch/s/sonia.joseph/CLIP_AUDIT/sampled_images/CLIP-ViT-B-32-DataComp.XL-s13B-b90K//layer_3/neuron_756/hook_resid_post/avg/bottom/neuron_756_layer_3_bottom_avg_hook_resid_post.png
Activations shape for blocks.3.mlp.hook_post (49984, 50)
Type of sampling: average
Top sampled image indices for blocks.3.mlp.hook_post: [44273 48956 19686  6684  3693 48513 17982 30509 28859 45201 41314  2023
 46692 42141  1056 38354 43675 25426 26920  7616]
Bottom sampled image indices for blocks.3.mlp.hook_post: [21305 10749 28734  7579 22086 12055 10196 16600 35877  9683 17607 11500
 16449 32616    84 47327 15497 42638 13491 45275]
Neuron 756, Layer 3, Layer Type hook_post
Saved image to /network/scratch/s/sonia.joseph/CLIP_AUDIT/sampled_images/CLIP-ViT-B-32-DataComp.XL-s13B-b90K//layer_3/neuron_756/hook_post/avg/top/neuron_756_layer_3_top_avg_hook_post.png
Saved image to /network/scratch/s/sonia.joseph/CLIP_AUDIT/sampled_images/CLIP-ViT-B-32-DataComp.XL-s13B-b90K//layer_3/neuron_756/hook_post/avg/bottom/neuron_756_layer_3_bottom_avg_hook_post.png
Activations shape for blocks.3.hook_mlp_out (49984, 50)
Type of sampling: average
Top sampled image indices for blocks.3.hook_mlp_out: [ 5490 30108 22103  3849 30681 43289 38854 27763 45177 15191 13856 13534
 25943  3773 22777 38710 38989 44859 20509 22750]
Bottom sampled image indices for blocks.3.hook_mlp_out: [17793 31791 28168 29702 40530  4000 45990 12439 23211 42044 38721 45443
 41149 49028 23664 31201 43404 29415  9577  9865]
Neuron 406, Layer 3, Layer Type hook_mlp_out
Saved image to /network/scratch/s/sonia.joseph/CLIP_AUDIT/sampled_images/CLIP-ViT-B-32-DataComp.XL-s13B-b90K//layer_3/neuron_406/hook_mlp_out/avg/top/neuron_406_layer_3_top_avg_hook_mlp_out.png
Saved image to /network/scratch/s/sonia.joseph/CLIP_AUDIT/sampled_images/CLIP-ViT-B-32-DataComp.XL-s13B-b90K//layer_3/neuron_406/hook_mlp_out/avg/bottom/neuron_406_layer_3_bottom_avg_hook_mlp_out.png
Activations shape for blocks.3.hook_resid_post (49984, 50)
Type of sampling: average
Top sampled image indices for blocks.3.hook_resid_post: [42592   553  4635  7910 48793 11455 47988 28314 18827 39092  5390 21177
 11030  2893 48097 46510 26699 20279 30113 48217]
Bottom sampled image indices for blocks.3.hook_resid_post: [47993 31494 45378 12316  4921 42230 18718 17793 48945 35046 44003 18869
  2828  9144 10537 28313 18387 39798  1056 14203]
Neuron 406, Layer 3, Layer Type hook_resid_post
Saved image to /network/scratch/s/sonia.joseph/CLIP_AUDIT/sampled_images/CLIP-ViT-B-32-DataComp.XL-s13B-b90K//layer_3/neuron_406/hook_resid_post/avg/top/neuron_406_layer_3_top_avg_hook_resid_post.png
Saved image to /network/scratch/s/sonia.joseph/CLIP_AUDIT/sampled_images/CLIP-ViT-B-32-DataComp.XL-s13B-b90K//layer_3/neuron_406/hook_resid_post/avg/bottom/neuron_406_layer_3_bottom_avg_hook_resid_post.png
Activations shape for blocks.3.mlp.hook_post (49984, 50)
Type of sampling: average
Top sampled image indices for blocks.3.mlp.hook_post: [  459 34900 18857 44341 17720 32044  1700 23558 37477 36638 43900  9357
 17945 29695 28696  1094 49028 28978 30066 41953]
Bottom sampled image indices for blocks.3.mlp.hook_post: [35475 19314 38989 10798 44278 37062  5095 22064 41071 17329  6961 14003
  9548 46342  6637 23278 41666 14684   218  7952]
Neuron 406, Layer 3, Layer Type hook_post
Saved image to /network/scratch/s/sonia.joseph/CLIP_AUDIT/sampled_images/CLIP-ViT-B-32-DataComp.XL-s13B-b90K//layer_3/neuron_406/hook_post/avg/top/neuron_406_layer_3_top_avg_hook_post.png
Saved image to /network/scratch/s/sonia.joseph/CLIP_AUDIT/sampled_images/CLIP-ViT-B-32-DataComp.XL-s13B-b90K//layer_3/neuron_406/hook_post/avg/bottom/neuron_406_layer_3_bottom_avg_hook_post.png
Activations shape for blocks.3.hook_mlp_out (49984, 50)
Type of sampling: average
Top sampled image indices for blocks.3.hook_mlp_out: [38041 41651  7186 11841 13179 31290 25943 21734 39415 27005 27686 38691
  1344 18539 47168  4782 31884 18750 29755 21606]
Bottom sampled image indices for blocks.3.hook_mlp_out: [22777  1091 44278 10196 14441 20377  4252  8606 49966 25426 37062 45633
 33145 46443 37974 18634 31494 27998 33635 42040]
Neuron 537, Layer 3, Layer Type hook_mlp_out
Saved image to /network/scratch/s/sonia.joseph/CLIP_AUDIT/sampled_images/CLIP-ViT-B-32-DataComp.XL-s13B-b90K//layer_3/neuron_537/hook_mlp_out/avg/top/neuron_537_layer_3_top_avg_hook_mlp_out.png
Saved image to /network/scratch/s/sonia.joseph/CLIP_AUDIT/sampled_images/CLIP-ViT-B-32-DataComp.XL-s13B-b90K//layer_3/neuron_537/hook_mlp_out/avg/bottom/neuron_537_layer_3_bottom_avg_hook_mlp_out.png
Activations shape for blocks.3.hook_resid_post (49984, 50)
Type of sampling: average
Top sampled image indices for blocks.3.hook_resid_post: [37345 14441 24322 20509 11358 25943  6360  6531 26780 27737  3849 31185
 11098 44842   586  1673 27005 37421 27686 29343]
Bottom sampled image indices for blocks.3.hook_resid_post: [42040 41209 43675  3294  7381 45861 48905 19772 26616 35727 29743 34354
 47154 21798 37062 16622 45038 12304 41021 18750]
Neuron 537, Layer 3, Layer Type hook_resid_post
Saved image to /network/scratch/s/sonia.joseph/CLIP_AUDIT/sampled_images/CLIP-ViT-B-32-DataComp.XL-s13B-b90K//layer_3/neuron_537/hook_resid_post/avg/top/neuron_537_layer_3_top_avg_hook_resid_post.png
Saved image to /network/scratch/s/sonia.joseph/CLIP_AUDIT/sampled_images/CLIP-ViT-B-32-DataComp.XL-s13B-b90K//layer_3/neuron_537/hook_resid_post/avg/bottom/neuron_537_layer_3_bottom_avg_hook_resid_post.png
Activations shape for blocks.3.mlp.hook_post (49984, 50)
Type of sampling: average
Top sampled image indices for blocks.3.mlp.hook_post: [24406  4308 19273 35877 34591 43418  4168 24542  8694 48521 22993  9959
 31971 22665 37656 33145 14441 28268 23173 43112]
Bottom sampled image indices for blocks.3.mlp.hook_post: [ 3930 19160 43190 21095  7081 29157 25072 32972  7799 35033  4372 45195
  2128 48993 48615 24422 16422 33114   973 41897]
Neuron 537, Layer 3, Layer Type hook_post
Saved image to /network/scratch/s/sonia.joseph/CLIP_AUDIT/sampled_images/CLIP-ViT-B-32-DataComp.XL-s13B-b90K//layer_3/neuron_537/hook_post/avg/top/neuron_537_layer_3_top_avg_hook_post.png
Saved image to /network/scratch/s/sonia.joseph/CLIP_AUDIT/sampled_images/CLIP-ViT-B-32-DataComp.XL-s13B-b90K//layer_3/neuron_537/hook_post/avg/bottom/neuron_537_layer_3_bottom_avg_hook_post.png
Activations shape for blocks.3.hook_mlp_out (49984, 50)
Type of sampling: average
Top sampled image indices for blocks.3.hook_mlp_out: [37593 11995 43554  1844 43319 10349 16326 38555 17346 28135 24462 13336
 42996 11282 21346  8451   108 43428 48975 16675]
Bottom sampled image indices for blocks.3.hook_mlp_out: [42040  3513 22728 17607 37062  9359 43607 45378 32052 25145 14441 15476
 26920 33132 38355 33145 39413 37421  2361  1046]
Neuron 117, Layer 3, Layer Type hook_mlp_out
Saved image to /network/scratch/s/sonia.joseph/CLIP_AUDIT/sampled_images/CLIP-ViT-B-32-DataComp.XL-s13B-b90K//layer_3/neuron_117/hook_mlp_out/avg/top/neuron_117_layer_3_top_avg_hook_mlp_out.png
Saved image to /network/scratch/s/sonia.joseph/CLIP_AUDIT/sampled_images/CLIP-ViT-B-32-DataComp.XL-s13B-b90K//layer_3/neuron_117/hook_mlp_out/avg/bottom/neuron_117_layer_3_bottom_avg_hook_mlp_out.png
Activations shape for blocks.3.hook_resid_post (49984, 50)
Type of sampling: average
Top sampled image indices for blocks.3.hook_resid_post: [22598 40173  7408 26236 44994 27366 24465 49215  8845 47904 41295 36966
 36004 23997 47168 45189  3964  1615 25185 32073]
Bottom sampled image indices for blocks.3.hook_resid_post: [41690  6635 19400 30349 20718 25426  3078 17389 33145 28639 14833 10196
 25640 20748 31778 17271 24871 14395 35366  1091]
Neuron 117, Layer 3, Layer Type hook_resid_post
Saved image to /network/scratch/s/sonia.joseph/CLIP_AUDIT/sampled_images/CLIP-ViT-B-32-DataComp.XL-s13B-b90K//layer_3/neuron_117/hook_resid_post/avg/top/neuron_117_layer_3_top_avg_hook_resid_post.png
Saved image to /network/scratch/s/sonia.joseph/CLIP_AUDIT/sampled_images/CLIP-ViT-B-32-DataComp.XL-s13B-b90K//layer_3/neuron_117/hook_resid_post/avg/bottom/neuron_117_layer_3_bottom_avg_hook_resid_post.png
Activations shape for blocks.3.mlp.hook_post (49984, 50)
Type of sampling: average
Top sampled image indices for blocks.3.mlp.hook_post: [30141  1046 12630 45378  4582 36753  2361   476 41913 19343  7790 24946
  6531 28069 14332 37355 23433 44859 27686 38989]
Bottom sampled image indices for blocks.3.mlp.hook_post: [17607 40681 12943 36800 39074 25484  6554  1543 43516 41062 20085 34964
 36401 35285 38505 43796 18489 44155  3247 24663]
Neuron 117, Layer 3, Layer Type hook_post
Saved image to /network/scratch/s/sonia.joseph/CLIP_AUDIT/sampled_images/CLIP-ViT-B-32-DataComp.XL-s13B-b90K//layer_3/neuron_117/hook_post/avg/top/neuron_117_layer_3_top_avg_hook_post.png
Saved image to /network/scratch/s/sonia.joseph/CLIP_AUDIT/sampled_images/CLIP-ViT-B-32-DataComp.XL-s13B-b90K//layer_3/neuron_117/hook_post/avg/bottom/neuron_117_layer_3_bottom_avg_hook_post.png
Activations shape for blocks.3.hook_mlp_out (49984, 50)
Type of sampling: average
Top sampled image indices for blocks.3.hook_mlp_out: [15507 41271 17607 10798 17852 29882 22376 29284  9351  2361 29343 43607
   862 30349 37421 47993 48068 43404 36940  7597]
Bottom sampled image indices for blocks.3.hook_mlp_out: [22383 48477 14449 37214 48396 49215 38947 40570 44812 20491 41087  8866
 23073 49671 44915 31956 26946 28734 36723 35296]
Neuron 663, Layer 3, Layer Type hook_mlp_out
Saved image to /network/scratch/s/sonia.joseph/CLIP_AUDIT/sampled_images/CLIP-ViT-B-32-DataComp.XL-s13B-b90K//layer_3/neuron_663/hook_mlp_out/avg/top/neuron_663_layer_3_top_avg_hook_mlp_out.png
Saved image to /network/scratch/s/sonia.joseph/CLIP_AUDIT/sampled_images/CLIP-ViT-B-32-DataComp.XL-s13B-b90K//layer_3/neuron_663/hook_mlp_out/avg/bottom/neuron_663_layer_3_bottom_avg_hook_mlp_out.png
Activations shape for blocks.3.hook_resid_post (49984, 50)
Type of sampling: average
Top sampled image indices for blocks.3.hook_resid_post: [30743 12625  3171 22052 19381  1030 46943 35418 15364 33733 21214 42705
 49119 39726 12296 44695 12539 29510 12960  9730]
Bottom sampled image indices for blocks.3.hook_resid_post: [47013 46315 26897    17 33147 43701 27004  5229 46332 24243 39018 44612
 42351 21069 30499  8514  5029 28933 38018 35580]
Neuron 663, Layer 3, Layer Type hook_resid_post
Saved image to /network/scratch/s/sonia.joseph/CLIP_AUDIT/sampled_images/CLIP-ViT-B-32-DataComp.XL-s13B-b90K//layer_3/neuron_663/hook_resid_post/avg/top/neuron_663_layer_3_top_avg_hook_resid_post.png
Saved image to /network/scratch/s/sonia.joseph/CLIP_AUDIT/sampled_images/CLIP-ViT-B-32-DataComp.XL-s13B-b90K//layer_3/neuron_663/hook_resid_post/avg/bottom/neuron_663_layer_3_bottom_avg_hook_resid_post.png
Activations shape for blocks.3.mlp.hook_post (49984, 50)
Type of sampling: average
Top sampled image indices for blocks.3.mlp.hook_post: [40698 24002 16120 22347 17081 29530 12995 15511 22827 22064 36821 23680
 22140 22072 42836 19165 26397 21040 34309 39946]
Bottom sampled image indices for blocks.3.mlp.hook_post: [14850 10899 19042 29343 18410  5338   622 43287 14123 17871 19115 28992
 47223 44773 44532 20973 46917  1974 28051  3520]
Neuron 663, Layer 3, Layer Type hook_post
Saved image to /network/scratch/s/sonia.joseph/CLIP_AUDIT/sampled_images/CLIP-ViT-B-32-DataComp.XL-s13B-b90K//layer_3/neuron_663/hook_post/avg/top/neuron_663_layer_3_top_avg_hook_post.png
Saved image to /network/scratch/s/sonia.joseph/CLIP_AUDIT/sampled_images/CLIP-ViT-B-32-DataComp.XL-s13B-b90K//layer_3/neuron_663/hook_post/avg/bottom/neuron_663_layer_3_bottom_avg_hook_post.png
Activations shape for blocks.3.hook_mlp_out (49984, 50)
Type of sampling: average
Top sampled image indices for blocks.3.hook_mlp_out: [21748 15325  2066 22378 19314 23531  2616 44637 45448   407 43607 21606
  3849 39133 31772 25524 12304 32838  3513 12955]
Bottom sampled image indices for blocks.3.hook_mlp_out: [18635 49748 23114 39084 28856 22732 49380 29257 23535 33487 15017 19001
 31310 45278 17700 35203 33797 17003 34785 30058]
Neuron 159, Layer 3, Layer Type hook_mlp_out
Saved image to /network/scratch/s/sonia.joseph/CLIP_AUDIT/sampled_images/CLIP-ViT-B-32-DataComp.XL-s13B-b90K//layer_3/neuron_159/hook_mlp_out/avg/top/neuron_159_layer_3_top_avg_hook_mlp_out.png
Saved image to /network/scratch/s/sonia.joseph/CLIP_AUDIT/sampled_images/CLIP-ViT-B-32-DataComp.XL-s13B-b90K//layer_3/neuron_159/hook_mlp_out/avg/bottom/neuron_159_layer_3_bottom_avg_hook_mlp_out.png
Activations shape for blocks.3.hook_resid_post (49984, 50)
Type of sampling: average
Top sampled image indices for blocks.3.hook_resid_post: [ 8926 11708 37421  4161 22378 22478 26799  5857 25872 36250 35751 22777
  4793 28251 22376 43607 35962 39133 10798 30348]
Bottom sampled image indices for blocks.3.hook_resid_post: [38860 29583 31939 23939  7952 45378 24627 29578 12543 37627 31126  5579
  6638 12306 18635 19482  8123 17787 40233  7654]
Neuron 159, Layer 3, Layer Type hook_resid_post
Saved image to /network/scratch/s/sonia.joseph/CLIP_AUDIT/sampled_images/CLIP-ViT-B-32-DataComp.XL-s13B-b90K//layer_3/neuron_159/hook_resid_post/avg/top/neuron_159_layer_3_top_avg_hook_resid_post.png
Saved image to /network/scratch/s/sonia.joseph/CLIP_AUDIT/sampled_images/CLIP-ViT-B-32-DataComp.XL-s13B-b90K//layer_3/neuron_159/hook_resid_post/avg/bottom/neuron_159_layer_3_bottom_avg_hook_resid_post.png
Activations shape for blocks.3.mlp.hook_post (49984, 50)
Type of sampling: average
Top sampled image indices for blocks.3.mlp.hook_post: [31432  7875 29932  2143  9553 26326 22197  7109 25167 45006 23623 46614
 11610 36184 30332 31022  8079 35566 15476  7790]
Bottom sampled image indices for blocks.3.mlp.hook_post: [ 4921  3366  3593 27926 43720 27524 43418 43102 39704 39299 31718 34889
 34962 29620 24964 18109 35125  9259   519 33773]
Neuron 159, Layer 3, Layer Type hook_post
Saved image to /network/scratch/s/sonia.joseph/CLIP_AUDIT/sampled_images/CLIP-ViT-B-32-DataComp.XL-s13B-b90K//layer_3/neuron_159/hook_post/avg/top/neuron_159_layer_3_top_avg_hook_post.png
Saved image to /network/scratch/s/sonia.joseph/CLIP_AUDIT/sampled_images/CLIP-ViT-B-32-DataComp.XL-s13B-b90K//layer_3/neuron_159/hook_post/avg/bottom/neuron_159_layer_3_bottom_avg_hook_post.png
Activations shape for blocks.3.hook_mlp_out (49984, 50)
Type of sampling: average
Top sampled image indices for blocks.3.hook_mlp_out: [ 7912 39276 40261 25524  6765 26803 29472 42804 42568 45378 17614 12995
 26701 28580  2361  7698 19778 28996 41314 41586]
Bottom sampled image indices for blocks.3.hook_mlp_out: [15447 39133 25134 29306 49764 26124 29474 47512 39726  5082  3849 25753
 44340 25338 38354 16979 38896  6471 14239 30348]
Neuron 628, Layer 3, Layer Type hook_mlp_out
Saved image to /network/scratch/s/sonia.joseph/CLIP_AUDIT/sampled_images/CLIP-ViT-B-32-DataComp.XL-s13B-b90K//layer_3/neuron_628/hook_mlp_out/avg/top/neuron_628_layer_3_top_avg_hook_mlp_out.png
Saved image to /network/scratch/s/sonia.joseph/CLIP_AUDIT/sampled_images/CLIP-ViT-B-32-DataComp.XL-s13B-b90K//layer_3/neuron_628/hook_mlp_out/avg/bottom/neuron_628_layer_3_bottom_avg_hook_mlp_out.png
Activations shape for blocks.3.hook_resid_post (49984, 50)
Type of sampling: average
Top sampled image indices for blocks.3.hook_resid_post: [13680 48386 31887 34525 33768 26681 23797 31569 42804  8519 15472  5664
 15648 40681 36870 22168 43112  4737 45378 19778]
Bottom sampled image indices for blocks.3.hook_resid_post: [25145  3849 30349 20410  1833 47376 47926 41690 47013 37282 17837  4793
 30348 34889 49944  8691 42040 49215 45801 33814]
Neuron 628, Layer 3, Layer Type hook_resid_post
Saved image to /network/scratch/s/sonia.joseph/CLIP_AUDIT/sampled_images/CLIP-ViT-B-32-DataComp.XL-s13B-b90K//layer_3/neuron_628/hook_resid_post/avg/top/neuron_628_layer_3_top_avg_hook_resid_post.png
Saved image to /network/scratch/s/sonia.joseph/CLIP_AUDIT/sampled_images/CLIP-ViT-B-32-DataComp.XL-s13B-b90K//layer_3/neuron_628/hook_resid_post/avg/bottom/neuron_628_layer_3_bottom_avg_hook_resid_post.png
Activations shape for blocks.3.mlp.hook_post (49984, 50)
Type of sampling: average
Top sampled image indices for blocks.3.mlp.hook_post: [24764 44183 16265 42313  6638 25592 26981  2308 22226 49256 21059 13088
 37867  9844 38321  3078 31743  3815 49130 20410]
Bottom sampled image indices for blocks.3.mlp.hook_post: [40794 37047 17607 28996 39099  1671 24691  7952  8606 17852 30049 26799
 40067 19141  7122 14334 17787 41314 36734 17322]
Neuron 628, Layer 3, Layer Type hook_post
Saved image to /network/scratch/s/sonia.joseph/CLIP_AUDIT/sampled_images/CLIP-ViT-B-32-DataComp.XL-s13B-b90K//layer_3/neuron_628/hook_post/avg/top/neuron_628_layer_3_top_avg_hook_post.png
Saved image to /network/scratch/s/sonia.joseph/CLIP_AUDIT/sampled_images/CLIP-ViT-B-32-DataComp.XL-s13B-b90K//layer_3/neuron_628/hook_post/avg/bottom/neuron_628_layer_3_bottom_avg_hook_post.png
Activations shape for blocks.3.hook_mlp_out (49984, 50)
Type of sampling: average
Top sampled image indices for blocks.3.hook_mlp_out: [44278 19343  3849 45633 23036 27005 25943 47993 24406 35925 11263 14332
 23433 30349  6531 27686 44859 29343 37355 38989]
Bottom sampled image indices for blocks.3.hook_mlp_out: [ 2257 19242 20718 48217  6742 17271 28314 28233 47154  6069 11278 26922
 39099 43945  1762 17322  5664 27695 21975 20489]
Neuron 486, Layer 3, Layer Type hook_mlp_out
Saved image to /network/scratch/s/sonia.joseph/CLIP_AUDIT/sampled_images/CLIP-ViT-B-32-DataComp.XL-s13B-b90K//layer_3/neuron_486/hook_mlp_out/avg/top/neuron_486_layer_3_top_avg_hook_mlp_out.png
Saved image to /network/scratch/s/sonia.joseph/CLIP_AUDIT/sampled_images/CLIP-ViT-B-32-DataComp.XL-s13B-b90K//layer_3/neuron_486/hook_mlp_out/avg/bottom/neuron_486_layer_3_bottom_avg_hook_mlp_out.png
Activations shape for blocks.3.hook_resid_post (49984, 50)
Type of sampling: average
Top sampled image indices for blocks.3.hook_resid_post: [38674 22750 46666 14033 31791  2257  4921 45448 25791 30551  1094 32382
 20718 45507 25426  5664  6742 19242 13088 28314]
Bottom sampled image indices for blocks.3.hook_resid_post: [11967 25570 47361 12943  1075 43870 41589 10419 12955 38557 30994 24436
 48068 35229 19802 19597 48405 49307   170 12656]
Neuron 486, Layer 3, Layer Type hook_resid_post
Saved image to /network/scratch/s/sonia.joseph/CLIP_AUDIT/sampled_images/CLIP-ViT-B-32-DataComp.XL-s13B-b90K//layer_3/neuron_486/hook_resid_post/avg/top/neuron_486_layer_3_top_avg_hook_resid_post.png
Saved image to /network/scratch/s/sonia.joseph/CLIP_AUDIT/sampled_images/CLIP-ViT-B-32-DataComp.XL-s13B-b90K//layer_3/neuron_486/hook_resid_post/avg/bottom/neuron_486_layer_3_bottom_avg_hook_resid_post.png
Activations shape for blocks.3.mlp.hook_post (49984, 50)
Type of sampling: average
Top sampled image indices for blocks.3.mlp.hook_post: [42141 13832 31906 47154 38012  6742 26427  2254 19620 17852 12533  7583
 33747 27941  6096 40258 14358 28314  7986  4765]
Bottom sampled image indices for blocks.3.mlp.hook_post: [ 4921 10798 14938 12067 19891 11865 38491 42366 24406 17200 43418 41407
  1773 48068 19778 37695   676 21450 42810 23204]
Neuron 486, Layer 3, Layer Type hook_post
Saved image to /network/scratch/s/sonia.joseph/CLIP_AUDIT/sampled_images/CLIP-ViT-B-32-DataComp.XL-s13B-b90K//layer_3/neuron_486/hook_post/avg/top/neuron_486_layer_3_top_avg_hook_post.png
Saved image to /network/scratch/s/sonia.joseph/CLIP_AUDIT/sampled_images/CLIP-ViT-B-32-DataComp.XL-s13B-b90K//layer_3/neuron_486/hook_post/avg/bottom/neuron_486_layer_3_bottom_avg_hook_post.png
Activations shape for blocks.3.hook_mlp_out (49984, 50)
Type of sampling: average
Top sampled image indices for blocks.3.hook_mlp_out: [49624 30141 46814 39216 30113 24487 22182 33970 48068 39450 41913 47436
 16558 39832  1059 30349 23433 25230 48244  2257]
Bottom sampled image indices for blocks.3.hook_mlp_out: [39133 45350  8512 41508  7719 27005 48775 20826 13773 37076 46235  9152
 16888 48720 36714 26191 31501 41651 23528  5905]
Neuron 640, Layer 3, Layer Type hook_mlp_out
Saved image to /network/scratch/s/sonia.joseph/CLIP_AUDIT/sampled_images/CLIP-ViT-B-32-DataComp.XL-s13B-b90K//layer_3/neuron_640/hook_mlp_out/avg/top/neuron_640_layer_3_top_avg_hook_mlp_out.png
Saved image to /network/scratch/s/sonia.joseph/CLIP_AUDIT/sampled_images/CLIP-ViT-B-32-DataComp.XL-s13B-b90K//layer_3/neuron_640/hook_mlp_out/avg/bottom/neuron_640_layer_3_bottom_avg_hook_mlp_out.png
Activations shape for blocks.3.hook_resid_post (49984, 50)
Type of sampling: average
Top sampled image indices for blocks.3.hook_resid_post: [38989 23761 16054 22947 48069 37062 41314 42040  8606 25872 35962 26243
 30349 22777 11732 11708 29385 37282  6635 25426]
Bottom sampled image indices for blocks.3.hook_resid_post: [32340 39133  4921  4308  1251 37047 20826 25310 38984 34695 24122 30902
   260 17200 28314 20428 34591 32592 27436  1846]
Neuron 640, Layer 3, Layer Type hook_resid_post
Saved image to /network/scratch/s/sonia.joseph/CLIP_AUDIT/sampled_images/CLIP-ViT-B-32-DataComp.XL-s13B-b90K//layer_3/neuron_640/hook_resid_post/avg/top/neuron_640_layer_3_top_avg_hook_resid_post.png
Saved image to /network/scratch/s/sonia.joseph/CLIP_AUDIT/sampled_images/CLIP-ViT-B-32-DataComp.XL-s13B-b90K//layer_3/neuron_640/hook_resid_post/avg/bottom/neuron_640_layer_3_bottom_avg_hook_resid_post.png
Activations shape for blocks.3.mlp.hook_post (49984, 50)
Type of sampling: average
Top sampled image indices for blocks.3.mlp.hook_post: [30143 32149  8866 44305 27695 45633 39168 19430 10243  7857 33474 10798
 11608 43279  3513 45665  1251  9359 48069 43607]
Bottom sampled image indices for blocks.3.mlp.hook_post: [11179 43394 34334 29407 29026 30065 29694  9207 33432 41505  3522 11947
 38085  9688 29257 29932 13612 19180 32188 15497]
Neuron 640, Layer 3, Layer Type hook_post
Saved image to /network/scratch/s/sonia.joseph/CLIP_AUDIT/sampled_images/CLIP-ViT-B-32-DataComp.XL-s13B-b90K//layer_3/neuron_640/hook_post/avg/top/neuron_640_layer_3_top_avg_hook_post.png
Saved image to /network/scratch/s/sonia.joseph/CLIP_AUDIT/sampled_images/CLIP-ViT-B-32-DataComp.XL-s13B-b90K//layer_3/neuron_640/hook_post/avg/bottom/neuron_640_layer_3_bottom_avg_hook_post.png
Activations shape for blocks.3.hook_mlp_out (49984, 50)
Type of sampling: average
Top sampled image indices for blocks.3.hook_mlp_out: [17200 27686 19987 22012 44183   964 25145 11865 11444 17271 28480  3294
 16697  6631 10634 12896 20408 29755 25970 45448]
Bottom sampled image indices for blocks.3.hook_mlp_out: [44496  3729 42141 30435 37150 39554 25732 43607 36734 40191 45633 20916
  6742 12055 37042  1762 43568  2257 20935 38055]
Neuron 553, Layer 3, Layer Type hook_mlp_out
Saved image to /network/scratch/s/sonia.joseph/CLIP_AUDIT/sampled_images/CLIP-ViT-B-32-DataComp.XL-s13B-b90K//layer_3/neuron_553/hook_mlp_out/avg/top/neuron_553_layer_3_top_avg_hook_mlp_out.png
Saved image to /network/scratch/s/sonia.joseph/CLIP_AUDIT/sampled_images/CLIP-ViT-B-32-DataComp.XL-s13B-b90K//layer_3/neuron_553/hook_mlp_out/avg/bottom/neuron_553_layer_3_bottom_avg_hook_mlp_out.png
Activations shape for blocks.3.hook_resid_post (49984, 50)
Type of sampling: average
Top sampled image indices for blocks.3.hook_resid_post: [12460 30092 16982 48853 48393 41578 19516 36256 17953 48358 12316 36797
  3864 29415 37421 33618 48217 28314 16260 45037]
Bottom sampled image indices for blocks.3.hook_resid_post: [ 3513  9683 47536 27436 11449 18870 15236 34954 49677  9359 45350 28998
 40436 36684 14477 23640 34760 43607 15472  8866]
Neuron 553, Layer 3, Layer Type hook_resid_post
Saved image to /network/scratch/s/sonia.joseph/CLIP_AUDIT/sampled_images/CLIP-ViT-B-32-DataComp.XL-s13B-b90K//layer_3/neuron_553/hook_resid_post/avg/top/neuron_553_layer_3_top_avg_hook_resid_post.png
Saved image to /network/scratch/s/sonia.joseph/CLIP_AUDIT/sampled_images/CLIP-ViT-B-32-DataComp.XL-s13B-b90K//layer_3/neuron_553/hook_resid_post/avg/bottom/neuron_553_layer_3_bottom_avg_hook_resid_post.png
Activations shape for blocks.3.mlp.hook_post (49984, 50)
Type of sampling: average
Top sampled image indices for blocks.3.mlp.hook_post: [21014 32143 31884 32475 12878 16346 15287 33332 33432 41651 21583  1344
 43394   639 29784 21734 41209 38691 47327 41690]
Bottom sampled image indices for blocks.3.mlp.hook_post: [31437 18302  7583 45320 32873 30135 44445 49573 32132  6118  5703  9176
 11001 43700 33608  4057  9924 27128 23888 25030]
Neuron 553, Layer 3, Layer Type hook_post
Saved image to /network/scratch/s/sonia.joseph/CLIP_AUDIT/sampled_images/CLIP-ViT-B-32-DataComp.XL-s13B-b90K//layer_3/neuron_553/hook_post/avg/top/neuron_553_layer_3_top_avg_hook_post.png
Saved image to /network/scratch/s/sonia.joseph/CLIP_AUDIT/sampled_images/CLIP-ViT-B-32-DataComp.XL-s13B-b90K//layer_3/neuron_553/hook_post/avg/bottom/neuron_553_layer_3_bottom_avg_hook_post.png
Activations shape for blocks.3.hook_mlp_out (49984, 50)
Type of sampling: average
Top sampled image indices for blocks.3.hook_mlp_out: [32616  6597 41711 39046  7408 17302  1944 16270 48175 10805 15315 24436
 41524 33499 41780 43428 44121 43444 19294 39107]
Bottom sampled image indices for blocks.3.hook_mlp_out: [17271  6635 27926 25872 19242 39299 20718 48853 25145 26124 47244 30901
 17389 13832 34889   760  1350 36313 49215   407]
Neuron 351, Layer 3, Layer Type hook_mlp_out
Saved image to /network/scratch/s/sonia.joseph/CLIP_AUDIT/sampled_images/CLIP-ViT-B-32-DataComp.XL-s13B-b90K//layer_3/neuron_351/hook_mlp_out/avg/top/neuron_351_layer_3_top_avg_hook_mlp_out.png
Saved image to /network/scratch/s/sonia.joseph/CLIP_AUDIT/sampled_images/CLIP-ViT-B-32-DataComp.XL-s13B-b90K//layer_3/neuron_351/hook_mlp_out/avg/bottom/neuron_351_layer_3_bottom_avg_hook_mlp_out.png
Activations shape for blocks.3.hook_resid_post (49984, 50)
Type of sampling: average
Top sampled image indices for blocks.3.hook_resid_post: [19807 22994 22808  2023  3129 30424 34657 20428 22351 20065 28109 38584
  7439   987 19780 47206 34844 23036 41314  1251]
Bottom sampled image indices for blocks.3.hook_resid_post: [ 6635 25872 17271 22777 37421  1783 40930 12955 21606 25512 39299 26243
 33145  1762 36029 46545 23955 20718 25338  5805]
Neuron 351, Layer 3, Layer Type hook_resid_post
Saved image to /network/scratch/s/sonia.joseph/CLIP_AUDIT/sampled_images/CLIP-ViT-B-32-DataComp.XL-s13B-b90K//layer_3/neuron_351/hook_resid_post/avg/top/neuron_351_layer_3_top_avg_hook_resid_post.png
Saved image to /network/scratch/s/sonia.joseph/CLIP_AUDIT/sampled_images/CLIP-ViT-B-32-DataComp.XL-s13B-b90K//layer_3/neuron_351/hook_resid_post/avg/bottom/neuron_351_layer_3_bottom_avg_hook_resid_post.png
Activations shape for blocks.3.mlp.hook_post (49984, 50)
Type of sampling: average
Top sampled image indices for blocks.3.mlp.hook_post: [40527 11245 20972 36716 44773 33082 30045 43526 28317  2788 13607 28973
  9357  4007 13812 24422  6202 27656 31569 32382]
Bottom sampled image indices for blocks.3.mlp.hook_post: [ 4921  1251 27436 44278 31884 25426 22376 45665 19036 39168  5513 22072
 35384 44496 37421 32415 24730 35676 48068  6732]
Neuron 351, Layer 3, Layer Type hook_post
Saved image to /network/scratch/s/sonia.joseph/CLIP_AUDIT/sampled_images/CLIP-ViT-B-32-DataComp.XL-s13B-b90K//layer_3/neuron_351/hook_post/avg/top/neuron_351_layer_3_top_avg_hook_post.png
Saved image to /network/scratch/s/sonia.joseph/CLIP_AUDIT/sampled_images/CLIP-ViT-B-32-DataComp.XL-s13B-b90K//layer_3/neuron_351/hook_post/avg/bottom/neuron_351_layer_3_bottom_avg_hook_post.png
Activations shape for blocks.3.hook_mlp_out (49984, 50)
Type of sampling: average
Top sampled image indices for blocks.3.hook_mlp_out: [42672 16512 38240 21502 13289 25943 30681 33233 48583 39299  3294 22750
 21606 16151 11363  3773 13088 37421 26424  1056]
Bottom sampled image indices for blocks.3.hook_mlp_out: [20410 45389 21871 12299 48655 41718 12926  6834  6486 41651  6298 23445
 27355  2159 39210 21040   323 22148 48637 11331]
Neuron 446, Layer 3, Layer Type hook_mlp_out
Saved image to /network/scratch/s/sonia.joseph/CLIP_AUDIT/sampled_images/CLIP-ViT-B-32-DataComp.XL-s13B-b90K//layer_3/neuron_446/hook_mlp_out/avg/top/neuron_446_layer_3_top_avg_hook_mlp_out.png
Saved image to /network/scratch/s/sonia.joseph/CLIP_AUDIT/sampled_images/CLIP-ViT-B-32-DataComp.XL-s13B-b90K//layer_3/neuron_446/hook_mlp_out/avg/bottom/neuron_446_layer_3_bottom_avg_hook_mlp_out.png
Activations shape for blocks.3.hook_resid_post (49984, 50)
Type of sampling: average
Top sampled image indices for blocks.3.hook_resid_post: [11967 34272 13350 13437 11338  1833 35593 17533 10230 22376  4921 31003
 33729 31116 30293 45978 37764  1155 19778  2257]
Bottom sampled image indices for blocks.3.hook_resid_post: [23680 14441 13088 38751 22072  3047  6298  8512   190 45507 35676 35955
 21059  7952 48396 44124 28581 32073 33145 41718]
Neuron 446, Layer 3, Layer Type hook_resid_post
Saved image to /network/scratch/s/sonia.joseph/CLIP_AUDIT/sampled_images/CLIP-ViT-B-32-DataComp.XL-s13B-b90K//layer_3/neuron_446/hook_resid_post/avg/top/neuron_446_layer_3_top_avg_hook_resid_post.png
Saved image to /network/scratch/s/sonia.joseph/CLIP_AUDIT/sampled_images/CLIP-ViT-B-32-DataComp.XL-s13B-b90K//layer_3/neuron_446/hook_resid_post/avg/bottom/neuron_446_layer_3_bottom_avg_hook_resid_post.png
Activations shape for blocks.3.mlp.hook_post (49984, 50)
Type of sampling: average
Top sampled image indices for blocks.3.mlp.hook_post: [25417  7782 32827 30528 11962 22993  1566 33995 26741 34591 10029 37282
 31326 13427 22243 29385 48489  1251  8606 25426]
Bottom sampled image indices for blocks.3.mlp.hook_post: [22777 47977 38448 12163 32169  6661 19613  6004 43519 22359 33866  9172
 32113 14128 46987 36044 18055 45579 25524 12844]
Neuron 446, Layer 3, Layer Type hook_post
Saved image to /network/scratch/s/sonia.joseph/CLIP_AUDIT/sampled_images/CLIP-ViT-B-32-DataComp.XL-s13B-b90K//layer_3/neuron_446/hook_post/avg/top/neuron_446_layer_3_top_avg_hook_post.png
Saved image to /network/scratch/s/sonia.joseph/CLIP_AUDIT/sampled_images/CLIP-ViT-B-32-DataComp.XL-s13B-b90K//layer_3/neuron_446/hook_post/avg/bottom/neuron_446_layer_3_bottom_avg_hook_post.png
Activations shape for blocks.3.hook_mlp_out (49984, 50)
Type of sampling: average
Top sampled image indices for blocks.3.hook_mlp_out: [10811  7579  6069 44985 41467 21945 10425  8471 16890 40930 44675 32592
 41651 46504  1344 28762  6834 22072 13534 24480]
Bottom sampled image indices for blocks.3.hook_mlp_out: [29583 41314 48217 42141 12795   968 27595 29866  5432  2257 19699 26261
 36940 44700   289  6742 12546 20754 16697 14190]
Neuron 105, Layer 3, Layer Type hook_mlp_out
Saved image to /network/scratch/s/sonia.joseph/CLIP_AUDIT/sampled_images/CLIP-ViT-B-32-DataComp.XL-s13B-b90K//layer_3/neuron_105/hook_mlp_out/avg/top/neuron_105_layer_3_top_avg_hook_mlp_out.png
Saved image to /network/scratch/s/sonia.joseph/CLIP_AUDIT/sampled_images/CLIP-ViT-B-32-DataComp.XL-s13B-b90K//layer_3/neuron_105/hook_mlp_out/avg/bottom/neuron_105_layer_3_bottom_avg_hook_mlp_out.png
Activations shape for blocks.3.hook_resid_post (49984, 50)
Type of sampling: average
Top sampled image indices for blocks.3.hook_resid_post: [16916 12943  9359 41467 13088 39985  3815 11098 32854 44238 10749 39043
 13070 17342 30349 14229 29583 13511  9683 42313]
Bottom sampled image indices for blocks.3.hook_resid_post: [26920 13856 24662 32827 12251 19807    40 41214 41571  7496 34740 25321
 33257 10726 35986 28313 21549  4212 34116 14214]
Neuron 105, Layer 3, Layer Type hook_resid_post
Saved image to /network/scratch/s/sonia.joseph/CLIP_AUDIT/sampled_images/CLIP-ViT-B-32-DataComp.XL-s13B-b90K//layer_3/neuron_105/hook_resid_post/avg/top/neuron_105_layer_3_top_avg_hook_resid_post.png
Saved image to /network/scratch/s/sonia.joseph/CLIP_AUDIT/sampled_images/CLIP-ViT-B-32-DataComp.XL-s13B-b90K//layer_3/neuron_105/hook_resid_post/avg/bottom/neuron_105_layer_3_bottom_avg_hook_resid_post.png
Activations shape for blocks.3.mlp.hook_post (49984, 50)
Type of sampling: average
Top sampled image indices for blocks.3.mlp.hook_post: [45875 48618 49458 47150  7431 41371 11969 49065 37686 27074 45137 29715
 20124 21533 19036  5985 40959 34069  5307  1422]
Bottom sampled image indices for blocks.3.mlp.hook_post: [30349 47256 18634  6498 25426 20410 19012 13578 17607 25715 25963  9024
 10553 24960 12565 17557 32340 14441 19970  5554]
Neuron 105, Layer 3, Layer Type hook_post
Saved image to /network/scratch/s/sonia.joseph/CLIP_AUDIT/sampled_images/CLIP-ViT-B-32-DataComp.XL-s13B-b90K//layer_3/neuron_105/hook_post/avg/top/neuron_105_layer_3_top_avg_hook_post.png
Saved image to /network/scratch/s/sonia.joseph/CLIP_AUDIT/sampled_images/CLIP-ViT-B-32-DataComp.XL-s13B-b90K//layer_3/neuron_105/hook_post/avg/bottom/neuron_105_layer_3_bottom_avg_hook_post.png
Activations shape for blocks.3.hook_mlp_out (49984, 50)
Type of sampling: average
Top sampled image indices for blocks.3.hook_mlp_out: [46641  4414 16635 27941 29314 23636 21815   407 13487 39193  7383 45072
 32906 34894  5335 33063 18361   117 37175  2361]
Bottom sampled image indices for blocks.3.hook_mlp_out: [ 4570 37524 48869 48939 42086 48225  7307 13033  1833 39540 49215 15681
 11035 47194  7122 14882 33145 39726 10342 25230]
Neuron 654, Layer 3, Layer Type hook_mlp_out
Saved image to /network/scratch/s/sonia.joseph/CLIP_AUDIT/sampled_images/CLIP-ViT-B-32-DataComp.XL-s13B-b90K//layer_3/neuron_654/hook_mlp_out/avg/top/neuron_654_layer_3_top_avg_hook_mlp_out.png
Saved image to /network/scratch/s/sonia.joseph/CLIP_AUDIT/sampled_images/CLIP-ViT-B-32-DataComp.XL-s13B-b90K//layer_3/neuron_654/hook_mlp_out/avg/bottom/neuron_654_layer_3_bottom_avg_hook_mlp_out.png
Activations shape for blocks.3.hook_resid_post (49984, 50)
Type of sampling: average
Top sampled image indices for blocks.3.hook_resid_post: [40260 33925 43088  8225  2023 19085  6423   117 29207 20718 23003  2427
 44675 18361 44496 39133 28314 30973 31884 19242]
Bottom sampled image indices for blocks.3.hook_resid_post: [ 4921 43607 27436 12304 27061 24964  4308 43246 45761 16268 15668 42410
  7915 11637 21844 11865 46566 32618 20664 42169]
Neuron 654, Layer 3, Layer Type hook_resid_post
Saved image to /network/scratch/s/sonia.joseph/CLIP_AUDIT/sampled_images/CLIP-ViT-B-32-DataComp.XL-s13B-b90K//layer_3/neuron_654/hook_resid_post/avg/top/neuron_654_layer_3_top_avg_hook_resid_post.png
Saved image to /network/scratch/s/sonia.joseph/CLIP_AUDIT/sampled_images/CLIP-ViT-B-32-DataComp.XL-s13B-b90K//layer_3/neuron_654/hook_resid_post/avg/bottom/neuron_654_layer_3_bottom_avg_hook_resid_post.png
Activations shape for blocks.3.mlp.hook_post (49984, 50)
Type of sampling: average
Top sampled image indices for blocks.3.mlp.hook_post: [15976 44856 29551 26339 31864  5931 32978 45163  9827  9282 42307 26056
 41831 25225 35401 35185 19417 40207 11542  1530]
Bottom sampled image indices for blocks.3.mlp.hook_post: [ 7952 11026 25426 32847 11708 27626 45590 29343 32951 16292  4407 41981
 36157 36076 41487 38631 24143 15316 27337  3849]
Neuron 654, Layer 3, Layer Type hook_post
Saved image to /network/scratch/s/sonia.joseph/CLIP_AUDIT/sampled_images/CLIP-ViT-B-32-DataComp.XL-s13B-b90K//layer_3/neuron_654/hook_post/avg/top/neuron_654_layer_3_top_avg_hook_post.png
Saved image to /network/scratch/s/sonia.joseph/CLIP_AUDIT/sampled_images/CLIP-ViT-B-32-DataComp.XL-s13B-b90K//layer_3/neuron_654/hook_post/avg/bottom/neuron_654_layer_3_bottom_avg_hook_post.png
Activations shape for blocks.3.hook_mlp_out (49984, 50)
Type of sampling: average
Top sampled image indices for blocks.3.hook_mlp_out: [43428 43404  3295 10749  3677 29529  8026 42230 42965 43744 49028 33661
 11971  8376  1014 17607 30387 48633 34168  3513]
Bottom sampled image indices for blocks.3.hook_mlp_out: [13856  2616 16970  1647 47344  4812 27584 49535 22803   407 48684 10477
  2548 27581 25294 16200 19822 21864  2743  3635]
Neuron 344, Layer 3, Layer Type hook_mlp_out
Saved image to /network/scratch/s/sonia.joseph/CLIP_AUDIT/sampled_images/CLIP-ViT-B-32-DataComp.XL-s13B-b90K//layer_3/neuron_344/hook_mlp_out/avg/top/neuron_344_layer_3_top_avg_hook_mlp_out.png
Saved image to /network/scratch/s/sonia.joseph/CLIP_AUDIT/sampled_images/CLIP-ViT-B-32-DataComp.XL-s13B-b90K//layer_3/neuron_344/hook_mlp_out/avg/bottom/neuron_344_layer_3_bottom_avg_hook_mlp_out.png
Activations shape for blocks.3.hook_resid_post (49984, 50)
Type of sampling: average
Top sampled image indices for blocks.3.hook_resid_post: [15327 11788  1094 38860 48068 48633 11245 22982 48793 45281   773  8512
 29529  9359 43404 31878 37062 19778  3513 42040]
Bottom sampled image indices for blocks.3.hook_resid_post: [44496 42141 19242  2257  1762 26920 28314  6742 30973  5664 48217 20489
 16697 20718 13856 31350  1881  4888 38766  5168]
Neuron 344, Layer 3, Layer Type hook_resid_post
Saved image to /network/scratch/s/sonia.joseph/CLIP_AUDIT/sampled_images/CLIP-ViT-B-32-DataComp.XL-s13B-b90K//layer_3/neuron_344/hook_resid_post/avg/top/neuron_344_layer_3_top_avg_hook_resid_post.png
Saved image to /network/scratch/s/sonia.joseph/CLIP_AUDIT/sampled_images/CLIP-ViT-B-32-DataComp.XL-s13B-b90K//layer_3/neuron_344/hook_resid_post/avg/bottom/neuron_344_layer_3_bottom_avg_hook_resid_post.png
Activations shape for blocks.3.mlp.hook_post (49984, 50)
Type of sampling: average
Top sampled image indices for blocks.3.mlp.hook_post: [14753 45592 24275 10805 17647 46592 43219   992 44919 15476 18742 23997
 21193 48612 49028  4000  6733 36354 17852 18659]
Bottom sampled image indices for blocks.3.mlp.hook_post: [13442  3849 24406 23461 41041 36142 11865 34821  9688  8312  4564 34591
 33145  8578 20835 25256 22492 28762 30374 36251]
Neuron 344, Layer 3, Layer Type hook_post
Saved image to /network/scratch/s/sonia.joseph/CLIP_AUDIT/sampled_images/CLIP-ViT-B-32-DataComp.XL-s13B-b90K//layer_3/neuron_344/hook_post/avg/top/neuron_344_layer_3_top_avg_hook_post.png
Saved image to /network/scratch/s/sonia.joseph/CLIP_AUDIT/sampled_images/CLIP-ViT-B-32-DataComp.XL-s13B-b90K//layer_3/neuron_344/hook_post/avg/bottom/neuron_344_layer_3_bottom_avg_hook_post.png
Activations shape for blocks.3.hook_mlp_out (49984, 50)
Type of sampling: average
Top sampled image indices for blocks.3.hook_mlp_out: [  760  8806 29415 34234 40792 23476 48217 24277 36215  1762 29385 34316
 42130  6498 19242 45201  2257 41536 48853  1833]
Bottom sampled image indices for blocks.3.hook_mlp_out: [34168 20432 17624 16021 18657  9769 24328 18731 48655  3847 36821 24002
  1802 28334 21320  9438 41861 49130 11748 47430]
Neuron 18, Layer 3, Layer Type hook_mlp_out
Saved image to /network/scratch/s/sonia.joseph/CLIP_AUDIT/sampled_images/CLIP-ViT-B-32-DataComp.XL-s13B-b90K//layer_3/neuron_18/hook_mlp_out/avg/top/neuron_18_layer_3_top_avg_hook_mlp_out.png
Saved image to /network/scratch/s/sonia.joseph/CLIP_AUDIT/sampled_images/CLIP-ViT-B-32-DataComp.XL-s13B-b90K//layer_3/neuron_18/hook_mlp_out/avg/bottom/neuron_18_layer_3_bottom_avg_hook_mlp_out.png
Activations shape for blocks.3.hook_resid_post (49984, 50)
Type of sampling: average
Top sampled image indices for blocks.3.hook_resid_post: [ 8044 47427 11358 17342 33977 11816 49556   320  1705 41314 27595 31884
 48945 25943 23664 41690  1833 11865 25426 23939]
Bottom sampled image indices for blocks.3.hook_resid_post: [42040 40930 25978 17201 22598 22982 30049 20309 32169 37047  7677 30349
 37062 35751 14441  7806 11971 17098 49698 49215]
Neuron 18, Layer 3, Layer Type hook_resid_post
Saved image to /network/scratch/s/sonia.joseph/CLIP_AUDIT/sampled_images/CLIP-ViT-B-32-DataComp.XL-s13B-b90K//layer_3/neuron_18/hook_resid_post/avg/top/neuron_18_layer_3_top_avg_hook_resid_post.png
Saved image to /network/scratch/s/sonia.joseph/CLIP_AUDIT/sampled_images/CLIP-ViT-B-32-DataComp.XL-s13B-b90K//layer_3/neuron_18/hook_resid_post/avg/bottom/neuron_18_layer_3_bottom_avg_hook_resid_post.png
Activations shape for blocks.3.mlp.hook_post (49984, 50)
Type of sampling: average
Top sampled image indices for blocks.3.mlp.hook_post: [41450  1762 12050 47344 37282 24055 45735 22376 14647 45881 26699 16970
 32592 48489 32827  1859 25426 29385  8606 23664]
Bottom sampled image indices for blocks.3.mlp.hook_post: [25905 23985 32579 49028 26437 30120 24718  7427 49913 29322 32010 49624
 28209 26679 34334 15268 43289 47792 23709 21055]
Neuron 18, Layer 3, Layer Type hook_post
Saved image to /network/scratch/s/sonia.joseph/CLIP_AUDIT/sampled_images/CLIP-ViT-B-32-DataComp.XL-s13B-b90K//layer_3/neuron_18/hook_post/avg/top/neuron_18_layer_3_top_avg_hook_post.png
Saved image to /network/scratch/s/sonia.joseph/CLIP_AUDIT/sampled_images/CLIP-ViT-B-32-DataComp.XL-s13B-b90K//layer_3/neuron_18/hook_post/avg/bottom/neuron_18_layer_3_bottom_avg_hook_post.png
Activations shape for blocks.3.hook_mlp_out (49984, 50)
Type of sampling: average
Top sampled image indices for blocks.3.hook_mlp_out: [13791 48633 37322 43744  7152 15546 10009 17620 35962 25288   760 32362
 32088  7869 39396 17607 48068 27926 14355 11282]
Bottom sampled image indices for blocks.3.hook_mlp_out: [11098  3047 12533 38989 47222 48489 23714 18069 28762 32592 48244 34844
  6637 28042 45177 26070 34031 23144  5664 15270]
Neuron 198, Layer 3, Layer Type hook_mlp_out
Saved image to /network/scratch/s/sonia.joseph/CLIP_AUDIT/sampled_images/CLIP-ViT-B-32-DataComp.XL-s13B-b90K//layer_3/neuron_198/hook_mlp_out/avg/top/neuron_198_layer_3_top_avg_hook_mlp_out.png
Saved image to /network/scratch/s/sonia.joseph/CLIP_AUDIT/sampled_images/CLIP-ViT-B-32-DataComp.XL-s13B-b90K//layer_3/neuron_198/hook_mlp_out/avg/bottom/neuron_198_layer_3_bottom_avg_hook_mlp_out.png
Activations shape for blocks.3.hook_resid_post (49984, 50)
Type of sampling: average
Top sampled image indices for blocks.3.hook_resid_post: [ 4721 37687 13427 14343 13856 37567 37282 32317 17388 38354 48217 10639
 13054 31115 46085 21606  5664  4921 22547 19242]
Bottom sampled image indices for blocks.3.hook_resid_post: [34338 40939 28136 11179 22841 29255 39704 43859 31534 15466 11865 17614
  3370 44132 20997  9432  4019 14013  3884 13947]
Neuron 198, Layer 3, Layer Type hook_resid_post
Saved image to /network/scratch/s/sonia.joseph/CLIP_AUDIT/sampled_images/CLIP-ViT-B-32-DataComp.XL-s13B-b90K//layer_3/neuron_198/hook_resid_post/avg/top/neuron_198_layer_3_top_avg_hook_resid_post.png
Saved image to /network/scratch/s/sonia.joseph/CLIP_AUDIT/sampled_images/CLIP-ViT-B-32-DataComp.XL-s13B-b90K//layer_3/neuron_198/hook_resid_post/avg/bottom/neuron_198_layer_3_bottom_avg_hook_resid_post.png
Activations shape for blocks.3.mlp.hook_post (49984, 50)
Type of sampling: average
Top sampled image indices for blocks.3.mlp.hook_post: [41292 27005 21606 28329  3473 15869 37162 40249 32391  2361 41450 48633
 37047 23939 14409 25970 25507 10664 48068 30349]
Bottom sampled image indices for blocks.3.mlp.hook_post: [11377 34679 34518 28734 46662 30573  2819 10726 48578 24034 13459 37864
  8260 35218 16306 17686 23561 22573 37369  3046]
Neuron 198, Layer 3, Layer Type hook_post
Saved image to /network/scratch/s/sonia.joseph/CLIP_AUDIT/sampled_images/CLIP-ViT-B-32-DataComp.XL-s13B-b90K//layer_3/neuron_198/hook_post/avg/top/neuron_198_layer_3_top_avg_hook_post.png
Saved image to /network/scratch/s/sonia.joseph/CLIP_AUDIT/sampled_images/CLIP-ViT-B-32-DataComp.XL-s13B-b90K//layer_3/neuron_198/hook_post/avg/bottom/neuron_198_layer_3_bottom_avg_hook_post.png
Activations shape for blocks.3.hook_mlp_out (49984, 50)
Type of sampling: average
Top sampled image indices for blocks.3.hook_mlp_out: [39986 42877 19871 11649 47993  2257  5664 45761 40131  4145 46737  1716
 45281 47673 40443  1056  3849 19242 20718  4921]
Bottom sampled image indices for blocks.3.hook_mlp_out: [21606 28996   117 29048 29195 21564 31056 13907  8648 49881 43085 22399
 29273 43714 14190 44655 35207 38438 32278  7813]
Neuron 331, Layer 3, Layer Type hook_mlp_out
Saved image to /network/scratch/s/sonia.joseph/CLIP_AUDIT/sampled_images/CLIP-ViT-B-32-DataComp.XL-s13B-b90K//layer_3/neuron_331/hook_mlp_out/avg/top/neuron_331_layer_3_top_avg_hook_mlp_out.png
Saved image to /network/scratch/s/sonia.joseph/CLIP_AUDIT/sampled_images/CLIP-ViT-B-32-DataComp.XL-s13B-b90K//layer_3/neuron_331/hook_mlp_out/avg/bottom/neuron_331_layer_3_bottom_avg_hook_mlp_out.png
Activations shape for blocks.3.hook_resid_post (49984, 50)
Type of sampling: average
Top sampled image indices for blocks.3.hook_resid_post: [37637 42598  3801 21238 23433 45665  1555 23684 14455 33148 38989 25524
 43102 17134 10153 36966  4921 27686 27366 17607]
Bottom sampled image indices for blocks.3.hook_resid_post: [11865 23955  8881 48545 33311  8466 21794 40879 24659 46504 38192 39246
  9956 16793 30686  7725 11875 25978 22777 32081]
Neuron 331, Layer 3, Layer Type hook_resid_post
Saved image to /network/scratch/s/sonia.joseph/CLIP_AUDIT/sampled_images/CLIP-ViT-B-32-DataComp.XL-s13B-b90K//layer_3/neuron_331/hook_resid_post/avg/top/neuron_331_layer_3_top_avg_hook_resid_post.png
Saved image to /network/scratch/s/sonia.joseph/CLIP_AUDIT/sampled_images/CLIP-ViT-B-32-DataComp.XL-s13B-b90K//layer_3/neuron_331/hook_resid_post/avg/bottom/neuron_331_layer_3_bottom_avg_hook_resid_post.png
Activations shape for blocks.3.mlp.hook_post (49984, 50)
Type of sampling: average
Top sampled image indices for blocks.3.mlp.hook_post: [ 5149  2130 40986 29134 28468 44469 26866 20401 47327 17932   528 20231
 47959 34964 12943  8750 12177 25175 41209 29481]
Bottom sampled image indices for blocks.3.mlp.hook_post: [47013 14441 17607  5132 30348 47993 16570 24480 49966 47070 42192 29490
 23433 36454 10065 45944 35264 35491  6612 46031]
Neuron 331, Layer 3, Layer Type hook_post
Saved image to /network/scratch/s/sonia.joseph/CLIP_AUDIT/sampled_images/CLIP-ViT-B-32-DataComp.XL-s13B-b90K//layer_3/neuron_331/hook_post/avg/top/neuron_331_layer_3_top_avg_hook_post.png
Saved image to /network/scratch/s/sonia.joseph/CLIP_AUDIT/sampled_images/CLIP-ViT-B-32-DataComp.XL-s13B-b90K//layer_3/neuron_331/hook_post/avg/bottom/neuron_331_layer_3_bottom_avg_hook_post.png
Activations shape for blocks.3.hook_mlp_out (49984, 50)
Type of sampling: average
Top sampled image indices for blocks.3.hook_mlp_out: [ 1097  7038 21387 26920 35887 11961 41209 10087 39492 11621 47799  7952
 24330 48259 17308 39058 48225 31437 25145  3294]
Bottom sampled image indices for blocks.3.hook_mlp_out: [45281 19148  3849 30349 48068 37524 30686 24406 48975 45917 43607 35488
 28186   304 24672  4921 30683 42223 34100 22506]
Neuron 590, Layer 3, Layer Type hook_mlp_out
Saved image to /network/scratch/s/sonia.joseph/CLIP_AUDIT/sampled_images/CLIP-ViT-B-32-DataComp.XL-s13B-b90K//layer_3/neuron_590/hook_mlp_out/avg/top/neuron_590_layer_3_top_avg_hook_mlp_out.png
Saved image to /network/scratch/s/sonia.joseph/CLIP_AUDIT/sampled_images/CLIP-ViT-B-32-DataComp.XL-s13B-b90K//layer_3/neuron_590/hook_mlp_out/avg/bottom/neuron_590_layer_3_bottom_avg_hook_mlp_out.png
Activations shape for blocks.3.hook_resid_post (49984, 50)
Type of sampling: average
Top sampled image indices for blocks.3.hook_resid_post: [39599  4316 13621 28255 47942 22085 45299 19273 46603 37524  2940 14386
 23005  8321 48605  1673 42086  2340 48019 24122]
Bottom sampled image indices for blocks.3.hook_resid_post: [15476 45201 27391 43404 48633 25791 32391 11245 17607  1056  4793 44812
 33441 10369 17793  3994 48068 49480  1251 27726]
Neuron 590, Layer 3, Layer Type hook_resid_post
Saved image to /network/scratch/s/sonia.joseph/CLIP_AUDIT/sampled_images/CLIP-ViT-B-32-DataComp.XL-s13B-b90K//layer_3/neuron_590/hook_resid_post/avg/top/neuron_590_layer_3_top_avg_hook_resid_post.png
Saved image to /network/scratch/s/sonia.joseph/CLIP_AUDIT/sampled_images/CLIP-ViT-B-32-DataComp.XL-s13B-b90K//layer_3/neuron_590/hook_resid_post/avg/bottom/neuron_590_layer_3_bottom_avg_hook_resid_post.png
Activations shape for blocks.3.mlp.hook_post (49984, 50)
Type of sampling: average
Top sampled image indices for blocks.3.mlp.hook_post: [17843 14271 10953 10582 12390 43607 43949 21547 25310  1402 22293 16583
 20266 24672 44829 28681   700 39946 37047 22072]
Bottom sampled image indices for blocks.3.mlp.hook_post: [26866 48993 40947 19697  8940  9207 22086 20347  6069 49137 40930 33329
 47959  9122 43394 39511 37665 46208 48615 39099]
Neuron 590, Layer 3, Layer Type hook_post
Saved image to /network/scratch/s/sonia.joseph/CLIP_AUDIT/sampled_images/CLIP-ViT-B-32-DataComp.XL-s13B-b90K//layer_3/neuron_590/hook_post/avg/top/neuron_590_layer_3_top_avg_hook_post.png
Saved image to /network/scratch/s/sonia.joseph/CLIP_AUDIT/sampled_images/CLIP-ViT-B-32-DataComp.XL-s13B-b90K//layer_3/neuron_590/hook_post/avg/bottom/neuron_590_layer_3_bottom_avg_hook_post.png
Activations shape for blocks.3.hook_mlp_out (49984, 50)
Type of sampling: average
Top sampled image indices for blocks.3.hook_mlp_out: [19965 17793 42230  4793 22747 38796 32847  2257 15476  5433 25439 27391
 23962 32534  1251  8376 20211 43607  4921 43404]
Bottom sampled image indices for blocks.3.hook_mlp_out: [16265 25426 10246 33041   388  8420 13856 11536 28510 11629  8606 21230
 46504 20543 15470 12620 16146  5755 43585 15232]
Neuron 532, Layer 3, Layer Type hook_mlp_out
Saved image to /network/scratch/s/sonia.joseph/CLIP_AUDIT/sampled_images/CLIP-ViT-B-32-DataComp.XL-s13B-b90K//layer_3/neuron_532/hook_mlp_out/avg/top/neuron_532_layer_3_top_avg_hook_mlp_out.png
Saved image to /network/scratch/s/sonia.joseph/CLIP_AUDIT/sampled_images/CLIP-ViT-B-32-DataComp.XL-s13B-b90K//layer_3/neuron_532/hook_mlp_out/avg/bottom/neuron_532_layer_3_bottom_avg_hook_mlp_out.png
Activations shape for blocks.3.hook_resid_post (49984, 50)
Type of sampling: average
Top sampled image indices for blocks.3.hook_resid_post: [ 4921  1833   197 25004 26735  4185  3513 45500 44675 49313 33290 12795
 20718  1251 11608 37281  5664 47536 43607 44496]
Bottom sampled image indices for blocks.3.hook_resid_post: [14094 49173 23144   191  6821 13832 34889 22818 41654 26424  8630 17837
 19334 43289 35699 10737 48775 19139  2309 47344]
Neuron 532, Layer 3, Layer Type hook_resid_post
Saved image to /network/scratch/s/sonia.joseph/CLIP_AUDIT/sampled_images/CLIP-ViT-B-32-DataComp.XL-s13B-b90K//layer_3/neuron_532/hook_resid_post/avg/top/neuron_532_layer_3_top_avg_hook_resid_post.png
Saved image to /network/scratch/s/sonia.joseph/CLIP_AUDIT/sampled_images/CLIP-ViT-B-32-DataComp.XL-s13B-b90K//layer_3/neuron_532/hook_resid_post/avg/bottom/neuron_532_layer_3_bottom_avg_hook_resid_post.png
Activations shape for blocks.3.mlp.hook_post (49984, 50)
Type of sampling: average
Top sampled image indices for blocks.3.mlp.hook_post: [11728  3047 41041 28334 36680 37130 23173  5454 34523 42320 45382 33145
  6977 25310 34507 14721 33977  1251 32592 22072]
Bottom sampled image indices for blocks.3.mlp.hook_post: [24406 16211  3513  8009 40939 48682 32813 37377 37524 27355 31859 45917
 36282  4165 41881 48975 26191 29073 22665 19148]
Neuron 532, Layer 3, Layer Type hook_post
Saved image to /network/scratch/s/sonia.joseph/CLIP_AUDIT/sampled_images/CLIP-ViT-B-32-DataComp.XL-s13B-b90K//layer_3/neuron_532/hook_post/avg/top/neuron_532_layer_3_top_avg_hook_post.png
Saved image to /network/scratch/s/sonia.joseph/CLIP_AUDIT/sampled_images/CLIP-ViT-B-32-DataComp.XL-s13B-b90K//layer_3/neuron_532/hook_post/avg/bottom/neuron_532_layer_3_bottom_avg_hook_post.png
Activations shape for blocks.3.hook_mlp_out (49984, 50)
Type of sampling: average
Top sampled image indices for blocks.3.hook_mlp_out: [ 1089 42661 26256 34939 33512 21748 10811 49966 49922 15476 48412 48793
  6916  8540 38321 15579  5111  4695 23531 42040]
Bottom sampled image indices for blocks.3.hook_mlp_out: [ 2257 28314 48217 19242 27926 20489 45201  6742 45301  4145 11769  8606
  7952 43489 14194 41654 14156 35410 27771 27747]
Neuron 208, Layer 3, Layer Type hook_mlp_out
Saved image to /network/scratch/s/sonia.joseph/CLIP_AUDIT/sampled_images/CLIP-ViT-B-32-DataComp.XL-s13B-b90K//layer_3/neuron_208/hook_mlp_out/avg/top/neuron_208_layer_3_top_avg_hook_mlp_out.png
Saved image to /network/scratch/s/sonia.joseph/CLIP_AUDIT/sampled_images/CLIP-ViT-B-32-DataComp.XL-s13B-b90K//layer_3/neuron_208/hook_mlp_out/avg/bottom/neuron_208_layer_3_bottom_avg_hook_mlp_out.png
Activations shape for blocks.3.hook_resid_post (49984, 50)
Type of sampling: average
Top sampled image indices for blocks.3.hook_resid_post: [17648 32847 12715  4530  1783 34710 23350 23229 16514 21527 44496 48225
 28314 33740 37047  8606 23939 11098 12795 32073]
Bottom sampled image indices for blocks.3.hook_resid_post: [14441 35962 27686 32793 10196 23092 33801 16166 27549 28205 17607 29619
 12138 46545 43404  6863 25531 19778 43758 22777]
Neuron 208, Layer 3, Layer Type hook_resid_post
Saved image to /network/scratch/s/sonia.joseph/CLIP_AUDIT/sampled_images/CLIP-ViT-B-32-DataComp.XL-s13B-b90K//layer_3/neuron_208/hook_resid_post/avg/top/neuron_208_layer_3_top_avg_hook_resid_post.png
Saved image to /network/scratch/s/sonia.joseph/CLIP_AUDIT/sampled_images/CLIP-ViT-B-32-DataComp.XL-s13B-b90K//layer_3/neuron_208/hook_resid_post/avg/bottom/neuron_208_layer_3_bottom_avg_hook_resid_post.png
Activations shape for blocks.3.mlp.hook_post (49984, 50)
Type of sampling: average
Top sampled image indices for blocks.3.mlp.hook_post: [49035 28694 40026 12217 46008  2911 16836 49633 42652 22601  1646 42544
 18912 41232 22144  7100 36639 15833 19747 34489]
Bottom sampled image indices for blocks.3.mlp.hook_post: [17826 20973 15709  2876 26942 22651 24042 12940 49346 25894   300 33233
  1323  9917  1566  5116   524 42176  2027 32430]
Neuron 208, Layer 3, Layer Type hook_post
Saved image to /network/scratch/s/sonia.joseph/CLIP_AUDIT/sampled_images/CLIP-ViT-B-32-DataComp.XL-s13B-b90K//layer_3/neuron_208/hook_post/avg/top/neuron_208_layer_3_top_avg_hook_post.png
Saved image to /network/scratch/s/sonia.joseph/CLIP_AUDIT/sampled_images/CLIP-ViT-B-32-DataComp.XL-s13B-b90K//layer_3/neuron_208/hook_post/avg/bottom/neuron_208_layer_3_bottom_avg_hook_post.png

======== GPU REPORT ========

==============NVSMI LOG==============

Timestamp                                 : Mon Sep 16 01:19:57 2024
Driver Version                            : 535.183.06
CUDA Version                              : 12.2

Attached GPUs                             : 1
GPU 00000000:41:00.0
    Accounting Mode                       : Disabled
    Accounting Mode Buffer Size           : 4000
    Accounted Processes                   : None

Mon Sep 16 01:19:58 2024       
+---------------------------------------------------------------------------------------+
| NVIDIA-SMI 535.183.06             Driver Version: 535.183.06   CUDA Version: 12.2     |
|-----------------------------------------+----------------------+----------------------+
| GPU  Name                 Persistence-M | Bus-Id        Disp.A | Volatile Uncorr. ECC |
| Fan  Temp   Perf          Pwr:Usage/Cap |         Memory-Usage | GPU-Util  Compute M. |
|                                         |                      |               MIG M. |
|=========================================+======================+======================|
|   0  NVIDIA A100-SXM4-80GB          On  | 00000000:41:00.0 Off |                   On |
| N/A   34C    P0             150W / 500W |   4997MiB / 81920MiB |     N/A      Default |
|                                         |                      |              Enabled |
+-----------------------------------------+----------------------+----------------------+

+---------------------------------------------------------------------------------------+
| MIG devices:                                                                          |
+------------------+--------------------------------+-----------+-----------------------+
| GPU  GI  CI  MIG |                   Memory-Usage |        Vol|      Shared           |
|      ID  ID  Dev |                     BAR1-Usage | SM     Unc| CE ENC DEC OFA JPG    |
|                  |                                |        ECC|                       |
|==================+================================+===========+=======================|
|  0    1   0   0  |              16MiB / 40448MiB  | 42      0 |  3   0    2    0    0 |
|                  |               0MiB / 65535MiB  |           |                       |
+------------------+--------------------------------+-----------+-----------------------+
                                                                                         
+---------------------------------------------------------------------------------------+
| Processes:                                                                            |
|  GPU   GI   CI        PID   Type   Process name                            GPU Memory |
|        ID   ID                                                             Usage      |
|=======================================================================================|
|  No running processes found                                                           |
+---------------------------------------------------------------------------------------+
