{'n_layers': 12, 'd_model': 512, 'd_head': 64, 'model_name': '', 'n_heads': 8, 'd_mlp': 2048, 'activation_name': 'gelu', 'eps': 1e-05, 'original_architecture': 'vit_clip_vision_encoder', 'initializer_range': 0.02, 'n_channels': 3, 'patch_size': 32, 'image_size': 224, 'n_classes': 512, 'n_params': None, 'layer_norm_pre': True, 'return_type': 'class_logits'}
LayerNorm folded.
Centered weights writing to residual stream
Loaded pretrained model wkcn/TinyCLIP-ViT-40M-32-Text-19M-LAION400M into HookedTransformer
Neuron 156, Layer 0, SD intervals: (7.0, 9.0)
Saved image to /network/scratch/s/sonia.joseph/CLIP_AUDIT/sampled_images/TinyCLIP40M/layer_0/neuron_156/neuron_156_layer_0_top_k_only.png
Neuron 60, Layer 0, SD intervals: (4.0, 6.0)
Saved image to /network/scratch/s/sonia.joseph/CLIP_AUDIT/sampled_images/TinyCLIP40M/layer_0/neuron_60/neuron_60_layer_0_top_k_only.png
Neuron 98, Layer 0, SD intervals: (7.0, 9.0)
Saved image to /network/scratch/s/sonia.joseph/CLIP_AUDIT/sampled_images/TinyCLIP40M/layer_0/neuron_98/neuron_98_layer_0_top_k_only.png
Neuron 424, Layer 0, SD intervals: (4.0, 6.0)
Saved image to /network/scratch/s/sonia.joseph/CLIP_AUDIT/sampled_images/TinyCLIP40M/layer_0/neuron_424/neuron_424_layer_0_top_k_only.png
Neuron 264, Layer 0, SD intervals: (4.0, 5.0)
Saved image to /network/scratch/s/sonia.joseph/CLIP_AUDIT/sampled_images/TinyCLIP40M/layer_0/neuron_264/neuron_264_layer_0_top_k_only.png
Neuron 71, Layer 0, SD intervals: (7.0, 8.0)
Saved image to /network/scratch/s/sonia.joseph/CLIP_AUDIT/sampled_images/TinyCLIP40M/layer_0/neuron_71/neuron_71_layer_0_top_k_only.png
Neuron 176, Layer 0, SD intervals: (5.0, 7.0)
Saved image to /network/scratch/s/sonia.joseph/CLIP_AUDIT/sampled_images/TinyCLIP40M/layer_0/neuron_176/neuron_176_layer_0_top_k_only.png
Neuron 184, Layer 0, SD intervals: (4.0, 6.0)
Saved image to /network/scratch/s/sonia.joseph/CLIP_AUDIT/sampled_images/TinyCLIP40M/layer_0/neuron_184/neuron_184_layer_0_top_k_only.png
Neuron 202, Layer 0, SD intervals: (8.0, 10.0)
Saved image to /network/scratch/s/sonia.joseph/CLIP_AUDIT/sampled_images/TinyCLIP40M/layer_0/neuron_202/neuron_202_layer_0_top_k_only.png
Neuron 397, Layer 0, SD intervals: (4.0, 5.0)
Saved image to /network/scratch/s/sonia.joseph/CLIP_AUDIT/sampled_images/TinyCLIP40M/layer_0/neuron_397/neuron_397_layer_0_top_k_only.png
Neuron 399, Layer 0, SD intervals: (3.0, 4.0)
Saved image to /network/scratch/s/sonia.joseph/CLIP_AUDIT/sampled_images/TinyCLIP40M/layer_0/neuron_399/neuron_399_layer_0_top_k_only.png
Neuron 351, Layer 0, SD intervals: (5.0, 8.0)
Saved image to /network/scratch/s/sonia.joseph/CLIP_AUDIT/sampled_images/TinyCLIP40M/layer_0/neuron_351/neuron_351_layer_0_top_k_only.png
Neuron 505, Layer 0, SD intervals: (4.0, 7.0)
Saved image to /network/scratch/s/sonia.joseph/CLIP_AUDIT/sampled_images/TinyCLIP40M/layer_0/neuron_505/neuron_505_layer_0_top_k_only.png
Neuron 135, Layer 0, SD intervals: (6.0, 9.0)
Saved image to /network/scratch/s/sonia.joseph/CLIP_AUDIT/sampled_images/TinyCLIP40M/layer_0/neuron_135/neuron_135_layer_0_top_k_only.png
Neuron 470, Layer 0, SD intervals: (4.0, 6.0)
Saved image to /network/scratch/s/sonia.joseph/CLIP_AUDIT/sampled_images/TinyCLIP40M/layer_0/neuron_470/neuron_470_layer_0_top_k_only.png
Neuron 149, Layer 0, SD intervals: (5.0, 7.0)
Saved image to /network/scratch/s/sonia.joseph/CLIP_AUDIT/sampled_images/TinyCLIP40M/layer_0/neuron_149/neuron_149_layer_0_top_k_only.png
Neuron 225, Layer 0, SD intervals: (6.0, 8.0)
Saved image to /network/scratch/s/sonia.joseph/CLIP_AUDIT/sampled_images/TinyCLIP40M/layer_0/neuron_225/neuron_225_layer_0_top_k_only.png
Neuron 281, Layer 0, SD intervals: (5.0, 6.0)
Saved image to /network/scratch/s/sonia.joseph/CLIP_AUDIT/sampled_images/TinyCLIP40M/layer_0/neuron_281/neuron_281_layer_0_top_k_only.png
Neuron 417, Layer 0, SD intervals: (8.0, 16.0)
Saved image to /network/scratch/s/sonia.joseph/CLIP_AUDIT/sampled_images/TinyCLIP40M/layer_0/neuron_417/neuron_417_layer_0_top_k_only.png
Neuron 120, Layer 0, SD intervals: (3.0, 4.0)
Saved image to /network/scratch/s/sonia.joseph/CLIP_AUDIT/sampled_images/TinyCLIP40M/layer_0/neuron_120/neuron_120_layer_0_top_k_only.png
Neuron 1, Layer 0, SD intervals: (4.0, 5.0)
Saved image to /network/scratch/s/sonia.joseph/CLIP_AUDIT/sampled_images/TinyCLIP40M/layer_0/neuron_1/neuron_1_layer_0_top_k_only.png
Neuron 262, Layer 0, SD intervals: (3.0, 5.0)
Saved image to /network/scratch/s/sonia.joseph/CLIP_AUDIT/sampled_images/TinyCLIP40M/layer_0/neuron_262/neuron_262_layer_0_top_k_only.png
Neuron 430, Layer 0, SD intervals: (4.0, 5.0)
Saved image to /network/scratch/s/sonia.joseph/CLIP_AUDIT/sampled_images/TinyCLIP40M/layer_0/neuron_430/neuron_430_layer_0_top_k_only.png
Neuron 226, Layer 0, SD intervals: (5.0, 6.0)
Saved image to /network/scratch/s/sonia.joseph/CLIP_AUDIT/sampled_images/TinyCLIP40M/layer_0/neuron_226/neuron_226_layer_0_top_k_only.png
Neuron 143, Layer 0, SD intervals: (8.0, 11.0)
Saved image to /network/scratch/s/sonia.joseph/CLIP_AUDIT/sampled_images/TinyCLIP40M/layer_0/neuron_143/neuron_143_layer_0_top_k_only.png
Neuron 220, Layer 0, SD intervals: (5.0, 8.0)
Saved image to /network/scratch/s/sonia.joseph/CLIP_AUDIT/sampled_images/TinyCLIP40M/layer_0/neuron_220/neuron_220_layer_0_top_k_only.png
Neuron 446, Layer 0, SD intervals: (13.0, 18.0)
Saved image to /network/scratch/s/sonia.joseph/CLIP_AUDIT/sampled_images/TinyCLIP40M/layer_0/neuron_446/neuron_446_layer_0_top_k_only.png
Neuron 311, Layer 0, SD intervals: (5.0, 8.0)
Saved image to /network/scratch/s/sonia.joseph/CLIP_AUDIT/sampled_images/TinyCLIP40M/layer_0/neuron_311/neuron_311_layer_0_top_k_only.png
Neuron 206, Layer 0, SD intervals: (6.0, 8.0)
Saved image to /network/scratch/s/sonia.joseph/CLIP_AUDIT/sampled_images/TinyCLIP40M/layer_0/neuron_206/neuron_206_layer_0_top_k_only.png
Neuron 73, Layer 0, SD intervals: (5.0, 7.0)
Saved image to /network/scratch/s/sonia.joseph/CLIP_AUDIT/sampled_images/TinyCLIP40M/layer_0/neuron_73/neuron_73_layer_0_top_k_only.png
Neuron 49, Layer 0, SD intervals: (7.0, 12.0)
Saved image to /network/scratch/s/sonia.joseph/CLIP_AUDIT/sampled_images/TinyCLIP40M/layer_0/neuron_49/neuron_49_layer_0_top_k_only.png
Neuron 356, Layer 0, SD intervals: (7.0, 11.0)
Saved image to /network/scratch/s/sonia.joseph/CLIP_AUDIT/sampled_images/TinyCLIP40M/layer_0/neuron_356/neuron_356_layer_0_top_k_only.png
Neuron 37, Layer 0, SD intervals: (6.0, 8.0)
Saved image to /network/scratch/s/sonia.joseph/CLIP_AUDIT/sampled_images/TinyCLIP40M/layer_0/neuron_37/neuron_37_layer_0_top_k_only.png
Neuron 468, Layer 0, SD intervals: (6.0, 9.0)
Saved image to /network/scratch/s/sonia.joseph/CLIP_AUDIT/sampled_images/TinyCLIP40M/layer_0/neuron_468/neuron_468_layer_0_top_k_only.png
Neuron 17, Layer 0, SD intervals: (5.0, 7.0)
Saved image to /network/scratch/s/sonia.joseph/CLIP_AUDIT/sampled_images/TinyCLIP40M/layer_0/neuron_17/neuron_17_layer_0_top_k_only.png
Neuron 488, Layer 0, SD intervals: (5.0, 6.0)
Saved image to /network/scratch/s/sonia.joseph/CLIP_AUDIT/sampled_images/TinyCLIP40M/layer_0/neuron_488/neuron_488_layer_0_top_k_only.png
Neuron 376, Layer 0, SD intervals: (10.0, 18.0)
Saved image to /network/scratch/s/sonia.joseph/CLIP_AUDIT/sampled_images/TinyCLIP40M/layer_0/neuron_376/neuron_376_layer_0_top_k_only.png
Neuron 285, Layer 0, SD intervals: (5.0, 8.0)
Saved image to /network/scratch/s/sonia.joseph/CLIP_AUDIT/sampled_images/TinyCLIP40M/layer_0/neuron_285/neuron_285_layer_0_top_k_only.png
Neuron 324, Layer 0, SD intervals: (8.0, 12.0)
Saved image to /network/scratch/s/sonia.joseph/CLIP_AUDIT/sampled_images/TinyCLIP40M/layer_0/neuron_324/neuron_324_layer_0_top_k_only.png
Neuron 475, Layer 0, SD intervals: (3.0, 5.0)
Saved image to /network/scratch/s/sonia.joseph/CLIP_AUDIT/sampled_images/TinyCLIP40M/layer_0/neuron_475/neuron_475_layer_0_top_k_only.png
Neuron 276, Layer 0, SD intervals: (4.0, 5.0)
Saved image to /network/scratch/s/sonia.joseph/CLIP_AUDIT/sampled_images/TinyCLIP40M/layer_0/neuron_276/neuron_276_layer_0_top_k_only.png
Neuron 506, Layer 0, SD intervals: (4.0, 6.0)
Saved image to /network/scratch/s/sonia.joseph/CLIP_AUDIT/sampled_images/TinyCLIP40M/layer_0/neuron_506/neuron_506_layer_0_top_k_only.png
Neuron 422, Layer 0, SD intervals: (6.0, 8.0)
Saved image to /network/scratch/s/sonia.joseph/CLIP_AUDIT/sampled_images/TinyCLIP40M/layer_0/neuron_422/neuron_422_layer_0_top_k_only.png
Neuron 274, Layer 0, SD intervals: (5.0, 7.0)
Saved image to /network/scratch/s/sonia.joseph/CLIP_AUDIT/sampled_images/TinyCLIP40M/layer_0/neuron_274/neuron_274_layer_0_top_k_only.png
Neuron 419, Layer 0, SD intervals: (6.0, 7.0)
Saved image to /network/scratch/s/sonia.joseph/CLIP_AUDIT/sampled_images/TinyCLIP40M/layer_0/neuron_419/neuron_419_layer_0_top_k_only.png
Neuron 450, Layer 0, SD intervals: (5.0, 6.0)
Saved image to /network/scratch/s/sonia.joseph/CLIP_AUDIT/sampled_images/TinyCLIP40M/layer_0/neuron_450/neuron_450_layer_0_top_k_only.png
Neuron 82, Layer 0, SD intervals: (5.0, 8.0)
Saved image to /network/scratch/s/sonia.joseph/CLIP_AUDIT/sampled_images/TinyCLIP40M/layer_0/neuron_82/neuron_82_layer_0_top_k_only.png
Neuron 436, Layer 0, SD intervals: (4.0, 5.0)
Saved image to /network/scratch/s/sonia.joseph/CLIP_AUDIT/sampled_images/TinyCLIP40M/layer_0/neuron_436/neuron_436_layer_0_top_k_only.png
Neuron 20, Layer 0, SD intervals: (4.0, 7.0)
Saved image to /network/scratch/s/sonia.joseph/CLIP_AUDIT/sampled_images/TinyCLIP40M/layer_0/neuron_20/neuron_20_layer_0_top_k_only.png
Neuron 498, Layer 0, SD intervals: (4.0, 5.0)
Saved image to /network/scratch/s/sonia.joseph/CLIP_AUDIT/sampled_images/TinyCLIP40M/layer_0/neuron_498/neuron_498_layer_0_top_k_only.png
Neuron 349, Layer 0, SD intervals: (16.0, 23.0)
Saved image to /network/scratch/s/sonia.joseph/CLIP_AUDIT/sampled_images/TinyCLIP40M/layer_0/neuron_349/neuron_349_layer_0_top_k_only.png
Neuron 161, Layer 0, SD intervals: (6.0, 10.0)
Saved image to /network/scratch/s/sonia.joseph/CLIP_AUDIT/sampled_images/TinyCLIP40M/layer_0/neuron_161/neuron_161_layer_0_top_k_only.png
Neuron 10, Layer 0, SD intervals: (5.0, 8.0)
Saved image to /network/scratch/s/sonia.joseph/CLIP_AUDIT/sampled_images/TinyCLIP40M/layer_0/neuron_10/neuron_10_layer_0_top_k_only.png
Neuron 443, Layer 0, SD intervals: (5.0, 7.0)
Saved image to /network/scratch/s/sonia.joseph/CLIP_AUDIT/sampled_images/TinyCLIP40M/layer_0/neuron_443/neuron_443_layer_0_top_k_only.png
Neuron 388, Layer 0, SD intervals: (5.0, 7.0)
Saved image to /network/scratch/s/sonia.joseph/CLIP_AUDIT/sampled_images/TinyCLIP40M/layer_0/neuron_388/neuron_388_layer_0_top_k_only.png
Neuron 238, Layer 0, SD intervals: (6.0, 8.0)
Saved image to /network/scratch/s/sonia.joseph/CLIP_AUDIT/sampled_images/TinyCLIP40M/layer_0/neuron_238/neuron_238_layer_0_top_k_only.png
Neuron 118, Layer 0, SD intervals: (5.0, 7.0)
Saved image to /network/scratch/s/sonia.joseph/CLIP_AUDIT/sampled_images/TinyCLIP40M/layer_0/neuron_118/neuron_118_layer_0_top_k_only.png
Neuron 452, Layer 0, SD intervals: (5.0, 6.0)
Saved image to /network/scratch/s/sonia.joseph/CLIP_AUDIT/sampled_images/TinyCLIP40M/layer_0/neuron_452/neuron_452_layer_0_top_k_only.png
Neuron 304, Layer 0, SD intervals: (5.0, 7.0)
Saved image to /network/scratch/s/sonia.joseph/CLIP_AUDIT/sampled_images/TinyCLIP40M/layer_0/neuron_304/neuron_304_layer_0_top_k_only.png
Neuron 136, Layer 0, SD intervals: (3.0, 5.0)
Saved image to /network/scratch/s/sonia.joseph/CLIP_AUDIT/sampled_images/TinyCLIP40M/layer_0/neuron_136/neuron_136_layer_0_top_k_only.png
Neuron 282, Layer 0, SD intervals: (6.0, 9.0)
Saved image to /network/scratch/s/sonia.joseph/CLIP_AUDIT/sampled_images/TinyCLIP40M/layer_0/neuron_282/neuron_282_layer_0_top_k_only.png
Neuron 425, Layer 0, SD intervals: (6.0, 8.0)
Saved image to /network/scratch/s/sonia.joseph/CLIP_AUDIT/sampled_images/TinyCLIP40M/layer_0/neuron_425/neuron_425_layer_0_top_k_only.png
Neuron 67, Layer 0, SD intervals: (8.0, 13.0)
Saved image to /network/scratch/s/sonia.joseph/CLIP_AUDIT/sampled_images/TinyCLIP40M/layer_0/neuron_67/neuron_67_layer_0_top_k_only.png
Neuron 267, Layer 0, SD intervals: (4.0, 6.0)
Saved image to /network/scratch/s/sonia.joseph/CLIP_AUDIT/sampled_images/TinyCLIP40M/layer_0/neuron_267/neuron_267_layer_0_top_k_only.png
Neuron 409, Layer 0, SD intervals: (8.0, 9.0)
Saved image to /network/scratch/s/sonia.joseph/CLIP_AUDIT/sampled_images/TinyCLIP40M/layer_0/neuron_409/neuron_409_layer_0_top_k_only.png
Neuron 57, Layer 0, SD intervals: (4.0, 5.0)
Saved image to /network/scratch/s/sonia.joseph/CLIP_AUDIT/sampled_images/TinyCLIP40M/layer_0/neuron_57/neuron_57_layer_0_top_k_only.png
Neuron 194, Layer 0, SD intervals: (6.0, 8.0)
Saved image to /network/scratch/s/sonia.joseph/CLIP_AUDIT/sampled_images/TinyCLIP40M/layer_0/neuron_194/neuron_194_layer_0_top_k_only.png
Neuron 171, Layer 0, SD intervals: (5.0, 6.0)
Saved image to /network/scratch/s/sonia.joseph/CLIP_AUDIT/sampled_images/TinyCLIP40M/layer_0/neuron_171/neuron_171_layer_0_top_k_only.png
Neuron 510, Layer 0, SD intervals: (6.0, 8.0)
Saved image to /network/scratch/s/sonia.joseph/CLIP_AUDIT/sampled_images/TinyCLIP40M/layer_0/neuron_510/neuron_510_layer_0_top_k_only.png
Neuron 172, Layer 0, SD intervals: (4.0, 6.0)
Saved image to /network/scratch/s/sonia.joseph/CLIP_AUDIT/sampled_images/TinyCLIP40M/layer_0/neuron_172/neuron_172_layer_0_top_k_only.png
Neuron 204, Layer 0, SD intervals: (6.0, 8.0)
Saved image to /network/scratch/s/sonia.joseph/CLIP_AUDIT/sampled_images/TinyCLIP40M/layer_0/neuron_204/neuron_204_layer_0_top_k_only.png
Neuron 231, Layer 0, SD intervals: (5.0, 7.0)
Saved image to /network/scratch/s/sonia.joseph/CLIP_AUDIT/sampled_images/TinyCLIP40M/layer_0/neuron_231/neuron_231_layer_0_top_k_only.png
Neuron 195, Layer 0, SD intervals: (4.0, 6.0)
Saved image to /network/scratch/s/sonia.joseph/CLIP_AUDIT/sampled_images/TinyCLIP40M/layer_0/neuron_195/neuron_195_layer_0_top_k_only.png
Neuron 301, Layer 0, SD intervals: (18.0, 30.0)
Saved image to /network/scratch/s/sonia.joseph/CLIP_AUDIT/sampled_images/TinyCLIP40M/layer_0/neuron_301/neuron_301_layer_0_top_k_only.png
Neuron 146, Layer 0, SD intervals: (6.0, 9.0)
Saved image to /network/scratch/s/sonia.joseph/CLIP_AUDIT/sampled_images/TinyCLIP40M/layer_0/neuron_146/neuron_146_layer_0_top_k_only.png
Neuron 250, Layer 0, SD intervals: (4.0, 7.0)
Saved image to /network/scratch/s/sonia.joseph/CLIP_AUDIT/sampled_images/TinyCLIP40M/layer_0/neuron_250/neuron_250_layer_0_top_k_only.png
Neuron 265, Layer 0, SD intervals: (6.0, 8.0)
Saved image to /network/scratch/s/sonia.joseph/CLIP_AUDIT/sampled_images/TinyCLIP40M/layer_0/neuron_265/neuron_265_layer_0_top_k_only.png
Neuron 421, Layer 0, SD intervals: (7.0, 11.0)
Saved image to /network/scratch/s/sonia.joseph/CLIP_AUDIT/sampled_images/TinyCLIP40M/layer_0/neuron_421/neuron_421_layer_0_top_k_only.png
Neuron 357, Layer 0, SD intervals: (6.0, 12.0)
Saved image to /network/scratch/s/sonia.joseph/CLIP_AUDIT/sampled_images/TinyCLIP40M/layer_0/neuron_357/neuron_357_layer_0_top_k_only.png
Neuron 431, Layer 0, SD intervals: (6.0, 8.0)
Saved image to /network/scratch/s/sonia.joseph/CLIP_AUDIT/sampled_images/TinyCLIP40M/layer_0/neuron_431/neuron_431_layer_0_top_k_only.png
Neuron 471, Layer 0, SD intervals: (12.0, 19.0)
Saved image to /network/scratch/s/sonia.joseph/CLIP_AUDIT/sampled_images/TinyCLIP40M/layer_0/neuron_471/neuron_471_layer_0_top_k_only.png
Neuron 255, Layer 0, SD intervals: (10.0, 14.0)
Saved image to /network/scratch/s/sonia.joseph/CLIP_AUDIT/sampled_images/TinyCLIP40M/layer_0/neuron_255/neuron_255_layer_0_top_k_only.png
Neuron 383, Layer 0, SD intervals: (9.0, 13.0)
Saved image to /network/scratch/s/sonia.joseph/CLIP_AUDIT/sampled_images/TinyCLIP40M/layer_0/neuron_383/neuron_383_layer_0_top_k_only.png
Neuron 103, Layer 0, SD intervals: (5.0, 7.0)
Saved image to /network/scratch/s/sonia.joseph/CLIP_AUDIT/sampled_images/TinyCLIP40M/layer_0/neuron_103/neuron_103_layer_0_top_k_only.png
Neuron 449, Layer 0, SD intervals: (6.0, 10.0)
Saved image to /network/scratch/s/sonia.joseph/CLIP_AUDIT/sampled_images/TinyCLIP40M/layer_0/neuron_449/neuron_449_layer_0_top_k_only.png
Neuron 181, Layer 0, SD intervals: (4.0, 6.0)
Saved image to /network/scratch/s/sonia.joseph/CLIP_AUDIT/sampled_images/TinyCLIP40M/layer_0/neuron_181/neuron_181_layer_0_top_k_only.png
Neuron 359, Layer 0, SD intervals: (5.0, 9.0)
Saved image to /network/scratch/s/sonia.joseph/CLIP_AUDIT/sampled_images/TinyCLIP40M/layer_0/neuron_359/neuron_359_layer_0_top_k_only.png
Neuron 94, Layer 0, SD intervals: (5.0, 8.0)
Saved image to /network/scratch/s/sonia.joseph/CLIP_AUDIT/sampled_images/TinyCLIP40M/layer_0/neuron_94/neuron_94_layer_0_top_k_only.png
Neuron 252, Layer 0, SD intervals: (8.0, 10.0)
Saved image to /network/scratch/s/sonia.joseph/CLIP_AUDIT/sampled_images/TinyCLIP40M/layer_0/neuron_252/neuron_252_layer_0_top_k_only.png
Neuron 263, Layer 0, SD intervals: (4.0, 5.0)
Saved image to /network/scratch/s/sonia.joseph/CLIP_AUDIT/sampled_images/TinyCLIP40M/layer_0/neuron_263/neuron_263_layer_0_top_k_only.png
Neuron 489, Layer 0, SD intervals: (8.0, 11.0)
Saved image to /network/scratch/s/sonia.joseph/CLIP_AUDIT/sampled_images/TinyCLIP40M/layer_0/neuron_489/neuron_489_layer_0_top_k_only.png
Neuron 201, Layer 0, SD intervals: (5.0, 7.0)
Saved image to /network/scratch/s/sonia.joseph/CLIP_AUDIT/sampled_images/TinyCLIP40M/layer_0/neuron_201/neuron_201_layer_0_top_k_only.png
Neuron 486, Layer 0, SD intervals: (4.0, 10.0)
Saved image to /network/scratch/s/sonia.joseph/CLIP_AUDIT/sampled_images/TinyCLIP40M/layer_0/neuron_486/neuron_486_layer_0_top_k_only.png
Neuron 33, Layer 0, SD intervals: (4.0, 7.0)
Saved image to /network/scratch/s/sonia.joseph/CLIP_AUDIT/sampled_images/TinyCLIP40M/layer_0/neuron_33/neuron_33_layer_0_top_k_only.png
Neuron 102, Layer 0, SD intervals: (5.0, 8.0)
Saved image to /network/scratch/s/sonia.joseph/CLIP_AUDIT/sampled_images/TinyCLIP40M/layer_0/neuron_102/neuron_102_layer_0_top_k_only.png
Neuron 80, Layer 0, SD intervals: (6.0, 10.0)
Saved image to /network/scratch/s/sonia.joseph/CLIP_AUDIT/sampled_images/TinyCLIP40M/layer_0/neuron_80/neuron_80_layer_0_top_k_only.png
Neuron 492, Layer 0, SD intervals: (6.0, 8.0)
Saved image to /network/scratch/s/sonia.joseph/CLIP_AUDIT/sampled_images/TinyCLIP40M/layer_0/neuron_492/neuron_492_layer_0_top_k_only.png
Neuron 280, Layer 0, SD intervals: (7.0, 9.0)
Saved image to /network/scratch/s/sonia.joseph/CLIP_AUDIT/sampled_images/TinyCLIP40M/layer_0/neuron_280/neuron_280_layer_0_top_k_only.png
Neuron 15, Layer 0, SD intervals: (6.0, 9.0)
Saved image to /network/scratch/s/sonia.joseph/CLIP_AUDIT/sampled_images/TinyCLIP40M/layer_0/neuron_15/neuron_15_layer_0_top_k_only.png
Neuron 511, Layer 0, SD intervals: (7.0, 9.0)
Saved image to /network/scratch/s/sonia.joseph/CLIP_AUDIT/sampled_images/TinyCLIP40M/layer_0/neuron_511/neuron_511_layer_0_top_k_only.png

======== GPU REPORT ========

==============NVSMI LOG==============

Timestamp                                 : Thu Jul 11 11:27:39 2024
Driver Version                            : 535.161.08
CUDA Version                              : 12.2

Attached GPUs                             : 1
GPU 00000000:27:00.0
    Accounting Mode                       : Enabled
    Accounting Mode Buffer Size           : 4000
    Accounted Processes
        Process ID                        : 2197497
            GPU Utilization               : 0 %
            Memory Utilization            : 0 %
            Max memory usage              : 382 MiB
            Time                          : 2096893 ms
            Is Running                    : 0

Thu Jul 11 11:27:39 2024       
+---------------------------------------------------------------------------------------+
| NVIDIA-SMI 535.161.08             Driver Version: 535.161.08   CUDA Version: 12.2     |
|-----------------------------------------+----------------------+----------------------+
| GPU  Name                 Persistence-M | Bus-Id        Disp.A | Volatile Uncorr. ECC |
| Fan  Temp   Perf          Pwr:Usage/Cap |         Memory-Usage | GPU-Util  Compute M. |
|                                         |                      |               MIG M. |
|=========================================+======================+======================|
|   0  Quadro RTX 8000                On  | 00000000:27:00.0 Off |                    0 |
| 34%   50C    P2              77W / 260W |      1MiB / 46080MiB |      5%      Default |
|                                         |                      |                  N/A |
+-----------------------------------------+----------------------+----------------------+
                                                                                         
+---------------------------------------------------------------------------------------+
| Processes:                                                                            |
|  GPU   GI   CI        PID   Type   Process name                            GPU Memory |
|        ID   ID                                                             Usage      |
|=======================================================================================|
|  No running processes found                                                           |
+---------------------------------------------------------------------------------------+
