model_id download_pretrained_from_hf: laion/CLIP-ViT-B-32-DataComp.XL-s13B-b90K
Official model name open-clip:laion/CLIP-ViT-B-32-DataComp.XL-s13B-b90K
Converting OpenCLIP weights
model_id download_pretrained_from_hf: laion/CLIP-ViT-B-32-DataComp.XL-s13B-b90K
visual projection shape torch.Size([768, 512])
Setting center_writing_weights to False for OpenCLIP
Setting fold_ln to False for OpenCLIP
Loaded pretrained model open-clip:laion/CLIP-ViT-B-32-DataComp.XL-s13B-b90K into HookedTransformer
Processing neuron 226 in layer 6
Processing neuron 179 in layer 6
Processing neuron 588 in layer 6
Processing neuron 578 in layer 6
Processing neuron 619 in layer 6
Processing neuron 124 in layer 6
Processing neuron 61 in layer 6
Processing neuron 342 in layer 6
Processing neuron 340 in layer 6
Processing neuron 227 in layer 6
Processing neuron 82 in layer 6
Processing neuron 244 in layer 6
Processing neuron 434 in layer 6
Processing neuron 509 in layer 6
Processing neuron 469 in layer 6
Processing neuron 330 in layer 6
Processing neuron 163 in layer 6
Processing neuron 383 in layer 6
Processing neuron 80 in layer 6
Processing neuron 633 in layer 6
Processing neuron 721 in layer 6
Processing neuron 283 in layer 6
Processing neuron 360 in layer 6
Processing neuron 713 in layer 6
Processing neuron 682 in layer 6
Processing neuron 126 in layer 6
Processing neuron 158 in layer 6
Processing neuron 38 in layer 6
Processing neuron 202 in layer 6
Processing neuron 266 in layer 6

======== GPU REPORT ========

==============NVSMI LOG==============

Timestamp                                 : Sat Nov  2 15:14:00 2024
Driver Version                            : 560.35.03
CUDA Version                              : 12.6

Attached GPUs                             : 1
GPU 00000000:A3:00.0
    Accounting Mode                       : Enabled
    Accounting Mode Buffer Size           : 4000
    Accounted Processes
        Process ID                        : 3796671
            GPU Utilization               : 0 %
            Memory Utilization            : 0 %
            Max memory usage              : 544 MiB
            Time                          : 3537953 ms
            Is Running                    : 0

Sat Nov  2 15:14:00 2024       
+-----------------------------------------------------------------------------------------+
| NVIDIA-SMI 560.35.03              Driver Version: 560.35.03      CUDA Version: 12.6     |
|-----------------------------------------+------------------------+----------------------+
| GPU  Name                 Persistence-M | Bus-Id          Disp.A | Volatile Uncorr. ECC |
| Fan  Temp   Perf          Pwr:Usage/Cap |           Memory-Usage | GPU-Util  Compute M. |
|                                         |                        |               MIG M. |
|=========================================+========================+======================|
|   0  Quadro RTX 8000                On  |   00000000:A3:00.0 Off |                    0 |
| 33%   26C    P8             32W /  260W |       1MiB /  46080MiB |     17%      Default |
|                                         |                        |                  N/A |
+-----------------------------------------+------------------------+----------------------+
                                                                                         
+-----------------------------------------------------------------------------------------+
| Processes:                                                                              |
|  GPU   GI   CI        PID   Type   Process name                              GPU Memory |
|        ID   ID                                                               Usage      |
|=========================================================================================|
|  No running processes found                                                             |
+-----------------------------------------------------------------------------------------+
