{'n_layers': 12, 'd_model': 512, 'd_head': 64, 'model_name': '', 'n_heads': 8, 'd_mlp': 2048, 'activation_name': 'gelu', 'eps': 1e-05, 'original_architecture': 'vit_clip_vision_encoder', 'initializer_range': 0.02, 'n_channels': 3, 'patch_size': 32, 'image_size': 224, 'n_classes': 512, 'n_params': None, 'layer_norm_pre': True, 'return_type': 'class_logits'}
LayerNorm folded.
Centered weights writing to residual stream
Loaded pretrained model wkcn/TinyCLIP-ViT-40M-32-Text-19M-LAION400M into HookedTransformer
Neuron 105, Layer 11, SD intervals: (4.0, 6.0)
Saved image to /network/scratch/s/sonia.joseph/CLIP_AUDIT/sampled_images/TinyCLIP40M/layer_11/neuron_105/neuron_105_layer_11_top_k_only.png
Neuron 380, Layer 11, SD intervals: (3.0, 5.0)
Saved image to /network/scratch/s/sonia.joseph/CLIP_AUDIT/sampled_images/TinyCLIP40M/layer_11/neuron_380/neuron_380_layer_11_top_k_only.png
Neuron 214, Layer 11, SD intervals: (4.0, 6.0)
Saved image to /network/scratch/s/sonia.joseph/CLIP_AUDIT/sampled_images/TinyCLIP40M/layer_11/neuron_214/neuron_214_layer_11_top_k_only.png
Neuron 328, Layer 11, SD intervals: (4.0, 6.0)
Saved image to /network/scratch/s/sonia.joseph/CLIP_AUDIT/sampled_images/TinyCLIP40M/layer_11/neuron_328/neuron_328_layer_11_top_k_only.png
Neuron 414, Layer 11, SD intervals: (7.0, 9.0)
Saved image to /network/scratch/s/sonia.joseph/CLIP_AUDIT/sampled_images/TinyCLIP40M/layer_11/neuron_414/neuron_414_layer_11_top_k_only.png
Neuron 463, Layer 11, SD intervals: (6.0, 9.0)
Saved image to /network/scratch/s/sonia.joseph/CLIP_AUDIT/sampled_images/TinyCLIP40M/layer_11/neuron_463/neuron_463_layer_11_top_k_only.png
Neuron 119, Layer 11, SD intervals: (3.0, 5.0)
Saved image to /network/scratch/s/sonia.joseph/CLIP_AUDIT/sampled_images/TinyCLIP40M/layer_11/neuron_119/neuron_119_layer_11_top_k_only.png
Neuron 192, Layer 11, SD intervals: (4.0, 6.0)
Saved image to /network/scratch/s/sonia.joseph/CLIP_AUDIT/sampled_images/TinyCLIP40M/layer_11/neuron_192/neuron_192_layer_11_top_k_only.png
Neuron 473, Layer 11, SD intervals: (5.0, 7.0)
Saved image to /network/scratch/s/sonia.joseph/CLIP_AUDIT/sampled_images/TinyCLIP40M/layer_11/neuron_473/neuron_473_layer_11_top_k_only.png
Neuron 404, Layer 11, SD intervals: (5.0, 7.0)
Saved image to /network/scratch/s/sonia.joseph/CLIP_AUDIT/sampled_images/TinyCLIP40M/layer_11/neuron_404/neuron_404_layer_11_top_k_only.png
Neuron 253, Layer 11, SD intervals: (4.0, 7.0)
Saved image to /network/scratch/s/sonia.joseph/CLIP_AUDIT/sampled_images/TinyCLIP40M/layer_11/neuron_253/neuron_253_layer_11_top_k_only.png
Neuron 191, Layer 11, SD intervals: (5.0, 7.0)
Saved image to /network/scratch/s/sonia.joseph/CLIP_AUDIT/sampled_images/TinyCLIP40M/layer_11/neuron_191/neuron_191_layer_11_top_k_only.png
Neuron 27, Layer 11, SD intervals: (6.0, 8.0)
Saved image to /network/scratch/s/sonia.joseph/CLIP_AUDIT/sampled_images/TinyCLIP40M/layer_11/neuron_27/neuron_27_layer_11_top_k_only.png
Neuron 224, Layer 11, SD intervals: (5.0, 7.0)
Saved image to /network/scratch/s/sonia.joseph/CLIP_AUDIT/sampled_images/TinyCLIP40M/layer_11/neuron_224/neuron_224_layer_11_top_k_only.png
Neuron 163, Layer 11, SD intervals: (5.0, 7.0)
Saved image to /network/scratch/s/sonia.joseph/CLIP_AUDIT/sampled_images/TinyCLIP40M/layer_11/neuron_163/neuron_163_layer_11_top_k_only.png
Neuron 242, Layer 11, SD intervals: (4.0, 6.0)
Saved image to /network/scratch/s/sonia.joseph/CLIP_AUDIT/sampled_images/TinyCLIP40M/layer_11/neuron_242/neuron_242_layer_11_top_k_only.png
Neuron 136, Layer 11, SD intervals: (9.0, 13.0)
Saved image to /network/scratch/s/sonia.joseph/CLIP_AUDIT/sampled_images/TinyCLIP40M/layer_11/neuron_136/neuron_136_layer_11_top_k_only.png
Neuron 412, Layer 11, SD intervals: (8.0, 10.0)
Saved image to /network/scratch/s/sonia.joseph/CLIP_AUDIT/sampled_images/TinyCLIP40M/layer_11/neuron_412/neuron_412_layer_11_top_k_only.png
Neuron 279, Layer 11, SD intervals: (4.0, 6.0)
Saved image to /network/scratch/s/sonia.joseph/CLIP_AUDIT/sampled_images/TinyCLIP40M/layer_11/neuron_279/neuron_279_layer_11_top_k_only.png
Neuron 413, Layer 11, SD intervals: (3.0, 5.0)
Saved image to /network/scratch/s/sonia.joseph/CLIP_AUDIT/sampled_images/TinyCLIP40M/layer_11/neuron_413/neuron_413_layer_11_top_k_only.png
Neuron 321, Layer 11, SD intervals: (5.0, 7.0)
Saved image to /network/scratch/s/sonia.joseph/CLIP_AUDIT/sampled_images/TinyCLIP40M/layer_11/neuron_321/neuron_321_layer_11_top_k_only.png
Neuron 243, Layer 11, SD intervals: (4.0, 5.0)
Saved image to /network/scratch/s/sonia.joseph/CLIP_AUDIT/sampled_images/TinyCLIP40M/layer_11/neuron_243/neuron_243_layer_11_top_k_only.png
Neuron 232, Layer 11, SD intervals: (5.0, 6.0)
Saved image to /network/scratch/s/sonia.joseph/CLIP_AUDIT/sampled_images/TinyCLIP40M/layer_11/neuron_232/neuron_232_layer_11_top_k_only.png
Neuron 376, Layer 11, SD intervals: (4.0, 7.0)
Saved image to /network/scratch/s/sonia.joseph/CLIP_AUDIT/sampled_images/TinyCLIP40M/layer_11/neuron_376/neuron_376_layer_11_top_k_only.png
Neuron 396, Layer 11, SD intervals: (6.0, 8.0)
Saved image to /network/scratch/s/sonia.joseph/CLIP_AUDIT/sampled_images/TinyCLIP40M/layer_11/neuron_396/neuron_396_layer_11_top_k_only.png
Neuron 363, Layer 11, SD intervals: (5.0, 7.0)
Saved image to /network/scratch/s/sonia.joseph/CLIP_AUDIT/sampled_images/TinyCLIP40M/layer_11/neuron_363/neuron_363_layer_11_top_k_only.png
Neuron 240, Layer 11, SD intervals: (5.0, 7.0)
Saved image to /network/scratch/s/sonia.joseph/CLIP_AUDIT/sampled_images/TinyCLIP40M/layer_11/neuron_240/neuron_240_layer_11_top_k_only.png
Neuron 87, Layer 11, SD intervals: (4.0, 5.0)
Saved image to /network/scratch/s/sonia.joseph/CLIP_AUDIT/sampled_images/TinyCLIP40M/layer_11/neuron_87/neuron_87_layer_11_top_k_only.png
Neuron 324, Layer 11, SD intervals: (5.0, 7.0)
Saved image to /network/scratch/s/sonia.joseph/CLIP_AUDIT/sampled_images/TinyCLIP40M/layer_11/neuron_324/neuron_324_layer_11_top_k_only.png
Neuron 494, Layer 11, SD intervals: (5.0, 7.0)
Saved image to /network/scratch/s/sonia.joseph/CLIP_AUDIT/sampled_images/TinyCLIP40M/layer_11/neuron_494/neuron_494_layer_11_top_k_only.png
Neuron 50, Layer 11, SD intervals: (6.0, 8.0)
Saved image to /network/scratch/s/sonia.joseph/CLIP_AUDIT/sampled_images/TinyCLIP40M/layer_11/neuron_50/neuron_50_layer_11_top_k_only.png
Neuron 301, Layer 11, SD intervals: (6.0, 9.0)
Saved image to /network/scratch/s/sonia.joseph/CLIP_AUDIT/sampled_images/TinyCLIP40M/layer_11/neuron_301/neuron_301_layer_11_top_k_only.png
Neuron 367, Layer 11, SD intervals: (4.0, 5.0)
Saved image to /network/scratch/s/sonia.joseph/CLIP_AUDIT/sampled_images/TinyCLIP40M/layer_11/neuron_367/neuron_367_layer_11_top_k_only.png
Neuron 205, Layer 11, SD intervals: (11.0, 14.0)
Saved image to /network/scratch/s/sonia.joseph/CLIP_AUDIT/sampled_images/TinyCLIP40M/layer_11/neuron_205/neuron_205_layer_11_top_k_only.png
Neuron 227, Layer 11, SD intervals: (5.0, 8.0)
Saved image to /network/scratch/s/sonia.joseph/CLIP_AUDIT/sampled_images/TinyCLIP40M/layer_11/neuron_227/neuron_227_layer_11_top_k_only.png
Neuron 51, Layer 11, SD intervals: (5.0, 8.0)
Saved image to /network/scratch/s/sonia.joseph/CLIP_AUDIT/sampled_images/TinyCLIP40M/layer_11/neuron_51/neuron_51_layer_11_top_k_only.png
Neuron 140, Layer 11, SD intervals: (4.0, 5.0)
Saved image to /network/scratch/s/sonia.joseph/CLIP_AUDIT/sampled_images/TinyCLIP40M/layer_11/neuron_140/neuron_140_layer_11_top_k_only.png
Neuron 349, Layer 11, SD intervals: (5.0, 7.0)
Saved image to /network/scratch/s/sonia.joseph/CLIP_AUDIT/sampled_images/TinyCLIP40M/layer_11/neuron_349/neuron_349_layer_11_top_k_only.png
Neuron 360, Layer 11, SD intervals: (6.0, 8.0)
Saved image to /network/scratch/s/sonia.joseph/CLIP_AUDIT/sampled_images/TinyCLIP40M/layer_11/neuron_360/neuron_360_layer_11_top_k_only.png
Neuron 79, Layer 11, SD intervals: (3.0, 5.0)
Saved image to /network/scratch/s/sonia.joseph/CLIP_AUDIT/sampled_images/TinyCLIP40M/layer_11/neuron_79/neuron_79_layer_11_top_k_only.png
Neuron 176, Layer 11, SD intervals: (5.0, 9.0)
Saved image to /network/scratch/s/sonia.joseph/CLIP_AUDIT/sampled_images/TinyCLIP40M/layer_11/neuron_176/neuron_176_layer_11_top_k_only.png
Neuron 128, Layer 11, SD intervals: (5.0, 7.0)
Saved image to /network/scratch/s/sonia.joseph/CLIP_AUDIT/sampled_images/TinyCLIP40M/layer_11/neuron_128/neuron_128_layer_11_top_k_only.png
Neuron 322, Layer 11, SD intervals: (5.0, 7.0)
Saved image to /network/scratch/s/sonia.joseph/CLIP_AUDIT/sampled_images/TinyCLIP40M/layer_11/neuron_322/neuron_322_layer_11_top_k_only.png
Neuron 108, Layer 11, SD intervals: (6.0, 9.0)
Saved image to /network/scratch/s/sonia.joseph/CLIP_AUDIT/sampled_images/TinyCLIP40M/layer_11/neuron_108/neuron_108_layer_11_top_k_only.png
Neuron 468, Layer 11, SD intervals: (5.0, 6.0)
Saved image to /network/scratch/s/sonia.joseph/CLIP_AUDIT/sampled_images/TinyCLIP40M/layer_11/neuron_468/neuron_468_layer_11_top_k_only.png
Neuron 44, Layer 11, SD intervals: (5.0, 7.0)
Saved image to /network/scratch/s/sonia.joseph/CLIP_AUDIT/sampled_images/TinyCLIP40M/layer_11/neuron_44/neuron_44_layer_11_top_k_only.png
Neuron 139, Layer 11, SD intervals: (5.0, 8.0)
Saved image to /network/scratch/s/sonia.joseph/CLIP_AUDIT/sampled_images/TinyCLIP40M/layer_11/neuron_139/neuron_139_layer_11_top_k_only.png
Neuron 434, Layer 11, SD intervals: (5.0, 6.0)
Saved image to /network/scratch/s/sonia.joseph/CLIP_AUDIT/sampled_images/TinyCLIP40M/layer_11/neuron_434/neuron_434_layer_11_top_k_only.png
Neuron 113, Layer 11, SD intervals: (5.0, 8.0)
Saved image to /network/scratch/s/sonia.joseph/CLIP_AUDIT/sampled_images/TinyCLIP40M/layer_11/neuron_113/neuron_113_layer_11_top_k_only.png
Neuron 435, Layer 11, SD intervals: (7.0, 9.0)
Saved image to /network/scratch/s/sonia.joseph/CLIP_AUDIT/sampled_images/TinyCLIP40M/layer_11/neuron_435/neuron_435_layer_11_top_k_only.png
Neuron 25, Layer 11, SD intervals: (4.0, 5.0)
Saved image to /network/scratch/s/sonia.joseph/CLIP_AUDIT/sampled_images/TinyCLIP40M/layer_11/neuron_25/neuron_25_layer_11_top_k_only.png
Neuron 306, Layer 11, SD intervals: (4.0, 6.0)
Saved image to /network/scratch/s/sonia.joseph/CLIP_AUDIT/sampled_images/TinyCLIP40M/layer_11/neuron_306/neuron_306_layer_11_top_k_only.png
Neuron 370, Layer 11, SD intervals: (7.0, 9.0)
Saved image to /network/scratch/s/sonia.joseph/CLIP_AUDIT/sampled_images/TinyCLIP40M/layer_11/neuron_370/neuron_370_layer_11_top_k_only.png
Neuron 356, Layer 11, SD intervals: (6.0, 10.0)
Saved image to /network/scratch/s/sonia.joseph/CLIP_AUDIT/sampled_images/TinyCLIP40M/layer_11/neuron_356/neuron_356_layer_11_top_k_only.png
Neuron 425, Layer 11, SD intervals: (5.0, 6.0)
Saved image to /network/scratch/s/sonia.joseph/CLIP_AUDIT/sampled_images/TinyCLIP40M/layer_11/neuron_425/neuron_425_layer_11_top_k_only.png
Neuron 195, Layer 11, SD intervals: (6.0, 9.0)
Saved image to /network/scratch/s/sonia.joseph/CLIP_AUDIT/sampled_images/TinyCLIP40M/layer_11/neuron_195/neuron_195_layer_11_top_k_only.png
Neuron 101, Layer 11, SD intervals: (6.0, 9.0)
Saved image to /network/scratch/s/sonia.joseph/CLIP_AUDIT/sampled_images/TinyCLIP40M/layer_11/neuron_101/neuron_101_layer_11_top_k_only.png
Neuron 267, Layer 11, SD intervals: (6.0, 9.0)
Saved image to /network/scratch/s/sonia.joseph/CLIP_AUDIT/sampled_images/TinyCLIP40M/layer_11/neuron_267/neuron_267_layer_11_top_k_only.png
Neuron 83, Layer 11, SD intervals: (6.0, 9.0)
Saved image to /network/scratch/s/sonia.joseph/CLIP_AUDIT/sampled_images/TinyCLIP40M/layer_11/neuron_83/neuron_83_layer_11_top_k_only.png
Neuron 447, Layer 11, SD intervals: (5.0, 7.0)
Saved image to /network/scratch/s/sonia.joseph/CLIP_AUDIT/sampled_images/TinyCLIP40M/layer_11/neuron_447/neuron_447_layer_11_top_k_only.png
Neuron 280, Layer 11, SD intervals: (7.0, 8.0)
Saved image to /network/scratch/s/sonia.joseph/CLIP_AUDIT/sampled_images/TinyCLIP40M/layer_11/neuron_280/neuron_280_layer_11_top_k_only.png
Neuron 281, Layer 11, SD intervals: (4.0, 5.0)
Saved image to /network/scratch/s/sonia.joseph/CLIP_AUDIT/sampled_images/TinyCLIP40M/layer_11/neuron_281/neuron_281_layer_11_top_k_only.png
Neuron 156, Layer 11, SD intervals: (9.0, 12.0)
Saved image to /network/scratch/s/sonia.joseph/CLIP_AUDIT/sampled_images/TinyCLIP40M/layer_11/neuron_156/neuron_156_layer_11_top_k_only.png
Neuron 84, Layer 11, SD intervals: (5.0, 7.0)
Saved image to /network/scratch/s/sonia.joseph/CLIP_AUDIT/sampled_images/TinyCLIP40M/layer_11/neuron_84/neuron_84_layer_11_top_k_only.png
Neuron 386, Layer 11, SD intervals: (5.0, 6.0)
Saved image to /network/scratch/s/sonia.joseph/CLIP_AUDIT/sampled_images/TinyCLIP40M/layer_11/neuron_386/neuron_386_layer_11_top_k_only.png
Neuron 96, Layer 11, SD intervals: (4.0, 6.0)
Saved image to /network/scratch/s/sonia.joseph/CLIP_AUDIT/sampled_images/TinyCLIP40M/layer_11/neuron_96/neuron_96_layer_11_top_k_only.png
Neuron 443, Layer 11, SD intervals: (5.0, 7.0)
Saved image to /network/scratch/s/sonia.joseph/CLIP_AUDIT/sampled_images/TinyCLIP40M/layer_11/neuron_443/neuron_443_layer_11_top_k_only.png
Neuron 416, Layer 11, SD intervals: (5.0, 8.0)
Saved image to /network/scratch/s/sonia.joseph/CLIP_AUDIT/sampled_images/TinyCLIP40M/layer_11/neuron_416/neuron_416_layer_11_top_k_only.png
Neuron 317, Layer 11, SD intervals: (5.0, 8.0)
Saved image to /network/scratch/s/sonia.joseph/CLIP_AUDIT/sampled_images/TinyCLIP40M/layer_11/neuron_317/neuron_317_layer_11_top_k_only.png
Neuron 503, Layer 11, SD intervals: (5.0, 7.0)
Saved image to /network/scratch/s/sonia.joseph/CLIP_AUDIT/sampled_images/TinyCLIP40M/layer_11/neuron_503/neuron_503_layer_11_top_k_only.png
Neuron 247, Layer 11, SD intervals: (6.0, 9.0)
Saved image to /network/scratch/s/sonia.joseph/CLIP_AUDIT/sampled_images/TinyCLIP40M/layer_11/neuron_247/neuron_247_layer_11_top_k_only.png
Neuron 18, Layer 11, SD intervals: (4.0, 7.0)
Saved image to /network/scratch/s/sonia.joseph/CLIP_AUDIT/sampled_images/TinyCLIP40M/layer_11/neuron_18/neuron_18_layer_11_top_k_only.png
Neuron 509, Layer 11, SD intervals: (5.0, 6.0)
Saved image to /network/scratch/s/sonia.joseph/CLIP_AUDIT/sampled_images/TinyCLIP40M/layer_11/neuron_509/neuron_509_layer_11_top_k_only.png
Neuron 47, Layer 11, SD intervals: (6.0, 9.0)
Saved image to /network/scratch/s/sonia.joseph/CLIP_AUDIT/sampled_images/TinyCLIP40M/layer_11/neuron_47/neuron_47_layer_11_top_k_only.png
Neuron 103, Layer 11, SD intervals: (3.0, 5.0)
Saved image to /network/scratch/s/sonia.joseph/CLIP_AUDIT/sampled_images/TinyCLIP40M/layer_11/neuron_103/neuron_103_layer_11_top_k_only.png
Neuron 97, Layer 11, SD intervals: (6.0, 9.0)
Saved image to /network/scratch/s/sonia.joseph/CLIP_AUDIT/sampled_images/TinyCLIP40M/layer_11/neuron_97/neuron_97_layer_11_top_k_only.png
Neuron 415, Layer 11, SD intervals: (7.0, 9.0)
Saved image to /network/scratch/s/sonia.joseph/CLIP_AUDIT/sampled_images/TinyCLIP40M/layer_11/neuron_415/neuron_415_layer_11_top_k_only.png
Neuron 121, Layer 11, SD intervals: (4.0, 5.0)
Saved image to /network/scratch/s/sonia.joseph/CLIP_AUDIT/sampled_images/TinyCLIP40M/layer_11/neuron_121/neuron_121_layer_11_top_k_only.png
Neuron 238, Layer 11, SD intervals: (4.0, 5.0)
Saved image to /network/scratch/s/sonia.joseph/CLIP_AUDIT/sampled_images/TinyCLIP40M/layer_11/neuron_238/neuron_238_layer_11_top_k_only.png
Neuron 58, Layer 11, SD intervals: (4.0, 7.0)
Saved image to /network/scratch/s/sonia.joseph/CLIP_AUDIT/sampled_images/TinyCLIP40M/layer_11/neuron_58/neuron_58_layer_11_top_k_only.png
Neuron 260, Layer 11, SD intervals: (5.0, 7.0)
Saved image to /network/scratch/s/sonia.joseph/CLIP_AUDIT/sampled_images/TinyCLIP40M/layer_11/neuron_260/neuron_260_layer_11_top_k_only.png
Neuron 475, Layer 11, SD intervals: (5.0, 8.0)
Saved image to /network/scratch/s/sonia.joseph/CLIP_AUDIT/sampled_images/TinyCLIP40M/layer_11/neuron_475/neuron_475_layer_11_top_k_only.png
Neuron 177, Layer 11, SD intervals: (5.0, 7.0)
Saved image to /network/scratch/s/sonia.joseph/CLIP_AUDIT/sampled_images/TinyCLIP40M/layer_11/neuron_177/neuron_177_layer_11_top_k_only.png
Neuron 297, Layer 11, SD intervals: (4.0, 6.0)
Saved image to /network/scratch/s/sonia.joseph/CLIP_AUDIT/sampled_images/TinyCLIP40M/layer_11/neuron_297/neuron_297_layer_11_top_k_only.png
Neuron 10, Layer 11, SD intervals: (6.0, 9.0)
Saved image to /network/scratch/s/sonia.joseph/CLIP_AUDIT/sampled_images/TinyCLIP40M/layer_11/neuron_10/neuron_10_layer_11_top_k_only.png
Neuron 254, Layer 11, SD intervals: (5.0, 7.0)
Saved image to /network/scratch/s/sonia.joseph/CLIP_AUDIT/sampled_images/TinyCLIP40M/layer_11/neuron_254/neuron_254_layer_11_top_k_only.png
Neuron 405, Layer 11, SD intervals: (3.0, 5.0)
Saved image to /network/scratch/s/sonia.joseph/CLIP_AUDIT/sampled_images/TinyCLIP40M/layer_11/neuron_405/neuron_405_layer_11_top_k_only.png
Neuron 209, Layer 11, SD intervals: (8.0, 11.0)
Saved image to /network/scratch/s/sonia.joseph/CLIP_AUDIT/sampled_images/TinyCLIP40M/layer_11/neuron_209/neuron_209_layer_11_top_k_only.png
Neuron 45, Layer 11, SD intervals: (3.0, 5.0)
Saved image to /network/scratch/s/sonia.joseph/CLIP_AUDIT/sampled_images/TinyCLIP40M/layer_11/neuron_45/neuron_45_layer_11_top_k_only.png
Neuron 245, Layer 11, SD intervals: (4.0, 6.0)
Saved image to /network/scratch/s/sonia.joseph/CLIP_AUDIT/sampled_images/TinyCLIP40M/layer_11/neuron_245/neuron_245_layer_11_top_k_only.png
Neuron 456, Layer 11, SD intervals: (5.0, 8.0)
Saved image to /network/scratch/s/sonia.joseph/CLIP_AUDIT/sampled_images/TinyCLIP40M/layer_11/neuron_456/neuron_456_layer_11_top_k_only.png
Neuron 276, Layer 11, SD intervals: (5.0, 7.0)
Saved image to /network/scratch/s/sonia.joseph/CLIP_AUDIT/sampled_images/TinyCLIP40M/layer_11/neuron_276/neuron_276_layer_11_top_k_only.png
Neuron 76, Layer 11, SD intervals: (6.0, 9.0)
Saved image to /network/scratch/s/sonia.joseph/CLIP_AUDIT/sampled_images/TinyCLIP40M/layer_11/neuron_76/neuron_76_layer_11_top_k_only.png
Neuron 204, Layer 11, SD intervals: (3.0, 5.0)
Saved image to /network/scratch/s/sonia.joseph/CLIP_AUDIT/sampled_images/TinyCLIP40M/layer_11/neuron_204/neuron_204_layer_11_top_k_only.png
Neuron 474, Layer 11, SD intervals: (5.0, 7.0)
Saved image to /network/scratch/s/sonia.joseph/CLIP_AUDIT/sampled_images/TinyCLIP40M/layer_11/neuron_474/neuron_474_layer_11_top_k_only.png
Neuron 138, Layer 11, SD intervals: (9.0, 12.0)
Saved image to /network/scratch/s/sonia.joseph/CLIP_AUDIT/sampled_images/TinyCLIP40M/layer_11/neuron_138/neuron_138_layer_11_top_k_only.png
Neuron 30, Layer 11, SD intervals: (5.0, 7.0)
Saved image to /network/scratch/s/sonia.joseph/CLIP_AUDIT/sampled_images/TinyCLIP40M/layer_11/neuron_30/neuron_30_layer_11_top_k_only.png
Neuron 125, Layer 11, SD intervals: (5.0, 7.0)
Saved image to /network/scratch/s/sonia.joseph/CLIP_AUDIT/sampled_images/TinyCLIP40M/layer_11/neuron_125/neuron_125_layer_11_top_k_only.png
Neuron 461, Layer 11, SD intervals: (4.0, 5.0)
Saved image to /network/scratch/s/sonia.joseph/CLIP_AUDIT/sampled_images/TinyCLIP40M/layer_11/neuron_461/neuron_461_layer_11_top_k_only.png
Neuron 178, Layer 11, SD intervals: (4.0, 5.0)
Saved image to /network/scratch/s/sonia.joseph/CLIP_AUDIT/sampled_images/TinyCLIP40M/layer_11/neuron_178/neuron_178_layer_11_top_k_only.png
