Official model name open-clip:laion/CLIP-ViT-B-32-DataComp.XL-s13B-b90K
Converting OpenCLIP weights
visual projection shape torch.Size([768, 512])
Setting center_writing_weights to False for OpenCLIP
Setting fold_ln to False for OpenCLIP
Loaded pretrained model open-clip:laion/CLIP-ViT-B-32-DataComp.XL-s13B-b90K into HookedTransformer

======== GPU REPORT ========

==============NVSMI LOG==============

Timestamp                                 : Thu Sep 26 19:23:50 2024
Driver Version                            : 560.35.03
CUDA Version                              : 12.6

Attached GPUs                             : 1
GPU 00000000:CA:00.0
    Accounting Mode                       : Enabled
    Accounting Mode Buffer Size           : 4000
    Accounted Processes
        Process ID                        : 1660745
            GPU Utilization               : 0 %
            Memory Utilization            : 0 %
            Max memory usage              : 806 MiB
            Time                          : 7029347 ms
            Is Running                    : 0

Thu Sep 26 19:23:50 2024       
+-----------------------------------------------------------------------------------------+
| NVIDIA-SMI 560.35.03              Driver Version: 560.35.03      CUDA Version: 12.6     |
|-----------------------------------------+------------------------+----------------------+
| GPU  Name                 Persistence-M | Bus-Id          Disp.A | Volatile Uncorr. ECC |
| Fan  Temp   Perf          Pwr:Usage/Cap |           Memory-Usage | GPU-Util  Compute M. |
|                                         |                        |               MIG M. |
|=========================================+========================+======================|
|   0  NVIDIA L40S                    On  |   00000000:CA:00.0 Off |                    0 |
| N/A   37C    P0            106W /  350W |       1MiB /  46068MiB |      0%      Default |
|                                         |                        |                  N/A |
+-----------------------------------------+------------------------+----------------------+
                                                                                         
+-----------------------------------------------------------------------------------------+
| Processes:                                                                              |
|  GPU   GI   CI        PID   Type   Process name                              GPU Memory |
|        ID   ID                                                               Usage      |
|=========================================================================================|
|  No running processes found                                                             |
+-----------------------------------------------------------------------------------------+
