{'n_layers': 12, 'd_model': 512, 'd_head': 64, 'model_name': '', 'n_heads': 8, 'd_mlp': 2048, 'activation_name': 'gelu', 'eps': 1e-05, 'original_architecture': 'vit_clip_vision_encoder', 'initializer_range': 0.02, 'n_channels': 3, 'patch_size': 32, 'image_size': 224, 'n_classes': 512, 'n_params': None, 'layer_norm_pre': True, 'return_type': 'class_logits'}
LayerNorm folded.
Centered weights writing to residual stream
Loaded pretrained model wkcn/TinyCLIP-ViT-40M-32-Text-19M-LAION400M into HookedTransformer
Neuron 36 in layer 7 already processed. Skipping.
Neuron 164 in layer 7 already processed. Skipping.
Neuron 206 in layer 7 already processed. Skipping.
Skipping interval (-8.0, -7.0, -0.3964503407478332, -0.3964503407478332) as it has less than 20 images
Skipping interval (-7.0, -6.0, -0.3753586411476135, -0.3286314010620117) as it has less than 20 images
Skipping interval (5.0, 6.0, 0.2819560170173645, 0.2969058156013489) as it has less than 20 images
Skipping interval (-7.0, -6.0, -0.3411358594894409, -0.3411358594894409) as it has less than 20 images
Skipping interval (7.0, 8.0, 0.8663938641548157, 0.951689600944519) as it has less than 20 images
Skipping interval (-7.0, -6.0, -0.3475037813186645, -0.3114927411079407) as it has less than 20 images
Skipping interval (5.0, 6.0, 0.3116021752357483, 0.3264016509056091) as it has less than 20 images
Skipping interval (-7.0, -6.0, -0.3600830137729645, -0.3600830137729645) as it has less than 20 images
Skipping interval (6.0, 7.0, 0.367235392332077, 0.3963941037654876) as it has less than 20 images
Skipping interval (-6.0, -5.0, -0.3104009628295898, -0.279690533876419) as it has less than 20 images
Skipping interval (5.0, 6.0, 0.2778570055961609, 0.3240152597427368) as it has less than 20 images
Skipping interval (6.0, 7.0, 0.3307326436042785, 0.3626896739006042) as it has less than 20 images
Skipping interval (-7.0, -6.0, -0.4234177768230438, -0.376300573348999) as it has less than 20 images
Skipping interval (5.0, 6.0, 0.266942948102951, 0.266942948102951) as it has less than 20 images
Skipping interval (-6.0, -5.0, -0.2924891114234924, -0.2751390635967254) as it has less than 20 images
Skipping interval (5.0, 6.0, 0.2495326846837997, 0.2850598692893982) as it has less than 20 images
Skipping interval (-6.0, -5.0, -0.3218109011650085, -0.3040051162242889) as it has less than 20 images
Skipping interval (5.0, 6.0, 0.3035799562931061, 0.3401542007923126) as it has less than 20 images
Skipping interval (-6.0, -5.0, -0.2978960871696472, -0.2659817337989807) as it has less than 20 images
Skipping interval (5.0, 6.0, 0.3200676441192627, 0.3258419036865234) as it has less than 20 images
Skipping interval (-6.0, -5.0, -0.3593761324882507, -0.3389545083045959) as it has less than 20 images
Skipping interval (5.0, 6.0, 0.3297979235649109, 0.3609132766723633) as it has less than 20 images
Skipping interval (-7.0, -6.0, -0.3598753809928894, -0.3598753809928894) as it has less than 20 images
Skipping interval (-6.0, -5.0, -0.3088728189468384, -0.2675586342811584) as it has less than 20 images
Skipping interval (-7.0, -6.0, -0.3335535824298858, -0.3335535824298858) as it has less than 20 images
Skipping interval (5.0, 6.0, 0.2951955199241638, 0.2951955199241638) as it has less than 20 images
Skipping interval (-6.0, -5.0, -0.2789329886436462, -0.2677684426307678) as it has less than 20 images
Skipping interval (5.0, 6.0, 0.3348600268363952, 0.3586560487747192) as it has less than 20 images
Skipping interval (7.0, 8.0, 0.4613470435142517, 0.4613470435142517) as it has less than 20 images
Skipping interval (-8.0, -7.0, -0.4118256568908691, -0.4118256568908691) as it has less than 20 images
Skipping interval (-7.0, -6.0, -0.3871284127235412, -0.3871284127235412) as it has less than 20 images
Skipping interval (5.0, 6.0, 0.2727513909339905, 0.2966305017471313) as it has less than 20 images
Skipping interval (-6.0, -5.0, -0.330150306224823, -0.3068479895591736) as it has less than 20 images
Skipping interval (-6.0, -5.0, -0.3679482638835907, -0.3311242759227752) as it has less than 20 images
Skipping interval (5.0, 6.0, 0.2310863584280014, 0.268486738204956) as it has less than 20 images
Neuron 414 in layer 7 already processed. Skipping.
Skipping interval (-6.0, -5.0, -0.3812706470489502, -0.3456365168094635) as it has less than 20 images
Skipping interval (5.0, 6.0, 0.2524197697639465, 0.2833393812179565) as it has less than 20 images
Skipping interval (-6.0, -5.0, -0.3509059846401214, -0.3011796176433563) as it has less than 20 images
Skipping interval (6.0, 7.0, 0.3730772137641907, 0.3791946470737457) as it has less than 20 images
Neuron 375 in layer 7 already processed. Skipping.
Skipping interval (-7.0, -6.0, -0.3394294381141662, -0.3394294381141662) as it has less than 20 images
Skipping interval (-6.0, -5.0, -0.3175701797008514, -0.2786183953285217) as it has less than 20 images
Skipping interval (5.0, 6.0, 0.28549525141716, 0.3106560111045837) as it has less than 20 images
Skipping interval (-7.0, -6.0, -0.3970067203044891, -0.3970067203044891) as it has less than 20 images
Skipping interval (-6.0, -5.0, -0.3692364394664764, -0.3346011042594909) as it has less than 20 images
Skipping interval (5.0, 6.0, 0.3212442994117737, 0.3389952778816223) as it has less than 20 images
Skipping interval (-6.0, -5.0, -0.2938280403614044, -0.2897885143756866) as it has less than 20 images
Skipping interval (6.0, 7.0, 0.3950676023960113, 0.3950676023960113) as it has less than 20 images
Neuron 271 in layer 7 already processed. Skipping.
Skipping interval (-6.0, -5.0, -0.3742353320121765, -0.3502876758575439) as it has less than 20 images
Skipping interval (5.0, 6.0, 0.2717454433441162, 0.3043321371078491) as it has less than 20 images
Skipping interval (-6.0, -5.0, -0.3186955153942108, -0.3078438937664032) as it has less than 20 images
Skipping interval (7.0, 8.0, 0.3954044878482818, 0.4294025003910064) as it has less than 20 images
Skipping interval (-7.0, -6.0, -0.3440080285072326, -0.3440080285072326) as it has less than 20 images
Skipping interval (5.0, 6.0, 0.3123947978019714, 0.3473968505859375) as it has less than 20 images
Skipping interval (5.0, 6.0, 0.3126195669174194, 0.3264433741569519) as it has less than 20 images
Skipping interval (-6.0, -5.0, -0.2842783331871032, -0.282703697681427) as it has less than 20 images
Skipping interval (5.0, 6.0, 0.2599906325340271, 0.2773487567901611) as it has less than 20 images
Skipping interval (-8.0, -7.0, -0.5298325419425964, -0.5298325419425964) as it has less than 20 images
Skipping interval (-7.0, -6.0, -0.4933088421821594, -0.452955961227417) as it has less than 20 images
Skipping interval (5.0, 6.0, 0.2689619064331054, 0.3189568519592285) as it has less than 20 images
Skipping interval (-6.0, -5.0, -0.25746750831604, -0.2553496360778808) as it has less than 20 images
Skipping interval (6.0, 7.0, 0.3995881080627441, 0.4152986407279968) as it has less than 20 images
Skipping interval (-6.0, -5.0, -0.3414125442504883, -0.3414125442504883) as it has less than 20 images
Skipping interval (5.0, 6.0, 0.30352982878685, 0.3201785385608673) as it has less than 20 images
Skipping interval (-7.0, -6.0, -0.3819631338119507, -0.3819631338119507) as it has less than 20 images
Skipping interval (5.0, 6.0, 0.31967294216156, 0.31967294216156) as it has less than 20 images
Skipping interval (5.0, 6.0, 0.2497556656599044, 0.2619334459304809) as it has less than 20 images
Skipping interval (-6.0, -5.0, -0.2815649807453155, -0.24727563560009) as it has less than 20 images
Skipping interval (-6.0, -5.0, -0.3046354055404663, -0.3046354055404663) as it has less than 20 images
Skipping interval (5.0, 6.0, 0.292337417602539, 0.3014124631881714) as it has less than 20 images
Skipping interval (-7.0, -6.0, -0.3691549897193908, -0.3322541415691376) as it has less than 20 images
Skipping interval (5.0, 6.0, 0.291650652885437, 0.3038098812103271) as it has less than 20 images
Skipping interval (-5.0, -4.0, -0.3861441016197204, -0.3431211709976196) as it has less than 20 images
Skipping interval (5.0, 6.0, 0.7111393809318542, 0.712835967540741) as it has less than 20 images
Skipping interval (-6.0, -5.0, -0.3146963119506836, -0.2719606161117553) as it has less than 20 images
Skipping interval (6.0, 7.0, 0.3279915750026703, 0.3279915750026703) as it has less than 20 images
Skipping interval (-7.0, -6.0, -0.4014823138713836, -0.4014823138713836) as it has less than 20 images
Skipping interval (-6.0, -5.0, -0.3465085625648498, -0.311806321144104) as it has less than 20 images
Skipping interval (5.0, 6.0, 0.2798532247543335, 0.2996940314769745) as it has less than 20 images
Skipping interval (-7.0, -6.0, -0.3838600516319275, -0.3838600516319275) as it has less than 20 images
Skipping interval (-6.0, -5.0, -0.3217908143997192, -0.3122815787792206) as it has less than 20 images
Skipping interval (6.0, 7.0, 0.3288838267326355, 0.369473934173584) as it has less than 20 images
Neuron 204 in layer 7 already processed. Skipping.
Skipping interval (-6.0, -5.0, -0.3211116194725036, -0.3079318404197693) as it has less than 20 images
Skipping interval (6.0, 7.0, 0.312884509563446, 0.3560795187950134) as it has less than 20 images
Skipping interval (-6.0, -5.0, -0.3366151452064514, -0.3245366811752319) as it has less than 20 images
Skipping interval (-6.0, -5.0, -0.3218913078308105, -0.3109232783317566) as it has less than 20 images
Skipping interval (5.0, 6.0, 0.3426126837730407, 0.351262629032135) as it has less than 20 images
Neuron 372 in layer 7 already processed. Skipping.
Skipping interval (-6.0, -5.0, -0.3311187028884887, -0.2912319004535675) as it has less than 20 images
Neuron 209 in layer 7 already processed. Skipping.
Skipping interval (-6.0, -5.0, -0.2855400443077087, -0.2545722723007202) as it has less than 20 images
Skipping interval (5.0, 6.0, 0.3306137323379516, 0.3716764450073242) as it has less than 20 images
Neuron 220 in layer 7 already processed. Skipping.
Skipping interval (-6.0, -5.0, -0.2868622243404388, -0.2640346586704254) as it has less than 20 images
Skipping interval (6.0, 7.0, 0.3404687941074371, 0.3584043085575104) as it has less than 20 images
Neuron 481 in layer 7 already processed. Skipping.
Skipping interval (-7.0, -6.0, -0.3652549386024475, -0.3636401891708374) as it has less than 20 images
Skipping interval (5.0, 6.0, 0.253810703754425, 0.2732176780700683) as it has less than 20 images
Neuron 367 in layer 7 already processed. Skipping.
Skipping interval (-7.0, -6.0, -0.3284087181091308, -0.3284087181091308) as it has less than 20 images
Skipping interval (-6.0, -5.0, -0.3017321825027466, -0.261925995349884) as it has less than 20 images
Skipping interval (5.0, 6.0, 0.2902810871601105, 0.2971073389053345) as it has less than 20 images
Neuron 7 in layer 7 already processed. Skipping.
Skipping interval (-6.0, -5.0, -0.300722599029541, -0.275722324848175) as it has less than 20 images
Skipping interval (5.0, 6.0, 0.2733974456787109, 0.2987858653068542) as it has less than 20 images
Skipping interval (-6.0, -5.0, -0.3133973479270935, -0.2821117639541626) as it has less than 20 images
Skipping interval (6.0, 7.0, 0.3471150994300842, 0.369280457496643) as it has less than 20 images
Skipping interval (-8.0, -7.0, -0.4249274730682373, -0.4249274730682373) as it has less than 20 images
Skipping interval (-7.0, -6.0, -0.3772229552268982, -0.3329365849494934) as it has less than 20 images
Skipping interval (5.0, 6.0, 0.256695955991745, 0.2960751056671142) as it has less than 20 images
Skipping interval (-6.0, -5.0, -0.2949985861778259, -0.2949985861778259) as it has less than 20 images
Skipping interval (5.0, 6.0, 0.3023370504379272, 0.3557156324386596) as it has less than 20 images
Skipping interval (6.0, 7.0, 0.360369324684143, 0.4100714921951294) as it has less than 20 images
Neuron 248 in layer 7 already processed. Skipping.
Skipping interval (-6.0, -5.0, -0.2859089076519012, -0.2838155925273895) as it has less than 20 images
Skipping interval (5.0, 6.0, 0.2936564981937408, 0.3207555115222931) as it has less than 20 images
Neuron 33 in layer 7 already processed. Skipping.
Skipping interval (-6.0, -5.0, -0.2742453217506408, -0.2577183246612549) as it has less than 20 images
Skipping interval (5.0, 6.0, 0.3277052938938141, 0.3428989350795746) as it has less than 20 images
Neuron 349 in layer 7 already processed. Skipping.
Skipping interval (-6.0, -5.0, -0.3305513262748718, -0.3142949938774109) as it has less than 20 images
Skipping interval (6.0, 7.0, 0.3346614241600036, 0.3346614241600036) as it has less than 20 images
Neuron 203 in layer 7 already processed. Skipping.
Skipping interval (5.0, 6.0, 0.3092246651649475, 0.3329880237579345) as it has less than 20 images
Neuron 334 in layer 7 already processed. Skipping.
Skipping interval (-6.0, -5.0, -0.3078302443027496, -0.2623718380928039) as it has less than 20 images
Skipping interval (5.0, 6.0, 0.2846941649913788, 0.2940093874931335) as it has less than 20 images
Neuron 253 in layer 7 already processed. Skipping.
Skipping interval (5.0, 6.0, 0.3181796371936798, 0.3515690565109253) as it has less than 20 images
Neuron 265 in layer 7 already processed. Skipping.
Skipping interval (-6.0, -5.0, -0.2916247844696045, -0.2848781645298004) as it has less than 20 images
Skipping interval (5.0, 6.0, 0.2755108475685119, 0.3093866109848022) as it has less than 20 images
Neuron 167 in layer 7 already processed. Skipping.
Skipping interval (-6.0, -5.0, -0.2730792164802551, -0.2517937421798706) as it has less than 20 images
Skipping interval (5.0, 6.0, 0.3149294257164001, 0.3266123533248901) as it has less than 20 images
Skipping interval (-6.0, -5.0, -0.3244906663894653, -0.2791366279125213) as it has less than 20 images
Skipping interval (5.0, 6.0, 0.2944568991661072, 0.3243074715137481) as it has less than 20 images
Skipping interval (-6.0, -5.0, -0.2700772285461426, -0.2342325896024704) as it has less than 20 images
Skipping interval (5.0, 6.0, 0.319896787405014, 0.3404804468154907) as it has less than 20 images
Skipping interval (-7.0, -6.0, -0.4033084809780121, -0.4033084809780121) as it has less than 20 images
Skipping interval (5.0, 6.0, 0.3350314199924469, 0.3350314199924469) as it has less than 20 images
Skipping interval (-7.0, -6.0, -0.3870611786842346, -0.3669847846031189) as it has less than 20 images
Skipping interval (-6.0, -5.0, -0.3327223062515259, -0.3017608523368835) as it has less than 20 images
Skipping interval (5.0, 6.0, 0.2870477139949798, 0.3058962225914001) as it has less than 20 images
Skipping interval (-6.0, -5.0, -0.4009403586387634, -0.3534033894538879) as it has less than 20 images
Skipping interval (5.0, 6.0, 0.2890592813491821, 0.3160267472267151) as it has less than 20 images
Neuron 381 in layer 7 already processed. Skipping.
Skipping interval (5.0, 6.0, 0.2905775606632232, 0.2918394207954407) as it has less than 20 images
Neuron 493 in layer 7 already processed. Skipping.
Skipping interval (-7.0, -6.0, -0.3941357731819153, -0.3941357731819153) as it has less than 20 images
Skipping interval (-6.0, -5.0, -0.3368615508079529, -0.2830013036727905) as it has less than 20 images
Neuron 25 in layer 7 already processed. Skipping.
Skipping interval (-6.0, -5.0, -0.303641140460968, -0.2661548256874084) as it has less than 20 images
Skipping interval (5.0, 6.0, 0.2964685559272766, 0.3276354074478149) as it has less than 20 images
Neuron 118 in layer 7 already processed. Skipping.
Skipping interval (-7.0, -6.0, -0.3425211906433105, -0.3425211906433105) as it has less than 20 images
Skipping interval (5.0, 6.0, 0.3116972148418426, 0.3116972148418426) as it has less than 20 images
Skipping interval (6.0, 7.0, 0.3488745987415313, 0.3488745987415313) as it has less than 20 images
Neuron 260 in layer 7 already processed. Skipping.
Skipping interval (-6.0, -5.0, -0.3389095664024353, -0.2914406061172485) as it has less than 20 images
Skipping interval (6.0, 7.0, 0.3706210255622864, 0.3727415204048157) as it has less than 20 images
Skipping interval (7.0, 8.0, 0.4312676787376404, 0.4312676787376404) as it has less than 20 images
Skipping interval (8.0, 9.0, 0.5071370601654053, 0.5188052654266357) as it has less than 20 images
Skipping interval (9.0, 10.0, 0.5545704364776611, 0.5545704364776611) as it has less than 20 images
Neuron 117 in layer 7 already processed. Skipping.
Skipping interval (-6.0, -5.0, -0.3204918503761291, -0.2829257249832153) as it has less than 20 images
Skipping interval (5.0, 6.0, 0.2975998520851135, 0.3292437791824341) as it has less than 20 images
Neuron 436 in layer 7 already processed. Skipping.
Skipping interval (-6.0, -5.0, -0.3475013375282287, -0.3154789209365845) as it has less than 20 images
Skipping interval (5.0, 6.0, 0.3137047886848449, 0.3457435965538025) as it has less than 20 images

======== GPU REPORT ========

==============NVSMI LOG==============

Timestamp                                 : Thu Jul 11 01:57:05 2024
Driver Version                            : 535.161.08
CUDA Version                              : 12.2

Attached GPUs                             : 1
GPU 00000000:41:00.0
    Accounting Mode                       : Disabled
    Accounting Mode Buffer Size           : 4000
    Accounted Processes                   : None

Thu Jul 11 01:57:05 2024       
+---------------------------------------------------------------------------------------+
| NVIDIA-SMI 535.161.08             Driver Version: 535.161.08   CUDA Version: 12.2     |
|-----------------------------------------+----------------------+----------------------+
| GPU  Name                 Persistence-M | Bus-Id        Disp.A | Volatile Uncorr. ECC |
| Fan  Temp   Perf          Pwr:Usage/Cap |         Memory-Usage | GPU-Util  Compute M. |
|                                         |                      |               MIG M. |
|=========================================+======================+======================|
|   0  NVIDIA A100-SXM4-80GB          On  | 00000000:41:00.0 Off |                   On |
| N/A   34C    P0             138W / 500W |   2034MiB / 81920MiB |     N/A      Default |
|                                         |                      |              Enabled |
+-----------------------------------------+----------------------+----------------------+

+---------------------------------------------------------------------------------------+
| MIG devices:                                                                          |
+------------------+--------------------------------+-----------+-----------------------+
| GPU  GI  CI  MIG |                   Memory-Usage |        Vol|      Shared           |
|      ID  ID  Dev |                     BAR1-Usage | SM     Unc| CE ENC DEC OFA JPG    |
|                  |                                |        ECC|                       |
|==================+================================+===========+=======================|
|  0    1   0   0  |              16MiB / 40448MiB  | 42      0 |  3   0    2    0    0 |
|                  |               0MiB / 65535MiB  |           |                       |
+------------------+--------------------------------+-----------+-----------------------+
                                                                                         
+---------------------------------------------------------------------------------------+
| Processes:                                                                            |
|  GPU   GI   CI        PID   Type   Process name                            GPU Memory |
|        ID   ID                                                             Usage      |
|=======================================================================================|
|  No running processes found                                                           |
+---------------------------------------------------------------------------------------+
