Official model name open-clip:laion/CLIP-ViT-B-32-DataComp.XL-s13B-b90K
Converting OpenCLIP weights
visual projection shape torch.Size([768, 512])
Setting center_writing_weights to False for OpenCLIP
Setting fold_ln to False for OpenCLIP
Loaded pretrained model open-clip:laion/CLIP-ViT-B-32-DataComp.XL-s13B-b90K into HookedTransformer
Activations shape for blocks.7.hook_mlp_out (49984, 50)
Type of sampling: max
Top sampled image indices for blocks.7.hook_mlp_out: [34179 36776 49136 37877 25310 23664  3513 25161 27063 20306 47984 31951
 12857 32228  3985 30932 25148 12050 21094 33510]
Bottom sampled image indices for blocks.7.hook_mlp_out: [29530 30741 22414 48169  1059 10315 25465 40090 39512 29785 20074 18695
  7566 41926 32461 14884  9876 29799 45002 24746]
Neuron 387, Layer 7, Layer Type hook_mlp_out
Saved image to /network/scratch/s/sonia.joseph/CLIP_AUDIT/sampled_images/CLIP-ViT-B-32-DataComp.XL-s13B-b90K//layer_7/neuron_387/hook_mlp_out/max/top/neuron_387_layer_7_top_max_hook_mlp_out.png
Saved image to /network/scratch/s/sonia.joseph/CLIP_AUDIT/sampled_images/CLIP-ViT-B-32-DataComp.XL-s13B-b90K//layer_7/neuron_387/hook_mlp_out/max/bottom/neuron_387_layer_7_bottom_max_hook_mlp_out.png
Activations shape for blocks.7.hook_resid_post (49984, 50)
Type of sampling: max
Top sampled image indices for blocks.7.hook_resid_post: [27531 15431 35426 13973 49730 45840 28334 15879 49670 42038 48565 14447
 18899  1132 23709  3985  2883 14483 27251 35334]
Bottom sampled image indices for blocks.7.hook_resid_post: [15726  3005  8206 34334 19753 12943 18811 14409 43622 19001  4000 44662
 30068 49258 12077 34484 39170 12960 36768 21967]
Neuron 387, Layer 7, Layer Type hook_resid_post
Saved image to /network/scratch/s/sonia.joseph/CLIP_AUDIT/sampled_images/CLIP-ViT-B-32-DataComp.XL-s13B-b90K//layer_7/neuron_387/hook_resid_post/max/top/neuron_387_layer_7_top_max_hook_resid_post.png
Saved image to /network/scratch/s/sonia.joseph/CLIP_AUDIT/sampled_images/CLIP-ViT-B-32-DataComp.XL-s13B-b90K//layer_7/neuron_387/hook_resid_post/max/bottom/neuron_387_layer_7_bottom_max_hook_resid_post.png
Activations shape for blocks.7.mlp.hook_post (49984, 50)
Type of sampling: max
Top sampled image indices for blocks.7.mlp.hook_post: [32691 15597 32039 10285 37373 24045 14481 48677 25050  4564  4607 27551
 21583 48361 30708 25570  2201 49460  9099 31262]
Bottom sampled image indices for blocks.7.mlp.hook_post: [10512 48222  3519 21368 43331 45899 27705 43297 31778 32793 46494 16496
 27373 49028  5563 46421 29871  9266  8580 15838]
Neuron 387, Layer 7, Layer Type hook_post
Saved image to /network/scratch/s/sonia.joseph/CLIP_AUDIT/sampled_images/CLIP-ViT-B-32-DataComp.XL-s13B-b90K//layer_7/neuron_387/hook_post/max/top/neuron_387_layer_7_top_max_hook_post.png
Saved image to /network/scratch/s/sonia.joseph/CLIP_AUDIT/sampled_images/CLIP-ViT-B-32-DataComp.XL-s13B-b90K//layer_7/neuron_387/hook_post/max/bottom/neuron_387_layer_7_bottom_max_hook_post.png
Activations shape for blocks.7.hook_mlp_out (49984, 50)
Type of sampling: max
Top sampled image indices for blocks.7.hook_mlp_out: [ 3753 43433 40423 13360 40216 23472 17026  5701 22330 26267 21881 25730
  4650  4694 31509 23879 40203 17203 14550 20357]
Bottom sampled image indices for blocks.7.hook_mlp_out: [32340 17647 34592  6231 21864 18634 22100 26897 43787 29529 39951 10435
 47097 30396  7586 45448 32616 18527 25534   207]
Neuron 680, Layer 7, Layer Type hook_mlp_out
Saved image to /network/scratch/s/sonia.joseph/CLIP_AUDIT/sampled_images/CLIP-ViT-B-32-DataComp.XL-s13B-b90K//layer_7/neuron_680/hook_mlp_out/max/top/neuron_680_layer_7_top_max_hook_mlp_out.png
Saved image to /network/scratch/s/sonia.joseph/CLIP_AUDIT/sampled_images/CLIP-ViT-B-32-DataComp.XL-s13B-b90K//layer_7/neuron_680/hook_mlp_out/max/bottom/neuron_680_layer_7_bottom_max_hook_mlp_out.png
Activations shape for blocks.7.hook_resid_post (49984, 50)
Type of sampling: max
Top sampled image indices for blocks.7.hook_resid_post: [32113 23628 39843 21750 33039  9881 10497  3226 48203 11989 33855 35387
  9187 41890 42910 25977 44525 29680 41414 25303]
Bottom sampled image indices for blocks.7.hook_resid_post: [29974 22248 42348 14388 43776 47713 30175 46983 32971  3843 46245  9711
 49236  8906  9937 47441 35480 38424  2147 34214]
Neuron 680, Layer 7, Layer Type hook_resid_post
Saved image to /network/scratch/s/sonia.joseph/CLIP_AUDIT/sampled_images/CLIP-ViT-B-32-DataComp.XL-s13B-b90K//layer_7/neuron_680/hook_resid_post/max/top/neuron_680_layer_7_top_max_hook_resid_post.png
Saved image to /network/scratch/s/sonia.joseph/CLIP_AUDIT/sampled_images/CLIP-ViT-B-32-DataComp.XL-s13B-b90K//layer_7/neuron_680/hook_resid_post/max/bottom/neuron_680_layer_7_bottom_max_hook_resid_post.png
Activations shape for blocks.7.mlp.hook_post (49984, 50)
Type of sampling: max
Top sampled image indices for blocks.7.mlp.hook_post: [24483 31103 43313 27697 10743 12812 38044 47583 44277 49967 20560 38187
 21790 10907 42251  6962 35688  7858 19060 26108]
Bottom sampled image indices for blocks.7.mlp.hook_post: [49215 35278 38535 15660 27166 34861  4125 10553 36651 19314 44278 45313
 36914 34530 25746 31501 21076 45295 48613 23699]
Neuron 680, Layer 7, Layer Type hook_post
Saved image to /network/scratch/s/sonia.joseph/CLIP_AUDIT/sampled_images/CLIP-ViT-B-32-DataComp.XL-s13B-b90K//layer_7/neuron_680/hook_post/max/top/neuron_680_layer_7_top_max_hook_post.png
Saved image to /network/scratch/s/sonia.joseph/CLIP_AUDIT/sampled_images/CLIP-ViT-B-32-DataComp.XL-s13B-b90K//layer_7/neuron_680/hook_post/max/bottom/neuron_680_layer_7_bottom_max_hook_post.png
Activations shape for blocks.7.hook_mlp_out (49984, 50)
Type of sampling: max
Top sampled image indices for blocks.7.hook_mlp_out: [23412  9431  6953  9627 34578 35213 14716 26081  4204 32981 18500 37148
 18183 41468 33878 30838 14933 43260 40134 30825]
Bottom sampled image indices for blocks.7.hook_mlp_out: [30552 10553 17982  6627 45044  2708 31668 17210 33785 48990 14492 22001
 19424  9968 29526 11971 23482 43777 48377 21872]
Neuron 362, Layer 7, Layer Type hook_mlp_out
Saved image to /network/scratch/s/sonia.joseph/CLIP_AUDIT/sampled_images/CLIP-ViT-B-32-DataComp.XL-s13B-b90K//layer_7/neuron_362/hook_mlp_out/max/top/neuron_362_layer_7_top_max_hook_mlp_out.png
Saved image to /network/scratch/s/sonia.joseph/CLIP_AUDIT/sampled_images/CLIP-ViT-B-32-DataComp.XL-s13B-b90K//layer_7/neuron_362/hook_mlp_out/max/bottom/neuron_362_layer_7_bottom_max_hook_mlp_out.png
Activations shape for blocks.7.hook_resid_post (49984, 50)
Type of sampling: max
Top sampled image indices for blocks.7.hook_resid_post: [32070 21599 40211  5931 20930 30888 24179 29945 41647 45120  1573 13744
 40977  2063 10665 43260 44526   484 47668 27694]
Bottom sampled image indices for blocks.7.hook_resid_post: [42700 11161 36709 39025 29586 44774 18452 27728 15000 39251 17982 28979
  4376 39350 44262 25935 27670 39057 33160 27565]
Neuron 362, Layer 7, Layer Type hook_resid_post
Saved image to /network/scratch/s/sonia.joseph/CLIP_AUDIT/sampled_images/CLIP-ViT-B-32-DataComp.XL-s13B-b90K//layer_7/neuron_362/hook_resid_post/max/top/neuron_362_layer_7_top_max_hook_resid_post.png
Saved image to /network/scratch/s/sonia.joseph/CLIP_AUDIT/sampled_images/CLIP-ViT-B-32-DataComp.XL-s13B-b90K//layer_7/neuron_362/hook_resid_post/max/bottom/neuron_362_layer_7_bottom_max_hook_resid_post.png
Activations shape for blocks.7.mlp.hook_post (49984, 50)
Type of sampling: max
Top sampled image indices for blocks.7.mlp.hook_post: [37494 49863 27154 30620 40402 20531 17040 30752 45772 10255 39890 11090
 44486 39843 20443 36608 38270 33043 49334 10545]
Bottom sampled image indices for blocks.7.mlp.hook_post: [10847 49800 14577 35092 27795   585 26575 10747 16996  3512 48128 32791
 29718 10909  4754 20401 44242 28645  2498 15762]
Neuron 362, Layer 7, Layer Type hook_post
Saved image to /network/scratch/s/sonia.joseph/CLIP_AUDIT/sampled_images/CLIP-ViT-B-32-DataComp.XL-s13B-b90K//layer_7/neuron_362/hook_post/max/top/neuron_362_layer_7_top_max_hook_post.png
Saved image to /network/scratch/s/sonia.joseph/CLIP_AUDIT/sampled_images/CLIP-ViT-B-32-DataComp.XL-s13B-b90K//layer_7/neuron_362/hook_post/max/bottom/neuron_362_layer_7_bottom_max_hook_post.png
Activations shape for blocks.7.hook_mlp_out (49984, 50)
Type of sampling: max
Top sampled image indices for blocks.7.hook_mlp_out: [ 9655 34709 31419 45862 43938 32033 19699 27678 39288 10454 40885 29453
   457 13434 35863 14788 11185 15385 23127 48515]
Bottom sampled image indices for blocks.7.hook_mlp_out: [36380 14096 18947 39444 19201 29701 27112 44670 35027  6500 44787 11379
 45579 36703 19955 42585 14449 19418 41640 34450]
Neuron 395, Layer 7, Layer Type hook_mlp_out
Saved image to /network/scratch/s/sonia.joseph/CLIP_AUDIT/sampled_images/CLIP-ViT-B-32-DataComp.XL-s13B-b90K//layer_7/neuron_395/hook_mlp_out/max/top/neuron_395_layer_7_top_max_hook_mlp_out.png
Saved image to /network/scratch/s/sonia.joseph/CLIP_AUDIT/sampled_images/CLIP-ViT-B-32-DataComp.XL-s13B-b90K//layer_7/neuron_395/hook_mlp_out/max/bottom/neuron_395_layer_7_bottom_max_hook_mlp_out.png
Activations shape for blocks.7.hook_resid_post (49984, 50)
Type of sampling: max
Top sampled image indices for blocks.7.hook_resid_post: [19275 17278 46265 32764 42709 10843 20474 36506  7146 47556 22758 31646
 32330 15385 34831 14160 46057 24975 14011 10660]
Bottom sampled image indices for blocks.7.hook_resid_post: [32195 30421 42341 37125 47042 15605 24043 41989 41595 15068 29570 44851
 32351 44299 19201 40519 33545 14586 27651 42099]
Neuron 395, Layer 7, Layer Type hook_resid_post
Saved image to /network/scratch/s/sonia.joseph/CLIP_AUDIT/sampled_images/CLIP-ViT-B-32-DataComp.XL-s13B-b90K//layer_7/neuron_395/hook_resid_post/max/top/neuron_395_layer_7_top_max_hook_resid_post.png
Saved image to /network/scratch/s/sonia.joseph/CLIP_AUDIT/sampled_images/CLIP-ViT-B-32-DataComp.XL-s13B-b90K//layer_7/neuron_395/hook_resid_post/max/bottom/neuron_395_layer_7_bottom_max_hook_resid_post.png
Activations shape for blocks.7.mlp.hook_post (49984, 50)
Type of sampling: max
Top sampled image indices for blocks.7.mlp.hook_post: [36720 47248 16275 44513  5623 44123 12516 42120 39249 11986 26781 13172
 26742 23738 19775 17170 38610 28133 18334 21875]
Bottom sampled image indices for blocks.7.mlp.hook_post: [ 6635 46059 14015 34111 41180 16146 24546 25872 14628 28205 35868 22376
 40681 28017 32359 25077 30730 36335  3513 10364]
Neuron 395, Layer 7, Layer Type hook_post
Saved image to /network/scratch/s/sonia.joseph/CLIP_AUDIT/sampled_images/CLIP-ViT-B-32-DataComp.XL-s13B-b90K//layer_7/neuron_395/hook_post/max/top/neuron_395_layer_7_top_max_hook_post.png
Saved image to /network/scratch/s/sonia.joseph/CLIP_AUDIT/sampled_images/CLIP-ViT-B-32-DataComp.XL-s13B-b90K//layer_7/neuron_395/hook_post/max/bottom/neuron_395_layer_7_bottom_max_hook_post.png
Activations shape for blocks.7.hook_mlp_out (49984, 50)
Type of sampling: max
Top sampled image indices for blocks.7.hook_mlp_out: [13590 18324 40429 35390 12862 13777  6564 22148 32604 43588  1317  7633
 49316 21921 36145 21731 25948 39461 13464  6412]
Bottom sampled image indices for blocks.7.hook_mlp_out: [27878 31366  2596   934 33372 35613  9212 23143 30348  4611  8932 37029
  8579 20177 11377 49104 42558 18005  2777 41011]
Neuron 136, Layer 7, Layer Type hook_mlp_out
Saved image to /network/scratch/s/sonia.joseph/CLIP_AUDIT/sampled_images/CLIP-ViT-B-32-DataComp.XL-s13B-b90K//layer_7/neuron_136/hook_mlp_out/max/top/neuron_136_layer_7_top_max_hook_mlp_out.png
Saved image to /network/scratch/s/sonia.joseph/CLIP_AUDIT/sampled_images/CLIP-ViT-B-32-DataComp.XL-s13B-b90K//layer_7/neuron_136/hook_mlp_out/max/bottom/neuron_136_layer_7_bottom_max_hook_mlp_out.png
Activations shape for blocks.7.hook_resid_post (49984, 50)
Type of sampling: max
Top sampled image indices for blocks.7.hook_resid_post: [21817 15530 13590 44508 31596  7921  3463  9157  4087 16019 25886 39470
 30051 18394   296 32604 34110 24895  3448 27432]
Bottom sampled image indices for blocks.7.hook_resid_post: [23158 24725 26124 43312 13846  2697   793 40996 23281 36012 35180 44142
 12105 42170 31692 40815 12208 32050 30263  7274]
Neuron 136, Layer 7, Layer Type hook_resid_post
Saved image to /network/scratch/s/sonia.joseph/CLIP_AUDIT/sampled_images/CLIP-ViT-B-32-DataComp.XL-s13B-b90K//layer_7/neuron_136/hook_resid_post/max/top/neuron_136_layer_7_top_max_hook_resid_post.png
Saved image to /network/scratch/s/sonia.joseph/CLIP_AUDIT/sampled_images/CLIP-ViT-B-32-DataComp.XL-s13B-b90K//layer_7/neuron_136/hook_resid_post/max/bottom/neuron_136_layer_7_bottom_max_hook_resid_post.png
Activations shape for blocks.7.mlp.hook_post (49984, 50)
Type of sampling: max
Top sampled image indices for blocks.7.mlp.hook_post: [45571 40298 18319 28610 11635 45700  3647 15214 19804 10079 23153 15149
  8291 30934 15483  1766 33667 44224 11526 12672]
Bottom sampled image indices for blocks.7.mlp.hook_post: [26183 11412 14003  1094 21927 49489 49594 46226 26547 29060 31718  9729
 45296 30504  6196 29843   939 32138  3328 49165]
Neuron 136, Layer 7, Layer Type hook_post
Saved image to /network/scratch/s/sonia.joseph/CLIP_AUDIT/sampled_images/CLIP-ViT-B-32-DataComp.XL-s13B-b90K//layer_7/neuron_136/hook_post/max/top/neuron_136_layer_7_top_max_hook_post.png
Saved image to /network/scratch/s/sonia.joseph/CLIP_AUDIT/sampled_images/CLIP-ViT-B-32-DataComp.XL-s13B-b90K//layer_7/neuron_136/hook_post/max/bottom/neuron_136_layer_7_bottom_max_hook_post.png
Activations shape for blocks.7.hook_mlp_out (49984, 50)
Type of sampling: max
Top sampled image indices for blocks.7.hook_mlp_out: [28408 32532 48025 11568 32722 32486   709 11654 30932 16417 41501 23509
 39575 21940 17427 25334 36090 42875  5471 44196]
Bottom sampled image indices for blocks.7.hook_mlp_out: [47572 11758 46545 33642  2274 12531  7502  5294 41324 21376 22296  3825
 27418 15456 33147 41638 28639  3277  5229 43143]
Neuron 761, Layer 7, Layer Type hook_mlp_out
Saved image to /network/scratch/s/sonia.joseph/CLIP_AUDIT/sampled_images/CLIP-ViT-B-32-DataComp.XL-s13B-b90K//layer_7/neuron_761/hook_mlp_out/max/top/neuron_761_layer_7_top_max_hook_mlp_out.png
Saved image to /network/scratch/s/sonia.joseph/CLIP_AUDIT/sampled_images/CLIP-ViT-B-32-DataComp.XL-s13B-b90K//layer_7/neuron_761/hook_mlp_out/max/bottom/neuron_761_layer_7_bottom_max_hook_mlp_out.png
Activations shape for blocks.7.hook_resid_post (49984, 50)
Type of sampling: max
Top sampled image indices for blocks.7.hook_resid_post: [16417 12074 18369 42691 14864 16717 49958 41250 11788 22908 41170 32302
 14275 31016 41636 13639 24303  9151  1470 34859]
Bottom sampled image indices for blocks.7.hook_resid_post: [49599 45314   207 43124 29729 24978 26982  7381 47086 43883 34815 22634
 29622 41213 46094 38591 43965 42690  8540  3903]
Neuron 761, Layer 7, Layer Type hook_resid_post
Saved image to /network/scratch/s/sonia.joseph/CLIP_AUDIT/sampled_images/CLIP-ViT-B-32-DataComp.XL-s13B-b90K//layer_7/neuron_761/hook_resid_post/max/top/neuron_761_layer_7_top_max_hook_resid_post.png
Saved image to /network/scratch/s/sonia.joseph/CLIP_AUDIT/sampled_images/CLIP-ViT-B-32-DataComp.XL-s13B-b90K//layer_7/neuron_761/hook_resid_post/max/bottom/neuron_761_layer_7_bottom_max_hook_resid_post.png
Activations shape for blocks.7.mlp.hook_post (49984, 50)
Type of sampling: max
Top sampled image indices for blocks.7.mlp.hook_post: [ 6199 20912 15876  7306  3051 13319 22573  4516 49502 34784 28296 40868
 36107  5183 29339 33244  7907 37662 45204 28262]
Bottom sampled image indices for blocks.7.mlp.hook_post: [46346 49080 48084  5891 37171 33854 42720 17605 38432 21632 44070 45201
 26763 19361 32610 41781  2329 19342 42842 42045]
Neuron 761, Layer 7, Layer Type hook_post
Saved image to /network/scratch/s/sonia.joseph/CLIP_AUDIT/sampled_images/CLIP-ViT-B-32-DataComp.XL-s13B-b90K//layer_7/neuron_761/hook_post/max/top/neuron_761_layer_7_top_max_hook_post.png
Saved image to /network/scratch/s/sonia.joseph/CLIP_AUDIT/sampled_images/CLIP-ViT-B-32-DataComp.XL-s13B-b90K//layer_7/neuron_761/hook_post/max/bottom/neuron_761_layer_7_bottom_max_hook_post.png
Activations shape for blocks.7.hook_mlp_out (49984, 50)
Type of sampling: max
Top sampled image indices for blocks.7.hook_mlp_out: [42601   829 38670 38531 31926 49634 18756 34345 42123 13964 45668 29269
 12724 20347 43328 10241 48423 48802  1745 40206]
Bottom sampled image indices for blocks.7.hook_mlp_out: [38246 21549 26329  5145 39768  7340 46250 33110  3425 22924 39255 49028
 46588 41234 17750  4166 47597  7668  1825 23732]
Neuron 432, Layer 7, Layer Type hook_mlp_out
Saved image to /network/scratch/s/sonia.joseph/CLIP_AUDIT/sampled_images/CLIP-ViT-B-32-DataComp.XL-s13B-b90K//layer_7/neuron_432/hook_mlp_out/max/top/neuron_432_layer_7_top_max_hook_mlp_out.png
Saved image to /network/scratch/s/sonia.joseph/CLIP_AUDIT/sampled_images/CLIP-ViT-B-32-DataComp.XL-s13B-b90K//layer_7/neuron_432/hook_mlp_out/max/bottom/neuron_432_layer_7_bottom_max_hook_mlp_out.png
Activations shape for blocks.7.hook_resid_post (49984, 50)
Type of sampling: max
Top sampled image indices for blocks.7.hook_resid_post: [39748 43240 26900 36206 47277  2684 23692 24544 28857 14538 28447 18980
 26263 48697 39578 21604 16176 43346 13964 34345]
Bottom sampled image indices for blocks.7.hook_resid_post: [ 4339 42518  7212  1224  5889  8448 17817 11944 35418  9588 15686 20780
 25269 42193 30525 43375  7340 36703 24440 48640]
Neuron 432, Layer 7, Layer Type hook_resid_post
Saved image to /network/scratch/s/sonia.joseph/CLIP_AUDIT/sampled_images/CLIP-ViT-B-32-DataComp.XL-s13B-b90K//layer_7/neuron_432/hook_resid_post/max/top/neuron_432_layer_7_top_max_hook_resid_post.png
Saved image to /network/scratch/s/sonia.joseph/CLIP_AUDIT/sampled_images/CLIP-ViT-B-32-DataComp.XL-s13B-b90K//layer_7/neuron_432/hook_resid_post/max/bottom/neuron_432_layer_7_bottom_max_hook_resid_post.png
Activations shape for blocks.7.mlp.hook_post (49984, 50)
Type of sampling: max
Top sampled image indices for blocks.7.mlp.hook_post: [26251 30732  1208 48275 24669 14556 20170 31731 34186 42796 31694 46743
 22600 19297 41147 33300 45047 21098 24740 31628]
Bottom sampled image indices for blocks.7.mlp.hook_post: [ 1046 16488 48494 19876 25784 27917 27075 48134 17326 39695 33778 42231
  5207  3585  5645  6714 15869 10618 42052 48083]
Neuron 432, Layer 7, Layer Type hook_post
Saved image to /network/scratch/s/sonia.joseph/CLIP_AUDIT/sampled_images/CLIP-ViT-B-32-DataComp.XL-s13B-b90K//layer_7/neuron_432/hook_post/max/top/neuron_432_layer_7_top_max_hook_post.png
Saved image to /network/scratch/s/sonia.joseph/CLIP_AUDIT/sampled_images/CLIP-ViT-B-32-DataComp.XL-s13B-b90K//layer_7/neuron_432/hook_post/max/bottom/neuron_432_layer_7_bottom_max_hook_post.png
Activations shape for blocks.7.hook_mlp_out (49984, 50)
Type of sampling: max
Top sampled image indices for blocks.7.hook_mlp_out: [24838  3612 48502 42173  8610 12036 23292 37222 47032 41251 37195 16540
 26548 41166 21101 18221 42918  9704  8642  5353]
Bottom sampled image indices for blocks.7.hook_mlp_out: [16736 15476 36076 21749 19969 26424 49599 38329 46260 23173 36972 35735
 33223  7738 14096 15762 48319  7043 46346 33178]
Neuron 532, Layer 7, Layer Type hook_mlp_out
Saved image to /network/scratch/s/sonia.joseph/CLIP_AUDIT/sampled_images/CLIP-ViT-B-32-DataComp.XL-s13B-b90K//layer_7/neuron_532/hook_mlp_out/max/top/neuron_532_layer_7_top_max_hook_mlp_out.png
Saved image to /network/scratch/s/sonia.joseph/CLIP_AUDIT/sampled_images/CLIP-ViT-B-32-DataComp.XL-s13B-b90K//layer_7/neuron_532/hook_mlp_out/max/bottom/neuron_532_layer_7_bottom_max_hook_mlp_out.png
Activations shape for blocks.7.hook_resid_post (49984, 50)
Type of sampling: max
Top sampled image indices for blocks.7.hook_resid_post: [31079 46880 14622 15613 26499 20605  3531 21741 34585 39814 12263 15777
  2116 38964 11243  8499 11306 42024 35871  7170]
Bottom sampled image indices for blocks.7.hook_resid_post: [ 1682 34435  3659 42610 42393  8389 15678 44062  5887 26239 31885 22047
 36436 33351 23062 18987 25538 25295 48319  4848]
Neuron 532, Layer 7, Layer Type hook_resid_post
Saved image to /network/scratch/s/sonia.joseph/CLIP_AUDIT/sampled_images/CLIP-ViT-B-32-DataComp.XL-s13B-b90K//layer_7/neuron_532/hook_resid_post/max/top/neuron_532_layer_7_top_max_hook_resid_post.png
Saved image to /network/scratch/s/sonia.joseph/CLIP_AUDIT/sampled_images/CLIP-ViT-B-32-DataComp.XL-s13B-b90K//layer_7/neuron_532/hook_resid_post/max/bottom/neuron_532_layer_7_bottom_max_hook_resid_post.png
Activations shape for blocks.7.mlp.hook_post (49984, 50)
Type of sampling: max
Top sampled image indices for blocks.7.mlp.hook_post: [18151 17002 47178 25695 40269 40175  8258 19383  2768 34154 35242 37428
  2531  4990 20209 34613  3621 14692 31678 24860]
Bottom sampled image indices for blocks.7.mlp.hook_post: [46171  6250 34168 21469 21865 38729 16645 45603 17337 10147 45971 15592
 19967 42329 42610 30922 14351 22481 14726 22929]
Neuron 532, Layer 7, Layer Type hook_post
Saved image to /network/scratch/s/sonia.joseph/CLIP_AUDIT/sampled_images/CLIP-ViT-B-32-DataComp.XL-s13B-b90K//layer_7/neuron_532/hook_post/max/top/neuron_532_layer_7_top_max_hook_post.png
Saved image to /network/scratch/s/sonia.joseph/CLIP_AUDIT/sampled_images/CLIP-ViT-B-32-DataComp.XL-s13B-b90K//layer_7/neuron_532/hook_post/max/bottom/neuron_532_layer_7_bottom_max_hook_post.png
Activations shape for blocks.7.hook_mlp_out (49984, 50)
Type of sampling: max
Top sampled image indices for blocks.7.hook_mlp_out: [11714 26195 28326 41371 40045 40432  1101 30108 47674  4585 47785  2344
 11939 24315 12085 15148 20034 10165 25578 11890]
Bottom sampled image indices for blocks.7.hook_mlp_out: [21871 48407 37981 47704 12175 12796 29567 45596 39441  9122 36671 30743
 16987 48321 29701 27651 18845 31778 37805 31572]
Neuron 338, Layer 7, Layer Type hook_mlp_out
Saved image to /network/scratch/s/sonia.joseph/CLIP_AUDIT/sampled_images/CLIP-ViT-B-32-DataComp.XL-s13B-b90K//layer_7/neuron_338/hook_mlp_out/max/top/neuron_338_layer_7_top_max_hook_mlp_out.png
Saved image to /network/scratch/s/sonia.joseph/CLIP_AUDIT/sampled_images/CLIP-ViT-B-32-DataComp.XL-s13B-b90K//layer_7/neuron_338/hook_mlp_out/max/bottom/neuron_338_layer_7_bottom_max_hook_mlp_out.png
Activations shape for blocks.7.hook_resid_post (49984, 50)
Type of sampling: max
Top sampled image indices for blocks.7.hook_resid_post: [47248 46191 22093 31968 25654 42016 37040 20402 48277 18239 38932 42659
  6605 19310   675 11890  7126   357 11939 37420]
Bottom sampled image indices for blocks.7.hook_resid_post: [21237   925 19018 11843 18534 46306 18030 47009  2687  4983 11971 11026
 26585 25152 14503 21431   980 11517 16961  5666]
Neuron 338, Layer 7, Layer Type hook_resid_post
Saved image to /network/scratch/s/sonia.joseph/CLIP_AUDIT/sampled_images/CLIP-ViT-B-32-DataComp.XL-s13B-b90K//layer_7/neuron_338/hook_resid_post/max/top/neuron_338_layer_7_top_max_hook_resid_post.png
Saved image to /network/scratch/s/sonia.joseph/CLIP_AUDIT/sampled_images/CLIP-ViT-B-32-DataComp.XL-s13B-b90K//layer_7/neuron_338/hook_resid_post/max/bottom/neuron_338_layer_7_bottom_max_hook_resid_post.png
Activations shape for blocks.7.mlp.hook_post (49984, 50)
Type of sampling: max
Top sampled image indices for blocks.7.mlp.hook_post: [24751 26164 24704 47671 24720 47547  6778 33356 23142  4311 10537 27577
  6973  2591 19480 45697 42956 12613 48283 25736]
Bottom sampled image indices for blocks.7.mlp.hook_post: [40688 22456 47241 26437 22017 38989 31791 46290 11449 18802 43659 14048
 31300 39815 35285  9152 49800 49323 42501 13342]
Neuron 338, Layer 7, Layer Type hook_post
Saved image to /network/scratch/s/sonia.joseph/CLIP_AUDIT/sampled_images/CLIP-ViT-B-32-DataComp.XL-s13B-b90K//layer_7/neuron_338/hook_post/max/top/neuron_338_layer_7_top_max_hook_post.png
Saved image to /network/scratch/s/sonia.joseph/CLIP_AUDIT/sampled_images/CLIP-ViT-B-32-DataComp.XL-s13B-b90K//layer_7/neuron_338/hook_post/max/bottom/neuron_338_layer_7_bottom_max_hook_post.png
Activations shape for blocks.7.hook_mlp_out (49984, 50)
Type of sampling: max
Top sampled image indices for blocks.7.hook_mlp_out: [17735 34935 40800 44517 13042 49751 23486 33206 36352 33528 19543 41581
 33471 29534 25504 10049 33611 15714 47825 26251]
Bottom sampled image indices for blocks.7.hook_mlp_out: [ 2114 18679 47359 37477 25050  5412 20990 35482 46477 39473  3069 13016
 20538 13491 13078 29504  7411 32663 25578 38769]
Neuron 764, Layer 7, Layer Type hook_mlp_out
Saved image to /network/scratch/s/sonia.joseph/CLIP_AUDIT/sampled_images/CLIP-ViT-B-32-DataComp.XL-s13B-b90K//layer_7/neuron_764/hook_mlp_out/max/top/neuron_764_layer_7_top_max_hook_mlp_out.png
Saved image to /network/scratch/s/sonia.joseph/CLIP_AUDIT/sampled_images/CLIP-ViT-B-32-DataComp.XL-s13B-b90K//layer_7/neuron_764/hook_mlp_out/max/bottom/neuron_764_layer_7_bottom_max_hook_mlp_out.png
Activations shape for blocks.7.hook_resid_post (49984, 50)
Type of sampling: max
Top sampled image indices for blocks.7.hook_resid_post: [45904 14458  4398 21767 43856 45578 34835 20920  9642 28462 20318 37192
  3225 33501  5022 36769 33471 38281 34227 43108]
Bottom sampled image indices for blocks.7.hook_resid_post: [11600 38169 15775 10914   469 25494 47995  9911 24879 22708 36231 33769
 46095 23854 40898 42672 33032 47189 31225 30648]
Neuron 764, Layer 7, Layer Type hook_resid_post
Saved image to /network/scratch/s/sonia.joseph/CLIP_AUDIT/sampled_images/CLIP-ViT-B-32-DataComp.XL-s13B-b90K//layer_7/neuron_764/hook_resid_post/max/top/neuron_764_layer_7_top_max_hook_resid_post.png
Saved image to /network/scratch/s/sonia.joseph/CLIP_AUDIT/sampled_images/CLIP-ViT-B-32-DataComp.XL-s13B-b90K//layer_7/neuron_764/hook_resid_post/max/bottom/neuron_764_layer_7_bottom_max_hook_resid_post.png
Activations shape for blocks.7.mlp.hook_post (49984, 50)
Type of sampling: max
Top sampled image indices for blocks.7.mlp.hook_post: [10773 42337  7509 33356 37324 13506 45572  2663 45478 38166 21195 36960
 21641  7210 44968  6439 28872 41231 45276 23654]
Bottom sampled image indices for blocks.7.mlp.hook_post: [  170 22212 44237 49354 43956  9306 21114 22206 10521  7544 29709 40282
  3083 21656 40146 22182  6851 35366 30219  2026]
Neuron 764, Layer 7, Layer Type hook_post
Saved image to /network/scratch/s/sonia.joseph/CLIP_AUDIT/sampled_images/CLIP-ViT-B-32-DataComp.XL-s13B-b90K//layer_7/neuron_764/hook_post/max/top/neuron_764_layer_7_top_max_hook_post.png
Saved image to /network/scratch/s/sonia.joseph/CLIP_AUDIT/sampled_images/CLIP-ViT-B-32-DataComp.XL-s13B-b90K//layer_7/neuron_764/hook_post/max/bottom/neuron_764_layer_7_bottom_max_hook_post.png
Activations shape for blocks.7.hook_mlp_out (49984, 50)
Type of sampling: max
Top sampled image indices for blocks.7.hook_mlp_out: [ 5441 28151 25950  7319 11195 23805  3746 15081 28580 10077  3302 27287
 16829 28299 16493 45890 34166 49566  6952 46339]
Bottom sampled image indices for blocks.7.hook_mlp_out: [32796  3874 10563 21864 30443 22359 19683 35963  1462  7601 30310  7686
 26489 48355 28449 16987 39838 43246 39444 19392]
Neuron 269, Layer 7, Layer Type hook_mlp_out
Saved image to /network/scratch/s/sonia.joseph/CLIP_AUDIT/sampled_images/CLIP-ViT-B-32-DataComp.XL-s13B-b90K//layer_7/neuron_269/hook_mlp_out/max/top/neuron_269_layer_7_top_max_hook_mlp_out.png
Saved image to /network/scratch/s/sonia.joseph/CLIP_AUDIT/sampled_images/CLIP-ViT-B-32-DataComp.XL-s13B-b90K//layer_7/neuron_269/hook_mlp_out/max/bottom/neuron_269_layer_7_bottom_max_hook_mlp_out.png
Activations shape for blocks.7.hook_resid_post (49984, 50)
Type of sampling: max
Top sampled image indices for blocks.7.hook_resid_post: [  411  5231 11922  7319 46339 19196 18296 26368 21894 35263 39843 31737
 22113  4797 45545 31557  3058 33524  4183  3719]
Bottom sampled image indices for blocks.7.hook_resid_post: [35414 33441 31433 12129 25098 47913 25899 19252 22978 37049 46324 24408
 13088 33797 30534 43472 39672 32188 16987 38022]
Neuron 269, Layer 7, Layer Type hook_resid_post
Saved image to /network/scratch/s/sonia.joseph/CLIP_AUDIT/sampled_images/CLIP-ViT-B-32-DataComp.XL-s13B-b90K//layer_7/neuron_269/hook_resid_post/max/top/neuron_269_layer_7_top_max_hook_resid_post.png
Saved image to /network/scratch/s/sonia.joseph/CLIP_AUDIT/sampled_images/CLIP-ViT-B-32-DataComp.XL-s13B-b90K//layer_7/neuron_269/hook_resid_post/max/bottom/neuron_269_layer_7_bottom_max_hook_resid_post.png
Activations shape for blocks.7.mlp.hook_post (49984, 50)
Type of sampling: max
Top sampled image indices for blocks.7.mlp.hook_post: [ 7910 26740 46935  6105 35680 35379 10872 21019 42471  8752 45915 31940
 18657  5251 24943 20884  8589 26479 25744 42772]
Bottom sampled image indices for blocks.7.mlp.hook_post: [ 9683 30530 48522 45464 28823 11917 25848 34101 33011 27534 11081 30849
 10013  2320 47046 47588 22414 32468 20369 47420]
Neuron 269, Layer 7, Layer Type hook_post
Saved image to /network/scratch/s/sonia.joseph/CLIP_AUDIT/sampled_images/CLIP-ViT-B-32-DataComp.XL-s13B-b90K//layer_7/neuron_269/hook_post/max/top/neuron_269_layer_7_top_max_hook_post.png
Saved image to /network/scratch/s/sonia.joseph/CLIP_AUDIT/sampled_images/CLIP-ViT-B-32-DataComp.XL-s13B-b90K//layer_7/neuron_269/hook_post/max/bottom/neuron_269_layer_7_bottom_max_hook_post.png
Activations shape for blocks.7.hook_mlp_out (49984, 50)
Type of sampling: max
Top sampled image indices for blocks.7.hook_mlp_out: [18180 45253 40504 41895 23010  8525  9591 15765 28873 30324 45843 21951
 10526  6368 49837 23324  6118  7416 19935 35000]
Bottom sampled image indices for blocks.7.hook_mlp_out: [35128  9197 17298 42804  9046  4869  9915 47048  3083 47936 28582 49023
 33178 30256 41772 12155  2794 39444 16650 29386]
Neuron 37, Layer 7, Layer Type hook_mlp_out
Saved image to /network/scratch/s/sonia.joseph/CLIP_AUDIT/sampled_images/CLIP-ViT-B-32-DataComp.XL-s13B-b90K//layer_7/neuron_37/hook_mlp_out/max/top/neuron_37_layer_7_top_max_hook_mlp_out.png
Saved image to /network/scratch/s/sonia.joseph/CLIP_AUDIT/sampled_images/CLIP-ViT-B-32-DataComp.XL-s13B-b90K//layer_7/neuron_37/hook_mlp_out/max/bottom/neuron_37_layer_7_bottom_max_hook_mlp_out.png
Activations shape for blocks.7.hook_resid_post (49984, 50)
Type of sampling: max
Top sampled image indices for blocks.7.hook_resid_post: [21791 10437 33668 35629 12128 31440 22923 12883  2037  8525 44132  2091
 13409 43690  2357  6155  6101  2016 24523 28873]
Bottom sampled image indices for blocks.7.hook_resid_post: [22238 48793 16346 26355 22096 22984 37709 37761 40838 23985 34861 43246
 31183 46737 11718 36244 22220 23119 27112 22182]
Neuron 37, Layer 7, Layer Type hook_resid_post
Saved image to /network/scratch/s/sonia.joseph/CLIP_AUDIT/sampled_images/CLIP-ViT-B-32-DataComp.XL-s13B-b90K//layer_7/neuron_37/hook_resid_post/max/top/neuron_37_layer_7_top_max_hook_resid_post.png
Saved image to /network/scratch/s/sonia.joseph/CLIP_AUDIT/sampled_images/CLIP-ViT-B-32-DataComp.XL-s13B-b90K//layer_7/neuron_37/hook_resid_post/max/bottom/neuron_37_layer_7_bottom_max_hook_resid_post.png
Activations shape for blocks.7.mlp.hook_post (49984, 50)
Type of sampling: max
Top sampled image indices for blocks.7.mlp.hook_post: [25352 47276 43510  4227 32005 33689 27946 31251  5282 11493 49893 32187
 16341  4937  9727 32784 44201 14972 31344  7379]
Bottom sampled image indices for blocks.7.mlp.hook_post: [49028 45377 12129 20834  1806 16225 45250 11971 40206 39791  2758 19331
 39979 34538  2876 34631 28594   248  6200 35211]
Neuron 37, Layer 7, Layer Type hook_post
Saved image to /network/scratch/s/sonia.joseph/CLIP_AUDIT/sampled_images/CLIP-ViT-B-32-DataComp.XL-s13B-b90K//layer_7/neuron_37/hook_post/max/top/neuron_37_layer_7_top_max_hook_post.png
Saved image to /network/scratch/s/sonia.joseph/CLIP_AUDIT/sampled_images/CLIP-ViT-B-32-DataComp.XL-s13B-b90K//layer_7/neuron_37/hook_post/max/bottom/neuron_37_layer_7_bottom_max_hook_post.png
Activations shape for blocks.7.hook_mlp_out (49984, 50)
Type of sampling: max
Top sampled image indices for blocks.7.hook_mlp_out: [ 4272 28889 34747 14345 26064 37610 38037 39082 12843 17280 12638   689
  2251 21574 44157 22139 27354   364 49452 37957]
Bottom sampled image indices for blocks.7.hook_mlp_out: [19793 19563 11161 35544 27019 35869   170 34562 15002 28623 11722 47844
 40611 23114 34882 18030  7773 37259 28101 46588]
Neuron 402, Layer 7, Layer Type hook_mlp_out
Saved image to /network/scratch/s/sonia.joseph/CLIP_AUDIT/sampled_images/CLIP-ViT-B-32-DataComp.XL-s13B-b90K//layer_7/neuron_402/hook_mlp_out/max/top/neuron_402_layer_7_top_max_hook_mlp_out.png
Saved image to /network/scratch/s/sonia.joseph/CLIP_AUDIT/sampled_images/CLIP-ViT-B-32-DataComp.XL-s13B-b90K//layer_7/neuron_402/hook_mlp_out/max/bottom/neuron_402_layer_7_bottom_max_hook_mlp_out.png
Activations shape for blocks.7.hook_resid_post (49984, 50)
Type of sampling: max
Top sampled image indices for blocks.7.hook_resid_post: [26330 33611 31212 22871  6179 38439 32715 27781   102  1053 41157  9275
  4908 11216 38165 36843 18239 47025  9812  1736]
Bottom sampled image indices for blocks.7.hook_resid_post: [49246 45563 36029  3513 24926 28855  6046 45953 34962  3488 46588 47993
 43862 15629 11517 38633 21173  8906 42754 27081]
Neuron 402, Layer 7, Layer Type hook_resid_post
Saved image to /network/scratch/s/sonia.joseph/CLIP_AUDIT/sampled_images/CLIP-ViT-B-32-DataComp.XL-s13B-b90K//layer_7/neuron_402/hook_resid_post/max/top/neuron_402_layer_7_top_max_hook_resid_post.png
Saved image to /network/scratch/s/sonia.joseph/CLIP_AUDIT/sampled_images/CLIP-ViT-B-32-DataComp.XL-s13B-b90K//layer_7/neuron_402/hook_resid_post/max/bottom/neuron_402_layer_7_bottom_max_hook_resid_post.png
Activations shape for blocks.7.mlp.hook_post (49984, 50)
Type of sampling: max
Top sampled image indices for blocks.7.mlp.hook_post: [30634 46093 23484 21901 10218 20275 27800 32954 36871 44188 46026  2340
 49963 39268 36828 27083 46090 28843 42416 48157]
Bottom sampled image indices for blocks.7.mlp.hook_post: [10065   255  7507  5143 12547 27245 49966  5580 19148 39402 47884 47510
 14970 33072 22902  4431 25890 14213 18347 39709]
Neuron 402, Layer 7, Layer Type hook_post
Saved image to /network/scratch/s/sonia.joseph/CLIP_AUDIT/sampled_images/CLIP-ViT-B-32-DataComp.XL-s13B-b90K//layer_7/neuron_402/hook_post/max/top/neuron_402_layer_7_top_max_hook_post.png
Saved image to /network/scratch/s/sonia.joseph/CLIP_AUDIT/sampled_images/CLIP-ViT-B-32-DataComp.XL-s13B-b90K//layer_7/neuron_402/hook_post/max/bottom/neuron_402_layer_7_bottom_max_hook_post.png
Activations shape for blocks.7.hook_mlp_out (49984, 50)
Type of sampling: max
Top sampled image indices for blocks.7.hook_mlp_out: [44694 13710 25388 37723 14833  4491  1279 17812 13261  1870 37104  7873
 18613 45825 39337 49054 12660 47388 41303 36106]
Bottom sampled image indices for blocks.7.hook_mlp_out: [ 1534 11674  1948 16747 10772 26430 20826 35649 32340 31906 22577 17680
 39356 42001 30594 13627   635 30261 11621 12345]
Neuron 550, Layer 7, Layer Type hook_mlp_out
Saved image to /network/scratch/s/sonia.joseph/CLIP_AUDIT/sampled_images/CLIP-ViT-B-32-DataComp.XL-s13B-b90K//layer_7/neuron_550/hook_mlp_out/max/top/neuron_550_layer_7_top_max_hook_mlp_out.png
Saved image to /network/scratch/s/sonia.joseph/CLIP_AUDIT/sampled_images/CLIP-ViT-B-32-DataComp.XL-s13B-b90K//layer_7/neuron_550/hook_mlp_out/max/bottom/neuron_550_layer_7_bottom_max_hook_mlp_out.png
Activations shape for blocks.7.hook_resid_post (49984, 50)
Type of sampling: max
Top sampled image indices for blocks.7.hook_resid_post: [ 4313 15926  7279 16478  1870  8964 31070 30887 12578  5666 32775 13526
 18613 39361 30744 45821 30934 22514 49010  9558]
Bottom sampled image indices for blocks.7.hook_resid_post: [20270 33439 48313 28805 46991 30179 25277  5782 37062   303 15888 28855
 37516 24270 35970 25560  1588 30116 12348 29059]
Neuron 550, Layer 7, Layer Type hook_resid_post
Saved image to /network/scratch/s/sonia.joseph/CLIP_AUDIT/sampled_images/CLIP-ViT-B-32-DataComp.XL-s13B-b90K//layer_7/neuron_550/hook_resid_post/max/top/neuron_550_layer_7_top_max_hook_resid_post.png
Saved image to /network/scratch/s/sonia.joseph/CLIP_AUDIT/sampled_images/CLIP-ViT-B-32-DataComp.XL-s13B-b90K//layer_7/neuron_550/hook_resid_post/max/bottom/neuron_550_layer_7_bottom_max_hook_resid_post.png
Activations shape for blocks.7.mlp.hook_post (49984, 50)
Type of sampling: max
Top sampled image indices for blocks.7.mlp.hook_post: [12879  4359 32662 29902 12793  5243 31665 34189 29688   220 44023 38476
 28269 48153  6834 11859 45689 45606 19152 28049]
Bottom sampled image indices for blocks.7.mlp.hook_post: [41491 34518 46771 18961 11173 12208 33601 39868 44869  2969 27656 14438
  4355 46876  1434  1552 19871 40519 18537 35699]
Neuron 550, Layer 7, Layer Type hook_post
Saved image to /network/scratch/s/sonia.joseph/CLIP_AUDIT/sampled_images/CLIP-ViT-B-32-DataComp.XL-s13B-b90K//layer_7/neuron_550/hook_post/max/top/neuron_550_layer_7_top_max_hook_post.png
Saved image to /network/scratch/s/sonia.joseph/CLIP_AUDIT/sampled_images/CLIP-ViT-B-32-DataComp.XL-s13B-b90K//layer_7/neuron_550/hook_post/max/bottom/neuron_550_layer_7_bottom_max_hook_post.png
Activations shape for blocks.7.hook_mlp_out (49984, 50)
Type of sampling: max
Top sampled image indices for blocks.7.hook_mlp_out: [11093  6899 26479 17825 32326 17451   579 21848 39095 38805 22714 48419
 48063 14022 19176   933 47305 30610 39713 42418]
Bottom sampled image indices for blocks.7.hook_mlp_out: [34424 47155 42452 12487  9046 38329   320 32201 47227 13252 45159 44299
 48086 38754 18523 26138 33421 27153  7312 46646]
Neuron 693, Layer 7, Layer Type hook_mlp_out
Saved image to /network/scratch/s/sonia.joseph/CLIP_AUDIT/sampled_images/CLIP-ViT-B-32-DataComp.XL-s13B-b90K//layer_7/neuron_693/hook_mlp_out/max/top/neuron_693_layer_7_top_max_hook_mlp_out.png
Saved image to /network/scratch/s/sonia.joseph/CLIP_AUDIT/sampled_images/CLIP-ViT-B-32-DataComp.XL-s13B-b90K//layer_7/neuron_693/hook_mlp_out/max/bottom/neuron_693_layer_7_bottom_max_hook_mlp_out.png
Activations shape for blocks.7.hook_resid_post (49984, 50)
Type of sampling: max
Top sampled image indices for blocks.7.hook_resid_post: [34097 37716  6140 22396  9895 42095 30843  3621 48178 16630 33959  9027
 12652 38393 32070 30610 40666 29712 26617 44820]
Bottom sampled image indices for blocks.7.hook_resid_post: [ 9683 17918 17852 23700 27692 34334 33147 21871 21055 10553 40794 28829
 38772 17195 40065 48407  5474 20428 19189 20425]
Neuron 693, Layer 7, Layer Type hook_resid_post
Saved image to /network/scratch/s/sonia.joseph/CLIP_AUDIT/sampled_images/CLIP-ViT-B-32-DataComp.XL-s13B-b90K//layer_7/neuron_693/hook_resid_post/max/top/neuron_693_layer_7_top_max_hook_resid_post.png
Saved image to /network/scratch/s/sonia.joseph/CLIP_AUDIT/sampled_images/CLIP-ViT-B-32-DataComp.XL-s13B-b90K//layer_7/neuron_693/hook_resid_post/max/bottom/neuron_693_layer_7_bottom_max_hook_resid_post.png
Activations shape for blocks.7.mlp.hook_post (49984, 50)
Type of sampling: max
Top sampled image indices for blocks.7.mlp.hook_post: [23458 22040 23152 43629 48330 32302 41551 41139 18904 16888 11987 33257
 18983 38531 36185 41612 21940 28066 40685 49757]
Bottom sampled image indices for blocks.7.mlp.hook_post: [21453 40804 32842 23347  1526 42516  1294 11271 41209 16169 14532 39991
 49235 11795 48289  8376 29475 15678  5531 45176]
Neuron 693, Layer 7, Layer Type hook_post
Saved image to /network/scratch/s/sonia.joseph/CLIP_AUDIT/sampled_images/CLIP-ViT-B-32-DataComp.XL-s13B-b90K//layer_7/neuron_693/hook_post/max/top/neuron_693_layer_7_top_max_hook_post.png
Saved image to /network/scratch/s/sonia.joseph/CLIP_AUDIT/sampled_images/CLIP-ViT-B-32-DataComp.XL-s13B-b90K//layer_7/neuron_693/hook_post/max/bottom/neuron_693_layer_7_bottom_max_hook_post.png
Activations shape for blocks.7.hook_mlp_out (49984, 50)
Type of sampling: max
Top sampled image indices for blocks.7.hook_mlp_out: [ 9633 21359 42489  4122 21457 46358 10066  7893 24896 16615 14601  3099
 38880 32519  8300 46334 47611 10479 14736 34709]
Bottom sampled image indices for blocks.7.hook_mlp_out: [47826  8847 16346 25050 18580 27456 19423 19428 17755 13622 36910 40446
 25968 15222 31070 28778 37763 42529 17436 13773]
Neuron 684, Layer 7, Layer Type hook_mlp_out
Saved image to /network/scratch/s/sonia.joseph/CLIP_AUDIT/sampled_images/CLIP-ViT-B-32-DataComp.XL-s13B-b90K//layer_7/neuron_684/hook_mlp_out/max/top/neuron_684_layer_7_top_max_hook_mlp_out.png
Saved image to /network/scratch/s/sonia.joseph/CLIP_AUDIT/sampled_images/CLIP-ViT-B-32-DataComp.XL-s13B-b90K//layer_7/neuron_684/hook_mlp_out/max/bottom/neuron_684_layer_7_bottom_max_hook_mlp_out.png
Activations shape for blocks.7.hook_resid_post (49984, 50)
Type of sampling: max
Top sampled image indices for blocks.7.hook_resid_post: [26742  5123 25633  1142 16813 48564 35000 33956 10066 11117 42687  9549
 21894 47073  6587  7440 40153  3172 34559  8138]
Bottom sampled image indices for blocks.7.hook_resid_post: [ 9683 48793 24321 37062 20937 25103 45649 10245 46741 43643 48071 11129
  9590 23155 36380 40632  7810 22937 38864 34748]
Neuron 684, Layer 7, Layer Type hook_resid_post
Saved image to /network/scratch/s/sonia.joseph/CLIP_AUDIT/sampled_images/CLIP-ViT-B-32-DataComp.XL-s13B-b90K//layer_7/neuron_684/hook_resid_post/max/top/neuron_684_layer_7_top_max_hook_resid_post.png
Saved image to /network/scratch/s/sonia.joseph/CLIP_AUDIT/sampled_images/CLIP-ViT-B-32-DataComp.XL-s13B-b90K//layer_7/neuron_684/hook_resid_post/max/bottom/neuron_684_layer_7_bottom_max_hook_resid_post.png
Activations shape for blocks.7.mlp.hook_post (49984, 50)
Type of sampling: max
Top sampled image indices for blocks.7.mlp.hook_post: [21510 27384  2236  8740 20596  4523 29906 44529 36881 38852 43928 28836
 45940 30206 10559 49505 20832 45880  7657  6268]
Bottom sampled image indices for blocks.7.mlp.hook_post: [ 7715  5024 41706 40697 36850 32319 13938 46631 14483  6413 21095 21512
  2938  7860  4836 38680  2036 16690  7137 21202]
Neuron 684, Layer 7, Layer Type hook_post
Saved image to /network/scratch/s/sonia.joseph/CLIP_AUDIT/sampled_images/CLIP-ViT-B-32-DataComp.XL-s13B-b90K//layer_7/neuron_684/hook_post/max/top/neuron_684_layer_7_top_max_hook_post.png
Saved image to /network/scratch/s/sonia.joseph/CLIP_AUDIT/sampled_images/CLIP-ViT-B-32-DataComp.XL-s13B-b90K//layer_7/neuron_684/hook_post/max/bottom/neuron_684_layer_7_bottom_max_hook_post.png
Activations shape for blocks.7.hook_mlp_out (49984, 50)
Type of sampling: max
Top sampled image indices for blocks.7.hook_mlp_out: [25464   670 22738 25158 44982 41352 24657 30833 29295  3965 38059 10946
  5232 46200 29080 24200  8066 33421 47306 25641]
Bottom sampled image indices for blocks.7.hook_mlp_out: [21690  6700 29264 17607 28051 32066 24328 43374 22277  5173 12345 32793
 49521  3699 13761 32963 36993  7790 34504 31235]
Neuron 224, Layer 7, Layer Type hook_mlp_out
Saved image to /network/scratch/s/sonia.joseph/CLIP_AUDIT/sampled_images/CLIP-ViT-B-32-DataComp.XL-s13B-b90K//layer_7/neuron_224/hook_mlp_out/max/top/neuron_224_layer_7_top_max_hook_mlp_out.png
Saved image to /network/scratch/s/sonia.joseph/CLIP_AUDIT/sampled_images/CLIP-ViT-B-32-DataComp.XL-s13B-b90K//layer_7/neuron_224/hook_mlp_out/max/bottom/neuron_224_layer_7_bottom_max_hook_mlp_out.png
Activations shape for blocks.7.hook_resid_post (49984, 50)
Type of sampling: max
Top sampled image indices for blocks.7.hook_resid_post: [31265  8190 10762 39496 44190 26849 43809 49426  8066 23753  1142  1028
   284 19746 18623 25641 20476 49412 47306 16087]
Bottom sampled image indices for blocks.7.hook_resid_post: [33635  3043 10032 37415 37060 34730  4998  8376 48429 37543 37637 46992
  5060 30164 15729 29791  1197 15724 19778 39726]
Neuron 224, Layer 7, Layer Type hook_resid_post
Saved image to /network/scratch/s/sonia.joseph/CLIP_AUDIT/sampled_images/CLIP-ViT-B-32-DataComp.XL-s13B-b90K//layer_7/neuron_224/hook_resid_post/max/top/neuron_224_layer_7_top_max_hook_resid_post.png
Saved image to /network/scratch/s/sonia.joseph/CLIP_AUDIT/sampled_images/CLIP-ViT-B-32-DataComp.XL-s13B-b90K//layer_7/neuron_224/hook_resid_post/max/bottom/neuron_224_layer_7_bottom_max_hook_resid_post.png
Activations shape for blocks.7.mlp.hook_post (49984, 50)
Type of sampling: max
Top sampled image indices for blocks.7.mlp.hook_post: [11547 12328 41239 31369 26415 49093 29355  8519   545  1677 12501 28125
 38769 26043 13201 40124  9521 16999 33734 11732]
Bottom sampled image indices for blocks.7.mlp.hook_post: [25935 28192 44293  2185 43502 30201 11305 19710 38225 38207  4070 19935
 29419 21305 30943  8236 36642 42088 24337  3665]
Neuron 224, Layer 7, Layer Type hook_post
Saved image to /network/scratch/s/sonia.joseph/CLIP_AUDIT/sampled_images/CLIP-ViT-B-32-DataComp.XL-s13B-b90K//layer_7/neuron_224/hook_post/max/top/neuron_224_layer_7_top_max_hook_post.png
Saved image to /network/scratch/s/sonia.joseph/CLIP_AUDIT/sampled_images/CLIP-ViT-B-32-DataComp.XL-s13B-b90K//layer_7/neuron_224/hook_post/max/bottom/neuron_224_layer_7_bottom_max_hook_post.png
Activations shape for blocks.7.hook_mlp_out (49984, 50)
Type of sampling: max
Top sampled image indices for blocks.7.hook_mlp_out: [ 3852 30996  4146 44784 22576    92  1646 44190  1660  3619 30345 36819
  5302  4464  3878  6157 31484 17585 49654 22030]
Bottom sampled image indices for blocks.7.hook_mlp_out: [35751 34504 44092  4591 32620  3661 48856  7802 34778 34875 25943  3454
 46641 19939 48416 49940 45091  2841 49797 48304]
Neuron 95, Layer 7, Layer Type hook_mlp_out
Saved image to /network/scratch/s/sonia.joseph/CLIP_AUDIT/sampled_images/CLIP-ViT-B-32-DataComp.XL-s13B-b90K//layer_7/neuron_95/hook_mlp_out/max/top/neuron_95_layer_7_top_max_hook_mlp_out.png
Saved image to /network/scratch/s/sonia.joseph/CLIP_AUDIT/sampled_images/CLIP-ViT-B-32-DataComp.XL-s13B-b90K//layer_7/neuron_95/hook_mlp_out/max/bottom/neuron_95_layer_7_bottom_max_hook_mlp_out.png
Activations shape for blocks.7.hook_resid_post (49984, 50)
Type of sampling: max
Top sampled image indices for blocks.7.hook_resid_post: [10824  2009  2021  7709 44784 47880 39236 27158  4317 24104  3472 12373
 38380 32861 12689  3852 15802 49633  6157  5302]
Bottom sampled image indices for blocks.7.hook_resid_post: [35970  4982 32614 26550 26601 26368 18214 12529   393 20187 49884  5138
 35159 19153 41889  7398 30085 16570   323 20000]
Neuron 95, Layer 7, Layer Type hook_resid_post
Saved image to /network/scratch/s/sonia.joseph/CLIP_AUDIT/sampled_images/CLIP-ViT-B-32-DataComp.XL-s13B-b90K//layer_7/neuron_95/hook_resid_post/max/top/neuron_95_layer_7_top_max_hook_resid_post.png
Saved image to /network/scratch/s/sonia.joseph/CLIP_AUDIT/sampled_images/CLIP-ViT-B-32-DataComp.XL-s13B-b90K//layer_7/neuron_95/hook_resid_post/max/bottom/neuron_95_layer_7_bottom_max_hook_resid_post.png
Activations shape for blocks.7.mlp.hook_post (49984, 50)
Type of sampling: max
Top sampled image indices for blocks.7.mlp.hook_post: [39291 49764 37250  9260 13229 43065 33821 49134 18714 11526 44062 21187
  2399 34226 49428 21502 11306 30992 19871 41071]
Bottom sampled image indices for blocks.7.mlp.hook_post: [46127 38842 32048 42937 43595 10438  7274  7828  3712 47599 36136 10287
  6631 49625 24403 28714 23333  3704 17153  3344]
Neuron 95, Layer 7, Layer Type hook_post
Saved image to /network/scratch/s/sonia.joseph/CLIP_AUDIT/sampled_images/CLIP-ViT-B-32-DataComp.XL-s13B-b90K//layer_7/neuron_95/hook_post/max/top/neuron_95_layer_7_top_max_hook_post.png
Saved image to /network/scratch/s/sonia.joseph/CLIP_AUDIT/sampled_images/CLIP-ViT-B-32-DataComp.XL-s13B-b90K//layer_7/neuron_95/hook_post/max/bottom/neuron_95_layer_7_bottom_max_hook_post.png
Activations shape for blocks.7.hook_mlp_out (49984, 50)
Type of sampling: max
Top sampled image indices for blocks.7.hook_mlp_out: [26870 31164 21311 12416 40156 40174  4153 45382 14566 44517 27193 13147
 42129 33728 14095 44739 29099 12857 28831 34912]
Bottom sampled image indices for blocks.7.hook_mlp_out: [19125 34861 49318 31071 47993 47344 20493 31046 45924 22182  1980 18229
 28541 37364 33261 38918 21406 45922 27294 37062]
Neuron 216, Layer 7, Layer Type hook_mlp_out
Saved image to /network/scratch/s/sonia.joseph/CLIP_AUDIT/sampled_images/CLIP-ViT-B-32-DataComp.XL-s13B-b90K//layer_7/neuron_216/hook_mlp_out/max/top/neuron_216_layer_7_top_max_hook_mlp_out.png
Saved image to /network/scratch/s/sonia.joseph/CLIP_AUDIT/sampled_images/CLIP-ViT-B-32-DataComp.XL-s13B-b90K//layer_7/neuron_216/hook_mlp_out/max/bottom/neuron_216_layer_7_bottom_max_hook_mlp_out.png
Activations shape for blocks.7.hook_resid_post (49984, 50)
Type of sampling: max
Top sampled image indices for blocks.7.hook_resid_post: [24968 20369 49923  9626 23127 48320 35925 46471  4721 23618 19187  7381
 42774  7701 32478 17500 45891  1677 14336 38457]
Bottom sampled image indices for blocks.7.hook_resid_post: [17957  8710 14435 24321 43808  8413 25397 32169 49077 39304 31071 24935
 31225 42610 48073  2822 17838  6003 19871  4442]
Neuron 216, Layer 7, Layer Type hook_resid_post
Saved image to /network/scratch/s/sonia.joseph/CLIP_AUDIT/sampled_images/CLIP-ViT-B-32-DataComp.XL-s13B-b90K//layer_7/neuron_216/hook_resid_post/max/top/neuron_216_layer_7_top_max_hook_resid_post.png
Saved image to /network/scratch/s/sonia.joseph/CLIP_AUDIT/sampled_images/CLIP-ViT-B-32-DataComp.XL-s13B-b90K//layer_7/neuron_216/hook_resid_post/max/bottom/neuron_216_layer_7_bottom_max_hook_resid_post.png
Activations shape for blocks.7.mlp.hook_post (49984, 50)
Type of sampling: max
Top sampled image indices for blocks.7.mlp.hook_post: [28381 26242 29809  3312 42682  2497 39216 46814 36751 49609 37130 33570
 35021 19493 22140  8241 22443 19464 45589 45429]
Bottom sampled image indices for blocks.7.mlp.hook_post: [16747 21844 36191  7308 48244 32860 10373 40592  6707 49028 13866 19778
 15688  4092   760 36119 45466 11144 30342 49220]
Neuron 216, Layer 7, Layer Type hook_post
Saved image to /network/scratch/s/sonia.joseph/CLIP_AUDIT/sampled_images/CLIP-ViT-B-32-DataComp.XL-s13B-b90K//layer_7/neuron_216/hook_post/max/top/neuron_216_layer_7_top_max_hook_post.png
Saved image to /network/scratch/s/sonia.joseph/CLIP_AUDIT/sampled_images/CLIP-ViT-B-32-DataComp.XL-s13B-b90K//layer_7/neuron_216/hook_post/max/bottom/neuron_216_layer_7_bottom_max_hook_post.png
Activations shape for blocks.7.hook_mlp_out (49984, 50)
Type of sampling: max
Top sampled image indices for blocks.7.hook_mlp_out: [34160  9507 43286 19029  2441 23904 13797 27766 44665 36444 10953 12193
 47417 41574 37628 44957 32282  3637 16078 21895]
Bottom sampled image indices for blocks.7.hook_mlp_out: [20211  2497 27153 45563 28244 19148 31208 48349 44859 32838 28581  3380
 30387  9701 41306 49475 48682 23587 13791 42920]
Neuron 343, Layer 7, Layer Type hook_mlp_out
Saved image to /network/scratch/s/sonia.joseph/CLIP_AUDIT/sampled_images/CLIP-ViT-B-32-DataComp.XL-s13B-b90K//layer_7/neuron_343/hook_mlp_out/max/top/neuron_343_layer_7_top_max_hook_mlp_out.png
Saved image to /network/scratch/s/sonia.joseph/CLIP_AUDIT/sampled_images/CLIP-ViT-B-32-DataComp.XL-s13B-b90K//layer_7/neuron_343/hook_mlp_out/max/bottom/neuron_343_layer_7_bottom_max_hook_mlp_out.png
Activations shape for blocks.7.hook_resid_post (49984, 50)
Type of sampling: max
Top sampled image indices for blocks.7.hook_resid_post: [35139  2202 38709 12707 19050 28151 10016 47417 37202 15421 30253 33421
 39293 28844 23189 42677 30817 25318 22430 32182]
Bottom sampled image indices for blocks.7.hook_resid_post: [23902 42410 47142 22243 13720 19148 25938 13442 24242 14500 49969 37377
 13791 48374  3380   606 11912 12078 13428 17525]
Neuron 343, Layer 7, Layer Type hook_resid_post
Saved image to /network/scratch/s/sonia.joseph/CLIP_AUDIT/sampled_images/CLIP-ViT-B-32-DataComp.XL-s13B-b90K//layer_7/neuron_343/hook_resid_post/max/top/neuron_343_layer_7_top_max_hook_resid_post.png
Saved image to /network/scratch/s/sonia.joseph/CLIP_AUDIT/sampled_images/CLIP-ViT-B-32-DataComp.XL-s13B-b90K//layer_7/neuron_343/hook_resid_post/max/bottom/neuron_343_layer_7_bottom_max_hook_resid_post.png
Activations shape for blocks.7.mlp.hook_post (49984, 50)
Type of sampling: max
Top sampled image indices for blocks.7.mlp.hook_post: [ 6005 10167 27153 18857 43852 33870 11478 10932 16486 49555   198 43325
 41093 47451 16999 22243 26684 40005 36323 32282]
Bottom sampled image indices for blocks.7.mlp.hook_post: [16774 32478 36161  3609 12422  1766  9683 47133 18849 47340 39927 39107
 10550 16969 37556 28586 32783 49210 18282 47181]
Neuron 343, Layer 7, Layer Type hook_post
Saved image to /network/scratch/s/sonia.joseph/CLIP_AUDIT/sampled_images/CLIP-ViT-B-32-DataComp.XL-s13B-b90K//layer_7/neuron_343/hook_post/max/top/neuron_343_layer_7_top_max_hook_post.png
Saved image to /network/scratch/s/sonia.joseph/CLIP_AUDIT/sampled_images/CLIP-ViT-B-32-DataComp.XL-s13B-b90K//layer_7/neuron_343/hook_post/max/bottom/neuron_343_layer_7_bottom_max_hook_post.png
Activations shape for blocks.7.hook_mlp_out (49984, 50)
Type of sampling: max
Top sampled image indices for blocks.7.hook_mlp_out: [35429  2916 13439 28487 22586 22272 10020 33032 46633 45008 13971 15632
 46867 37964 26085 25313  1498 24014 16026 13054]
Bottom sampled image indices for blocks.7.hook_mlp_out: [ 7381 21305 43272 43023  3388  2290 17882 18657 34884 17110 15479 24337
  9410 37420 24875 10194 31225 10402 41178 48500]
Neuron 55, Layer 7, Layer Type hook_mlp_out
Saved image to /network/scratch/s/sonia.joseph/CLIP_AUDIT/sampled_images/CLIP-ViT-B-32-DataComp.XL-s13B-b90K//layer_7/neuron_55/hook_mlp_out/max/top/neuron_55_layer_7_top_max_hook_mlp_out.png
Saved image to /network/scratch/s/sonia.joseph/CLIP_AUDIT/sampled_images/CLIP-ViT-B-32-DataComp.XL-s13B-b90K//layer_7/neuron_55/hook_mlp_out/max/bottom/neuron_55_layer_7_bottom_max_hook_mlp_out.png
Activations shape for blocks.7.hook_resid_post (49984, 50)
Type of sampling: max
Top sampled image indices for blocks.7.hook_resid_post: [11889 12753 35325 49866 10096  6617 31315 38375 26379 24640 35077 25435
 34317 43527 26967  7940 23290 24512 45604  5076]
Bottom sampled image indices for blocks.7.hook_resid_post: [33583  1719 33480  5839  2650  3425 34748 10260 20140 28241 22096 36857
 38008  1934 35544 19044 35275 21842 43322 21571]
Neuron 55, Layer 7, Layer Type hook_resid_post
Saved image to /network/scratch/s/sonia.joseph/CLIP_AUDIT/sampled_images/CLIP-ViT-B-32-DataComp.XL-s13B-b90K//layer_7/neuron_55/hook_resid_post/max/top/neuron_55_layer_7_top_max_hook_resid_post.png
Saved image to /network/scratch/s/sonia.joseph/CLIP_AUDIT/sampled_images/CLIP-ViT-B-32-DataComp.XL-s13B-b90K//layer_7/neuron_55/hook_resid_post/max/bottom/neuron_55_layer_7_bottom_max_hook_resid_post.png
Activations shape for blocks.7.mlp.hook_post (49984, 50)
Type of sampling: max
Top sampled image indices for blocks.7.mlp.hook_post: [36111 19142 44536 14196 48185  8335 20623 15733 26469 18834 15000 28994
 22086 33184  5062 21115  3884 32926 25071  2579]
Bottom sampled image indices for blocks.7.mlp.hook_post: [ 4967 27936 30348  5804 33760   730 36635 15657 25636 37115 11488 47463
 32255 26296 35563 46986 32011  6873 13129  1616]
Neuron 55, Layer 7, Layer Type hook_post
Saved image to /network/scratch/s/sonia.joseph/CLIP_AUDIT/sampled_images/CLIP-ViT-B-32-DataComp.XL-s13B-b90K//layer_7/neuron_55/hook_post/max/top/neuron_55_layer_7_top_max_hook_post.png
Saved image to /network/scratch/s/sonia.joseph/CLIP_AUDIT/sampled_images/CLIP-ViT-B-32-DataComp.XL-s13B-b90K//layer_7/neuron_55/hook_post/max/bottom/neuron_55_layer_7_bottom_max_hook_post.png
Activations shape for blocks.7.hook_mlp_out (49984, 50)
Type of sampling: max
Top sampled image indices for blocks.7.hook_mlp_out: [40926 40830 40125 29988 12260  6718   625  7826 34373 37318 10730 28527
 48425 40402 20972 15453 35147  8352 31873 31315]
Bottom sampled image indices for blocks.7.hook_mlp_out: [15926 47966 30210  7433 15769 15971 23350 46607 38329 28050  1695 24020
 38196    76 13595    44 49544 16822 48251 30175]
Neuron 650, Layer 7, Layer Type hook_mlp_out
Saved image to /network/scratch/s/sonia.joseph/CLIP_AUDIT/sampled_images/CLIP-ViT-B-32-DataComp.XL-s13B-b90K//layer_7/neuron_650/hook_mlp_out/max/top/neuron_650_layer_7_top_max_hook_mlp_out.png
Saved image to /network/scratch/s/sonia.joseph/CLIP_AUDIT/sampled_images/CLIP-ViT-B-32-DataComp.XL-s13B-b90K//layer_7/neuron_650/hook_mlp_out/max/bottom/neuron_650_layer_7_bottom_max_hook_mlp_out.png
Activations shape for blocks.7.hook_resid_post (49984, 50)
Type of sampling: max
Top sampled image indices for blocks.7.hook_resid_post: [30792  2222 33959  9167 20194 30243  2794 26996 35074 16933 27292 25106
 23667  2804    80  9042 17855 45982 35484 28527]
Bottom sampled image indices for blocks.7.hook_resid_post: [ 4752 28481 14344 49330  8377 32405 10124 16861  8623 47534 12523 43683
 23218 47966 14593 38177  9092 34962 43604 28702]
Neuron 650, Layer 7, Layer Type hook_resid_post
Saved image to /network/scratch/s/sonia.joseph/CLIP_AUDIT/sampled_images/CLIP-ViT-B-32-DataComp.XL-s13B-b90K//layer_7/neuron_650/hook_resid_post/max/top/neuron_650_layer_7_top_max_hook_resid_post.png
Saved image to /network/scratch/s/sonia.joseph/CLIP_AUDIT/sampled_images/CLIP-ViT-B-32-DataComp.XL-s13B-b90K//layer_7/neuron_650/hook_resid_post/max/bottom/neuron_650_layer_7_bottom_max_hook_resid_post.png
Activations shape for blocks.7.mlp.hook_post (49984, 50)
Type of sampling: max
Top sampled image indices for blocks.7.mlp.hook_post: [44387 36171 31788 44014 31328 47156 46926 48644 30766  6639 42165 14530
  3612 26771 44805  8108 46820  1517  8670 41412]
Bottom sampled image indices for blocks.7.mlp.hook_post: [24480 28355 20171  2585  8035 34110 11971 47509 16790 27422 17351 11337
 48244 19052 29284 11974 14762 12348 16500 11626]
Neuron 650, Layer 7, Layer Type hook_post
Saved image to /network/scratch/s/sonia.joseph/CLIP_AUDIT/sampled_images/CLIP-ViT-B-32-DataComp.XL-s13B-b90K//layer_7/neuron_650/hook_post/max/top/neuron_650_layer_7_top_max_hook_post.png
Saved image to /network/scratch/s/sonia.joseph/CLIP_AUDIT/sampled_images/CLIP-ViT-B-32-DataComp.XL-s13B-b90K//layer_7/neuron_650/hook_post/max/bottom/neuron_650_layer_7_bottom_max_hook_post.png
Activations shape for blocks.7.hook_mlp_out (49984, 50)
Type of sampling: max
Top sampled image indices for blocks.7.hook_mlp_out: [39879 30338 38688  5506  8969 21761 37067 29629 16050 37909 49311 33193
 30437 33157 19490 18324 18170  5876 41638 17092]
Bottom sampled image indices for blocks.7.hook_mlp_out: [33471 16322 10373 18894 22930 36075  6606 48839 38431 45511  5889 13304
 28521 28968 35027 44142 48803 28979 38918 14276]
Neuron 737, Layer 7, Layer Type hook_mlp_out
Saved image to /network/scratch/s/sonia.joseph/CLIP_AUDIT/sampled_images/CLIP-ViT-B-32-DataComp.XL-s13B-b90K//layer_7/neuron_737/hook_mlp_out/max/top/neuron_737_layer_7_top_max_hook_mlp_out.png
Saved image to /network/scratch/s/sonia.joseph/CLIP_AUDIT/sampled_images/CLIP-ViT-B-32-DataComp.XL-s13B-b90K//layer_7/neuron_737/hook_mlp_out/max/bottom/neuron_737_layer_7_bottom_max_hook_mlp_out.png
Activations shape for blocks.7.hook_resid_post (49984, 50)
Type of sampling: max
Top sampled image indices for blocks.7.hook_resid_post: [45862 30037 25862 33586 31697 42843 41200 32799 24122  3099 28508 11101
 49659 14856  4118 30437 45242  8012 25727 48677]
Bottom sampled image indices for blocks.7.hook_resid_post: [15790 16322 47946 35970 47387 32169 29530 34356  5862 27128 17523  2215
 40088 43428 46342  6339 12430 48921 28258 23520]
Neuron 737, Layer 7, Layer Type hook_resid_post
Saved image to /network/scratch/s/sonia.joseph/CLIP_AUDIT/sampled_images/CLIP-ViT-B-32-DataComp.XL-s13B-b90K//layer_7/neuron_737/hook_resid_post/max/top/neuron_737_layer_7_top_max_hook_resid_post.png
Saved image to /network/scratch/s/sonia.joseph/CLIP_AUDIT/sampled_images/CLIP-ViT-B-32-DataComp.XL-s13B-b90K//layer_7/neuron_737/hook_resid_post/max/bottom/neuron_737_layer_7_bottom_max_hook_resid_post.png
Activations shape for blocks.7.mlp.hook_post (49984, 50)
Type of sampling: max
Top sampled image indices for blocks.7.mlp.hook_post: [40301 48214 28469 14932 49572 13824 18048 16248 46346 15476 48648 19577
 35784 19321 15546 20654 25380 31607 11663  8690]
Bottom sampled image indices for blocks.7.mlp.hook_post: [ 5433 35484 41209  7379 46957 19141   390 32575 29184 23341 10994 36542
 21276 19152 25417 33212 17155 44011 48485 48314]
Neuron 737, Layer 7, Layer Type hook_post
Saved image to /network/scratch/s/sonia.joseph/CLIP_AUDIT/sampled_images/CLIP-ViT-B-32-DataComp.XL-s13B-b90K//layer_7/neuron_737/hook_post/max/top/neuron_737_layer_7_top_max_hook_post.png
Saved image to /network/scratch/s/sonia.joseph/CLIP_AUDIT/sampled_images/CLIP-ViT-B-32-DataComp.XL-s13B-b90K//layer_7/neuron_737/hook_post/max/bottom/neuron_737_layer_7_bottom_max_hook_post.png
Activations shape for blocks.7.hook_mlp_out (49984, 50)
Type of sampling: max
Top sampled image indices for blocks.7.hook_mlp_out: [16279 14354  5186 27205 42270  6716  7406 16778 24943 46395 37333 15148
 36401  7352  9428  4157 35233 38012 11303 42115]
Bottom sampled image indices for blocks.7.hook_mlp_out: [46227 42700   696 18634 25615 39044 19031 26912 36465 48918 31985 19013
 12950  6566 18647 38757 46620 14276 48765  4208]
Neuron 336, Layer 7, Layer Type hook_mlp_out
Saved image to /network/scratch/s/sonia.joseph/CLIP_AUDIT/sampled_images/CLIP-ViT-B-32-DataComp.XL-s13B-b90K//layer_7/neuron_336/hook_mlp_out/max/top/neuron_336_layer_7_top_max_hook_mlp_out.png
Saved image to /network/scratch/s/sonia.joseph/CLIP_AUDIT/sampled_images/CLIP-ViT-B-32-DataComp.XL-s13B-b90K//layer_7/neuron_336/hook_mlp_out/max/bottom/neuron_336_layer_7_bottom_max_hook_mlp_out.png
Activations shape for blocks.7.hook_resid_post (49984, 50)
Type of sampling: max
Top sampled image indices for blocks.7.hook_resid_post: [23467 24190 22450 29827 34325  8642  4258  9276 49587 41037 11303 47128
 16279  5351 30297 30792 18408 43228 32255 42115]
Bottom sampled image indices for blocks.7.hook_resid_post: [45899 34116  9741 37820 28828 39044 25534 20691 17823 46116 41726 17053
 25269 45295  1881  4840 41571 49599  3004 45373]
Neuron 336, Layer 7, Layer Type hook_resid_post
Saved image to /network/scratch/s/sonia.joseph/CLIP_AUDIT/sampled_images/CLIP-ViT-B-32-DataComp.XL-s13B-b90K//layer_7/neuron_336/hook_resid_post/max/top/neuron_336_layer_7_top_max_hook_resid_post.png
Saved image to /network/scratch/s/sonia.joseph/CLIP_AUDIT/sampled_images/CLIP-ViT-B-32-DataComp.XL-s13B-b90K//layer_7/neuron_336/hook_resid_post/max/bottom/neuron_336_layer_7_bottom_max_hook_resid_post.png
Activations shape for blocks.7.mlp.hook_post (49984, 50)
Type of sampling: max
Top sampled image indices for blocks.7.mlp.hook_post: [20662 15892  8610 23680 30196  8037 36304  4357  5472 27888 13717 46464
 18725 43246  5212 29548 10338  8637 21153 41263]
Bottom sampled image indices for blocks.7.mlp.hook_post: [49485 34952 42260 14625  5195 28232 36800 17922  4622 41180 26070  4635
 10369  3331 11037 34275 33115 35240 38350  9516]
Neuron 336, Layer 7, Layer Type hook_post
Saved image to /network/scratch/s/sonia.joseph/CLIP_AUDIT/sampled_images/CLIP-ViT-B-32-DataComp.XL-s13B-b90K//layer_7/neuron_336/hook_post/max/top/neuron_336_layer_7_top_max_hook_post.png
Saved image to /network/scratch/s/sonia.joseph/CLIP_AUDIT/sampled_images/CLIP-ViT-B-32-DataComp.XL-s13B-b90K//layer_7/neuron_336/hook_post/max/bottom/neuron_336_layer_7_bottom_max_hook_post.png
Activations shape for blocks.7.hook_mlp_out (49984, 50)
Type of sampling: max
Top sampled image indices for blocks.7.hook_mlp_out: [21728 11342  5670 19869 41881 34946 42391 43707 32295 31542  7869  1411
 15900 11838  8066   220 35306 30049 37139  9012]
Bottom sampled image indices for blocks.7.hook_mlp_out: [17070 45216 48684 37499 33635  8078 34836 26355  9066 43595 18406 43879
 35817 43936 47946 19189  6875 12474 11995 46288]
Neuron 656, Layer 7, Layer Type hook_mlp_out
Saved image to /network/scratch/s/sonia.joseph/CLIP_AUDIT/sampled_images/CLIP-ViT-B-32-DataComp.XL-s13B-b90K//layer_7/neuron_656/hook_mlp_out/max/top/neuron_656_layer_7_top_max_hook_mlp_out.png
Saved image to /network/scratch/s/sonia.joseph/CLIP_AUDIT/sampled_images/CLIP-ViT-B-32-DataComp.XL-s13B-b90K//layer_7/neuron_656/hook_mlp_out/max/bottom/neuron_656_layer_7_bottom_max_hook_mlp_out.png
Activations shape for blocks.7.hook_resid_post (49984, 50)
Type of sampling: max
Top sampled image indices for blocks.7.hook_resid_post: [43528 44501 23394  3430 24315 27102 48515 38070 37139 38893 32246 29878
 18347  9052 26676 41912 35154 10334 13257 13626]
Bottom sampled image indices for blocks.7.hook_resid_post: [ 3095 49620 25145  9014  4921 25625 40156 32880 19321 34343 47993 39474
    41  9561 30725 14435 34967  8514 31653 25327]
Neuron 656, Layer 7, Layer Type hook_resid_post
Saved image to /network/scratch/s/sonia.joseph/CLIP_AUDIT/sampled_images/CLIP-ViT-B-32-DataComp.XL-s13B-b90K//layer_7/neuron_656/hook_resid_post/max/top/neuron_656_layer_7_top_max_hook_resid_post.png
Saved image to /network/scratch/s/sonia.joseph/CLIP_AUDIT/sampled_images/CLIP-ViT-B-32-DataComp.XL-s13B-b90K//layer_7/neuron_656/hook_resid_post/max/bottom/neuron_656_layer_7_bottom_max_hook_resid_post.png
Activations shape for blocks.7.mlp.hook_post (49984, 50)
Type of sampling: max
Top sampled image indices for blocks.7.mlp.hook_post: [49940 44751 32478  7223 21366  2951 29102 17442 28708 22037  9468 19454
 42254  4793 40736   265 45888 20610  6527 39053]
Bottom sampled image indices for blocks.7.mlp.hook_post: [18185 42969 10073 41044 43124 30502 15644 39672 43214 21541 16563 27591
 44616 37043 26301 33511 10121 47280 18437 16865]
Neuron 656, Layer 7, Layer Type hook_post
Saved image to /network/scratch/s/sonia.joseph/CLIP_AUDIT/sampled_images/CLIP-ViT-B-32-DataComp.XL-s13B-b90K//layer_7/neuron_656/hook_post/max/top/neuron_656_layer_7_top_max_hook_post.png
Saved image to /network/scratch/s/sonia.joseph/CLIP_AUDIT/sampled_images/CLIP-ViT-B-32-DataComp.XL-s13B-b90K//layer_7/neuron_656/hook_post/max/bottom/neuron_656_layer_7_bottom_max_hook_post.png
Activations shape for blocks.7.hook_mlp_out (49984, 50)
Type of sampling: max
Top sampled image indices for blocks.7.hook_mlp_out: [25048 33483 46379 40156 44574 38219 36697 34723 38321 35555 45840 25300
 18613 41246 22961 49659  8881 36953 47326 29959]
Bottom sampled image indices for blocks.7.hook_mlp_out: [37663 31208  8987 19319 23062 29383 10315 40185 16497 39991 42909 39391
 19663 26530 48019  7093 32142 37216 40629 32484]
Neuron 111, Layer 7, Layer Type hook_mlp_out
Saved image to /network/scratch/s/sonia.joseph/CLIP_AUDIT/sampled_images/CLIP-ViT-B-32-DataComp.XL-s13B-b90K//layer_7/neuron_111/hook_mlp_out/max/top/neuron_111_layer_7_top_max_hook_mlp_out.png
Saved image to /network/scratch/s/sonia.joseph/CLIP_AUDIT/sampled_images/CLIP-ViT-B-32-DataComp.XL-s13B-b90K//layer_7/neuron_111/hook_mlp_out/max/bottom/neuron_111_layer_7_bottom_max_hook_mlp_out.png
Activations shape for blocks.7.hook_resid_post (49984, 50)
Type of sampling: max
Top sampled image indices for blocks.7.hook_resid_post: [31998 17610  4758 40500  1813 42687 39737 42310 36749 47485 38984  3276
 20759 15294 12416 13744 15533 30630 41571  9175]
Bottom sampled image indices for blocks.7.hook_resid_post: [35852 22182 37914  5521 41510 27112 19873 41217 13092 40813 47057 35972
 26143 33444  7344  6513 28425  6721 40502 21470]
Neuron 111, Layer 7, Layer Type hook_resid_post
Saved image to /network/scratch/s/sonia.joseph/CLIP_AUDIT/sampled_images/CLIP-ViT-B-32-DataComp.XL-s13B-b90K//layer_7/neuron_111/hook_resid_post/max/top/neuron_111_layer_7_top_max_hook_resid_post.png
Saved image to /network/scratch/s/sonia.joseph/CLIP_AUDIT/sampled_images/CLIP-ViT-B-32-DataComp.XL-s13B-b90K//layer_7/neuron_111/hook_resid_post/max/bottom/neuron_111_layer_7_bottom_max_hook_resid_post.png
Activations shape for blocks.7.mlp.hook_post (49984, 50)
Type of sampling: max
Top sampled image indices for blocks.7.mlp.hook_post: [20907 43718 35013 23177   621 44042 35180 44997  4164 30161 38480  9647
   720 36847 14161  4239 46299 44509 47772 34845]
Bottom sampled image indices for blocks.7.mlp.hook_post: [11245 43956  3985 17289  1607 19871  9535 32339  3052 31477 28190 35453
  3831 17451  6053 13944 10339 44021 25817  5612]
Neuron 111, Layer 7, Layer Type hook_post
Saved image to /network/scratch/s/sonia.joseph/CLIP_AUDIT/sampled_images/CLIP-ViT-B-32-DataComp.XL-s13B-b90K//layer_7/neuron_111/hook_post/max/top/neuron_111_layer_7_top_max_hook_post.png
Saved image to /network/scratch/s/sonia.joseph/CLIP_AUDIT/sampled_images/CLIP-ViT-B-32-DataComp.XL-s13B-b90K//layer_7/neuron_111/hook_post/max/bottom/neuron_111_layer_7_bottom_max_hook_post.png
Activations shape for blocks.7.hook_mlp_out (49984, 50)
Type of sampling: max
Top sampled image indices for blocks.7.hook_mlp_out: [ 3893 37898 36463 49070 18690 16823 22800 31736 18668  7147 43410 14159
 24651 42114 44664 25970 44659 16779  2587  6961]
Bottom sampled image indices for blocks.7.hook_mlp_out: [10291 12807 45351 40608 19999 18406 21330 37011 21835 44028 21013 44747
 11201 19544  4166  2824 30399 41109 45825 28073]
Neuron 454, Layer 7, Layer Type hook_mlp_out
Saved image to /network/scratch/s/sonia.joseph/CLIP_AUDIT/sampled_images/CLIP-ViT-B-32-DataComp.XL-s13B-b90K//layer_7/neuron_454/hook_mlp_out/max/top/neuron_454_layer_7_top_max_hook_mlp_out.png
Saved image to /network/scratch/s/sonia.joseph/CLIP_AUDIT/sampled_images/CLIP-ViT-B-32-DataComp.XL-s13B-b90K//layer_7/neuron_454/hook_mlp_out/max/bottom/neuron_454_layer_7_bottom_max_hook_mlp_out.png
Activations shape for blocks.7.hook_resid_post (49984, 50)
Type of sampling: max
Top sampled image indices for blocks.7.hook_resid_post: [ 6763 37345 39053  8540 43660 36463 20457 24026 41006 13849   265   152
 45790 24282  6961 26900 16779 44238 17972 26467]
Bottom sampled image indices for blocks.7.hook_resid_post: [23144 32689 27306 46427 40881 28159  4198 21786 22791 28500 35169 39291
 44571 40020 43002 23119  8891 22289 30374 21872]
Neuron 454, Layer 7, Layer Type hook_resid_post
Saved image to /network/scratch/s/sonia.joseph/CLIP_AUDIT/sampled_images/CLIP-ViT-B-32-DataComp.XL-s13B-b90K//layer_7/neuron_454/hook_resid_post/max/top/neuron_454_layer_7_top_max_hook_resid_post.png
Saved image to /network/scratch/s/sonia.joseph/CLIP_AUDIT/sampled_images/CLIP-ViT-B-32-DataComp.XL-s13B-b90K//layer_7/neuron_454/hook_resid_post/max/bottom/neuron_454_layer_7_bottom_max_hook_resid_post.png
Activations shape for blocks.7.mlp.hook_post (49984, 50)
Type of sampling: max
Top sampled image indices for blocks.7.mlp.hook_post: [12651   161 29176 28875 28847 38785 16613  7652 11783  4947 42081 19633
 25119  3415 34662 42334 30614  9804 11830 18594]
Bottom sampled image indices for blocks.7.mlp.hook_post: [32283 11245 33487 43466 36637 32305 37445 31484 19974 34992 35248 29728
 17836 36709 32841 18229 34334 23855 25103 24035]
Neuron 454, Layer 7, Layer Type hook_post
Saved image to /network/scratch/s/sonia.joseph/CLIP_AUDIT/sampled_images/CLIP-ViT-B-32-DataComp.XL-s13B-b90K//layer_7/neuron_454/hook_post/max/top/neuron_454_layer_7_top_max_hook_post.png
Saved image to /network/scratch/s/sonia.joseph/CLIP_AUDIT/sampled_images/CLIP-ViT-B-32-DataComp.XL-s13B-b90K//layer_7/neuron_454/hook_post/max/bottom/neuron_454_layer_7_bottom_max_hook_post.png
Activations shape for blocks.7.hook_mlp_out (49984, 50)
Type of sampling: max
Top sampled image indices for blocks.7.hook_mlp_out: [21781 12940 44345  4928 26545 29803 49766  2493 35374 47768 12955 37738
 41923 20723  5788 31016 31098 11642 25151 43242]
Bottom sampled image indices for blocks.7.hook_mlp_out: [25943  9464 14636 18043 44672  8649   177 36074 27778 40766 31809 45324
 25981  1625   957 47205 34962  9081 14897 15118]
Neuron 306, Layer 7, Layer Type hook_mlp_out
Saved image to /network/scratch/s/sonia.joseph/CLIP_AUDIT/sampled_images/CLIP-ViT-B-32-DataComp.XL-s13B-b90K//layer_7/neuron_306/hook_mlp_out/max/top/neuron_306_layer_7_top_max_hook_mlp_out.png
Saved image to /network/scratch/s/sonia.joseph/CLIP_AUDIT/sampled_images/CLIP-ViT-B-32-DataComp.XL-s13B-b90K//layer_7/neuron_306/hook_mlp_out/max/bottom/neuron_306_layer_7_bottom_max_hook_mlp_out.png
Activations shape for blocks.7.hook_resid_post (49984, 50)
Type of sampling: max
Top sampled image indices for blocks.7.hook_resid_post: [37549 36629 37486 13754  9148 46008  2749  4725 45850 41998 20530 23564
 44825 29115 36791 22701 24161 40802 25151 11682]
Bottom sampled image indices for blocks.7.hook_resid_post: [41211 36902 49768 30120  5632 21748  6317  7990  7205 21749 33555 26194
  5755 18175 47484 29951 31569 23939 17460 17966]
Neuron 306, Layer 7, Layer Type hook_resid_post
Saved image to /network/scratch/s/sonia.joseph/CLIP_AUDIT/sampled_images/CLIP-ViT-B-32-DataComp.XL-s13B-b90K//layer_7/neuron_306/hook_resid_post/max/top/neuron_306_layer_7_top_max_hook_resid_post.png
Saved image to /network/scratch/s/sonia.joseph/CLIP_AUDIT/sampled_images/CLIP-ViT-B-32-DataComp.XL-s13B-b90K//layer_7/neuron_306/hook_resid_post/max/bottom/neuron_306_layer_7_bottom_max_hook_resid_post.png
Activations shape for blocks.7.mlp.hook_post (49984, 50)
Type of sampling: max
Top sampled image indices for blocks.7.mlp.hook_post: [42716 12058 31422 40366 26365 23239  2695 21692 25003 18428 37178 41036
 10878 27293  7917 47384  3250  2068 38583 32096]
Bottom sampled image indices for blocks.7.mlp.hook_post: [ 5090 49539 12304 37698 45448 22125 25145 10415 45551 44626 34335 21833
  2735 35613 35227  4019  8634   239 44150  2630]
Neuron 306, Layer 7, Layer Type hook_post
Saved image to /network/scratch/s/sonia.joseph/CLIP_AUDIT/sampled_images/CLIP-ViT-B-32-DataComp.XL-s13B-b90K//layer_7/neuron_306/hook_post/max/top/neuron_306_layer_7_top_max_hook_post.png
Saved image to /network/scratch/s/sonia.joseph/CLIP_AUDIT/sampled_images/CLIP-ViT-B-32-DataComp.XL-s13B-b90K//layer_7/neuron_306/hook_post/max/bottom/neuron_306_layer_7_bottom_max_hook_post.png
Activations shape for blocks.7.hook_mlp_out (49984, 50)
Type of sampling: max
Top sampled image indices for blocks.7.hook_mlp_out: [34567 47459 32339 19605 28369 11512  9654 40396 30121 40365 30459  5872
 11662 12216 12816  6357 18378 20571 22916 40797]
Bottom sampled image indices for blocks.7.hook_mlp_out: [16906 27686 11849 19189 25297 29217 44660 14765 10872 39254  5057 11161
 19778 28855 19379 31854  1304 41398 36144 28241]
Neuron 251, Layer 7, Layer Type hook_mlp_out
Saved image to /network/scratch/s/sonia.joseph/CLIP_AUDIT/sampled_images/CLIP-ViT-B-32-DataComp.XL-s13B-b90K//layer_7/neuron_251/hook_mlp_out/max/top/neuron_251_layer_7_top_max_hook_mlp_out.png
Saved image to /network/scratch/s/sonia.joseph/CLIP_AUDIT/sampled_images/CLIP-ViT-B-32-DataComp.XL-s13B-b90K//layer_7/neuron_251/hook_mlp_out/max/bottom/neuron_251_layer_7_bottom_max_hook_mlp_out.png
Activations shape for blocks.7.hook_resid_post (49984, 50)
Type of sampling: max
Top sampled image indices for blocks.7.hook_resid_post: [ 6061 27177 42735 40307 30459 30121 39199  1446  9097 41037 48172 29841
 29920 20378 16427   291 29124  5701 11892  5329]
Bottom sampled image indices for blocks.7.hook_resid_post: [15775 15194 34861 31890   802 10046 35475  6107  4416 45623   929 43710
 25728 43796  7689 35998 38084 24144 17771 11161]
Neuron 251, Layer 7, Layer Type hook_resid_post
Saved image to /network/scratch/s/sonia.joseph/CLIP_AUDIT/sampled_images/CLIP-ViT-B-32-DataComp.XL-s13B-b90K//layer_7/neuron_251/hook_resid_post/max/top/neuron_251_layer_7_top_max_hook_resid_post.png
Saved image to /network/scratch/s/sonia.joseph/CLIP_AUDIT/sampled_images/CLIP-ViT-B-32-DataComp.XL-s13B-b90K//layer_7/neuron_251/hook_resid_post/max/bottom/neuron_251_layer_7_bottom_max_hook_resid_post.png
Activations shape for blocks.7.mlp.hook_post (49984, 50)
Type of sampling: max
Top sampled image indices for blocks.7.mlp.hook_post: [35305 10156 47281 40441  2111 22130 45047 46919 26823 35217 40881 35925
 47928 46481 46858 14892  9682 38206 31348 31105]
Bottom sampled image indices for blocks.7.mlp.hook_post: [ 6093 30827 44142 24600 26202 30293 28734 37514 18387 25562 49966   762
 18134 29502  5396 10724 40067  8831 14823 17827]
Neuron 251, Layer 7, Layer Type hook_post
Saved image to /network/scratch/s/sonia.joseph/CLIP_AUDIT/sampled_images/CLIP-ViT-B-32-DataComp.XL-s13B-b90K//layer_7/neuron_251/hook_post/max/top/neuron_251_layer_7_top_max_hook_post.png
Saved image to /network/scratch/s/sonia.joseph/CLIP_AUDIT/sampled_images/CLIP-ViT-B-32-DataComp.XL-s13B-b90K//layer_7/neuron_251/hook_post/max/bottom/neuron_251_layer_7_bottom_max_hook_post.png
Activations shape for blocks.7.hook_mlp_out (49984, 50)
Type of sampling: max
Top sampled image indices for blocks.7.hook_mlp_out: [34096 47030  6522  3392 18840  1219  8607 17578 18333 45626 18273  4400
 16799 25138  8841 23428 39079 20389 26648 36399]
Bottom sampled image indices for blocks.7.hook_mlp_out: [35296 39755 12531 36734 28547  2114   467 35574 49030  3504 45604  4535
 31261 32268 37277  3495 48267 12966 32936 43881]
Neuron 109, Layer 7, Layer Type hook_mlp_out
Saved image to /network/scratch/s/sonia.joseph/CLIP_AUDIT/sampled_images/CLIP-ViT-B-32-DataComp.XL-s13B-b90K//layer_7/neuron_109/hook_mlp_out/max/top/neuron_109_layer_7_top_max_hook_mlp_out.png
Saved image to /network/scratch/s/sonia.joseph/CLIP_AUDIT/sampled_images/CLIP-ViT-B-32-DataComp.XL-s13B-b90K//layer_7/neuron_109/hook_mlp_out/max/bottom/neuron_109_layer_7_bottom_max_hook_mlp_out.png
Activations shape for blocks.7.hook_resid_post (49984, 50)
Type of sampling: max
Top sampled image indices for blocks.7.hook_resid_post: [12490 39220 33172 24585 43437 30258 17578 19436 11996 16703 27918 31081
 19647 22450 18861  9948 45395  7341 34495 16249]
Bottom sampled image indices for blocks.7.hook_resid_post: [22777 15358 43595 23792 13578 17395 38453  3395 48615  1154  4321  6467
 49879  6196 27026 45301  1822 31884  6713   336]
Neuron 109, Layer 7, Layer Type hook_resid_post
Saved image to /network/scratch/s/sonia.joseph/CLIP_AUDIT/sampled_images/CLIP-ViT-B-32-DataComp.XL-s13B-b90K//layer_7/neuron_109/hook_resid_post/max/top/neuron_109_layer_7_top_max_hook_resid_post.png
Saved image to /network/scratch/s/sonia.joseph/CLIP_AUDIT/sampled_images/CLIP-ViT-B-32-DataComp.XL-s13B-b90K//layer_7/neuron_109/hook_resid_post/max/bottom/neuron_109_layer_7_bottom_max_hook_resid_post.png
Activations shape for blocks.7.mlp.hook_post (49984, 50)
Type of sampling: max
Top sampled image indices for blocks.7.mlp.hook_post: [45268  8252 39628 29864  7893   838 38802 28286 38283 28082  7504 16895
 48689 36036 13822 10575 31397 45839 11132 42747]
Bottom sampled image indices for blocks.7.mlp.hook_post: [38742 32014 45639  6915 36874 20285 20643 10389 33194 27570 13660 13740
 33269 13668 30048 28257 30643 36340 37129 20187]
Neuron 109, Layer 7, Layer Type hook_post
Saved image to /network/scratch/s/sonia.joseph/CLIP_AUDIT/sampled_images/CLIP-ViT-B-32-DataComp.XL-s13B-b90K//layer_7/neuron_109/hook_post/max/top/neuron_109_layer_7_top_max_hook_post.png
Saved image to /network/scratch/s/sonia.joseph/CLIP_AUDIT/sampled_images/CLIP-ViT-B-32-DataComp.XL-s13B-b90K//layer_7/neuron_109/hook_post/max/bottom/neuron_109_layer_7_bottom_max_hook_post.png

======== GPU REPORT ========

==============NVSMI LOG==============

Timestamp                                 : Mon Sep 16 01:50:21 2024
Driver Version                            : 535.183.06
CUDA Version                              : 12.2

Attached GPUs                             : 1
GPU 00000000:B2:00.0
    Accounting Mode                       : Enabled
    Accounting Mode Buffer Size           : 4000
    Accounted Processes
        Process ID                        : 2764681
            GPU Utilization               : 0 %
            Memory Utilization            : 0 %
            Max memory usage              : 594 MiB
            Time                          : 4805225 ms
            Is Running                    : 0

Mon Sep 16 01:50:21 2024       
+---------------------------------------------------------------------------------------+
| NVIDIA-SMI 535.183.06             Driver Version: 535.183.06   CUDA Version: 12.2     |
|-----------------------------------------+----------------------+----------------------+
| GPU  Name                 Persistence-M | Bus-Id        Disp.A | Volatile Uncorr. ECC |
| Fan  Temp   Perf          Pwr:Usage/Cap |         Memory-Usage | GPU-Util  Compute M. |
|                                         |                      |               MIG M. |
|=========================================+======================+======================|
|   0  Quadro RTX 8000                On  | 00000000:B2:00.0 Off |                    0 |
| 33%   34C    P2              77W / 260W |      1MiB / 46080MiB |      8%      Default |
|                                         |                      |                  N/A |
+-----------------------------------------+----------------------+----------------------+
                                                                                         
+---------------------------------------------------------------------------------------+
| Processes:                                                                            |
|  GPU   GI   CI        PID   Type   Process name                            GPU Memory |
|        ID   ID                                                             Usage      |
|=======================================================================================|
|  No running processes found                                                           |
+---------------------------------------------------------------------------------------+
