{'n_layers': 12, 'd_model': 512, 'd_head': 64, 'model_name': '', 'n_heads': 8, 'd_mlp': 2048, 'activation_name': 'gelu', 'eps': 1e-05, 'original_architecture': 'vit_clip_vision_encoder', 'initializer_range': 0.02, 'n_channels': 3, 'patch_size': 32, 'image_size': 224, 'n_classes': 512, 'n_params': None, 'layer_norm_pre': True, 'return_type': 'class_logits'}
LayerNorm folded.
Centered weights writing to residual stream
Loaded pretrained model wkcn/TinyCLIP-ViT-40M-32-Text-19M-LAION400M into HookedTransformer
Skipping interval (-10.0, -9.0, -0.458931028842926, -0.4563100934028625) as it has less than 20 images
Skipping interval (5.0, 6.0, 0.1906409412622451, 0.2026334553956985) as it has less than 20 images
Skipping interval (-7.0, -6.0, -0.64512038230896, -0.6056525707244873) as it has less than 20 images
Skipping interval (4.0, 5.0, 0.0228840708732604, 0.0328365266323089) as it has less than 20 images
Skipping interval (-7.0, -6.0, -0.3437533378601074, -0.3437533378601074) as it has less than 20 images
Skipping interval (5.0, 6.0, 0.1585372239351272, 0.1614566892385482) as it has less than 20 images
Skipping interval (5.0, 6.0, 0.23328897356987, 0.2548833787441253) as it has less than 20 images
Skipping interval (8.0, 9.0, 0.4436125159263611, 0.4749863743782043) as it has less than 20 images
Skipping interval (-7.0, -6.0, -0.1996615529060363, -0.1765345633029937) as it has less than 20 images
Skipping interval (7.0, 8.0, 0.553339958190918, 0.6033985614776611) as it has less than 20 images
Skipping interval (8.0, 9.0, 0.6074923276901245, 0.6453382968902588) as it has less than 20 images
Skipping interval (-6.0, -5.0, -0.556423544883728, -0.556423544883728) as it has less than 20 images
Skipping interval (4.0, 5.0, 0.1129333674907684, 0.1525210440158844) as it has less than 20 images
Skipping interval (-7.0, -6.0, -0.4596866965293884, -0.4499869346618652) as it has less than 20 images
Skipping interval (5.0, 6.0, 0.1974739134311676, 0.2354253232479095) as it has less than 20 images
Skipping interval (-7.0, -6.0, -0.3434420526027679, -0.3371366858482361) as it has less than 20 images
Skipping interval (6.0, 7.0, 0.2659821510314941, 0.2659821510314941) as it has less than 20 images
Skipping interval (-6.0, -5.0, -0.2230260074138641, -0.1934463679790496) as it has less than 20 images
Skipping interval (6.0, 7.0, 0.2619608044624328, 0.2933453619480133) as it has less than 20 images
Skipping interval (-7.0, -6.0, -0.3476440608501434, -0.3121395409107208) as it has less than 20 images
Skipping interval (5.0, 6.0, 0.20784792304039, 0.2125546038150787) as it has less than 20 images
Skipping interval (6.0, 7.0, 0.2589472234249115, 0.2589472234249115) as it has less than 20 images
Skipping interval (-7.0, -6.0, -0.4627812206745147, -0.4226578772068023) as it has less than 20 images
Skipping interval (6.0, 7.0, 0.151214525103569, 0.1678856909275055) as it has less than 20 images
Skipping interval (-7.0, -6.0, -0.1730783879756927, -0.1730783879756927) as it has less than 20 images
Skipping interval (-6.0, -5.0, -0.147406131029129, -0.117757923901081) as it has less than 20 images
Skipping interval (7.0, 8.0, 0.4266278445720672, 0.463824599981308) as it has less than 20 images
Skipping interval (-7.0, -6.0, -0.4956231713294983, -0.4592395424842834) as it has less than 20 images
Skipping interval (6.0, 7.0, 0.1310877948999405, 0.1310877948999405) as it has less than 20 images
Skipping interval (-8.0, -7.0, -0.4777756333351135, -0.4662871956825256) as it has less than 20 images
Skipping interval (-7.0, -6.0, -0.4538769721984863, -0.4186055064201355) as it has less than 20 images
Skipping interval (6.0, 7.0, 0.1334061473608017, 0.1334061473608017) as it has less than 20 images
Skipping interval (-8.0, -7.0, -0.5125112533569336, -0.5014553666114807) as it has less than 20 images
Skipping interval (5.0, 6.0, 0.0925427228212356, 0.1111042350530624) as it has less than 20 images
Skipping interval (-7.0, -6.0, -0.2406766414642334, -0.2406766414642334) as it has less than 20 images
Skipping interval (-6.0, -5.0, -0.1882590055465698, -0.1511582732200622) as it has less than 20 images
Skipping interval (11.0, 12.0, 0.7117207646369934, 0.7254472970962524) as it has less than 20 images
Skipping interval (12.0, 13.0, 0.7663723826408386, 0.7663723826408386) as it has less than 20 images
Skipping interval (-5.0, -4.0, -0.1390479058027267, -0.1250132024288177) as it has less than 20 images
Skipping interval (9.0, 10.0, 0.6622903347015381, 0.6979471445083618) as it has less than 20 images
Skipping interval (-6.0, -5.0, -0.2100881934165954, -0.159247025847435) as it has less than 20 images
Skipping interval (5.0, 6.0, 0.4473091661930084, 0.4700137078762054) as it has less than 20 images
Skipping interval (-9.0, -8.0, -0.4981566965579986, -0.4981566965579986) as it has less than 20 images
Skipping interval (-8.0, -7.0, -0.4567731320858001, -0.4212534725666046) as it has less than 20 images
Skipping interval (4.0, 5.0, 0.2080966234207153, 0.2338426411151886) as it has less than 20 images
Skipping interval (-9.0, -8.0, -0.2633430063724518, -0.2522247433662414) as it has less than 20 images
Skipping interval (-8.0, -7.0, -0.2240609675645828, -0.2183717489242553) as it has less than 20 images
Skipping interval (-7.0, -6.0, -0.1951805800199508, -0.1546643227338791) as it has less than 20 images
Skipping interval (6.0, 7.0, 0.3609243929386139, 0.3609243929386139) as it has less than 20 images
Skipping interval (-7.0, -6.0, -0.3918540775775909, -0.3761541545391083) as it has less than 20 images
Skipping interval (-6.0, -5.0, -0.3340562880039215, -0.2896643579006195) as it has less than 20 images
Skipping interval (-8.0, -7.0, -0.365658164024353, -0.365658164024353) as it has less than 20 images
Skipping interval (-7.0, -6.0, -0.3435046076774597, -0.3173137605190277) as it has less than 20 images
Skipping interval (5.0, 6.0, 0.3394781351089477, 0.3820064961910248) as it has less than 20 images
Skipping interval (6.0, 7.0, 0.4056687653064728, 0.4056687653064728) as it has less than 20 images
Skipping interval (-6.0, -5.0, -0.3145729601383209, -0.2724509835243225) as it has less than 20 images
Skipping interval (7.0, 8.0, 0.3598036766052246, 0.3598036766052246) as it has less than 20 images
Skipping interval (-6.0, -5.0, -0.2920829951763153, -0.27695032954216) as it has less than 20 images
Skipping interval (6.0, 7.0, 0.2757423222064972, 0.3023636639118194) as it has less than 20 images
Skipping interval (-6.0, -5.0, -0.2297650277614593, -0.2297650277614593) as it has less than 20 images
Skipping interval (6.0, 7.0, 0.3381010890007019, 0.3765312433242798) as it has less than 20 images
Skipping interval (-11.0, -10.0, -0.5141454935073853, -0.5046008229255676) as it has less than 20 images
Skipping interval (-8.0, -7.0, -0.3508245348930359, -0.3131178319454193) as it has less than 20 images
Skipping interval (6.0, 7.0, 0.2361415475606918, 0.2708286046981811) as it has less than 20 images
Skipping interval (-10.0, -9.0, -0.7520780563354492, -0.7520780563354492) as it has less than 20 images
Skipping interval (-9.0, -8.0, -0.7120387554168701, -0.6620116233825684) as it has less than 20 images
Skipping interval (6.0, 7.0, 0.1114321947097778, 0.1114321947097778) as it has less than 20 images
Skipping interval (7.0, 8.0, 0.7586708068847656, 0.8146956562995911) as it has less than 20 images
Skipping interval (-6.0, -5.0, -0.1486630737781524, -0.1365351378917694) as it has less than 20 images
Skipping interval (7.0, 8.0, 0.6689648628234863, 0.7256165742874146) as it has less than 20 images
Skipping interval (8.0, 9.0, 0.7493326663970947, 0.7689422965049744) as it has less than 20 images
Skipping interval (-8.0, -7.0, -0.3595482110977173, -0.3595482110977173) as it has less than 20 images
Skipping interval (12.0, 13.0, 0.8502968549728394, 0.908416986465454) as it has less than 20 images
Skipping interval (13.0, 14.0, 0.908682942390442, 0.9599522352218628) as it has less than 20 images
Skipping interval (-6.0, -5.0, -0.1820922791957855, -0.1730140149593353) as it has less than 20 images
Skipping interval (6.0, 7.0, 0.5947574973106384, 0.6389913558959961) as it has less than 20 images
Skipping interval (7.0, 8.0, 0.6751830577850342, 0.6751830577850342) as it has less than 20 images
Skipping interval (-6.0, -5.0, -0.1897597908973693, -0.1590509414672851) as it has less than 20 images
Skipping interval (6.0, 7.0, 0.5868017077445984, 0.6015076041221619) as it has less than 20 images
Skipping interval (7.0, 8.0, 0.6380105018615723, 0.6380105018615723) as it has less than 20 images
Skipping interval (-8.0, -7.0, -0.4663512110710144, -0.4663512110710144) as it has less than 20 images
Skipping interval (-8.0, -7.0, -0.2439810931682586, -0.2439810931682586) as it has less than 20 images
Skipping interval (6.0, 7.0, 0.298340231180191, 0.3176953196525574) as it has less than 20 images
Skipping interval (-6.0, -5.0, -0.2239904105663299, -0.2001691162586212) as it has less than 20 images
Skipping interval (7.0, 8.0, 0.4385401010513305, 0.4672853350639343) as it has less than 20 images
Skipping interval (-10.0, -9.0, -0.8679484128952026, -0.8679484128952026) as it has less than 20 images
Skipping interval (-9.0, -8.0, -0.8053139448165894, -0.7488114833831787) as it has less than 20 images
Skipping interval (-8.0, -7.0, -0.7422502040863037, -0.6724711656570435) as it has less than 20 images
Skipping interval (4.0, 5.0, 0.1242737472057342, 0.1341657638549804) as it has less than 20 images
Skipping interval (-11.0, -10.0, -0.4742496907711029, -0.4742496907711029) as it has less than 20 images
Skipping interval (-10.0, -9.0, -0.445140928030014, -0.4085626304149627) as it has less than 20 images
Skipping interval (6.0, 7.0, 0.2733322978019714, 0.3109800219535827) as it has less than 20 images
Skipping interval (7.0, 8.0, 0.3279697597026825, 0.3279697597026825) as it has less than 20 images
Skipping interval (8.0, 9.0, 0.3672674298286438, 0.3672674298286438) as it has less than 20 images
Skipping interval (-7.0, -6.0, -0.2874418497085571, -0.2874418497085571) as it has less than 20 images
Skipping interval (6.0, 7.0, 0.2723052501678467, 0.2823335826396942) as it has less than 20 images
Skipping interval (-8.0, -7.0, -0.3083088099956512, -0.3083088099956512) as it has less than 20 images
Skipping interval (-7.0, -6.0, -0.2610800862312317, -0.2610800862312317) as it has less than 20 images
Skipping interval (6.0, 7.0, 0.3133292496204376, 0.3243463933467865) as it has less than 20 images
Skipping interval (-7.0, -6.0, -0.1715985685586929, -0.1715985685586929) as it has less than 20 images
Skipping interval (-6.0, -5.0, -0.15919129550457, -0.1136870682239532) as it has less than 20 images
Skipping interval (8.0, 9.0, 0.5055968165397644, 0.5055968165397644) as it has less than 20 images
Skipping interval (-7.0, -6.0, -0.3919419050216675, -0.3919419050216675) as it has less than 20 images
Skipping interval (6.0, 7.0, 0.3478752076625824, 0.3478752076625824) as it has less than 20 images
Skipping interval (-8.0, -7.0, -0.2996357679367065, -0.2996357679367065) as it has less than 20 images
Skipping interval (-7.0, -6.0, -0.2564287781715393, -0.24367555975914) as it has less than 20 images
Skipping interval (6.0, 7.0, 0.3157597184181213, 0.3472741246223449) as it has less than 20 images
Skipping interval (7.0, 8.0, 0.3679255247116089, 0.3679255247116089) as it has less than 20 images
Skipping interval (-7.0, -6.0, -0.3032256960868835, -0.3003534078598022) as it has less than 20 images
Skipping interval (-6.0, -5.0, -0.1860234588384628, -0.1546632200479507) as it has less than 20 images
Skipping interval (6.0, 7.0, 0.5376754999160767, 0.5990114808082581) as it has less than 20 images
Skipping interval (7.0, 8.0, 0.6090726852416992, 0.6090726852416992) as it has less than 20 images
Skipping interval (-6.0, -5.0, -0.2277299612760543, -0.193545863032341) as it has less than 20 images
Skipping interval (8.0, 9.0, 0.518092691898346, 0.5437061786651611) as it has less than 20 images
Skipping interval (-14.0, -13.0, -0.8456075191497803, -0.8441193103790283) as it has less than 20 images
Skipping interval (-13.0, -12.0, -0.8350996375083923, -0.7862709164619446) as it has less than 20 images
Skipping interval (-7.0, -6.0, -0.6491389870643616, -0.6030131578445435) as it has less than 20 images
Skipping interval (5.0, 6.0, 0.1467004120349884, 0.1845447123050689) as it has less than 20 images
Skipping interval (-5.0, -4.0, -0.1601449102163314, -0.1303054541349411) as it has less than 20 images
Skipping interval (8.0, 9.0, 0.6842074394226074, 0.7161757349967957) as it has less than 20 images
Skipping interval (-6.0, -5.0, -0.2110448777675628, -0.2110448777675628) as it has less than 20 images
Skipping interval (7.0, 8.0, 0.5098838210105896, 0.556058943271637) as it has less than 20 images
Skipping interval (9.0, 10.0, 0.6197407245635986, 0.6197407245635986) as it has less than 20 images
Skipping interval (-7.0, -6.0, -0.3277858793735504, -0.3015836477279663) as it has less than 20 images
Skipping interval (-7.0, -6.0, -0.2828958630561828, -0.2828958630561828) as it has less than 20 images
Skipping interval (-6.0, -5.0, -0.23871611058712, -0.1792658418416977) as it has less than 20 images
Skipping interval (7.0, 8.0, 0.5932703018188477, 0.6284229159355164) as it has less than 20 images
Skipping interval (8.0, 9.0, 0.6510141491889954, 0.6960737705230713) as it has less than 20 images
Skipping interval (-5.0, -4.0, -0.1256343573331833, -0.1085426062345504) as it has less than 20 images
Skipping interval (7.0, 8.0, 0.6391798853874207, 0.6966765522956848) as it has less than 20 images
Skipping interval (8.0, 9.0, 0.7184175848960876, 0.7706985473632812) as it has less than 20 images
Skipping interval (7.0, 8.0, 0.8828625679016113, 0.9327731132507324) as it has less than 20 images
Skipping interval (8.0, 9.0, 0.966171383857727, 0.966171383857727) as it has less than 20 images
Skipping interval (7.0, 8.0, 0.7562136650085449, 0.8176939487457275) as it has less than 20 images
Skipping interval (8.0, 9.0, 0.8662458658218384, 0.8662458658218384) as it has less than 20 images
Skipping interval (-6.0, -5.0, -0.3632665872573852, -0.3499969244003296) as it has less than 20 images
Skipping interval (6.0, 7.0, 0.2673596739768982, 0.297037273645401) as it has less than 20 images
Skipping interval (-5.0, -4.0, -0.1584125608205795, -0.1500657647848129) as it has less than 20 images
Skipping interval (-8.0, -7.0, -0.6525925993919373, -0.6053038239479065) as it has less than 20 images
Skipping interval (-5.0, -4.0, -0.2007186263799667, -0.1665815711021423) as it has less than 20 images
Skipping interval (10.0, 11.0, 0.6128810048103333, 0.6389670968055725) as it has less than 20 images
Skipping interval (11.0, 12.0, 0.6764035820960999, 0.676796555519104) as it has less than 20 images
Skipping interval (-7.0, -6.0, -0.3485940396785736, -0.3485940396785736) as it has less than 20 images
Skipping interval (6.0, 7.0, 0.1982594132423401, 0.1983745694160461) as it has less than 20 images
Skipping interval (-7.0, -6.0, -0.4883358478546142, -0.4824322164058685) as it has less than 20 images
Skipping interval (-8.0, -7.0, -0.3763500452041626, -0.3763500452041626) as it has less than 20 images
Skipping interval (-7.0, -6.0, -0.3556729257106781, -0.3214733302593231) as it has less than 20 images
Skipping interval (5.0, 6.0, 0.265050858259201, 0.3056584596633911) as it has less than 20 images
Skipping interval (-6.0, -5.0, -0.1395166367292404, -0.1395166367292404) as it has less than 20 images
Skipping interval (6.0, 7.0, 0.4300849437713623, 0.4554117918014526) as it has less than 20 images
Skipping interval (-6.0, -5.0, -0.1419766247272491, -0.1419766247272491) as it has less than 20 images
Skipping interval (6.0, 7.0, 0.5470213890075684, 0.6016552448272705) as it has less than 20 images
Skipping interval (7.0, 8.0, 0.6087732315063477, 0.6087732315063477) as it has less than 20 images
Skipping interval (-5.0, -4.0, -0.1167445331811904, -0.0795981138944625) as it has less than 20 images
Skipping interval (6.0, 7.0, 0.6201466917991638, 0.6258818507194519) as it has less than 20 images
Skipping interval (7.0, 8.0, 0.7197890877723694, 0.7438014149665833) as it has less than 20 images
Skipping interval (-6.0, -5.0, -0.279891163110733, -0.2494820058345794) as it has less than 20 images
Skipping interval (6.0, 7.0, 0.3077725768089294, 0.3077725768089294) as it has less than 20 images
Skipping interval (7.0, 8.0, 0.289877712726593, 0.3321880102157593) as it has less than 20 images
Skipping interval (8.0, 9.0, 0.3422907292842865, 0.3500941693782806) as it has less than 20 images
Skipping interval (-7.0, -6.0, -0.3264927566051483, -0.3037696778774261) as it has less than 20 images
Skipping interval (5.0, 6.0, 0.3846301436424255, 0.4177978634834289) as it has less than 20 images
Skipping interval (6.0, 7.0, 0.4617222547531128, 0.4617222547531128) as it has less than 20 images
Skipping interval (-6.0, -5.0, -0.19383105635643, -0.1692228019237518) as it has less than 20 images
Skipping interval (8.0, 9.0, 0.5715215802192688, 0.5715215802192688) as it has less than 20 images
Skipping interval (-7.0, -6.0, -0.2786287665367126, -0.2551907896995544) as it has less than 20 images
Skipping interval (4.0, 5.0, 0.2448194026947021, 0.2751854062080383) as it has less than 20 images
Skipping interval (-6.0, -5.0, -0.2099088728427887, -0.2048456072807312) as it has less than 20 images
Skipping interval (6.0, 7.0, 0.40088552236557, 0.4455666542053222) as it has less than 20 images
Skipping interval (7.0, 8.0, 0.4561514556407928, 0.4783249497413635) as it has less than 20 images
Skipping interval (8.0, 9.0, 0.5141692757606506, 0.5201183557510376) as it has less than 20 images
Skipping interval (-6.0, -5.0, -0.1419813334941864, -0.1419813334941864) as it has less than 20 images
Skipping interval (-5.0, -4.0, -0.0446239113807678, -0.0019806623458862) as it has less than 20 images
Skipping interval (8.0, 9.0, 0.8721737861633301, 0.914820432662964) as it has less than 20 images
Skipping interval (-7.0, -6.0, -0.3883178532123565, -0.370238333940506) as it has less than 20 images
Skipping interval (-13.0, -12.0, -0.4997021853923797, -0.4799975454807281) as it has less than 20 images
Skipping interval (-10.0, -9.0, -0.3672786056995392, -0.3672786056995392) as it has less than 20 images
Skipping interval (-9.0, -8.0, -0.3133595585823059, -0.2987105250358581) as it has less than 20 images
Skipping interval (-8.0, -7.0, -0.2915752828121185, -0.2539929747581482) as it has less than 20 images
Skipping interval (5.0, 6.0, 0.259309321641922, 0.2864084839820862) as it has less than 20 images
Skipping interval (6.0, 7.0, 0.3091966211795807, 0.3091966211795807) as it has less than 20 images
Skipping interval (-9.0, -8.0, -0.7489073276519775, -0.6954423189163208) as it has less than 20 images
Skipping interval (6.0, 7.0, 0.1921403110027313, 0.1921403110027313) as it has less than 20 images
Skipping interval (-7.0, -6.0, -0.3569758236408233, -0.347498744726181) as it has less than 20 images
Skipping interval (6.0, 7.0, 0.2135081142187118, 0.2370139211416244) as it has less than 20 images
Skipping interval (7.0, 8.0, 0.2654872238636017, 0.2654872238636017) as it has less than 20 images
Skipping interval (-7.0, -6.0, -0.2070264816284179, -0.1797558069229126) as it has less than 20 images
Skipping interval (6.0, 7.0, 0.4121642708778381, 0.4325804114341736) as it has less than 20 images
Skipping interval (-6.0, -5.0, -0.2878075540065765, -0.2574861943721771) as it has less than 20 images
Skipping interval (5.0, 6.0, 0.2706135213375091, 0.3177125155925751) as it has less than 20 images
Skipping interval (-7.0, -6.0, -0.2285717725753784, -0.2285717725753784) as it has less than 20 images
Skipping interval (-6.0, -5.0, -0.1786600649356842, -0.1686783730983734) as it has less than 20 images
Skipping interval (7.0, 8.0, 0.3978464901447296, 0.3978464901447296) as it has less than 20 images
Skipping interval (8.0, 9.0, 0.4571885168552398, 0.4571885168552398) as it has less than 20 images
Skipping interval (-7.0, -6.0, -0.3025896251201629, -0.3025896251201629) as it has less than 20 images
Skipping interval (-6.0, -5.0, -0.2939766645431518, -0.2606479525566101) as it has less than 20 images
Skipping interval (6.0, 7.0, 0.2078286558389663, 0.2097218185663223) as it has less than 20 images
Skipping interval (-7.0, -6.0, -0.4697917699813843, -0.4219031929969787) as it has less than 20 images
Skipping interval (4.0, 5.0, 0.1830584108829498, 0.1830584108829498) as it has less than 20 images
Skipping interval (10.0, 11.0, 0.6251236200332642, 0.6689910292625427) as it has less than 20 images
Skipping interval (-8.0, -7.0, -0.6922642588615417, -0.6781221032142639) as it has less than 20 images
Skipping interval (4.0, 5.0, 0.0464876890182495, 0.0879592299461364) as it has less than 20 images
Skipping interval (-6.0, -5.0, -0.1324293464422226, -0.1204576939344406) as it has less than 20 images
Skipping interval (5.0, 6.0, 0.4931074380874634, 0.5522202849388123) as it has less than 20 images
Skipping interval (-7.0, -6.0, -0.2680198848247528, -0.2321696877479553) as it has less than 20 images
Skipping interval (6.0, 7.0, 0.3318277895450592, 0.3577285408973694) as it has less than 20 images
Skipping interval (7.0, 8.0, 0.3784265220165252, 0.3968442380428314) as it has less than 20 images
Skipping interval (-9.0, -8.0, -0.9807404279708862, -0.9807404279708862) as it has less than 20 images
Skipping interval (-8.0, -7.0, -0.9165472984313964, -0.8830323219299316) as it has less than 20 images
Skipping interval (-7.0, -6.0, -0.8764517307281494, -0.8052495718002319) as it has less than 20 images
Skipping interval (6.0, 7.0, 0.0989859402179718, 0.121255874633789) as it has less than 20 images
Skipping interval (-5.0, -4.0, -0.1767852157354354, -0.1767852157354354) as it has less than 20 images
Skipping interval (7.0, 8.0, 0.5402292609214783, 0.56267911195755) as it has less than 20 images
Skipping interval (8.0, 9.0, 0.603887677192688, 0.603887677192688) as it has less than 20 images
Skipping interval (-9.0, -8.0, -0.4116869270801544, -0.4009220898151397) as it has less than 20 images
Skipping interval (-8.0, -7.0, -0.3864575922489166, -0.3473933339118957) as it has less than 20 images
Skipping interval (4.0, 5.0, 0.2214605510234832, 0.2282372415065765) as it has less than 20 images
Skipping interval (-6.0, -5.0, -0.2669982314109802, -0.2298494130373001) as it has less than 20 images
Skipping interval (6.0, 7.0, 0.2890031039714813, 0.3295176029205322) as it has less than 20 images
Skipping interval (-6.0, -5.0, -0.1102005541324615, -0.108862280845642) as it has less than 20 images
Skipping interval (10.0, 11.0, 0.5706743597984314, 0.6119848489761353) as it has less than 20 images
Skipping interval (11.0, 12.0, 0.6158062219619751, 0.6158062219619751) as it has less than 20 images
Skipping interval (-7.0, -6.0, -0.2358509600162506, -0.2252313792705536) as it has less than 20 images
Skipping interval (6.0, 7.0, 0.2998880445957184, 0.3228649497032165) as it has less than 20 images
Skipping interval (-7.0, -6.0, -0.3749360144138336, -0.3565877377986908) as it has less than 20 images
Skipping interval (6.0, 7.0, 0.2906369566917419, 0.3147341609001159) as it has less than 20 images
Skipping interval (-9.0, -8.0, -0.5393949747085571, -0.5325002074241638) as it has less than 20 images
Skipping interval (-8.0, -7.0, -0.7792887687683105, -0.7792887687683105) as it has less than 20 images
Skipping interval (-7.0, -6.0, -0.7463119029998779, -0.7186090350151062) as it has less than 20 images
