{'n_layers': 12, 'd_model': 512, 'd_head': 64, 'model_name': '', 'n_heads': 8, 'd_mlp': 2048, 'activation_name': 'gelu', 'eps': 1e-05, 'original_architecture': 'vit_clip_vision_encoder', 'initializer_range': 0.02, 'n_channels': 3, 'patch_size': 32, 'image_size': 224, 'n_classes': 512, 'n_params': None, 'layer_norm_pre': True, 'return_type': 'class_logits'}
LayerNorm folded.
Centered weights writing to residual stream
Loaded pretrained model wkcn/TinyCLIP-ViT-40M-32-Text-19M-LAION400M into HookedTransformer
Skipping interval (-6.0, -5.0, -0.2635264992713928, -0.2178980112075805) as it has less than 20 images
Skipping interval (5.0, 6.0, 0.3424180746078491, 0.3576460778713226) as it has less than 20 images
Skipping interval (-6.0, -5.0, -0.2970640063285827, -0.2889092564582824) as it has less than 20 images
Skipping interval (5.0, 6.0, 0.265533298254013, 0.265533298254013) as it has less than 20 images
Skipping interval (-6.0, -5.0, -0.3549758195877075, -0.3019607067108154) as it has less than 20 images
Skipping interval (5.0, 6.0, 0.2500053942203522, 0.2500053942203522) as it has less than 20 images
Skipping interval (-6.0, -5.0, -0.270072877407074, -0.2446503639221191) as it has less than 20 images
Skipping interval (5.0, 6.0, 0.2723895907402038, 0.2854452431201935) as it has less than 20 images
Skipping interval (7.0, 8.0, 0.3720448911190033, 0.3720448911190033) as it has less than 20 images
Skipping interval (-8.0, -7.0, -0.4085972309112549, -0.4085972309112549) as it has less than 20 images
Skipping interval (-6.0, -5.0, -0.3198785483837127, -0.2829281091690063) as it has less than 20 images
Skipping interval (-6.0, -5.0, -0.2022024989128112, -0.1864688396453857) as it has less than 20 images
Skipping interval (5.0, 6.0, 0.3296943306922912, 0.3656973242759704) as it has less than 20 images
Skipping interval (-6.0, -5.0, -0.2558494806289673, -0.2558494806289673) as it has less than 20 images
Skipping interval (5.0, 6.0, 0.2780513763427734, 0.2936262190341949) as it has less than 20 images
Skipping interval (-6.0, -5.0, -0.3707209527492523, -0.333477646112442) as it has less than 20 images
Skipping interval (5.0, 6.0, 0.2106109857559204, 0.2106109857559204) as it has less than 20 images
Skipping interval (-6.0, -5.0, -0.2759643793106079, -0.2562862932682037) as it has less than 20 images
Skipping interval (5.0, 6.0, 0.2496922761201858, 0.2715994119644165) as it has less than 20 images
Skipping interval (-6.0, -5.0, -0.2838344573974609, -0.2570468783378601) as it has less than 20 images
Skipping interval (5.0, 6.0, 0.254341185092926, 0.2903583943843841) as it has less than 20 images
Skipping interval (6.0, 7.0, 0.3260756731033325, 0.3260756731033325) as it has less than 20 images
Skipping interval (-7.0, -6.0, -0.3803498744964599, -0.3432050943374634) as it has less than 20 images
Skipping interval (5.0, 6.0, 0.2857814729213714, 0.3318760991096496) as it has less than 20 images
Skipping interval (-8.0, -7.0, -0.381081759929657, -0.381081759929657) as it has less than 20 images
Skipping interval (-7.0, -6.0, -0.3477515578269958, -0.3285666704177856) as it has less than 20 images
Skipping interval (-6.0, -5.0, -0.3140965104103088, -0.2756180465221405) as it has less than 20 images
Skipping interval (6.0, 7.0, 0.3140702843666076, 0.3348512649536133) as it has less than 20 images
Skipping interval (-6.0, -5.0, -0.2742288112640381, -0.2582283616065979) as it has less than 20 images
Skipping interval (5.0, 6.0, 0.2565454244613647, 0.2790784239768982) as it has less than 20 images
Skipping interval (-6.0, -5.0, -0.2692998647689819, -0.2579230964183807) as it has less than 20 images
Skipping interval (5.0, 6.0, 0.2578224837779999, 0.2689470648765564) as it has less than 20 images
Skipping interval (-6.0, -5.0, -0.27039235830307, -0.234308511018753) as it has less than 20 images
Skipping interval (5.0, 6.0, 0.2750155627727508, 0.2966088652610779) as it has less than 20 images
Neuron 26 in layer 3 already processed. Skipping.
Skipping interval (-6.0, -5.0, -0.3098228573799133, -0.279914915561676) as it has less than 20 images
Skipping interval (5.0, 6.0, 0.2774446606636047, 0.2973798513412475) as it has less than 20 images
Neuron 38 in layer 3 already processed. Skipping.
Skipping interval (-6.0, -5.0, -0.2594436407089233, -0.2420530319213867) as it has less than 20 images
Skipping interval (5.0, 6.0, 0.3189658224582672, 0.3270232379436493) as it has less than 20 images
Neuron 58 in layer 3 already processed. Skipping.
Skipping interval (-6.0, -5.0, -0.3156892955303192, -0.2798763811588287) as it has less than 20 images
Skipping interval (5.0, 6.0, 0.2369420528411865, 0.238444983959198) as it has less than 20 images
Neuron 451 in layer 3 already processed. Skipping.
Skipping interval (-6.0, -5.0, -0.2644076645374298, -0.253315806388855) as it has less than 20 images
Neuron 502 in layer 3 already processed. Skipping.
Skipping interval (-6.0, -5.0, -0.3053193390369415, -0.2701553702354431) as it has less than 20 images
Skipping interval (5.0, 6.0, 0.2764845490455627, 0.2951883673667907) as it has less than 20 images
Neuron 84 in layer 3 already processed. Skipping.
Skipping interval (-6.0, -5.0, -0.2772908210754394, -0.2534088492393493) as it has less than 20 images
Skipping interval (5.0, 6.0, 0.2025870680809021, 0.2294457554817199) as it has less than 20 images
Neuron 78 in layer 3 already processed. Skipping.
Skipping interval (-6.0, -5.0, -0.2521778047084808, -0.2494835555553436) as it has less than 20 images
Neuron 57 in layer 3 already processed. Skipping.
Skipping interval (-6.0, -5.0, -0.3167117834091186, -0.2670159935951233) as it has less than 20 images
Skipping interval (5.0, 6.0, 0.2464619278907776, 0.2813300788402557) as it has less than 20 images
Neuron 132 in layer 3 already processed. Skipping.
Skipping interval (-6.0, -5.0, -0.286751240491867, -0.2605890035629272) as it has less than 20 images
Neuron 233 in layer 3 already processed. Skipping.
Skipping interval (-9.0, -8.0, -0.2170065939426422, -0.2170065939426422) as it has less than 20 images
Skipping interval (-8.0, -7.0, -0.2025904059410095, -0.1758778691291809) as it has less than 20 images
Skipping interval (5.0, 6.0, 0.3126353025436401, 0.3162779510021209) as it has less than 20 images
Neuron 499 in layer 3 already processed. Skipping.
Skipping interval (-7.0, -6.0, -0.2685456275939941, -0.2685456275939941) as it has less than 20 images
Skipping interval (-6.0, -5.0, -0.2520260810852051, -0.2152529060840606) as it has less than 20 images
Neuron 86 in layer 3 already processed. Skipping.
Skipping interval (-6.0, -5.0, -0.2896712124347687, -0.2607199549674988) as it has less than 20 images
Skipping interval (5.0, 6.0, 0.2722988724708557, 0.2722988724708557) as it has less than 20 images
Neuron 412 in layer 3 already processed. Skipping.
Skipping interval (-6.0, -5.0, -0.2951346337795257, -0.2921456098556518) as it has less than 20 images
Skipping interval (5.0, 6.0, 0.2794388830661773, 0.2794388830661773) as it has less than 20 images
Neuron 101 in layer 3 already processed. Skipping.
Skipping interval (-7.0, -6.0, -0.4219394326210022, -0.4219394326210022) as it has less than 20 images
Skipping interval (6.0, 7.0, -0.0035121589899063, 0.0218248665332794) as it has less than 20 images
Skipping interval (7.0, 8.0, 0.0345800220966339, 0.0345800220966339) as it has less than 20 images
Neuron 91 in layer 3 already processed. Skipping.
Skipping interval (-6.0, -5.0, -0.3070749044418335, -0.2790148258209228) as it has less than 20 images
Skipping interval (5.0, 6.0, 0.2618559300899505, 0.2950191795825958) as it has less than 20 images
Skipping interval (6.0, 7.0, 0.3169474303722381, 0.3169474303722381) as it has less than 20 images
Neuron 208 in layer 3 already processed. Skipping.
Skipping interval (-6.0, -5.0, -0.3080385327339172, -0.2716609537601471) as it has less than 20 images
Neuron 156 in layer 3 already processed. Skipping.
Skipping interval (-6.0, -5.0, -0.3260238766670227, -0.2886418104171753) as it has less than 20 images
Skipping interval (5.0, 6.0, 0.2434223592281341, 0.2661724090576172) as it has less than 20 images
Skipping interval (-7.0, -6.0, -0.3315980732440948, -0.3315980732440948) as it has less than 20 images
Skipping interval (-6.0, -5.0, -0.2843966484069824, -0.2767083644866943) as it has less than 20 images
Skipping interval (5.0, 6.0, 0.230948805809021, 0.2544245719909668) as it has less than 20 images
Skipping interval (6.0, 7.0, 0.2892006337642669, 0.2892006337642669) as it has less than 20 images
Neuron 173 in layer 3 already processed. Skipping.
Skipping interval (-6.0, -5.0, -0.3230199217796325, -0.2917643189430237) as it has less than 20 images
Skipping interval (5.0, 6.0, 0.2700863480567932, 0.2996381223201751) as it has less than 20 images
Neuron 157 in layer 3 already processed. Skipping.
Skipping interval (-7.0, -6.0, -0.3197190165519714, -0.3197190165519714) as it has less than 20 images
Skipping interval (-6.0, -5.0, -0.3027467429637909, -0.2535437941551208) as it has less than 20 images
Skipping interval (5.0, 6.0, 0.2907417714595794, 0.2907417714595794) as it has less than 20 images
Neuron 128 in layer 3 already processed. Skipping.
Skipping interval (-6.0, -5.0, -0.2808570861816406, -0.2652346491813659) as it has less than 20 images
Skipping interval (5.0, 6.0, 0.2467506229877472, 0.260537713766098) as it has less than 20 images
Neuron 221 in layer 3 already processed. Skipping.
Skipping interval (-6.0, -5.0, -0.2863200306892395, -0.271249771118164) as it has less than 20 images
Skipping interval (5.0, 6.0, 0.2550216317176819, 0.2875138223171234) as it has less than 20 images
Skipping interval (-6.0, -5.0, -0.2794237732887268, -0.2634234428405761) as it has less than 20 images
Skipping interval (-6.0, -5.0, -0.2827445268630981, -0.2727580964565277) as it has less than 20 images
Skipping interval (-6.0, -5.0, -0.2666893005371094, -0.2348357439041137) as it has less than 20 images
Skipping interval (5.0, 6.0, 0.2806732654571533, 0.3095526695251465) as it has less than 20 images
Skipping interval (-7.0, -6.0, -0.3243374824523926, -0.3243374824523926) as it has less than 20 images
Skipping interval (-6.0, -5.0, -0.3068954944610595, -0.269370436668396) as it has less than 20 images
Skipping interval (6.0, 7.0, 0.325130820274353, 0.3671680986881256) as it has less than 20 images
Skipping interval (7.0, 8.0, 0.3846996426582336, 0.4225291311740875) as it has less than 20 images
Skipping interval (-7.0, -6.0, -0.2861771583557129, -0.2447706460952758) as it has less than 20 images
Skipping interval (8.0, 9.0, 0.3883458971977234, 0.4248304963111877) as it has less than 20 images
Skipping interval (9.0, 10.0, 0.4370899796485901, 0.4664880931377411) as it has less than 20 images
Skipping interval (10.0, 11.0, 0.4742177426815033, 0.4954346418380737) as it has less than 20 images
Skipping interval (11.0, 12.0, 0.5304026007652283, 0.5497968196868896) as it has less than 20 images
Skipping interval (12.0, 13.0, 0.5906205773353577, 0.6016396880149841) as it has less than 20 images
Skipping interval (16.0, 17.0, 0.7478325963020325, 0.7478325963020325) as it has less than 20 images
Skipping interval (17.0, 18.0, 0.8065739274024963, 0.8065739274024963) as it has less than 20 images
Skipping interval (-6.0, -5.0, -0.2807542383670807, -0.2807542383670807) as it has less than 20 images
Skipping interval (5.0, 6.0, 0.2461414635181427, 0.2892096936702728) as it has less than 20 images
Skipping interval (7.0, 8.0, 0.3525887429714203, 0.3525887429714203) as it has less than 20 images
Skipping interval (-6.0, -5.0, -0.2736527323722839, -0.2538482844829559) as it has less than 20 images
Skipping interval (5.0, 6.0, 0.2630802989006042, 0.272255003452301) as it has less than 20 images
Skipping interval (-6.0, -5.0, -0.2890315949916839, -0.2796313762664795) as it has less than 20 images
Skipping interval (5.0, 6.0, 0.2749220728874206, 0.2827618718147278) as it has less than 20 images
Skipping interval (-6.0, -5.0, -0.2508349418640136, -0.2296240925788879) as it has less than 20 images
Skipping interval (5.0, 6.0, 0.2769662141799927, 0.2999602556228637) as it has less than 20 images
Skipping interval (-6.0, -5.0, -0.2448866665363311, -0.2383787930011749) as it has less than 20 images
Skipping interval (5.0, 6.0, 0.2969473600387573, 0.3193610310554504) as it has less than 20 images
Skipping interval (-6.0, -5.0, -0.2642445564270019, -0.2642445564270019) as it has less than 20 images
Skipping interval (5.0, 6.0, 0.2630537748336792, 0.2975837588310241) as it has less than 20 images
Skipping interval (-7.0, -6.0, -0.3225670158863067, -0.3225670158863067) as it has less than 20 images
Skipping interval (-6.0, -5.0, -0.2881293892860412, -0.2669064402580261) as it has less than 20 images
Skipping interval (5.0, 6.0, 0.2220667898654937, 0.2418110370635986) as it has less than 20 images
Skipping interval (6.0, 7.0, 0.3995018005371094, 0.3995018005371094) as it has less than 20 images
Skipping interval (-6.0, -5.0, -0.2982722222805023, -0.2505745887756347) as it has less than 20 images
Skipping interval (-6.0, -5.0, -0.3282076418399811, -0.288138747215271) as it has less than 20 images
Skipping interval (5.0, 6.0, 0.2594960331916809, 0.2690493166446686) as it has less than 20 images
Skipping interval (6.0, 7.0, 0.3256663084030151, 0.3256663084030151) as it has less than 20 images
Skipping interval (-8.0, -7.0, -0.3883984088897705, -0.3883984088897705) as it has less than 20 images
Skipping interval (-7.0, -6.0, -0.3486431837081909, -0.3431266844272613) as it has less than 20 images
Skipping interval (5.0, 6.0, 0.2456139028072357, 0.275108128786087) as it has less than 20 images
Skipping interval (-6.0, -5.0, -0.3045934438705444, -0.2627857625484466) as it has less than 20 images
Skipping interval (5.0, 6.0, 0.2549338042736053, 0.2938103377819061) as it has less than 20 images
Neuron 66 in layer 3 already processed. Skipping.
Skipping interval (-6.0, -5.0, -0.2546951174736023, -0.2497246265411377) as it has less than 20 images
Skipping interval (5.0, 6.0, 0.3130655586719513, 0.3130655586719513) as it has less than 20 images
Neuron 217 in layer 3 already processed. Skipping.
Skipping interval (-7.0, -6.0, -0.331434428691864, -0.331434428691864) as it has less than 20 images
Skipping interval (-6.0, -5.0, -0.302121639251709, -0.2849850356578827) as it has less than 20 images
Skipping interval (5.0, 6.0, 0.246006429195404, 0.2815327048301697) as it has less than 20 images
Neuron 92 in layer 3 already processed. Skipping.
Skipping interval (-6.0, -5.0, -0.2455905973911285, -0.2455905973911285) as it has less than 20 images
Skipping interval (5.0, 6.0, 0.2892534136772156, 0.3322754800319671) as it has less than 20 images
Neuron 426 in layer 3 already processed. Skipping.
Skipping interval (-7.0, -6.0, -0.3022296130657196, -0.3022296130657196) as it has less than 20 images
Skipping interval (5.0, 6.0, 0.2701500952243805, 0.295317679643631) as it has less than 20 images
Skipping interval (-6.0, -5.0, -0.2568181455135345, -0.2527075409889221) as it has less than 20 images
Skipping interval (5.0, 6.0, 0.2628146409988403, 0.2628146409988403) as it has less than 20 images
Skipping interval (-6.0, -5.0, -0.2868220508098602, -0.2448381185531616) as it has less than 20 images
Skipping interval (5.0, 6.0, 0.2604298293590545, 0.2848069667816162) as it has less than 20 images
Skipping interval (6.0, 7.0, 0.3181325197219848, 0.3181325197219848) as it has less than 20 images
Skipping interval (-6.0, -5.0, -0.3101472556591034, -0.3101472556591034) as it has less than 20 images
Skipping interval (5.0, 6.0, 0.2861766219139099, 0.3094633221626282) as it has less than 20 images
Neuron 277 in layer 3 already processed. Skipping.
Skipping interval (-6.0, -5.0, -0.2989264130592346, -0.2989264130592346) as it has less than 20 images
Skipping interval (5.0, 6.0, 0.2678195834159851, 0.3082455396652221) as it has less than 20 images
Skipping interval (6.0, 7.0, 0.324878990650177, 0.324878990650177) as it has less than 20 images
Skipping interval (-6.0, -5.0, -0.2262886464595794, -0.2050543129444122) as it has less than 20 images
Skipping interval (7.0, 8.0, 0.4485546350479126, 0.5012390613555908) as it has less than 20 images
Neuron 320 in layer 3 already processed. Skipping.
Skipping interval (-6.0, -5.0, -0.3118875026702881, -0.2903494536876678) as it has less than 20 images
Skipping interval (-6.0, -5.0, -0.2736175656318664, -0.2699074745178222) as it has less than 20 images
Skipping interval (5.0, 6.0, 0.24777352809906, 0.2811534702777862) as it has less than 20 images
Skipping interval (-7.0, -6.0, -0.3586679995059967, -0.3586679995059967) as it has less than 20 images
Skipping interval (-6.0, -5.0, -0.2956449687480926, -0.2802910804748535) as it has less than 20 images
Skipping interval (-7.0, -6.0, -0.3558152019977569, -0.3558152019977569) as it has less than 20 images
Skipping interval (-6.0, -5.0, -0.3038594126701355, -0.2865041196346283) as it has less than 20 images
Skipping interval (5.0, 6.0, 0.2563078105449676, 0.3095598816871643) as it has less than 20 images
Neuron 319 in layer 3 already processed. Skipping.
Skipping interval (-6.0, -5.0, -0.3001995086669922, -0.2643130123615265) as it has less than 20 images
Skipping interval (5.0, 6.0, 0.2731101214885711, 0.2899697422981262) as it has less than 20 images
Neuron 77 in layer 3 already processed. Skipping.
Skipping interval (-6.0, -5.0, -0.2804974019527435, -0.2513978183269501) as it has less than 20 images
Skipping interval (5.0, 6.0, 0.2352509498596191, 0.2700653076171875) as it has less than 20 images

======== GPU REPORT ========

==============NVSMI LOG==============

Timestamp                                 : Thu Jul 11 01:42:07 2024
Driver Version                            : 535.161.08
CUDA Version                              : 12.2

Attached GPUs                             : 1
GPU 00000000:81:00.0
    Accounting Mode                       : Enabled
    Accounting Mode Buffer Size           : 4000
    Accounted Processes
        Process ID                        : 2865367
            GPU Utilization               : 0 %
            Memory Utilization            : 0 %
            Max memory usage              : 684 MiB
            Time                          : 16794833 ms
            Is Running                    : 0

Thu Jul 11 01:42:07 2024       
+---------------------------------------------------------------------------------------+
| NVIDIA-SMI 535.161.08             Driver Version: 535.161.08   CUDA Version: 12.2     |
|-----------------------------------------+----------------------+----------------------+
| GPU  Name                 Persistence-M | Bus-Id        Disp.A | Volatile Uncorr. ECC |
| Fan  Temp   Perf          Pwr:Usage/Cap |         Memory-Usage | GPU-Util  Compute M. |
|                                         |                      |               MIG M. |
|=========================================+======================+======================|
|   0  NVIDIA A100-SXM4-80GB          On  | 00000000:81:00.0 Off |                    0 |
| N/A   28C    P0              72W / 500W |      0MiB / 81920MiB |      0%      Default |
|                                         |                      |             Disabled |
+-----------------------------------------+----------------------+----------------------+
                                                                                         
+---------------------------------------------------------------------------------------+
| Processes:                                                                            |
|  GPU   GI   CI        PID   Type   Process name                            GPU Memory |
|        ID   ID                                                             Usage      |
|=======================================================================================|
|  No running processes found                                                           |
+---------------------------------------------------------------------------------------+
