{'n_layers': 12, 'd_model': 512, 'd_head': 64, 'model_name': '', 'n_heads': 8, 'd_mlp': 2048, 'activation_name': 'gelu', 'eps': 1e-05, 'original_architecture': 'vit_clip_vision_encoder', 'initializer_range': 0.02, 'n_channels': 3, 'patch_size': 32, 'image_size': 224, 'n_classes': 512, 'n_params': None, 'layer_norm_pre': True, 'return_type': 'class_logits'}
LayerNorm folded.
Centered weights writing to residual stream
Loaded pretrained model wkcn/TinyCLIP-ViT-40M-32-Text-19M-LAION400M into HookedTransformer
Neuron 366 in layer 2 already processed. Skipping.
Neuron 19 in layer 2 already processed. Skipping.
Neuron 106 in layer 2 already processed. Skipping.
Neuron 468 in layer 2 already processed. Skipping.
Neuron 499 in layer 2 already processed. Skipping.
Neuron 382 in layer 2 already processed. Skipping.
Neuron 256 in layer 2 already processed. Skipping.
Neuron 234 in layer 2 already processed. Skipping.
Neuron 131 in layer 2 already processed. Skipping.
Skipping interval (-6.0, -5.0, -0.4209109544754028, -0.361689418554306) as it has less than 20 images
Skipping interval (5.0, 6.0, 0.31186643242836, 0.3504380285739898) as it has less than 20 images
Neuron 504 in layer 2 already processed. Skipping.
Skipping interval (5.0, 6.0, 0.3106152713298797, 0.3106152713298797) as it has less than 20 images
Neuron 271 in layer 2 already processed. Skipping.
Skipping interval (-6.0, -5.0, -0.4334667921066284, -0.4147799611091614) as it has less than 20 images
Skipping interval (6.0, 7.0, -0.0051565319299697, -0.0051565319299697) as it has less than 20 images
Neuron 141 in layer 2 already processed. Skipping.
Skipping interval (-7.0, -6.0, -0.4009834825992584, -0.4009834825992584) as it has less than 20 images
Skipping interval (-6.0, -5.0, -0.3703692257404327, -0.3349514901638031) as it has less than 20 images
Skipping interval (5.0, 6.0, 0.3465125858783722, 0.408122569322586) as it has less than 20 images
Skipping interval (6.0, 7.0, 0.4483885169029236, 0.4483885169029236) as it has less than 20 images
Neuron 483 in layer 2 already processed. Skipping.
Skipping interval (-7.0, -6.0, -0.4944486320018768, -0.4944486320018768) as it has less than 20 images
Skipping interval (-6.0, -5.0, -0.4852990210056305, -0.4105502068996429) as it has less than 20 images
Skipping interval (5.0, 6.0, 0.3982808291912079, 0.4677776992321014) as it has less than 20 images
Neuron 383 in layer 2 already processed. Skipping.
Skipping interval (-8.0, -7.0, -0.481084257364273, -0.481084257364273) as it has less than 20 images
Skipping interval (-7.0, -6.0, -0.4172356426715851, -0.4172356426715851) as it has less than 20 images
Skipping interval (5.0, 6.0, 0.3611195087432861, 0.3752575516700744) as it has less than 20 images
Neuron 72 in layer 2 already processed. Skipping.
Skipping interval (-6.0, -5.0, -0.5459615588188171, -0.5183247327804565) as it has less than 20 images
Neuron 159 in layer 2 already processed. Skipping.
Skipping interval (-6.0, -5.0, -0.3447068035602569, -0.3183519244194031) as it has less than 20 images
Skipping interval (5.0, 6.0, 0.3106290400028229, 0.3696007132530212) as it has less than 20 images
Skipping interval (6.0, 7.0, 0.3948648869991302, 0.3997899293899536) as it has less than 20 images
Neuron 433 in layer 2 already processed. Skipping.
Skipping interval (-7.0, -6.0, -0.456944078207016, -0.4424825608730316) as it has less than 20 images
Skipping interval (-6.0, -5.0, -0.4262230098247528, -0.3678521811962127) as it has less than 20 images
Skipping interval (5.0, 6.0, 0.3683027923107147, 0.3962990939617157) as it has less than 20 images
Neuron 317 in layer 2 already processed. Skipping.
Skipping interval (-6.0, -5.0, -0.4866283237934112, -0.4248067140579223) as it has less than 20 images
Skipping interval (5.0, 6.0, 0.3815572261810303, 0.4436283111572265) as it has less than 20 images
Skipping interval (6.0, 7.0, 0.4914115965366363, 0.5060489177703857) as it has less than 20 images
Skipping interval (7.0, 8.0, 0.5769237279891968, 0.6037939786911011) as it has less than 20 images
Neuron 49 in layer 2 already processed. Skipping.
Skipping interval (-6.0, -5.0, -0.412688285112381, -0.3721637725830078) as it has less than 20 images
Skipping interval (7.0, 8.0, 0.4509148299694061, 0.4512548148632049) as it has less than 20 images
Neuron 233 in layer 2 already processed. Skipping.
Skipping interval (-7.0, -6.0, -0.4097234010696411, -0.4097234010696411) as it has less than 20 images
Skipping interval (5.0, 6.0, 0.3411703407764435, 0.3639949858188629) as it has less than 20 images
Neuron 406 in layer 2 already processed. Skipping.
Skipping interval (-7.0, -6.0, -0.4574072659015655, -0.3938097059726715) as it has less than 20 images
Skipping interval (5.0, 6.0, 0.3508213460445404, 0.4067659676074981) as it has less than 20 images
Skipping interval (6.0, 7.0, 0.4131468832492828, 0.4660662114620209) as it has less than 20 images
Skipping interval (7.0, 8.0, 0.492807000875473, 0.492807000875473) as it has less than 20 images
Neuron 62 in layer 2 already processed. Skipping.
Skipping interval (-6.0, -5.0, -0.3596450388431549, -0.2972673177719116) as it has less than 20 images
Skipping interval (6.0, 7.0, 0.4026277959346771, 0.4026277959346771) as it has less than 20 images
Skipping interval (-6.0, -5.0, -0.3536738455295563, -0.2937029004096985) as it has less than 20 images
Skipping interval (6.0, 7.0, 0.4160902798175812, 0.4304004609584808) as it has less than 20 images
Skipping interval (-6.0, -5.0, -0.3750218451023102, -0.3402886688709259) as it has less than 20 images
Skipping interval (-8.0, -7.0, -0.5854687690734863, -0.5854687690734863) as it has less than 20 images
Skipping interval (-7.0, -6.0, -0.546809732913971, -0.5066723823547363) as it has less than 20 images
Skipping interval (6.0, 7.0, 0.4449655711650848, 0.4449655711650848) as it has less than 20 images
Skipping interval (-7.0, -6.0, -0.4025857746601105, -0.4025857746601105) as it has less than 20 images
Skipping interval (5.0, 6.0, 0.3316510617733001, 0.3790263235569) as it has less than 20 images
Skipping interval (-6.0, -5.0, -0.2835984230041504, -0.2835984230041504) as it has less than 20 images
Skipping interval (5.0, 6.0, 0.365976333618164, 0.365976333618164) as it has less than 20 images
Skipping interval (-6.0, -5.0, -0.3864317238330841, -0.3559716045856476) as it has less than 20 images
Skipping interval (5.0, 6.0, 0.3826430737972259, 0.3826430737972259) as it has less than 20 images
Skipping interval (-6.0, -5.0, -0.409970074892044, -0.3572025895118713) as it has less than 20 images
Skipping interval (5.0, 6.0, 0.384834736585617, 0.4367153644561767) as it has less than 20 images
Skipping interval (-9.0, -8.0, -0.5148400664329529, -0.5148400664329529) as it has less than 20 images
Skipping interval (-8.0, -7.0, -0.4789530336856842, -0.4789530336856842) as it has less than 20 images
Skipping interval (-7.0, -6.0, -0.3914171457290649, -0.3817673623561859) as it has less than 20 images
Skipping interval (-6.0, -5.0, -0.3740700185298919, -0.313071072101593) as it has less than 20 images
Skipping interval (5.0, 6.0, 0.3767021298408508, 0.3767021298408508) as it has less than 20 images
Skipping interval (-7.0, -6.0, -0.4225876927375793, -0.4225876927375793) as it has less than 20 images
Skipping interval (5.0, 6.0, 0.2673864662647247, 0.2995644211769104) as it has less than 20 images
Skipping interval (-6.0, -5.0, -0.2699190974235534, -0.2428573668003082) as it has less than 20 images
Skipping interval (5.0, 6.0, 0.3574718236923218, 0.3825275301933288) as it has less than 20 images
Skipping interval (-6.0, -5.0, -0.3866868913173675, -0.3559160232543945) as it has less than 20 images
Skipping interval (5.0, 6.0, 0.3068939745426178, 0.3248728811740875) as it has less than 20 images
Skipping interval (-6.0, -5.0, -0.3764747679233551, -0.3687850534915924) as it has less than 20 images
Skipping interval (6.0, 7.0, 0.362939178943634, 0.3994768559932709) as it has less than 20 images
Skipping interval (-7.0, -6.0, -0.4213608801364898, -0.4066894650459289) as it has less than 20 images
Skipping interval (5.0, 6.0, 0.4750032424926758, 0.4750032424926758) as it has less than 20 images
Skipping interval (-6.0, -5.0, -0.3729448616504669, -0.3392863273620605) as it has less than 20 images
Skipping interval (5.0, 6.0, 0.3197597861289978, 0.3197597861289978) as it has less than 20 images
Skipping interval (-6.0, -5.0, -0.2984823882579803, -0.2910389602184295) as it has less than 20 images
Skipping interval (5.0, 6.0, 0.3618199527263641, 0.3618199527263641) as it has less than 20 images
Skipping interval (-6.0, -5.0, -0.3428650200366974, -0.2909238636493683) as it has less than 20 images
Skipping interval (5.0, 6.0, 0.3540341854095459, 0.3922944962978363) as it has less than 20 images
Skipping interval (-7.0, -6.0, -0.3958233892917633, -0.3958233892917633) as it has less than 20 images
Skipping interval (-6.0, -5.0, -0.3574789464473724, -0.318806916475296) as it has less than 20 images
Skipping interval (5.0, 6.0, 0.3352217376232147, 0.3674989938735962) as it has less than 20 images
Skipping interval (-6.0, -5.0, -0.3779352009296417, -0.372608333826065) as it has less than 20 images
Skipping interval (5.0, 6.0, 0.2895004153251648, 0.3279319703578949) as it has less than 20 images
Skipping interval (-7.0, -6.0, -0.4137239754199981, -0.4137239754199981) as it has less than 20 images
Skipping interval (-6.0, -5.0, -0.3848783075809479, -0.3460341095924377) as it has less than 20 images
Skipping interval (5.0, 6.0, 0.3128941357135772, 0.3608013689517975) as it has less than 20 images
Skipping interval (-6.0, -5.0, -0.4228590130805969, -0.4089015126228332) as it has less than 20 images
Skipping interval (5.0, 6.0, 0.2688882350921631, 0.3095406293869018) as it has less than 20 images
Skipping interval (-7.0, -6.0, -0.4241106212139129, -0.4097490608692169) as it has less than 20 images
Skipping interval (5.0, 6.0, 0.353776067495346, 0.3578163683414459) as it has less than 20 images
Skipping interval (-6.0, -5.0, -0.3235611021518707, -0.3029651343822479) as it has less than 20 images
Skipping interval (-6.0, -5.0, -0.3144083321094513, -0.2822166085243225) as it has less than 20 images
Skipping interval (5.0, 6.0, 0.3408392965793609, 0.3807305991649627) as it has less than 20 images
Skipping interval (6.0, 7.0, 0.4031462669372558, 0.4031462669372558) as it has less than 20 images
Skipping interval (-6.0, -5.0, -0.28559011220932, -0.2749778032302856) as it has less than 20 images
Skipping interval (5.0, 6.0, 0.3689493536949157, 0.3908871412277221) as it has less than 20 images
Skipping interval (-7.0, -6.0, -0.415871113538742, -0.415871113538742) as it has less than 20 images
Skipping interval (-6.0, -5.0, -0.3362746238708496, -0.3362746238708496) as it has less than 20 images
Skipping interval (6.0, 7.0, 0.4116839170455932, 0.4325616657733917) as it has less than 20 images
Skipping interval (-6.0, -5.0, -0.3420636355876922, -0.282780110836029) as it has less than 20 images
Skipping interval (4.0, 5.0, 0.3184269666671753, 0.3485925495624542) as it has less than 20 images
Skipping interval (-7.0, -6.0, -0.4255634844303131, -0.4255634844303131) as it has less than 20 images
Skipping interval (-6.0, -5.0, -0.3726405799388885, -0.3329847753047943) as it has less than 20 images
Skipping interval (5.0, 6.0, 0.3703578412532806, 0.4091914296150207) as it has less than 20 images
Skipping interval (5.0, 6.0, 0.3447989821434021, 0.3961551189422607) as it has less than 20 images
Skipping interval (-7.0, -6.0, -0.4587181210517883, -0.415419727563858) as it has less than 20 images
Skipping interval (-6.0, -5.0, -0.3930150866508484, -0.3423327207565307) as it has less than 20 images
Skipping interval (5.0, 6.0, 0.3491214215755462, 0.3676398694515228) as it has less than 20 images
Skipping interval (-7.0, -6.0, -0.4517301619052887, -0.4517301619052887) as it has less than 20 images
Skipping interval (-6.0, -5.0, -0.397431880235672, -0.3511932790279388) as it has less than 20 images
Skipping interval (5.0, 6.0, 0.3650785684585571, 0.3792906403541565) as it has less than 20 images
Skipping interval (-6.0, -5.0, -0.3735181391239166, -0.350121408700943) as it has less than 20 images
Skipping interval (5.0, 6.0, 0.3516538143157959, 0.4007304012775421) as it has less than 20 images
Skipping interval (6.0, 7.0, 0.432135671377182, 0.432135671377182) as it has less than 20 images
Skipping interval (-6.0, -5.0, -0.3042598068714142, -0.3002456128597259) as it has less than 20 images
Skipping interval (5.0, 6.0, 0.3817175924777984, 0.4125652611255646) as it has less than 20 images
Skipping interval (-6.0, -5.0, -0.3384575843811035, -0.3058295249938965) as it has less than 20 images
Skipping interval (5.0, 6.0, 0.3466504216194153, 0.4045374691486358) as it has less than 20 images
Skipping interval (-6.0, -5.0, -0.3368064165115356, -0.3211283683776855) as it has less than 20 images
Skipping interval (5.0, 6.0, 0.3074301183223724, 0.3254809379577636) as it has less than 20 images
Skipping interval (-8.0, -7.0, -0.6529290676116943, -0.6529290676116943) as it has less than 20 images
Skipping interval (-7.0, -6.0, -0.5744339823722839, -0.5186576843261719) as it has less than 20 images
Skipping interval (-6.0, -5.0, -0.5037274956703186, -0.4241710901260376) as it has less than 20 images
Skipping interval (5.0, 6.0, 0.4164213240146637, 0.4604502618312835) as it has less than 20 images
Skipping interval (6.0, 7.0, 0.5034235119819641, 0.5660206079483032) as it has less than 20 images
Skipping interval (7.0, 8.0, 0.5949105024337769, 0.6278259754180908) as it has less than 20 images
Skipping interval (8.0, 9.0, 0.7347517013549805, 0.7347517013549805) as it has less than 20 images
Skipping interval (10.0, 11.0, 0.898969829082489, 0.898969829082489) as it has less than 20 images
Neuron 262 in layer 2 already processed. Skipping.
Skipping interval (-7.0, -6.0, -0.3943957984447479, -0.3943957984447479) as it has less than 20 images
Skipping interval (-6.0, -5.0, -0.3739100992679596, -0.3250793218612671) as it has less than 20 images
Skipping interval (6.0, 7.0, 0.3909675776958465, 0.3952853381633758) as it has less than 20 images
Neuron 386 in layer 2 already processed. Skipping.
Skipping interval (-7.0, -6.0, -0.3079907894134521, -0.2933121025562286) as it has less than 20 images
Skipping interval (6.0, 7.0, 0.1404778510332107, 0.1619888097047805) as it has less than 20 images
Neuron 280 in layer 2 already processed. Skipping.
Skipping interval (-6.0, -5.0, -0.3213640749454498, -0.285192459821701) as it has less than 20 images
Skipping interval (5.0, 6.0, 0.3944341838359833, 0.4249490797519684) as it has less than 20 images
Neuron 160 in layer 2 already processed. Skipping.
Skipping interval (-7.0, -6.0, -0.441139668226242, -0.4054867923259735) as it has less than 20 images
Skipping interval (6.0, 7.0, 0.4828402698040008, 0.4828402698040008) as it has less than 20 images
Neuron 409 in layer 2 already processed. Skipping.
Skipping interval (-7.0, -6.0, -0.4685861468315124, -0.4556414186954498) as it has less than 20 images
Skipping interval (6.0, 7.0, 0.4381307065486908, 0.4834101498126983) as it has less than 20 images
Neuron 487 in layer 2 already processed. Skipping.
Skipping interval (-6.0, -5.0, -0.5056988000869751, -0.4776867926120758) as it has less than 20 images
Skipping interval (6.0, 7.0, 0.497907280921936, 0.497907280921936) as it has less than 20 images
Skipping interval (7.0, 8.0, 0.6060077548027039, 0.6060077548027039) as it has less than 20 images
Neuron 496 in layer 2 already processed. Skipping.
Skipping interval (-6.0, -5.0, -0.4162335991859436, -0.3910949826240539) as it has less than 20 images
Skipping interval (6.0, 7.0, 0.3555240035057068, 0.4112107753753662) as it has less than 20 images
Skipping interval (7.0, 8.0, 0.4335871338844299, 0.4335871338844299) as it has less than 20 images
Neuron 395 in layer 2 already processed. Skipping.
Skipping interval (-6.0, -5.0, -0.3544101417064667, -0.3138703405857086) as it has less than 20 images
Skipping interval (6.0, 7.0, 0.4143681228160858, 0.431361049413681) as it has less than 20 images
Neuron 261 in layer 2 already processed. Skipping.
Skipping interval (-7.0, -6.0, -0.3716196119785309, -0.3716196119785309) as it has less than 20 images
Skipping interval (5.0, 6.0, 0.3702165782451629, 0.3702165782451629) as it has less than 20 images
Neuron 394 in layer 2 already processed. Skipping.
Skipping interval (-6.0, -5.0, -0.3375450670719147, -0.3201638758182525) as it has less than 20 images
Skipping interval (6.0, 7.0, 0.433105319738388, 0.433105319738388) as it has less than 20 images
Neuron 166 in layer 2 already processed. Skipping.
Skipping interval (-6.0, -5.0, -0.3867122232913971, -0.3453428447246551) as it has less than 20 images
Skipping interval (5.0, 6.0, 0.3267753422260284, 0.3516858220100403) as it has less than 20 images
Neuron 388 in layer 2 already processed. Skipping.
Skipping interval (-8.0, -7.0, -0.4289558529853821, -0.4178972840309143) as it has less than 20 images
Skipping interval (-7.0, -6.0, -0.3729739189147949, -0.3609690070152282) as it has less than 20 images
Skipping interval (5.0, 6.0, 0.3110300898551941, 0.3433061838150024) as it has less than 20 images
Skipping interval (6.0, 7.0, 0.3738870024681091, 0.3738870024681091) as it has less than 20 images
Skipping interval (7.0, 8.0, 0.4330257773399353, 0.4330257773399353) as it has less than 20 images
Neuron 133 in layer 2 already processed. Skipping.
Skipping interval (-8.0, -7.0, -0.4777738153934479, -0.4777738153934479) as it has less than 20 images
Skipping interval (5.0, 6.0, 0.3266834318637848, 0.367319792509079) as it has less than 20 images
Neuron 10 in layer 2 already processed. Skipping.

======== GPU REPORT ========

==============NVSMI LOG==============

Timestamp                                 : Thu Jul 11 01:36:08 2024
Driver Version                            : 535.183.01
CUDA Version                              : 12.2

Attached GPUs                             : 1
GPU 00000000:C3:00.0
    Accounting Mode                       : Enabled
    Accounting Mode Buffer Size           : 4000
    Accounted Processes
        Process ID                        : 158045
            GPU Utilization               : 0 %
            Memory Utilization            : 0 %
            Max memory usage              : 382 MiB
            Time                          : 15700998 ms
            Is Running                    : 0

Thu Jul 11 01:36:08 2024       
+---------------------------------------------------------------------------------------+
| NVIDIA-SMI 535.183.01             Driver Version: 535.183.01   CUDA Version: 12.2     |
|-----------------------------------------+----------------------+----------------------+
| GPU  Name                 Persistence-M | Bus-Id        Disp.A | Volatile Uncorr. ECC |
| Fan  Temp   Perf          Pwr:Usage/Cap |         Memory-Usage | GPU-Util  Compute M. |
|                                         |                      |               MIG M. |
|=========================================+======================+======================|
|   0  Quadro RTX 8000                On  | 00000000:C3:00.0 Off |                    0 |
| 33%   31C    P2              75W / 260W |      1MiB / 46080MiB |      0%      Default |
|                                         |                      |                  N/A |
+-----------------------------------------+----------------------+----------------------+
                                                                                         
+---------------------------------------------------------------------------------------+
| Processes:                                                                            |
|  GPU   GI   CI        PID   Type   Process name                            GPU Memory |
|        ID   ID                                                             Usage      |
|=======================================================================================|
|  No running processes found                                                           |
+---------------------------------------------------------------------------------------+
