{'n_layers': 12, 'd_model': 512, 'd_head': 64, 'model_name': '', 'n_heads': 8, 'd_mlp': 2048, 'activation_name': 'gelu', 'eps': 1e-05, 'original_architecture': 'vit_clip_vision_encoder', 'initializer_range': 0.02, 'n_channels': 3, 'patch_size': 32, 'image_size': 224, 'n_classes': 512, 'n_params': None, 'layer_norm_pre': True, 'return_type': 'class_logits'}
LayerNorm folded.
Centered weights writing to residual stream
Loaded pretrained model wkcn/TinyCLIP-ViT-40M-32-Text-19M-LAION400M into HookedTransformer
Neuron 374 in layer 5 already processed. Skipping.
Neuron 51 in layer 5 already processed. Skipping.
Neuron 208 in layer 5 already processed. Skipping.
Neuron 116 in layer 5 already processed. Skipping.
Neuron 427 in layer 5 already processed. Skipping.
Neuron 493 in layer 5 already processed. Skipping.
Neuron 444 in layer 5 already processed. Skipping.
Neuron 301 in layer 5 already processed. Skipping.
Neuron 457 in layer 5 already processed. Skipping.
Skipping interval (-6.0, -5.0, -0.2416718304157257, -0.2407145500183105) as it has less than 20 images
Skipping interval (5.0, 6.0, 0.2748740017414093, 0.2943079769611358) as it has less than 20 images
Skipping interval (-6.0, -5.0, -0.2435499131679535, -0.2165630161762237) as it has less than 20 images
Skipping interval (5.0, 6.0, 0.245882511138916, 0.2659496963024139) as it has less than 20 images
Skipping interval (-6.0, -5.0, -0.2818657159805298, -0.2389939725399017) as it has less than 20 images
Skipping interval (5.0, 6.0, 0.2823716700077057, 0.2823716700077057) as it has less than 20 images
Skipping interval (-6.0, -5.0, -0.2762997448444366, -0.2457633912563324) as it has less than 20 images
Skipping interval (5.0, 6.0, 0.2471131384372711, 0.2634846568107605) as it has less than 20 images
Skipping interval (-6.0, -5.0, -0.2762728035449981, -0.2438198775053024) as it has less than 20 images
Skipping interval (5.0, 6.0, 0.2287835478782653, 0.2287835478782653) as it has less than 20 images
Skipping interval (-7.0, -6.0, -0.2510809898376465, -0.2433614432811737) as it has less than 20 images
Skipping interval (5.0, 6.0, 0.2801501750946045, 0.2821480631828308) as it has less than 20 images
Skipping interval (-7.0, -6.0, -0.2950455248355865, -0.2950455248355865) as it has less than 20 images
Skipping interval (5.0, 6.0, 0.2785690426826477, 0.2785690426826477) as it has less than 20 images
Skipping interval (-6.0, -5.0, -0.2930301129817962, -0.2826973795890808) as it has less than 20 images
Skipping interval (5.0, 6.0, 0.2049906551837921, 0.2409352660179138) as it has less than 20 images
Skipping interval (-6.0, -5.0, -0.2230921685695648, -0.2230921685695648) as it has less than 20 images
Skipping interval (5.0, 6.0, 0.2389266341924667, 0.2761799991130829) as it has less than 20 images
Skipping interval (6.0, 7.0, 0.2817833721637726, 0.2890385389328003) as it has less than 20 images
Skipping interval (-6.0, -5.0, -0.2968958020210266, -0.2469565868377685) as it has less than 20 images
Skipping interval (6.0, 7.0, 0.3274840712547302, 0.3407735526561737) as it has less than 20 images
Skipping interval (-6.0, -5.0, -0.1730434000492096, -0.1730434000492096) as it has less than 20 images
Skipping interval (5.0, 6.0, 0.2553241550922394, 0.3021180331707001) as it has less than 20 images
Neuron 202 in layer 5 already processed. Skipping.
Skipping interval (-7.0, -6.0, -0.3121927678585052, -0.2727715075016022) as it has less than 20 images
Skipping interval (5.0, 6.0, 0.2347389161586761, 0.2615220844745636) as it has less than 20 images
Skipping interval (6.0, 7.0, 0.2803699076175689, 0.2803699076175689) as it has less than 20 images
Neuron 210 in layer 5 already processed. Skipping.
Skipping interval (-6.0, -5.0, -0.240474671125412, -0.2212149500846862) as it has less than 20 images
Neuron 185 in layer 5 already processed. Skipping.
Skipping interval (-6.0, -5.0, -0.1888875067234039, -0.1805515885353088) as it has less than 20 images
Skipping interval (5.0, 6.0, 0.2859634757041931, 0.2895960509777069) as it has less than 20 images
Neuron 502 in layer 5 already processed. Skipping.
Skipping interval (-6.0, -5.0, -0.2263165414333343, -0.2263165414333343) as it has less than 20 images
Skipping interval (5.0, 6.0, 0.2585686445236206, 0.2782557308673858) as it has less than 20 images
Neuron 428 in layer 5 already processed. Skipping.
Skipping interval (-6.0, -5.0, -0.2535378038883209, -0.2261113226413726) as it has less than 20 images
Skipping interval (6.0, 7.0, 0.2759038507938385, 0.2924347817897796) as it has less than 20 images
Neuron 364 in layer 5 already processed. Skipping.
Skipping interval (-7.0, -6.0, -0.3187619149684906, -0.2740610241889953) as it has less than 20 images
Skipping interval (5.0, 6.0, 0.2423981428146362, 0.280818909406662) as it has less than 20 images
Neuron 356 in layer 5 already processed. Skipping.
Skipping interval (-7.0, -6.0, -0.3080564141273498, -0.2817201912403106) as it has less than 20 images
Skipping interval (-6.0, -5.0, -0.2478018403053283, -0.2362893521785736) as it has less than 20 images
Skipping interval (5.0, 6.0, 0.2409735023975372, 0.2559479475021362) as it has less than 20 images
Neuron 92 in layer 5 already processed. Skipping.
Skipping interval (-6.0, -5.0, -0.2822674512863159, -0.2632059156894684) as it has less than 20 images
Skipping interval (6.0, 7.0, 0.2511783242225647, 0.2564676105976105) as it has less than 20 images
Neuron 78 in layer 5 already processed. Skipping.
Skipping interval (-6.0, -5.0, -0.2329955697059631, -0.2329955697059631) as it has less than 20 images
Skipping interval (5.0, 6.0, 0.2268529236316681, 0.2459062337875366) as it has less than 20 images
Neuron 462 in layer 5 already processed. Skipping.
Skipping interval (5.0, 6.0, 0.3093854188919067, 0.3093854188919067) as it has less than 20 images
Neuron 281 in layer 5 already processed. Skipping.
Skipping interval (-6.0, -5.0, -0.2122333347797393, -0.2110868394374847) as it has less than 20 images
Neuron 433 in layer 5 already processed. Skipping.
Skipping interval (-6.0, -5.0, -0.2537652850151062, -0.241703063249588) as it has less than 20 images
Skipping interval (5.0, 6.0, 0.23750901222229, 0.23750901222229) as it has less than 20 images
Neuron 449 in layer 5 already processed. Skipping.
Skipping interval (-6.0, -5.0, -0.2329762876033783, -0.1962837874889373) as it has less than 20 images
Skipping interval (5.0, 6.0, 0.2615547776222229, 0.2915341854095459) as it has less than 20 images
Neuron 274 in layer 5 already processed. Skipping.
Skipping interval (-6.0, -5.0, -0.2532926499843597, -0.2532926499843597) as it has less than 20 images
Skipping interval (6.0, 7.0, 0.2697828114032745, 0.2697828114032745) as it has less than 20 images
Neuron 511 in layer 5 already processed. Skipping.
Skipping interval (-6.0, -5.0, -0.2297812104225158, -0.2279317378997802) as it has less than 20 images
Skipping interval (5.0, 6.0, 0.1992314159870147, 0.2242562025785446) as it has less than 20 images
Skipping interval (-7.0, -6.0, -0.2656252086162567, -0.25958451628685) as it has less than 20 images
Skipping interval (5.0, 6.0, 0.2647678256034851, 0.2647678256034851) as it has less than 20 images
Skipping interval (5.0, 6.0, 0.2341297268867492, 0.2670414447784424) as it has less than 20 images
Skipping interval (6.0, 7.0, 0.2982434332370758, 0.3072176277637481) as it has less than 20 images
Neuron 225 in layer 5 already processed. Skipping.
Skipping interval (-6.0, -5.0, -0.1200811266899108, -0.073891669511795) as it has less than 20 images
Skipping interval (6.0, 7.0, 0.5080083608627319, 0.5413872003555298) as it has less than 20 images
Skipping interval (-6.0, -5.0, -0.2888090312480926, -0.2640677988529205) as it has less than 20 images
Skipping interval (5.0, 6.0, 0.221112459897995, 0.2406737804412841) as it has less than 20 images
Skipping interval (-6.0, -5.0, -0.266651839017868, -0.2312343716621399) as it has less than 20 images
Skipping interval (5.0, 6.0, 0.2552712261676788, 0.2903206348419189) as it has less than 20 images
Skipping interval (-6.0, -5.0, -0.3320690095424652, -0.3320690095424652) as it has less than 20 images
Skipping interval (5.0, 6.0, 0.2787059843540191, 0.2787059843540191) as it has less than 20 images
Skipping interval (-6.0, -5.0, -0.2737075090408325, -0.2737075090408325) as it has less than 20 images
Skipping interval (5.0, 6.0, 0.2500111162662506, 0.2570409476757049) as it has less than 20 images
Skipping interval (-6.0, -5.0, -0.2563487887382507, -0.2290815412998199) as it has less than 20 images
Skipping interval (5.0, 6.0, 0.2065767049789428, 0.2098076045513153) as it has less than 20 images
Skipping interval (-6.0, -5.0, -0.2558334469795227, -0.2338742017745971) as it has less than 20 images
Skipping interval (5.0, 6.0, 0.2380737662315368, 0.2608352303504944) as it has less than 20 images
Skipping interval (6.0, 7.0, 0.2880253493785858, 0.2880253493785858) as it has less than 20 images
Neuron 465 in layer 5 already processed. Skipping.
Skipping interval (-6.0, -5.0, -0.2373168766498565, -0.1972131133079528) as it has less than 20 images
Skipping interval (5.0, 6.0, 0.2815050184726715, 0.2815050184726715) as it has less than 20 images
Neuron 128 in layer 5 already processed. Skipping.
Skipping interval (-6.0, -5.0, -0.2469705641269683, -0.227782130241394) as it has less than 20 images
Skipping interval (5.0, 6.0, 0.2382793724536895, 0.2748952805995941) as it has less than 20 images
Neuron 344 in layer 5 already processed. Skipping.
Skipping interval (-6.0, -5.0, -0.2172696143388748, -0.1938293427228927) as it has less than 20 images
Skipping interval (5.0, 6.0, 0.2864412069320678, 0.3188962340354919) as it has less than 20 images
Neuron 460 in layer 5 already processed. Skipping.
Skipping interval (-7.0, -6.0, -0.2677012681961059, -0.2487729489803314) as it has less than 20 images
Skipping interval (5.0, 6.0, 0.2481288313865661, 0.2523877024650574) as it has less than 20 images
Neuron 236 in layer 5 already processed. Skipping.
Neuron 235 in layer 5 already processed. Skipping.
Skipping interval (-6.0, -5.0, -0.2695271372795105, -0.2685661315917969) as it has less than 20 images
Skipping interval (5.0, 6.0, 0.2358644902706146, 0.2623000144958496) as it has less than 20 images
Neuron 55 in layer 5 already processed. Skipping.
Skipping interval (-6.0, -5.0, -0.2894786596298218, -0.2894786596298218) as it has less than 20 images
Skipping interval (5.0, 6.0, 0.2513255476951599, 0.262788325548172) as it has less than 20 images
Skipping interval (6.0, 7.0, 0.306388795375824, 0.306388795375824) as it has less than 20 images
Neuron 385 in layer 5 already processed. Skipping.
Skipping interval (-7.0, -6.0, -0.323934406042099, -0.3212413787841797) as it has less than 20 images
Skipping interval (-6.0, -5.0, -0.3013755679130554, -0.2669892013072967) as it has less than 20 images
Skipping interval (5.0, 6.0, 0.2211092412471771, 0.221433475613594) as it has less than 20 images
Neuron 38 in layer 5 already processed. Skipping.
Skipping interval (-7.0, -6.0, -0.2531228363513946, -0.2531228363513946) as it has less than 20 images
Skipping interval (-6.0, -5.0, -0.2438675314188003, -0.2076470255851745) as it has less than 20 images
Skipping interval (5.0, 6.0, 0.2442343235015869, 0.273184210062027) as it has less than 20 images
Neuron 246 in layer 5 already processed. Skipping.
Skipping interval (-7.0, -6.0, -0.2871380150318146, -0.2871380150318146) as it has less than 20 images
Skipping interval (-6.0, -5.0, -0.2356522381305694, -0.2356522381305694) as it has less than 20 images
Skipping interval (5.0, 6.0, 0.2579479813575744, 0.2777848541736603) as it has less than 20 images
Neuron 158 in layer 5 already processed. Skipping.
Skipping interval (-6.0, -5.0, -0.312466949224472, -0.2745370268821716) as it has less than 20 images
Skipping interval (5.0, 6.0, 0.2200787961483001, 0.2290408909320831) as it has less than 20 images
Neuron 466 in layer 5 already processed. Skipping.
Skipping interval (-6.0, -5.0, -0.2877021729946136, -0.2455367147922516) as it has less than 20 images
Neuron 222 in layer 5 already processed. Skipping.
Skipping interval (-7.0, -6.0, -0.3191730678081512, -0.3191730678081512) as it has less than 20 images
Skipping interval (-6.0, -5.0, -0.2770282328128814, -0.2604401707649231) as it has less than 20 images
Neuron 310 in layer 5 already processed. Skipping.
Skipping interval (-6.0, -5.0, -0.2416964173316955, -0.2368035763502121) as it has less than 20 images
Skipping interval (5.0, 6.0, 0.2057467550039291, 0.216142401099205) as it has less than 20 images
Neuron 34 in layer 5 already processed. Skipping.
Skipping interval (-6.0, -5.0, -0.268517792224884, -0.263090044260025) as it has less than 20 images
Skipping interval (5.0, 6.0, 0.2271392196416854, 0.2442678809165954) as it has less than 20 images
Neuron 196 in layer 5 already processed. Skipping.
Skipping interval (-7.0, -6.0, -0.3062316477298736, -0.2792992293834686) as it has less than 20 images
Neuron 291 in layer 5 already processed. Skipping.
Skipping interval (-7.0, -6.0, -0.2850709855556488, -0.2850709855556488) as it has less than 20 images
Skipping interval (5.0, 6.0, 0.2056096494197845, 0.2265810072422027) as it has less than 20 images
Neuron 232 in layer 5 already processed. Skipping.
Skipping interval (-6.0, -5.0, -0.2209319174289703, -0.219307005405426) as it has less than 20 images
Skipping interval (5.0, 6.0, 0.236517459154129, 0.2795867323875427) as it has less than 20 images
Skipping interval (6.0, 7.0, 0.2988017797470093, 0.2988017797470093) as it has less than 20 images
Neuron 156 in layer 5 already processed. Skipping.
Skipping interval (-6.0, -5.0, -0.2447432279586792, -0.2107349336147308) as it has less than 20 images
Skipping interval (5.0, 6.0, 0.2699740529060364, 0.2741633355617523) as it has less than 20 images

======== GPU REPORT ========

==============NVSMI LOG==============

Timestamp                                 : Thu Jul 11 01:05:24 2024
Driver Version                            : 535.161.08
CUDA Version                              : 12.2

Attached GPUs                             : 1
GPU 00000000:41:00.0
    Accounting Mode                       : Disabled
    Accounting Mode Buffer Size           : 4000
    Accounted Processes                   : None

Thu Jul 11 01:05:24 2024       
+---------------------------------------------------------------------------------------+
| NVIDIA-SMI 535.161.08             Driver Version: 535.161.08   CUDA Version: 12.2     |
|-----------------------------------------+----------------------+----------------------+
| GPU  Name                 Persistence-M | Bus-Id        Disp.A | Volatile Uncorr. ECC |
| Fan  Temp   Perf          Pwr:Usage/Cap |         Memory-Usage | GPU-Util  Compute M. |
|                                         |                      |               MIG M. |
|=========================================+======================+======================|
|   0  NVIDIA A100-SXM4-80GB          On  | 00000000:41:00.0 Off |                   On |
| N/A   38C    P0             182W / 500W |   6687MiB / 81920MiB |     N/A      Default |
|                                         |                      |              Enabled |
+-----------------------------------------+----------------------+----------------------+

+---------------------------------------------------------------------------------------+
| MIG devices:                                                                          |
+------------------+--------------------------------+-----------+-----------------------+
| GPU  GI  CI  MIG |                   Memory-Usage |        Vol|      Shared           |
|      ID  ID  Dev |                     BAR1-Usage | SM     Unc| CE ENC DEC OFA JPG    |
|                  |                                |        ECC|                       |
|==================+================================+===========+=======================|
|  0    1   0   0  |              21MiB / 40448MiB  | 56      0 |  4   0    2    0    0 |
|                  |               0MiB / 65535MiB  |           |                       |
+------------------+--------------------------------+-----------+-----------------------+
                                                                                         
+---------------------------------------------------------------------------------------+
| Processes:                                                                            |
|  GPU   GI   CI        PID   Type   Process name                            GPU Memory |
|        ID   ID                                                             Usage      |
|=======================================================================================|
|  No running processes found                                                           |
+---------------------------------------------------------------------------------------+
