model_id download_pretrained_from_hf: laion/CLIP-ViT-B-32-DataComp.XL-s13B-b90K
Official model name open-clip:laion/CLIP-ViT-B-32-DataComp.XL-s13B-b90K
Converting OpenCLIP weights
model_id download_pretrained_from_hf: laion/CLIP-ViT-B-32-DataComp.XL-s13B-b90K
visual projection shape torch.Size([768, 512])
Setting center_writing_weights to False for OpenCLIP
Setting fold_ln to False for OpenCLIP
Loaded pretrained model open-clip:laion/CLIP-ViT-B-32-DataComp.XL-s13B-b90K into HookedTransformer
Processing neuron 435 in layer 4
Processing neuron 47 in layer 4
Processing neuron 650 in layer 4
Processing neuron 518 in layer 4
Processing neuron 15 in layer 4
Processing neuron 482 in layer 4
Processing neuron 417 in layer 4
Processing neuron 161 in layer 4
Processing neuron 500 in layer 4
Processing neuron 735 in layer 4
Processing neuron 623 in layer 4
Processing neuron 101 in layer 4
Processing neuron 299 in layer 4
Processing neuron 516 in layer 4
Processing neuron 465 in layer 4
Processing neuron 664 in layer 4
Processing neuron 21 in layer 4
Processing neuron 523 in layer 4
Processing neuron 183 in layer 4
Processing neuron 758 in layer 4
Processing neuron 633 in layer 4
Processing neuron 537 in layer 4
Processing neuron 201 in layer 4
Processing neuron 215 in layer 4
Processing neuron 490 in layer 4
Processing neuron 550 in layer 4
Processing neuron 760 in layer 4
Processing neuron 660 in layer 4

======== GPU REPORT ========

==============NVSMI LOG==============

Timestamp                                 : Sat Nov  2 15:09:48 2024
Driver Version                            : 560.35.03
CUDA Version                              : 12.6

Attached GPUs                             : 1
GPU 00000000:C3:00.0
    Accounting Mode                       : Enabled
    Accounting Mode Buffer Size           : 4000
    Accounted Processes
        Process ID                        : 686103
            GPU Utilization               : 0 %
            Memory Utilization            : 0 %
            Max memory usage              : 544 MiB
            Time                          : 3293345 ms
            Is Running                    : 0

Sat Nov  2 15:09:48 2024       
+-----------------------------------------------------------------------------------------+
| NVIDIA-SMI 560.35.03              Driver Version: 560.35.03      CUDA Version: 12.6     |
|-----------------------------------------+------------------------+----------------------+
| GPU  Name                 Persistence-M | Bus-Id          Disp.A | Volatile Uncorr. ECC |
| Fan  Temp   Perf          Pwr:Usage/Cap |           Memory-Usage | GPU-Util  Compute M. |
|                                         |                        |               MIG M. |
|=========================================+========================+======================|
|   0  Quadro RTX 8000                On  |   00000000:C3:00.0 Off |                    0 |
| 33%   27C    P8             33W /  260W |       1MiB /  46080MiB |     17%      Default |
|                                         |                        |                  N/A |
+-----------------------------------------+------------------------+----------------------+
                                                                                         
+-----------------------------------------------------------------------------------------+
| Processes:                                                                              |
|  GPU   GI   CI        PID   Type   Process name                              GPU Memory |
|        ID   ID                                                               Usage      |
|=========================================================================================|
|  No running processes found                                                             |
+-----------------------------------------------------------------------------------------+
