{'n_layers': 12, 'd_model': 512, 'd_head': 64, 'model_name': '', 'n_heads': 8, 'd_mlp': 2048, 'activation_name': 'gelu', 'eps': 1e-05, 'original_architecture': 'vit_clip_vision_encoder', 'initializer_range': 0.02, 'n_channels': 3, 'patch_size': 32, 'image_size': 224, 'n_classes': 512, 'n_params': None, 'layer_norm_pre': True, 'return_type': 'class_logits'}
LayerNorm folded.
Centered weights writing to residual stream
Loaded pretrained model wkcn/TinyCLIP-ViT-40M-32-Text-19M-LAION400M into HookedTransformer
Neuron 366, Layer 2, SD intervals: (4.0, 7.0)
Saved image to /network/scratch/s/sonia.joseph/CLIP_AUDIT/sampled_images/TinyCLIP40M/layer_2/neuron_366/neuron_366_layer_2_top_k_only.png
Neuron 19, Layer 2, SD intervals: (4.0, 6.0)
Saved image to /network/scratch/s/sonia.joseph/CLIP_AUDIT/sampled_images/TinyCLIP40M/layer_2/neuron_19/neuron_19_layer_2_top_k_only.png
Neuron 106, Layer 2, SD intervals: (9.0, 15.0)
Saved image to /network/scratch/s/sonia.joseph/CLIP_AUDIT/sampled_images/TinyCLIP40M/layer_2/neuron_106/neuron_106_layer_2_top_k_only.png
Neuron 468, Layer 2, SD intervals: (4.0, 6.0)
Saved image to /network/scratch/s/sonia.joseph/CLIP_AUDIT/sampled_images/TinyCLIP40M/layer_2/neuron_468/neuron_468_layer_2_top_k_only.png
Neuron 499, Layer 2, SD intervals: (4.0, 5.0)
Saved image to /network/scratch/s/sonia.joseph/CLIP_AUDIT/sampled_images/TinyCLIP40M/layer_2/neuron_499/neuron_499_layer_2_top_k_only.png
Neuron 382, Layer 2, SD intervals: (4.0, 6.0)
Saved image to /network/scratch/s/sonia.joseph/CLIP_AUDIT/sampled_images/TinyCLIP40M/layer_2/neuron_382/neuron_382_layer_2_top_k_only.png
Neuron 256, Layer 2, SD intervals: (4.0, 7.0)
Saved image to /network/scratch/s/sonia.joseph/CLIP_AUDIT/sampled_images/TinyCLIP40M/layer_2/neuron_256/neuron_256_layer_2_top_k_only.png
Neuron 234, Layer 2, SD intervals: (4.0, 6.0)
Saved image to /network/scratch/s/sonia.joseph/CLIP_AUDIT/sampled_images/TinyCLIP40M/layer_2/neuron_234/neuron_234_layer_2_top_k_only.png
Neuron 131, Layer 2, SD intervals: (4.0, 6.0)
Saved image to /network/scratch/s/sonia.joseph/CLIP_AUDIT/sampled_images/TinyCLIP40M/layer_2/neuron_131/neuron_131_layer_2_top_k_only.png
Neuron 511, Layer 2, SD intervals: (4.0, 6.0)
Saved image to /network/scratch/s/sonia.joseph/CLIP_AUDIT/sampled_images/TinyCLIP40M/layer_2/neuron_511/neuron_511_layer_2_top_k_only.png
Neuron 504, Layer 2, SD intervals: (5.0, 7.0)
Saved image to /network/scratch/s/sonia.joseph/CLIP_AUDIT/sampled_images/TinyCLIP40M/layer_2/neuron_504/neuron_504_layer_2_top_k_only.png
Neuron 484, Layer 2, SD intervals: (4.0, 6.0)
Saved image to /network/scratch/s/sonia.joseph/CLIP_AUDIT/sampled_images/TinyCLIP40M/layer_2/neuron_484/neuron_484_layer_2_top_k_only.png
Neuron 271, Layer 2, SD intervals: (4.0, 6.0)
Saved image to /network/scratch/s/sonia.joseph/CLIP_AUDIT/sampled_images/TinyCLIP40M/layer_2/neuron_271/neuron_271_layer_2_top_k_only.png
Neuron 104, Layer 2, SD intervals: (5.0, 6.0)
Saved image to /network/scratch/s/sonia.joseph/CLIP_AUDIT/sampled_images/TinyCLIP40M/layer_2/neuron_104/neuron_104_layer_2_top_k_only.png
Neuron 141, Layer 2, SD intervals: (5.0, 6.0)
Saved image to /network/scratch/s/sonia.joseph/CLIP_AUDIT/sampled_images/TinyCLIP40M/layer_2/neuron_141/neuron_141_layer_2_top_k_only.png
Neuron 227, Layer 2, SD intervals: (4.0, 7.0)
Saved image to /network/scratch/s/sonia.joseph/CLIP_AUDIT/sampled_images/TinyCLIP40M/layer_2/neuron_227/neuron_227_layer_2_top_k_only.png
Neuron 483, Layer 2, SD intervals: (4.0, 7.0)
Saved image to /network/scratch/s/sonia.joseph/CLIP_AUDIT/sampled_images/TinyCLIP40M/layer_2/neuron_483/neuron_483_layer_2_top_k_only.png
Neuron 305, Layer 2, SD intervals: (4.0, 6.0)
Saved image to /network/scratch/s/sonia.joseph/CLIP_AUDIT/sampled_images/TinyCLIP40M/layer_2/neuron_305/neuron_305_layer_2_top_k_only.png
Neuron 383, Layer 2, SD intervals: (4.0, 6.0)
Saved image to /network/scratch/s/sonia.joseph/CLIP_AUDIT/sampled_images/TinyCLIP40M/layer_2/neuron_383/neuron_383_layer_2_top_k_only.png
Neuron 379, Layer 2, SD intervals: (4.0, 6.0)
Saved image to /network/scratch/s/sonia.joseph/CLIP_AUDIT/sampled_images/TinyCLIP40M/layer_2/neuron_379/neuron_379_layer_2_top_k_only.png
Neuron 72, Layer 2, SD intervals: (6.0, 9.0)
Saved image to /network/scratch/s/sonia.joseph/CLIP_AUDIT/sampled_images/TinyCLIP40M/layer_2/neuron_72/neuron_72_layer_2_top_k_only.png
Neuron 162, Layer 2, SD intervals: (5.0, 7.0)
Saved image to /network/scratch/s/sonia.joseph/CLIP_AUDIT/sampled_images/TinyCLIP40M/layer_2/neuron_162/neuron_162_layer_2_top_k_only.png
Neuron 159, Layer 2, SD intervals: (4.0, 7.0)
Saved image to /network/scratch/s/sonia.joseph/CLIP_AUDIT/sampled_images/TinyCLIP40M/layer_2/neuron_159/neuron_159_layer_2_top_k_only.png
Neuron 387, Layer 2, SD intervals: (4.0, 7.0)
Saved image to /network/scratch/s/sonia.joseph/CLIP_AUDIT/sampled_images/TinyCLIP40M/layer_2/neuron_387/neuron_387_layer_2_top_k_only.png
Neuron 433, Layer 2, SD intervals: (4.0, 6.0)
Saved image to /network/scratch/s/sonia.joseph/CLIP_AUDIT/sampled_images/TinyCLIP40M/layer_2/neuron_433/neuron_433_layer_2_top_k_only.png
Neuron 495, Layer 2, SD intervals: (4.0, 6.0)
Saved image to /network/scratch/s/sonia.joseph/CLIP_AUDIT/sampled_images/TinyCLIP40M/layer_2/neuron_495/neuron_495_layer_2_top_k_only.png
Neuron 317, Layer 2, SD intervals: (3.0, 5.0)
Saved image to /network/scratch/s/sonia.joseph/CLIP_AUDIT/sampled_images/TinyCLIP40M/layer_2/neuron_317/neuron_317_layer_2_top_k_only.png
Neuron 478, Layer 2, SD intervals: (4.0, 8.0)
Saved image to /network/scratch/s/sonia.joseph/CLIP_AUDIT/sampled_images/TinyCLIP40M/layer_2/neuron_478/neuron_478_layer_2_top_k_only.png
Neuron 49, Layer 2, SD intervals: (4.0, 6.0)
Saved image to /network/scratch/s/sonia.joseph/CLIP_AUDIT/sampled_images/TinyCLIP40M/layer_2/neuron_49/neuron_49_layer_2_top_k_only.png
Neuron 194, Layer 2, SD intervals: (6.0, 8.0)
Saved image to /network/scratch/s/sonia.joseph/CLIP_AUDIT/sampled_images/TinyCLIP40M/layer_2/neuron_194/neuron_194_layer_2_top_k_only.png
Neuron 233, Layer 2, SD intervals: (4.0, 6.0)
Saved image to /network/scratch/s/sonia.joseph/CLIP_AUDIT/sampled_images/TinyCLIP40M/layer_2/neuron_233/neuron_233_layer_2_top_k_only.png
Neuron 477, Layer 2, SD intervals: (4.0, 6.0)
Saved image to /network/scratch/s/sonia.joseph/CLIP_AUDIT/sampled_images/TinyCLIP40M/layer_2/neuron_477/neuron_477_layer_2_top_k_only.png
Neuron 406, Layer 2, SD intervals: (4.0, 6.0)
Saved image to /network/scratch/s/sonia.joseph/CLIP_AUDIT/sampled_images/TinyCLIP40M/layer_2/neuron_406/neuron_406_layer_2_top_k_only.png
Neuron 209, Layer 2, SD intervals: (4.0, 6.0)
Saved image to /network/scratch/s/sonia.joseph/CLIP_AUDIT/sampled_images/TinyCLIP40M/layer_2/neuron_209/neuron_209_layer_2_top_k_only.png
Neuron 126, Layer 2, SD intervals: (5.0, 8.0)
Saved image to /network/scratch/s/sonia.joseph/CLIP_AUDIT/sampled_images/TinyCLIP40M/layer_2/neuron_126/neuron_126_layer_2_top_k_only.png
Neuron 62, Layer 2, SD intervals: (4.0, 6.0)
Saved image to /network/scratch/s/sonia.joseph/CLIP_AUDIT/sampled_images/TinyCLIP40M/layer_2/neuron_62/neuron_62_layer_2_top_k_only.png
Neuron 40, Layer 2, SD intervals: (5.0, 7.0)
Saved image to /network/scratch/s/sonia.joseph/CLIP_AUDIT/sampled_images/TinyCLIP40M/layer_2/neuron_40/neuron_40_layer_2_top_k_only.png
Neuron 138, Layer 2, SD intervals: (5.0, 7.0)
Saved image to /network/scratch/s/sonia.joseph/CLIP_AUDIT/sampled_images/TinyCLIP40M/layer_2/neuron_138/neuron_138_layer_2_top_k_only.png
Neuron 461, Layer 2, SD intervals: (5.0, 6.0)
Saved image to /network/scratch/s/sonia.joseph/CLIP_AUDIT/sampled_images/TinyCLIP40M/layer_2/neuron_461/neuron_461_layer_2_top_k_only.png
Neuron 41, Layer 2, SD intervals: (5.0, 7.0)
Saved image to /network/scratch/s/sonia.joseph/CLIP_AUDIT/sampled_images/TinyCLIP40M/layer_2/neuron_41/neuron_41_layer_2_top_k_only.png
Neuron 122, Layer 2, SD intervals: (4.0, 6.0)
Saved image to /network/scratch/s/sonia.joseph/CLIP_AUDIT/sampled_images/TinyCLIP40M/layer_2/neuron_122/neuron_122_layer_2_top_k_only.png
Neuron 177, Layer 2, SD intervals: (4.0, 6.0)
Saved image to /network/scratch/s/sonia.joseph/CLIP_AUDIT/sampled_images/TinyCLIP40M/layer_2/neuron_177/neuron_177_layer_2_top_k_only.png
Neuron 178, Layer 2, SD intervals: (4.0, 6.0)
Saved image to /network/scratch/s/sonia.joseph/CLIP_AUDIT/sampled_images/TinyCLIP40M/layer_2/neuron_178/neuron_178_layer_2_top_k_only.png
Neuron 419, Layer 2, SD intervals: (4.0, 6.0)
Saved image to /network/scratch/s/sonia.joseph/CLIP_AUDIT/sampled_images/TinyCLIP40M/layer_2/neuron_419/neuron_419_layer_2_top_k_only.png
Neuron 121, Layer 2, SD intervals: (4.0, 6.0)
Saved image to /network/scratch/s/sonia.joseph/CLIP_AUDIT/sampled_images/TinyCLIP40M/layer_2/neuron_121/neuron_121_layer_2_top_k_only.png
Neuron 273, Layer 2, SD intervals: (4.0, 6.0)
Saved image to /network/scratch/s/sonia.joseph/CLIP_AUDIT/sampled_images/TinyCLIP40M/layer_2/neuron_273/neuron_273_layer_2_top_k_only.png
Neuron 248, Layer 2, SD intervals: (4.0, 6.0)
Saved image to /network/scratch/s/sonia.joseph/CLIP_AUDIT/sampled_images/TinyCLIP40M/layer_2/neuron_248/neuron_248_layer_2_top_k_only.png
Neuron 289, Layer 2, SD intervals: (4.0, 6.0)
Saved image to /network/scratch/s/sonia.joseph/CLIP_AUDIT/sampled_images/TinyCLIP40M/layer_2/neuron_289/neuron_289_layer_2_top_k_only.png
Neuron 323, Layer 2, SD intervals: (5.0, 7.0)
Saved image to /network/scratch/s/sonia.joseph/CLIP_AUDIT/sampled_images/TinyCLIP40M/layer_2/neuron_323/neuron_323_layer_2_top_k_only.png
Neuron 173, Layer 2, SD intervals: (4.0, 6.0)
Saved image to /network/scratch/s/sonia.joseph/CLIP_AUDIT/sampled_images/TinyCLIP40M/layer_2/neuron_173/neuron_173_layer_2_top_k_only.png
Neuron 268, Layer 2, SD intervals: (4.0, 6.0)
Saved image to /network/scratch/s/sonia.joseph/CLIP_AUDIT/sampled_images/TinyCLIP40M/layer_2/neuron_268/neuron_268_layer_2_top_k_only.png
Neuron 201, Layer 2, SD intervals: (4.0, 6.0)
Saved image to /network/scratch/s/sonia.joseph/CLIP_AUDIT/sampled_images/TinyCLIP40M/layer_2/neuron_201/neuron_201_layer_2_top_k_only.png
Neuron 108, Layer 2, SD intervals: (4.0, 6.0)
Saved image to /network/scratch/s/sonia.joseph/CLIP_AUDIT/sampled_images/TinyCLIP40M/layer_2/neuron_108/neuron_108_layer_2_top_k_only.png
Neuron 259, Layer 2, SD intervals: (4.0, 6.0)
Saved image to /network/scratch/s/sonia.joseph/CLIP_AUDIT/sampled_images/TinyCLIP40M/layer_2/neuron_259/neuron_259_layer_2_top_k_only.png
Neuron 65, Layer 2, SD intervals: (4.0, 6.0)
Saved image to /network/scratch/s/sonia.joseph/CLIP_AUDIT/sampled_images/TinyCLIP40M/layer_2/neuron_65/neuron_65_layer_2_top_k_only.png
Neuron 312, Layer 2, SD intervals: (4.0, 6.0)
Saved image to /network/scratch/s/sonia.joseph/CLIP_AUDIT/sampled_images/TinyCLIP40M/layer_2/neuron_312/neuron_312_layer_2_top_k_only.png
Neuron 170, Layer 2, SD intervals: (4.0, 6.0)
Saved image to /network/scratch/s/sonia.joseph/CLIP_AUDIT/sampled_images/TinyCLIP40M/layer_2/neuron_170/neuron_170_layer_2_top_k_only.png
Neuron 143, Layer 2, SD intervals: (4.0, 6.0)
Saved image to /network/scratch/s/sonia.joseph/CLIP_AUDIT/sampled_images/TinyCLIP40M/layer_2/neuron_143/neuron_143_layer_2_top_k_only.png
Neuron 152, Layer 2, SD intervals: (5.0, 6.0)
Saved image to /network/scratch/s/sonia.joseph/CLIP_AUDIT/sampled_images/TinyCLIP40M/layer_2/neuron_152/neuron_152_layer_2_top_k_only.png
Neuron 157, Layer 2, SD intervals: (4.0, 7.0)
Saved image to /network/scratch/s/sonia.joseph/CLIP_AUDIT/sampled_images/TinyCLIP40M/layer_2/neuron_157/neuron_157_layer_2_top_k_only.png
Neuron 265, Layer 2, SD intervals: (4.0, 5.0)
Saved image to /network/scratch/s/sonia.joseph/CLIP_AUDIT/sampled_images/TinyCLIP40M/layer_2/neuron_265/neuron_265_layer_2_top_k_only.png
Neuron 37, Layer 2, SD intervals: (4.0, 6.0)
Saved image to /network/scratch/s/sonia.joseph/CLIP_AUDIT/sampled_images/TinyCLIP40M/layer_2/neuron_37/neuron_37_layer_2_top_k_only.png
Neuron 416, Layer 2, SD intervals: (5.0, 7.0)
Saved image to /network/scratch/s/sonia.joseph/CLIP_AUDIT/sampled_images/TinyCLIP40M/layer_2/neuron_416/neuron_416_layer_2_top_k_only.png
Neuron 258, Layer 2, SD intervals: (3.0, 5.0)
Saved image to /network/scratch/s/sonia.joseph/CLIP_AUDIT/sampled_images/TinyCLIP40M/layer_2/neuron_258/neuron_258_layer_2_top_k_only.png
Neuron 212, Layer 2, SD intervals: (4.0, 6.0)
Saved image to /network/scratch/s/sonia.joseph/CLIP_AUDIT/sampled_images/TinyCLIP40M/layer_2/neuron_212/neuron_212_layer_2_top_k_only.png
Neuron 58, Layer 2, SD intervals: (4.0, 6.0)
Saved image to /network/scratch/s/sonia.joseph/CLIP_AUDIT/sampled_images/TinyCLIP40M/layer_2/neuron_58/neuron_58_layer_2_top_k_only.png
Neuron 52, Layer 2, SD intervals: (4.0, 6.0)
Saved image to /network/scratch/s/sonia.joseph/CLIP_AUDIT/sampled_images/TinyCLIP40M/layer_2/neuron_52/neuron_52_layer_2_top_k_only.png
Neuron 304, Layer 2, SD intervals: (4.0, 6.0)
Saved image to /network/scratch/s/sonia.joseph/CLIP_AUDIT/sampled_images/TinyCLIP40M/layer_2/neuron_304/neuron_304_layer_2_top_k_only.png
Neuron 101, Layer 2, SD intervals: (4.0, 7.0)
Saved image to /network/scratch/s/sonia.joseph/CLIP_AUDIT/sampled_images/TinyCLIP40M/layer_2/neuron_101/neuron_101_layer_2_top_k_only.png
Neuron 283, Layer 2, SD intervals: (4.0, 6.0)
Saved image to /network/scratch/s/sonia.joseph/CLIP_AUDIT/sampled_images/TinyCLIP40M/layer_2/neuron_283/neuron_283_layer_2_top_k_only.png
Neuron 457, Layer 2, SD intervals: (4.0, 6.0)
Saved image to /network/scratch/s/sonia.joseph/CLIP_AUDIT/sampled_images/TinyCLIP40M/layer_2/neuron_457/neuron_457_layer_2_top_k_only.png
Neuron 246, Layer 2, SD intervals: (4.0, 6.0)
Saved image to /network/scratch/s/sonia.joseph/CLIP_AUDIT/sampled_images/TinyCLIP40M/layer_2/neuron_246/neuron_246_layer_2_top_k_only.png
Neuron 358, Layer 2, SD intervals: (5.0, 11.0)
Saved image to /network/scratch/s/sonia.joseph/CLIP_AUDIT/sampled_images/TinyCLIP40M/layer_2/neuron_358/neuron_358_layer_2_top_k_only.png
Neuron 262, Layer 2, SD intervals: (4.0, 6.0)
Saved image to /network/scratch/s/sonia.joseph/CLIP_AUDIT/sampled_images/TinyCLIP40M/layer_2/neuron_262/neuron_262_layer_2_top_k_only.png
Neuron 146, Layer 2, SD intervals: (5.0, 7.0)
Saved image to /network/scratch/s/sonia.joseph/CLIP_AUDIT/sampled_images/TinyCLIP40M/layer_2/neuron_146/neuron_146_layer_2_top_k_only.png
Neuron 386, Layer 2, SD intervals: (4.0, 6.0)
Saved image to /network/scratch/s/sonia.joseph/CLIP_AUDIT/sampled_images/TinyCLIP40M/layer_2/neuron_386/neuron_386_layer_2_top_k_only.png
Neuron 153, Layer 2, SD intervals: (5.0, 7.0)
Saved image to /network/scratch/s/sonia.joseph/CLIP_AUDIT/sampled_images/TinyCLIP40M/layer_2/neuron_153/neuron_153_layer_2_top_k_only.png
Neuron 280, Layer 2, SD intervals: (4.0, 7.0)
Saved image to /network/scratch/s/sonia.joseph/CLIP_AUDIT/sampled_images/TinyCLIP40M/layer_2/neuron_280/neuron_280_layer_2_top_k_only.png
Neuron 347, Layer 2, SD intervals: (4.0, 6.0)
Saved image to /network/scratch/s/sonia.joseph/CLIP_AUDIT/sampled_images/TinyCLIP40M/layer_2/neuron_347/neuron_347_layer_2_top_k_only.png
Neuron 160, Layer 2, SD intervals: (4.0, 6.0)
Saved image to /network/scratch/s/sonia.joseph/CLIP_AUDIT/sampled_images/TinyCLIP40M/layer_2/neuron_160/neuron_160_layer_2_top_k_only.png
Neuron 267, Layer 2, SD intervals: (5.0, 7.0)
Saved image to /network/scratch/s/sonia.joseph/CLIP_AUDIT/sampled_images/TinyCLIP40M/layer_2/neuron_267/neuron_267_layer_2_top_k_only.png
Neuron 409, Layer 2, SD intervals: (5.0, 9.0)
Saved image to /network/scratch/s/sonia.joseph/CLIP_AUDIT/sampled_images/TinyCLIP40M/layer_2/neuron_409/neuron_409_layer_2_top_k_only.png
Neuron 237, Layer 2, SD intervals: (6.0, 7.0)
Saved image to /network/scratch/s/sonia.joseph/CLIP_AUDIT/sampled_images/TinyCLIP40M/layer_2/neuron_237/neuron_237_layer_2_top_k_only.png
Neuron 487, Layer 2, SD intervals: (5.0, 7.0)
Saved image to /network/scratch/s/sonia.joseph/CLIP_AUDIT/sampled_images/TinyCLIP40M/layer_2/neuron_487/neuron_487_layer_2_top_k_only.png
Neuron 270, Layer 2, SD intervals: (5.0, 8.0)
Saved image to /network/scratch/s/sonia.joseph/CLIP_AUDIT/sampled_images/TinyCLIP40M/layer_2/neuron_270/neuron_270_layer_2_top_k_only.png
Neuron 496, Layer 2, SD intervals: (5.0, 6.0)
Saved image to /network/scratch/s/sonia.joseph/CLIP_AUDIT/sampled_images/TinyCLIP40M/layer_2/neuron_496/neuron_496_layer_2_top_k_only.png
Neuron 77, Layer 2, SD intervals: (5.0, 8.0)
Saved image to /network/scratch/s/sonia.joseph/CLIP_AUDIT/sampled_images/TinyCLIP40M/layer_2/neuron_77/neuron_77_layer_2_top_k_only.png
Neuron 395, Layer 2, SD intervals: (5.0, 7.0)
Saved image to /network/scratch/s/sonia.joseph/CLIP_AUDIT/sampled_images/TinyCLIP40M/layer_2/neuron_395/neuron_395_layer_2_top_k_only.png
Neuron 480, Layer 2, SD intervals: (5.0, 7.0)
Saved image to /network/scratch/s/sonia.joseph/CLIP_AUDIT/sampled_images/TinyCLIP40M/layer_2/neuron_480/neuron_480_layer_2_top_k_only.png
Neuron 261, Layer 2, SD intervals: (5.0, 7.0)
Saved image to /network/scratch/s/sonia.joseph/CLIP_AUDIT/sampled_images/TinyCLIP40M/layer_2/neuron_261/neuron_261_layer_2_top_k_only.png
Neuron 175, Layer 2, SD intervals: (4.0, 6.0)
Saved image to /network/scratch/s/sonia.joseph/CLIP_AUDIT/sampled_images/TinyCLIP40M/layer_2/neuron_175/neuron_175_layer_2_top_k_only.png
Neuron 394, Layer 2, SD intervals: (4.0, 6.0)
Saved image to /network/scratch/s/sonia.joseph/CLIP_AUDIT/sampled_images/TinyCLIP40M/layer_2/neuron_394/neuron_394_layer_2_top_k_only.png
Neuron 67, Layer 2, SD intervals: (5.0, 7.0)
Saved image to /network/scratch/s/sonia.joseph/CLIP_AUDIT/sampled_images/TinyCLIP40M/layer_2/neuron_67/neuron_67_layer_2_top_k_only.png
Neuron 166, Layer 2, SD intervals: (5.0, 7.0)
Saved image to /network/scratch/s/sonia.joseph/CLIP_AUDIT/sampled_images/TinyCLIP40M/layer_2/neuron_166/neuron_166_layer_2_top_k_only.png
Neuron 365, Layer 2, SD intervals: (4.0, 6.0)
Saved image to /network/scratch/s/sonia.joseph/CLIP_AUDIT/sampled_images/TinyCLIP40M/layer_2/neuron_365/neuron_365_layer_2_top_k_only.png
Neuron 388, Layer 2, SD intervals: (4.0, 6.0)
Saved image to /network/scratch/s/sonia.joseph/CLIP_AUDIT/sampled_images/TinyCLIP40M/layer_2/neuron_388/neuron_388_layer_2_top_k_only.png
Neuron 510, Layer 2, SD intervals: (4.0, 8.0)
Saved image to /network/scratch/s/sonia.joseph/CLIP_AUDIT/sampled_images/TinyCLIP40M/layer_2/neuron_510/neuron_510_layer_2_top_k_only.png
Neuron 133, Layer 2, SD intervals: (4.0, 6.0)
Saved image to /network/scratch/s/sonia.joseph/CLIP_AUDIT/sampled_images/TinyCLIP40M/layer_2/neuron_133/neuron_133_layer_2_top_k_only.png
Neuron 123, Layer 2, SD intervals: (4.0, 6.0)
Saved image to /network/scratch/s/sonia.joseph/CLIP_AUDIT/sampled_images/TinyCLIP40M/layer_2/neuron_123/neuron_123_layer_2_top_k_only.png
Neuron 10, Layer 2, SD intervals: (5.0, 6.0)
Saved image to /network/scratch/s/sonia.joseph/CLIP_AUDIT/sampled_images/TinyCLIP40M/layer_2/neuron_10/neuron_10_layer_2_top_k_only.png

======== GPU REPORT ========

==============NVSMI LOG==============

Timestamp                                 : Thu Jul 11 11:22:29 2024
Driver Version                            : 535.161.08
CUDA Version                              : 12.2

Attached GPUs                             : 1
GPU 00000000:81:00.0
    Accounting Mode                       : Disabled
    Accounting Mode Buffer Size           : 4000
    Accounted Processes                   : None

Thu Jul 11 11:22:29 2024       
+---------------------------------------------------------------------------------------+
| NVIDIA-SMI 535.161.08             Driver Version: 535.161.08   CUDA Version: 12.2     |
|-----------------------------------------+----------------------+----------------------+
| GPU  Name                 Persistence-M | Bus-Id        Disp.A | Volatile Uncorr. ECC |
| Fan  Temp   Perf          Pwr:Usage/Cap |         Memory-Usage | GPU-Util  Compute M. |
|                                         |                      |               MIG M. |
|=========================================+======================+======================|
|   0  NVIDIA A100-SXM4-80GB          On  | 00000000:81:00.0 Off |                   On |
| N/A   37C    P0             133W / 500W |  17195MiB / 81920MiB |     N/A      Default |
|                                         |                      |              Enabled |
+-----------------------------------------+----------------------+----------------------+

+---------------------------------------------------------------------------------------+
| MIG devices:                                                                          |
+------------------+--------------------------------+-----------+-----------------------+
| GPU  GI  CI  MIG |                   Memory-Usage |        Vol|      Shared           |
|      ID  ID  Dev |                     BAR1-Usage | SM     Unc| CE ENC DEC OFA JPG    |
|                  |                                |        ECC|                       |
|==================+================================+===========+=======================|
|  0    1   0   0  |              16MiB / 40448MiB  | 42      0 |  3   0    2    0    0 |
|                  |               0MiB / 65535MiB  |           |                       |
+------------------+--------------------------------+-----------+-----------------------+
                                                                                         
+---------------------------------------------------------------------------------------+
| Processes:                                                                            |
|  GPU   GI   CI        PID   Type   Process name                            GPU Memory |
|        ID   ID                                                             Usage      |
|=======================================================================================|
|  No running processes found                                                           |
+---------------------------------------------------------------------------------------+
