model_id download_pretrained_from_hf: laion/CLIP-ViT-B-32-DataComp.XL-s13B-b90K
Official model name open-clip:laion/CLIP-ViT-B-32-DataComp.XL-s13B-b90K
Converting OpenCLIP weights
model_id download_pretrained_from_hf: laion/CLIP-ViT-B-32-DataComp.XL-s13B-b90K
visual projection shape torch.Size([768, 512])
Setting center_writing_weights to False for OpenCLIP
Setting fold_ln to False for OpenCLIP
Loaded pretrained model open-clip:laion/CLIP-ViT-B-32-DataComp.XL-s13B-b90K into HookedTransformer
Processing neuron 572 in layer 9
Processing neuron 536 in layer 9
Processing neuron 617 in layer 9
Processing neuron 281 in layer 9
Processing neuron 241 in layer 9
Processing neuron 274 in layer 9
Processing neuron 329 in layer 9
Processing neuron 104 in layer 9
Processing neuron 231 in layer 9
Processing neuron 32 in layer 9
Processing neuron 256 in layer 9
Processing neuron 28 in layer 9
Processing neuron 25 in layer 9
Processing neuron 375 in layer 9
Processing neuron 89 in layer 9
Processing neuron 763 in layer 9
Processing neuron 425 in layer 9
Processing neuron 190 in layer 9
Processing neuron 553 in layer 9
Processing neuron 74 in layer 9
Processing neuron 236 in layer 9
Processing neuron 518 in layer 9
Processing neuron 430 in layer 9
Processing neuron 416 in layer 9
Processing neuron 348 in layer 9
Processing neuron 34 in layer 9
Processing neuron 370 in layer 9
Processing neuron 687 in layer 9
Processing neuron 608 in layer 9
Processing neuron 296 in layer 9

======== GPU REPORT ========

==============NVSMI LOG==============

Timestamp                                 : Sat Nov  2 15:17:36 2024
Driver Version                            : 560.35.03
CUDA Version                              : 12.6

Attached GPUs                             : 1
GPU 00000000:27:00.0
    Accounting Mode                       : Enabled
    Accounting Mode Buffer Size           : 4000
    Accounted Processes
        Process ID                        : 944586
            GPU Utilization               : 0 %
            Memory Utilization            : 0 %
            Max memory usage              : 544 MiB
            Time                          : 3571910 ms
            Is Running                    : 0

Sat Nov  2 15:17:36 2024       
+-----------------------------------------------------------------------------------------+
| NVIDIA-SMI 560.35.03              Driver Version: 560.35.03      CUDA Version: 12.6     |
|-----------------------------------------+------------------------+----------------------+
| GPU  Name                 Persistence-M | Bus-Id          Disp.A | Volatile Uncorr. ECC |
| Fan  Temp   Perf          Pwr:Usage/Cap |           Memory-Usage | GPU-Util  Compute M. |
|                                         |                        |               MIG M. |
|=========================================+========================+======================|
|   0  Quadro RTX 8000                On  |   00000000:27:00.0 Off |                    0 |
| 35%   36C    P8             25W /  260W |       1MiB /  46080MiB |     17%      Default |
|                                         |                        |                  N/A |
+-----------------------------------------+------------------------+----------------------+
                                                                                         
+-----------------------------------------------------------------------------------------+
| Processes:                                                                              |
|  GPU   GI   CI        PID   Type   Process name                              GPU Memory |
|        ID   ID                                                               Usage      |
|=========================================================================================|
|  No running processes found                                                             |
+-----------------------------------------------------------------------------------------+
