{'n_layers': 12, 'd_model': 512, 'd_head': 64, 'model_name': '', 'n_heads': 8, 'd_mlp': 2048, 'activation_name': 'gelu', 'eps': 1e-05, 'original_architecture': 'vit_clip_vision_encoder', 'initializer_range': 0.02, 'n_channels': 3, 'patch_size': 32, 'image_size': 224, 'n_classes': 512, 'n_params': None, 'layer_norm_pre': True, 'return_type': 'class_logits'}
LayerNorm folded.
Centered weights writing to residual stream
Loaded pretrained model wkcn/TinyCLIP-ViT-40M-32-Text-19M-LAION400M into HookedTransformer
Skipping interval (-6.0, -5.0, -0.3406633138656616, -0.3059649467468261) as it has less than 20 images
Skipping interval (5.0, 6.0, 0.271725594997406, 0.2855825424194336) as it has less than 20 images
Skipping interval (-6.0, -5.0, -0.2771960496902466, -0.2545505166053772) as it has less than 20 images
Skipping interval (5.0, 6.0, 0.2854264974594116, 0.3255934715270996) as it has less than 20 images
Skipping interval (-8.0, -7.0, -0.3964503407478332, -0.3964503407478332) as it has less than 20 images
Skipping interval (-7.0, -6.0, -0.3753586411476135, -0.3286314010620117) as it has less than 20 images
Skipping interval (5.0, 6.0, 0.2819560170173645, 0.2969058156013489) as it has less than 20 images
Skipping interval (-7.0, -6.0, -0.3411358594894409, -0.3411358594894409) as it has less than 20 images
Skipping interval (7.0, 8.0, 0.8663938641548157, 0.951689600944519) as it has less than 20 images
Skipping interval (-7.0, -6.0, -0.3475037813186645, -0.3114927411079407) as it has less than 20 images
Skipping interval (5.0, 6.0, 0.3116021752357483, 0.3264016509056091) as it has less than 20 images
Skipping interval (-7.0, -6.0, -0.3600830137729645, -0.3600830137729645) as it has less than 20 images
Skipping interval (6.0, 7.0, 0.367235392332077, 0.3963941037654876) as it has less than 20 images
Skipping interval (-6.0, -5.0, -0.3104009628295898, -0.279690533876419) as it has less than 20 images
Skipping interval (5.0, 6.0, 0.2778570055961609, 0.3240152597427368) as it has less than 20 images
Skipping interval (6.0, 7.0, 0.3307326436042785, 0.3626896739006042) as it has less than 20 images
Skipping interval (-7.0, -6.0, -0.4234177768230438, -0.376300573348999) as it has less than 20 images
Skipping interval (5.0, 6.0, 0.266942948102951, 0.266942948102951) as it has less than 20 images
Skipping interval (-6.0, -5.0, -0.2924891114234924, -0.2751390635967254) as it has less than 20 images
Skipping interval (5.0, 6.0, 0.2495326846837997, 0.2850598692893982) as it has less than 20 images
Skipping interval (-6.0, -5.0, -0.3218109011650085, -0.3040051162242889) as it has less than 20 images
Skipping interval (5.0, 6.0, 0.3035799562931061, 0.3401542007923126) as it has less than 20 images
Skipping interval (-6.0, -5.0, -0.2978960871696472, -0.2659817337989807) as it has less than 20 images
Skipping interval (5.0, 6.0, 0.3200676441192627, 0.3258419036865234) as it has less than 20 images
Skipping interval (-6.0, -5.0, -0.3593761324882507, -0.3389545083045959) as it has less than 20 images
Skipping interval (5.0, 6.0, 0.3297979235649109, 0.3609132766723633) as it has less than 20 images
Skipping interval (-7.0, -6.0, -0.3598753809928894, -0.3598753809928894) as it has less than 20 images
Skipping interval (-6.0, -5.0, -0.3088728189468384, -0.2675586342811584) as it has less than 20 images
Skipping interval (-7.0, -6.0, -0.3335535824298858, -0.3335535824298858) as it has less than 20 images
Skipping interval (5.0, 6.0, 0.2951955199241638, 0.2951955199241638) as it has less than 20 images
Skipping interval (-6.0, -5.0, -0.2789329886436462, -0.2677684426307678) as it has less than 20 images
Skipping interval (5.0, 6.0, 0.3348600268363952, 0.3586560487747192) as it has less than 20 images
Skipping interval (7.0, 8.0, 0.4613470435142517, 0.4613470435142517) as it has less than 20 images
Skipping interval (-8.0, -7.0, -0.4118256568908691, -0.4118256568908691) as it has less than 20 images
Skipping interval (-7.0, -6.0, -0.3871284127235412, -0.3871284127235412) as it has less than 20 images
Skipping interval (5.0, 6.0, 0.2727513909339905, 0.2966305017471313) as it has less than 20 images
Skipping interval (-6.0, -5.0, -0.330150306224823, -0.3068479895591736) as it has less than 20 images
Neuron 20 in layer 7 already processed. Skipping.
Skipping interval (-6.0, -5.0, -0.3470464944839477, -0.3277821540832519) as it has less than 20 images
Skipping interval (5.0, 6.0, 0.2604862153530121, 0.2604862153530121) as it has less than 20 images
Skipping interval (-6.0, -5.0, -0.3812706470489502, -0.3456365168094635) as it has less than 20 images
Skipping interval (5.0, 6.0, 0.2524197697639465, 0.2833393812179565) as it has less than 20 images
Neuron 424 in layer 7 already processed. Skipping.
Skipping interval (-6.0, -5.0, -0.3165409862995147, -0.2914909124374389) as it has less than 20 images
Skipping interval (5.0, 6.0, 0.2846714854240417, 0.3122716844081878) as it has less than 20 images
Skipping interval (-7.0, -6.0, -0.3394294381141662, -0.3394294381141662) as it has less than 20 images
Skipping interval (-6.0, -5.0, -0.3175701797008514, -0.2786183953285217) as it has less than 20 images
Skipping interval (5.0, 6.0, 0.28549525141716, 0.3106560111045837) as it has less than 20 images
Skipping interval (-7.0, -6.0, -0.3970067203044891, -0.3970067203044891) as it has less than 20 images
Skipping interval (-6.0, -5.0, -0.3692364394664764, -0.3346011042594909) as it has less than 20 images
Skipping interval (5.0, 6.0, 0.3212442994117737, 0.3389952778816223) as it has less than 20 images
Neuron 354 in layer 7 already processed. Skipping.
Skipping interval (-6.0, -5.0, -0.379203736782074, -0.3531858325004577) as it has less than 20 images
Skipping interval (5.0, 6.0, 0.2245285958051681, 0.2474292069673538) as it has less than 20 images
Skipping interval (-6.0, -5.0, -0.3742353320121765, -0.3502876758575439) as it has less than 20 images
Skipping interval (5.0, 6.0, 0.2717454433441162, 0.3043321371078491) as it has less than 20 images
Skipping interval (-6.0, -5.0, -0.3186955153942108, -0.3078438937664032) as it has less than 20 images
Skipping interval (7.0, 8.0, 0.3954044878482818, 0.4294025003910064) as it has less than 20 images
Skipping interval (-7.0, -6.0, -0.3440080285072326, -0.3440080285072326) as it has less than 20 images
Skipping interval (5.0, 6.0, 0.3123947978019714, 0.3473968505859375) as it has less than 20 images
Skipping interval (5.0, 6.0, 0.3126195669174194, 0.3264433741569519) as it has less than 20 images
Skipping interval (-6.0, -5.0, -0.2842783331871032, -0.282703697681427) as it has less than 20 images
Skipping interval (5.0, 6.0, 0.2599906325340271, 0.2773487567901611) as it has less than 20 images
Skipping interval (-8.0, -7.0, -0.5298325419425964, -0.5298325419425964) as it has less than 20 images
Skipping interval (-7.0, -6.0, -0.4933088421821594, -0.452955961227417) as it has less than 20 images
Skipping interval (5.0, 6.0, 0.2689619064331054, 0.3189568519592285) as it has less than 20 images
Skipping interval (-6.0, -5.0, -0.25746750831604, -0.2553496360778808) as it has less than 20 images
Skipping interval (6.0, 7.0, 0.3995881080627441, 0.4152986407279968) as it has less than 20 images
Skipping interval (-6.0, -5.0, -0.3414125442504883, -0.3414125442504883) as it has less than 20 images
Skipping interval (5.0, 6.0, 0.30352982878685, 0.3201785385608673) as it has less than 20 images
Skipping interval (-7.0, -6.0, -0.3819631338119507, -0.3819631338119507) as it has less than 20 images
Skipping interval (5.0, 6.0, 0.31967294216156, 0.31967294216156) as it has less than 20 images
Skipping interval (5.0, 6.0, 0.2497556656599044, 0.2619334459304809) as it has less than 20 images
Skipping interval (-6.0, -5.0, -0.2815649807453155, -0.24727563560009) as it has less than 20 images
Skipping interval (-6.0, -5.0, -0.3046354055404663, -0.3046354055404663) as it has less than 20 images
Skipping interval (5.0, 6.0, 0.292337417602539, 0.3014124631881714) as it has less than 20 images
Skipping interval (-7.0, -6.0, -0.3691549897193908, -0.3322541415691376) as it has less than 20 images
Skipping interval (5.0, 6.0, 0.291650652885437, 0.3038098812103271) as it has less than 20 images
Skipping interval (-5.0, -4.0, -0.3861441016197204, -0.3431211709976196) as it has less than 20 images
Skipping interval (5.0, 6.0, 0.7111393809318542, 0.712835967540741) as it has less than 20 images
Skipping interval (-6.0, -5.0, -0.3146963119506836, -0.2719606161117553) as it has less than 20 images
Skipping interval (6.0, 7.0, 0.3279915750026703, 0.3279915750026703) as it has less than 20 images
Skipping interval (-7.0, -6.0, -0.4014823138713836, -0.4014823138713836) as it has less than 20 images
Skipping interval (-6.0, -5.0, -0.3465085625648498, -0.311806321144104) as it has less than 20 images
Skipping interval (5.0, 6.0, 0.2798532247543335, 0.2996940314769745) as it has less than 20 images
Skipping interval (-7.0, -6.0, -0.3838600516319275, -0.3838600516319275) as it has less than 20 images
Skipping interval (-6.0, -5.0, -0.3217908143997192, -0.3122815787792206) as it has less than 20 images
Skipping interval (6.0, 7.0, 0.3288838267326355, 0.369473934173584) as it has less than 20 images
Neuron 462 in layer 7 already processed. Skipping.
Skipping interval (5.0, 6.0, 0.2786752879619598, 0.2892135977745056) as it has less than 20 images
Skipping interval (-6.0, -5.0, -0.3211116194725036, -0.3079318404197693) as it has less than 20 images
Skipping interval (6.0, 7.0, 0.312884509563446, 0.3560795187950134) as it has less than 20 images
Skipping interval (-6.0, -5.0, -0.3366151452064514, -0.3245366811752319) as it has less than 20 images
Neuron 106 in layer 7 already processed. Skipping.
Skipping interval (-6.0, -5.0, -0.2910714149475097, -0.2838594317436218) as it has less than 20 images
Skipping interval (5.0, 6.0, 0.3297563195228576, 0.3556901216506958) as it has less than 20 images
Skipping interval (6.0, 7.0, 0.396612286567688, 0.396612286567688) as it has less than 20 images
Neuron 386 in layer 7 already processed. Skipping.
Skipping interval (-6.0, -5.0, -0.368114024400711, -0.3321135342121124) as it has less than 20 images
Skipping interval (5.0, 6.0, 0.2525811195373535, 0.2713311612606048) as it has less than 20 images
Neuron 202 in layer 7 already processed. Skipping.
Skipping interval (-6.0, -5.0, -0.3122826516628265, -0.2940139472484588) as it has less than 20 images
Skipping interval (5.0, 6.0, 0.297713428735733, 0.3152593076229095) as it has less than 20 images
Neuron 400 in layer 7 already processed. Skipping.
Skipping interval (-6.0, -5.0, -0.3924534320831299, -0.3575954139232635) as it has less than 20 images
Skipping interval (5.0, 6.0, 0.2341752052307129, 0.2687139511108398) as it has less than 20 images
Neuron 147 in layer 7 already processed. Skipping.
Skipping interval (-6.0, -5.0, -0.3919418454170227, -0.3310449719429016) as it has less than 20 images
Skipping interval (5.0, 6.0, 0.2902162075042724, 0.322389006614685) as it has less than 20 images
Neuron 11 in layer 7 already processed. Skipping.
Skipping interval (-8.0, -7.0, -0.3657821714878082, -0.3657821714878082) as it has less than 20 images
Skipping interval (-7.0, -6.0, -0.3578686416149139, -0.3092644214630127) as it has less than 20 images
Skipping interval (6.0, 7.0, 0.3453912436962127, 0.381984144449234) as it has less than 20 images
Neuron 464 in layer 7 already processed. Skipping.
Skipping interval (-6.0, -5.0, -0.300722599029541, -0.275722324848175) as it has less than 20 images
Skipping interval (5.0, 6.0, 0.2733974456787109, 0.2987858653068542) as it has less than 20 images
Skipping interval (-6.0, -5.0, -0.3133973479270935, -0.2821117639541626) as it has less than 20 images
Skipping interval (6.0, 7.0, 0.3471150994300842, 0.369280457496643) as it has less than 20 images
Skipping interval (-8.0, -7.0, -0.4249274730682373, -0.4249274730682373) as it has less than 20 images
Skipping interval (-7.0, -6.0, -0.3772229552268982, -0.3329365849494934) as it has less than 20 images
Skipping interval (5.0, 6.0, 0.256695955991745, 0.2960751056671142) as it has less than 20 images
Neuron 63 in layer 7 already processed. Skipping.
Skipping interval (-6.0, -5.0, -0.3237847089767456, -0.3038271367549896) as it has less than 20 images
Skipping interval (5.0, 6.0, 0.2576092183589935, 0.2856934070587158) as it has less than 20 images
Neuron 506 in layer 7 already processed. Skipping.
Skipping interval (-6.0, -5.0, -0.2950592935085296, -0.244490846991539) as it has less than 20 images
Skipping interval (5.0, 6.0, 0.3148853182792663, 0.3307622075080871) as it has less than 20 images
Neuron 31 in layer 7 already processed. Skipping.
Skipping interval (5.0, 6.0, 0.3314909338951111, 0.3393714427947998) as it has less than 20 images
Neuron 199 in layer 7 already processed. Skipping.
Skipping interval (-6.0, -5.0, -0.2812350392341614, -0.2457321137189865) as it has less than 20 images
Skipping interval (5.0, 6.0, 0.2819517254829407, 0.3064624071121216) as it has less than 20 images
Neuron 75 in layer 7 already processed. Skipping.
Skipping interval (5.0, 6.0, 0.4825591444969177, 0.4865829348564148) as it has less than 20 images
Neuron 252 in layer 7 already processed. Skipping.
Skipping interval (-6.0, -5.0, -0.2857147455215454, -0.2675842046737671) as it has less than 20 images
Skipping interval (6.0, 7.0, 0.4371479153633117, 0.4371479153633117) as it has less than 20 images
Neuron 445 in layer 7 already processed. Skipping.
Skipping interval (-6.0, -5.0, -0.2866305112838745, -0.2823424041271209) as it has less than 20 images
Skipping interval (6.0, 7.0, 0.3558298945426941, 0.36192187666893) as it has less than 20 images
Neuron 79 in layer 7 already processed. Skipping.
Skipping interval (-6.0, -5.0, -0.298724502325058, -0.2703193724155426) as it has less than 20 images
Skipping interval (5.0, 6.0, 0.2963149845600128, 0.3471457660198211) as it has less than 20 images
Skipping interval (6.0, 7.0, 0.351669579744339, 0.351669579744339) as it has less than 20 images
Neuron 212 in layer 7 already processed. Skipping.
Skipping interval (-6.0, -5.0, -0.3244906663894653, -0.2791366279125213) as it has less than 20 images
Skipping interval (5.0, 6.0, 0.2944568991661072, 0.3243074715137481) as it has less than 20 images
Skipping interval (-6.0, -5.0, -0.2700772285461426, -0.2342325896024704) as it has less than 20 images
Skipping interval (5.0, 6.0, 0.319896787405014, 0.3404804468154907) as it has less than 20 images
Skipping interval (-7.0, -6.0, -0.4033084809780121, -0.4033084809780121) as it has less than 20 images
Skipping interval (5.0, 6.0, 0.3350314199924469, 0.3350314199924469) as it has less than 20 images
Skipping interval (-7.0, -6.0, -0.3870611786842346, -0.3669847846031189) as it has less than 20 images
Skipping interval (-6.0, -5.0, -0.3327223062515259, -0.3017608523368835) as it has less than 20 images
Skipping interval (5.0, 6.0, 0.2870477139949798, 0.3058962225914001) as it has less than 20 images
Neuron 328 in layer 7 already processed. Skipping.
Skipping interval (-6.0, -5.0, -0.3481945693492889, -0.3259424269199371) as it has less than 20 images
Skipping interval (5.0, 6.0, 0.2861965894699096, 0.3284372091293335) as it has less than 20 images
Skipping interval (6.0, 7.0, 0.3449943363666534, 0.3449943363666534) as it has less than 20 images
Neuron 62 in layer 7 already processed. Skipping.
Skipping interval (-7.0, -6.0, -0.3475889563560486, -0.3475889563560486) as it has less than 20 images
Skipping interval (-6.0, -5.0, -0.3062928915023803, -0.2841508388519287) as it has less than 20 images
Skipping interval (5.0, 6.0, 0.2669726014137268, 0.2898249626159668) as it has less than 20 images
Neuron 471 in layer 7 already processed. Skipping.
Skipping interval (5.0, 6.0, 0.2855874896049499, 0.3198226690292358) as it has less than 20 images
Neuron 67 in layer 7 already processed. Skipping.
Skipping interval (-7.0, -6.0, -0.3496525287628174, -0.3496525287628174) as it has less than 20 images
Skipping interval (-6.0, -5.0, -0.3244133591651916, -0.2749624252319336) as it has less than 20 images
Skipping interval (5.0, 6.0, 0.3289881348609924, 0.3800733685493469) as it has less than 20 images
Neuron 243 in layer 7 already processed. Skipping.
Skipping interval (-7.0, -6.0, -0.367509663105011, -0.367509663105011) as it has less than 20 images
Skipping interval (-6.0, -5.0, -0.3283942937850952, -0.2959222197532654) as it has less than 20 images
Skipping interval (6.0, 7.0, 0.3002679347991943, 0.3375294804573059) as it has less than 20 images
Skipping interval (7.0, 8.0, 0.3822152018547058, 0.3822152018547058) as it has less than 20 images
Neuron 143 in layer 7 already processed. Skipping.
Skipping interval (-6.0, -5.0, -0.3643576502799988, -0.3448830842971802) as it has less than 20 images
Skipping interval (5.0, 6.0, 0.2388878017663955, 0.2793658375740051) as it has less than 20 images
Neuron 225 in layer 7 already processed. Skipping.
Skipping interval (-6.0, -5.0, -0.3267799615859985, -0.3159700632095337) as it has less than 20 images
Skipping interval (5.0, 6.0, 0.2910887598991394, 0.2910887598991394) as it has less than 20 images
Neuron 176 in layer 7 already processed. Skipping.

======== GPU REPORT ========

==============NVSMI LOG==============

Timestamp                                 : Thu Jul 11 01:56:58 2024
Driver Version                            : 535.161.08
CUDA Version                              : 12.2

Attached GPUs                             : 1
GPU 00000000:81:00.0
    Accounting Mode                       : Disabled
    Accounting Mode Buffer Size           : 4000
    Accounted Processes                   : None

Thu Jul 11 01:56:58 2024       
+---------------------------------------------------------------------------------------+
| NVIDIA-SMI 535.161.08             Driver Version: 535.161.08   CUDA Version: 12.2     |
|-----------------------------------------+----------------------+----------------------+
| GPU  Name                 Persistence-M | Bus-Id        Disp.A | Volatile Uncorr. ECC |
| Fan  Temp   Perf          Pwr:Usage/Cap |         Memory-Usage | GPU-Util  Compute M. |
|                                         |                      |               MIG M. |
|=========================================+======================+======================|
|   0  NVIDIA A100-SXM4-80GB          On  | 00000000:81:00.0 Off |                   On |
| N/A   34C    P0              89W / 500W |  30559MiB / 81920MiB |     N/A      Default |
|                                         |                      |              Enabled |
+-----------------------------------------+----------------------+----------------------+

+---------------------------------------------------------------------------------------+
| MIG devices:                                                                          |
+------------------+--------------------------------+-----------+-----------------------+
| GPU  GI  CI  MIG |                   Memory-Usage |        Vol|      Shared           |
|      ID  ID  Dev |                     BAR1-Usage | SM     Unc| CE ENC DEC OFA JPG    |
|                  |                                |        ECC|                       |
|==================+================================+===========+=======================|
|  0    2   0   0  |              16MiB / 40448MiB  | 42      0 |  3   0    2    0    0 |
|                  |               0MiB / 65535MiB  |           |                       |
+------------------+--------------------------------+-----------+-----------------------+
                                                                                         
+---------------------------------------------------------------------------------------+
| Processes:                                                                            |
|  GPU   GI   CI        PID   Type   Process name                            GPU Memory |
|        ID   ID                                                             Usage      |
|=======================================================================================|
|  No running processes found                                                           |
+---------------------------------------------------------------------------------------+
