Official model name open-clip:laion/CLIP-ViT-B-32-DataComp.XL-s13B-b90K
Converting OpenCLIP weights
visual projection shape torch.Size([768, 512])
Setting center_writing_weights to False for OpenCLIP
Setting fold_ln to False for OpenCLIP
Loaded pretrained model open-clip:laion/CLIP-ViT-B-32-DataComp.XL-s13B-b90K into HookedTransformer
Activations shape for blocks.3.hook_mlp_out (49984, 50)
Type of sampling: max
Top sampled image indices for blocks.3.hook_mlp_out: [39941 27341 43195 14266  6163 16217 11158 49610  5056  3786  7983 28032
 27765 42502 16585 43279 25249 38846 34978  5508]
Bottom sampled image indices for blocks.3.hook_mlp_out: [28258 10640  2036 33585 40042 34014 42303 30807 22777 13409  9221 29175
 16600 12359 12976 44594 42651 49558 30356 13856]
Neuron 131, Layer 3, Layer Type hook_mlp_out
Saved image to /network/scratch/s/sonia.joseph/CLIP_AUDIT/sampled_images/CLIP-ViT-B-32-DataComp.XL-s13B-b90K//layer_3/neuron_131/hook_mlp_out/max/top/neuron_131_layer_3_top_max_hook_mlp_out.png
Saved image to /network/scratch/s/sonia.joseph/CLIP_AUDIT/sampled_images/CLIP-ViT-B-32-DataComp.XL-s13B-b90K//layer_3/neuron_131/hook_mlp_out/max/bottom/neuron_131_layer_3_bottom_max_hook_mlp_out.png
Activations shape for blocks.3.hook_resid_post (49984, 50)
Type of sampling: max
Top sampled image indices for blocks.3.hook_resid_post: [48828 29963 29799 25497 21344 14004 36520 33573 18034   962 28575 16014
 48207 37885  6742 11098 28314  8257 48217 28633]
Bottom sampled image indices for blocks.3.hook_resid_post: [40688 25134 15390 10498 45905  4921  3258 28169 20258 34951 46614 17318
 34168 22764 31555  7863  7579 22940  6297 30462]
Neuron 131, Layer 3, Layer Type hook_resid_post
Saved image to /network/scratch/s/sonia.joseph/CLIP_AUDIT/sampled_images/CLIP-ViT-B-32-DataComp.XL-s13B-b90K//layer_3/neuron_131/hook_resid_post/max/top/neuron_131_layer_3_top_max_hook_resid_post.png
Saved image to /network/scratch/s/sonia.joseph/CLIP_AUDIT/sampled_images/CLIP-ViT-B-32-DataComp.XL-s13B-b90K//layer_3/neuron_131/hook_resid_post/max/bottom/neuron_131_layer_3_bottom_max_hook_resid_post.png
Activations shape for blocks.3.mlp.hook_post (49984, 50)
Type of sampling: max
Top sampled image indices for blocks.3.mlp.hook_post: [ 3990 45543 26772 35183 38688 33060 16586 41739  8869 31540   540 16298
 28616 27039 31238 23939 35509 34093 20123 19446]
Bottom sampled image indices for blocks.3.mlp.hook_post: [17271 29932 22518 24026  2735 13654 49966 32021  6821 22735 40794 46690
 40146 31437 22553 40233 43895 22096 38933 18208]
Neuron 131, Layer 3, Layer Type hook_post
Saved image to /network/scratch/s/sonia.joseph/CLIP_AUDIT/sampled_images/CLIP-ViT-B-32-DataComp.XL-s13B-b90K//layer_3/neuron_131/hook_post/max/top/neuron_131_layer_3_top_max_hook_post.png
Saved image to /network/scratch/s/sonia.joseph/CLIP_AUDIT/sampled_images/CLIP-ViT-B-32-DataComp.XL-s13B-b90K//layer_3/neuron_131/hook_post/max/bottom/neuron_131_layer_3_bottom_max_hook_post.png
Activations shape for blocks.3.hook_mlp_out (49984, 50)
Type of sampling: max
Top sampled image indices for blocks.3.hook_mlp_out: [ 6346 46804 42669 16000 38835 40405 22993 37285 15791 45743 12840 16218
  5288 20681 33891  9437 21732 14573 12573  2880]
Bottom sampled image indices for blocks.3.hook_mlp_out: [22086 31969 21726 14074  4921 44020 35956 28258 18872  3570 26529 32087
 33716 27070  7577 28799  1097 20573   222  8921]
Neuron 557, Layer 3, Layer Type hook_mlp_out
Saved image to /network/scratch/s/sonia.joseph/CLIP_AUDIT/sampled_images/CLIP-ViT-B-32-DataComp.XL-s13B-b90K//layer_3/neuron_557/hook_mlp_out/max/top/neuron_557_layer_3_top_max_hook_mlp_out.png
Saved image to /network/scratch/s/sonia.joseph/CLIP_AUDIT/sampled_images/CLIP-ViT-B-32-DataComp.XL-s13B-b90K//layer_3/neuron_557/hook_mlp_out/max/bottom/neuron_557_layer_3_bottom_max_hook_mlp_out.png
Activations shape for blocks.3.hook_resid_post (49984, 50)
Type of sampling: max
Top sampled image indices for blocks.3.hook_resid_post: [41314 31228 24824 38900  7630 46503  8148 16738 16744 35577 40968 31348
  3295 34683 16380 31884 24301 36423 12416 48217]
Bottom sampled image indices for blocks.3.hook_resid_post: [40378 37366  5017 13135  2461 39635 13088 32299 18409 21757 37543 22470
 16327 31652 33411  2282 10429 26799 49686 10661]
Neuron 557, Layer 3, Layer Type hook_resid_post
Saved image to /network/scratch/s/sonia.joseph/CLIP_AUDIT/sampled_images/CLIP-ViT-B-32-DataComp.XL-s13B-b90K//layer_3/neuron_557/hook_resid_post/max/top/neuron_557_layer_3_top_max_hook_resid_post.png
Saved image to /network/scratch/s/sonia.joseph/CLIP_AUDIT/sampled_images/CLIP-ViT-B-32-DataComp.XL-s13B-b90K//layer_3/neuron_557/hook_resid_post/max/bottom/neuron_557_layer_3_bottom_max_hook_resid_post.png
Activations shape for blocks.3.mlp.hook_post (49984, 50)
Type of sampling: max
Top sampled image indices for blocks.3.mlp.hook_post: [ 6833 21273 49962 15325 21565 33258 22533  6940  3056 36260 28179 42538
 10787 39346 27461 44038 10748  8595 11969 37783]
Bottom sampled image indices for blocks.3.mlp.hook_post: [33217  5618  8251 33893 30193 34992 17271  6897  2055 42803 10245 44388
 33497 24480  4077 34111 16200 21495 30130   357]
Neuron 557, Layer 3, Layer Type hook_post
Saved image to /network/scratch/s/sonia.joseph/CLIP_AUDIT/sampled_images/CLIP-ViT-B-32-DataComp.XL-s13B-b90K//layer_3/neuron_557/hook_post/max/top/neuron_557_layer_3_top_max_hook_post.png
Saved image to /network/scratch/s/sonia.joseph/CLIP_AUDIT/sampled_images/CLIP-ViT-B-32-DataComp.XL-s13B-b90K//layer_3/neuron_557/hook_post/max/bottom/neuron_557_layer_3_bottom_max_hook_post.png
Activations shape for blocks.3.hook_mlp_out (49984, 50)
Type of sampling: max
Top sampled image indices for blocks.3.hook_mlp_out: [ 8091 37371 20281 49301 42707  1845  1163  1128  4470  5681 18256  4717
 46008 39472 26842  5521 18757   936 28713 33134]
Bottom sampled image indices for blocks.3.hook_mlp_out: [28314 36754 21871  4392  5561 39454 49011 26210 25426 41674 15652 47348
 32911 41314 20466 19778 21946 26281  3277 45685]
Neuron 476, Layer 3, Layer Type hook_mlp_out
Saved image to /network/scratch/s/sonia.joseph/CLIP_AUDIT/sampled_images/CLIP-ViT-B-32-DataComp.XL-s13B-b90K//layer_3/neuron_476/hook_mlp_out/max/top/neuron_476_layer_3_top_max_hook_mlp_out.png
Saved image to /network/scratch/s/sonia.joseph/CLIP_AUDIT/sampled_images/CLIP-ViT-B-32-DataComp.XL-s13B-b90K//layer_3/neuron_476/hook_mlp_out/max/bottom/neuron_476_layer_3_bottom_max_hook_mlp_out.png
Activations shape for blocks.3.hook_resid_post (49984, 50)
Type of sampling: max
Top sampled image indices for blocks.3.hook_resid_post: [ 5486 31884 22316 41993 19923 48446  1495 33994 13197 32183 31530  3537
 41690  8643  8924 23761 12050   292  3815 41422]
Bottom sampled image indices for blocks.3.hook_resid_post: [41491 21571 46983 48775  4100 44650 29259 12611  7186 21375 14811 41750
   329 25761  8625 43858 28315 40836  3513 28581]
Neuron 476, Layer 3, Layer Type hook_resid_post
Saved image to /network/scratch/s/sonia.joseph/CLIP_AUDIT/sampled_images/CLIP-ViT-B-32-DataComp.XL-s13B-b90K//layer_3/neuron_476/hook_resid_post/max/top/neuron_476_layer_3_top_max_hook_resid_post.png
Saved image to /network/scratch/s/sonia.joseph/CLIP_AUDIT/sampled_images/CLIP-ViT-B-32-DataComp.XL-s13B-b90K//layer_3/neuron_476/hook_resid_post/max/bottom/neuron_476_layer_3_bottom_max_hook_resid_post.png
Activations shape for blocks.3.mlp.hook_post (49984, 50)
Type of sampling: max
Top sampled image indices for blocks.3.mlp.hook_post: [ 5603 43052 42354  6475 44151 14190 42131 17692  5762 29848 13051 42844
 37885 44886 24268  8860  8390 33645 14026 34219]
Bottom sampled image indices for blocks.3.mlp.hook_post: [40688 22086 28258 11179 42812 48955 38321 12955 43454  4933  7579 37723
 16600 43589 39841   167 20231 18676 11500 20024]
Neuron 476, Layer 3, Layer Type hook_post
Saved image to /network/scratch/s/sonia.joseph/CLIP_AUDIT/sampled_images/CLIP-ViT-B-32-DataComp.XL-s13B-b90K//layer_3/neuron_476/hook_post/max/top/neuron_476_layer_3_top_max_hook_post.png
Saved image to /network/scratch/s/sonia.joseph/CLIP_AUDIT/sampled_images/CLIP-ViT-B-32-DataComp.XL-s13B-b90K//layer_3/neuron_476/hook_post/max/bottom/neuron_476_layer_3_bottom_max_hook_post.png
Activations shape for blocks.3.hook_mlp_out (49984, 50)
Type of sampling: max
Top sampled image indices for blocks.3.hook_mlp_out: [35500 24728 12345  8838 13849 26976 27558 48065 24418 26269 13017 14165
 49378  8012  1195 10399  4810 30113 38336 34736]
Bottom sampled image indices for blocks.3.hook_mlp_out: [ 7579 29932 46692 46152 37155 43823 31089  8890 44938  3303 35877 13301
 20715 40646 24553 20489 38321  4695 38075 17787]
Neuron 548, Layer 3, Layer Type hook_mlp_out
Saved image to /network/scratch/s/sonia.joseph/CLIP_AUDIT/sampled_images/CLIP-ViT-B-32-DataComp.XL-s13B-b90K//layer_3/neuron_548/hook_mlp_out/max/top/neuron_548_layer_3_top_max_hook_mlp_out.png
Saved image to /network/scratch/s/sonia.joseph/CLIP_AUDIT/sampled_images/CLIP-ViT-B-32-DataComp.XL-s13B-b90K//layer_3/neuron_548/hook_mlp_out/max/bottom/neuron_548_layer_3_bottom_max_hook_mlp_out.png
Activations shape for blocks.3.hook_resid_post (49984, 50)
Type of sampling: max
Top sampled image indices for blocks.3.hook_resid_post: [ 9321 27210 30062 14383 40772  4273  4190 49384 11329  7534  5371  8307
 46539 19123  7205 37282 45799  3441  8606 11098]
Bottom sampled image indices for blocks.3.hook_resid_post: [20489 17271 14441  7579  4695 32392 35593 22728  7214 24906 19242 28855
 42226 20615 39374  6916 47838 34962 44401 31374]
Neuron 548, Layer 3, Layer Type hook_resid_post
Saved image to /network/scratch/s/sonia.joseph/CLIP_AUDIT/sampled_images/CLIP-ViT-B-32-DataComp.XL-s13B-b90K//layer_3/neuron_548/hook_resid_post/max/top/neuron_548_layer_3_top_max_hook_resid_post.png
Saved image to /network/scratch/s/sonia.joseph/CLIP_AUDIT/sampled_images/CLIP-ViT-B-32-DataComp.XL-s13B-b90K//layer_3/neuron_548/hook_resid_post/max/bottom/neuron_548_layer_3_bottom_max_hook_resid_post.png
Activations shape for blocks.3.mlp.hook_post (49984, 50)
Type of sampling: max
Top sampled image indices for blocks.3.mlp.hook_post: [38854 30866 44969 43163  1852 48361 13744 24612 31335 28104 10378 26305
 47281 38463 29688 14227 35967 36469 18725 19494]
Bottom sampled image indices for blocks.3.mlp.hook_post: [ 4921 36684  9259 13442 36331 49851 21391 14459 14441 35109 48278 27306
 26489 13494 35670 23870 40379 49600 18066 17391]
Neuron 548, Layer 3, Layer Type hook_post
Saved image to /network/scratch/s/sonia.joseph/CLIP_AUDIT/sampled_images/CLIP-ViT-B-32-DataComp.XL-s13B-b90K//layer_3/neuron_548/hook_post/max/top/neuron_548_layer_3_top_max_hook_post.png
Saved image to /network/scratch/s/sonia.joseph/CLIP_AUDIT/sampled_images/CLIP-ViT-B-32-DataComp.XL-s13B-b90K//layer_3/neuron_548/hook_post/max/bottom/neuron_548_layer_3_bottom_max_hook_post.png
Activations shape for blocks.3.hook_mlp_out (49984, 50)
Type of sampling: max
Top sampled image indices for blocks.3.hook_mlp_out: [43045 23400 24043 21605 17067  7862 28249 31051 44688 18494  7459 37689
 23349 27331 46528 13377 35098  4014 25269 46009]
Bottom sampled image indices for blocks.3.hook_mlp_out: [25426 12943 41448 33257 30276 18069 25230 40966 20687 15327 27923 16313
 48610  6593 33995 27725 44323 49386 21773  6635]
Neuron 550, Layer 3, Layer Type hook_mlp_out
Saved image to /network/scratch/s/sonia.joseph/CLIP_AUDIT/sampled_images/CLIP-ViT-B-32-DataComp.XL-s13B-b90K//layer_3/neuron_550/hook_mlp_out/max/top/neuron_550_layer_3_top_max_hook_mlp_out.png
Saved image to /network/scratch/s/sonia.joseph/CLIP_AUDIT/sampled_images/CLIP-ViT-B-32-DataComp.XL-s13B-b90K//layer_3/neuron_550/hook_mlp_out/max/bottom/neuron_550_layer_3_bottom_max_hook_mlp_out.png
Activations shape for blocks.3.hook_resid_post (49984, 50)
Type of sampling: max
Top sampled image indices for blocks.3.hook_resid_post: [ 6406 38868 14879 15601 28944 37049 22741 31743 32735 46528 29068 47303
  7952  3682 21996 25151 38014  9142 24905  2645]
Bottom sampled image indices for blocks.3.hook_resid_post: [26256 14482  2130 22713 17852 46855  4022 35038 24777 28258 49229 24815
   419 12437  4640 22582 41325 20925 14716 16645]
Neuron 550, Layer 3, Layer Type hook_resid_post
Saved image to /network/scratch/s/sonia.joseph/CLIP_AUDIT/sampled_images/CLIP-ViT-B-32-DataComp.XL-s13B-b90K//layer_3/neuron_550/hook_resid_post/max/top/neuron_550_layer_3_top_max_hook_resid_post.png
Saved image to /network/scratch/s/sonia.joseph/CLIP_AUDIT/sampled_images/CLIP-ViT-B-32-DataComp.XL-s13B-b90K//layer_3/neuron_550/hook_resid_post/max/bottom/neuron_550_layer_3_bottom_max_hook_resid_post.png
Activations shape for blocks.3.mlp.hook_post (49984, 50)
Type of sampling: max
Top sampled image indices for blocks.3.mlp.hook_post: [28262 45559  6572 45545 49542 28610 14024 24204 44634 34394 13867 49900
 18225 32969 22890 37927  4598 18573  7204  2067]
Bottom sampled image indices for blocks.3.mlp.hook_post: [25784 36358 49624 19778 15237 30065 23491  3344 33697 34293 25575 22031
 20835 10772  9745 48567 34602 29346 47589 39858]
Neuron 550, Layer 3, Layer Type hook_post
Saved image to /network/scratch/s/sonia.joseph/CLIP_AUDIT/sampled_images/CLIP-ViT-B-32-DataComp.XL-s13B-b90K//layer_3/neuron_550/hook_post/max/top/neuron_550_layer_3_top_max_hook_post.png
Saved image to /network/scratch/s/sonia.joseph/CLIP_AUDIT/sampled_images/CLIP-ViT-B-32-DataComp.XL-s13B-b90K//layer_3/neuron_550/hook_post/max/bottom/neuron_550_layer_3_bottom_max_hook_post.png
Activations shape for blocks.3.hook_mlp_out (49984, 50)
Type of sampling: max
Top sampled image indices for blocks.3.hook_mlp_out: [30042  5768 16854 35785 28678  4117 23991 38382  6863 29955  1737 24956
  2228 21466 47495 16230 41698 20745 49185 38860]
Bottom sampled image indices for blocks.3.hook_mlp_out: [15136 47327 14465 49913  2723  9607 40156 36642 11263 14996 38896 21864
 13627 33063  8866 42823  4889 15014 41209 43734]
Neuron 395, Layer 3, Layer Type hook_mlp_out
Saved image to /network/scratch/s/sonia.joseph/CLIP_AUDIT/sampled_images/CLIP-ViT-B-32-DataComp.XL-s13B-b90K//layer_3/neuron_395/hook_mlp_out/max/top/neuron_395_layer_3_top_max_hook_mlp_out.png
Saved image to /network/scratch/s/sonia.joseph/CLIP_AUDIT/sampled_images/CLIP-ViT-B-32-DataComp.XL-s13B-b90K//layer_3/neuron_395/hook_mlp_out/max/bottom/neuron_395_layer_3_bottom_max_hook_mlp_out.png
Activations shape for blocks.3.hook_resid_post (49984, 50)
Type of sampling: max
Top sampled image indices for blocks.3.hook_resid_post: [12615 23830 30628 42141 44496 43334 41206 29583 37047 17757  1195  8257
  5561  6742 49576 34831 28314  3441 11098 48217]
Bottom sampled image indices for blocks.3.hook_resid_post: [10678 23106 28202  6006 44105 13491 15582 12460 35962 44779 32014 25101
 30976 45582 44629  9762 33495 21763 33700 43328]
Neuron 395, Layer 3, Layer Type hook_resid_post
Saved image to /network/scratch/s/sonia.joseph/CLIP_AUDIT/sampled_images/CLIP-ViT-B-32-DataComp.XL-s13B-b90K//layer_3/neuron_395/hook_resid_post/max/top/neuron_395_layer_3_top_max_hook_resid_post.png
Saved image to /network/scratch/s/sonia.joseph/CLIP_AUDIT/sampled_images/CLIP-ViT-B-32-DataComp.XL-s13B-b90K//layer_3/neuron_395/hook_resid_post/max/bottom/neuron_395_layer_3_bottom_max_hook_resid_post.png
Activations shape for blocks.3.mlp.hook_post (49984, 50)
Type of sampling: max
Top sampled image indices for blocks.3.mlp.hook_post: [30764   195  9884 26808 40876  9384 32882 46805 13056 30754  1818 41352
 15973 22516 44929 39197 34888   708 32409  2253]
Bottom sampled image indices for blocks.3.mlp.hook_post: [ 3720  7579 10450  4921 41889 30694 38791 41105  9259  4757 13832 31291
 17686 40066 27569 40688 17922  3985 47741 22086]
Neuron 395, Layer 3, Layer Type hook_post
Saved image to /network/scratch/s/sonia.joseph/CLIP_AUDIT/sampled_images/CLIP-ViT-B-32-DataComp.XL-s13B-b90K//layer_3/neuron_395/hook_post/max/top/neuron_395_layer_3_top_max_hook_post.png
Saved image to /network/scratch/s/sonia.joseph/CLIP_AUDIT/sampled_images/CLIP-ViT-B-32-DataComp.XL-s13B-b90K//layer_3/neuron_395/hook_post/max/bottom/neuron_395_layer_3_bottom_max_hook_post.png
Activations shape for blocks.3.hook_mlp_out (49984, 50)
Type of sampling: max
Top sampled image indices for blocks.3.hook_mlp_out: [ 4795 32860 22522 34932 24712 33172 44620 22628    39 48410 45162 46450
 41532 29845 27821 22138  3357   451 24002 15628]
Bottom sampled image indices for blocks.3.hook_mlp_out: [38672 38860 13442 47831 22868  9359 43424 39554 23036 48937  4408 25426
 30902 12632 39515 46206 24155  2824 10937 36679]
Neuron 754, Layer 3, Layer Type hook_mlp_out
Saved image to /network/scratch/s/sonia.joseph/CLIP_AUDIT/sampled_images/CLIP-ViT-B-32-DataComp.XL-s13B-b90K//layer_3/neuron_754/hook_mlp_out/max/top/neuron_754_layer_3_top_max_hook_mlp_out.png
Saved image to /network/scratch/s/sonia.joseph/CLIP_AUDIT/sampled_images/CLIP-ViT-B-32-DataComp.XL-s13B-b90K//layer_3/neuron_754/hook_mlp_out/max/bottom/neuron_754_layer_3_bottom_max_hook_mlp_out.png
Activations shape for blocks.3.hook_resid_post (49984, 50)
Type of sampling: max
Top sampled image indices for blocks.3.hook_resid_post: [ 8284  3407 35176 10668 45451 29687 18156 29462 11586  3899 20744 40376
 17913 35474 47804 31741 17149  7118 11812  1892]
Bottom sampled image indices for blocks.3.hook_resid_post: [20895 16828 19960 47310 17436  3513 26329 13709 23988 19782 25905 10166
 28707 45694 38432  2098  8512  4030 47815  6236]
Neuron 754, Layer 3, Layer Type hook_resid_post
Saved image to /network/scratch/s/sonia.joseph/CLIP_AUDIT/sampled_images/CLIP-ViT-B-32-DataComp.XL-s13B-b90K//layer_3/neuron_754/hook_resid_post/max/top/neuron_754_layer_3_top_max_hook_resid_post.png
Saved image to /network/scratch/s/sonia.joseph/CLIP_AUDIT/sampled_images/CLIP-ViT-B-32-DataComp.XL-s13B-b90K//layer_3/neuron_754/hook_resid_post/max/bottom/neuron_754_layer_3_bottom_max_hook_resid_post.png
Activations shape for blocks.3.mlp.hook_post (49984, 50)
Type of sampling: max
Top sampled image indices for blocks.3.mlp.hook_post: [15248 27583 20889 14970 46615 19162 45510  2166  6875 14440 33744 30717
 42316 23468 12361 28079 36779 43052 32986 42853]
Bottom sampled image indices for blocks.3.mlp.hook_post: [29481 10596  3865 43394 39099 39286 12779 43611  6368 44694 32579 36560
 25150 20526 33773 21115 11917 28258 27513 15072]
Neuron 754, Layer 3, Layer Type hook_post
Saved image to /network/scratch/s/sonia.joseph/CLIP_AUDIT/sampled_images/CLIP-ViT-B-32-DataComp.XL-s13B-b90K//layer_3/neuron_754/hook_post/max/top/neuron_754_layer_3_top_max_hook_post.png
Saved image to /network/scratch/s/sonia.joseph/CLIP_AUDIT/sampled_images/CLIP-ViT-B-32-DataComp.XL-s13B-b90K//layer_3/neuron_754/hook_post/max/bottom/neuron_754_layer_3_bottom_max_hook_post.png
Activations shape for blocks.3.hook_mlp_out (49984, 50)
Type of sampling: max
Top sampled image indices for blocks.3.hook_mlp_out: [13016 12907  7191 49905 27784 20764 22191   264  4130 45821 14677 31071
 42575 27131  8794 16894  1928 41818 34409  7871]
Bottom sampled image indices for blocks.3.hook_mlp_out: [ 1833  4921  4793 10245 42040 25329 38584 34084  6897 28094 25145 14239
 27391 47844 45448 37589 43297 20123  4863 38401]
Neuron 455, Layer 3, Layer Type hook_mlp_out
Saved image to /network/scratch/s/sonia.joseph/CLIP_AUDIT/sampled_images/CLIP-ViT-B-32-DataComp.XL-s13B-b90K//layer_3/neuron_455/hook_mlp_out/max/top/neuron_455_layer_3_top_max_hook_mlp_out.png
Saved image to /network/scratch/s/sonia.joseph/CLIP_AUDIT/sampled_images/CLIP-ViT-B-32-DataComp.XL-s13B-b90K//layer_3/neuron_455/hook_mlp_out/max/bottom/neuron_455_layer_3_bottom_max_hook_mlp_out.png
Activations shape for blocks.3.hook_resid_post (49984, 50)
Type of sampling: max
Top sampled image indices for blocks.3.hook_resid_post: [19802 18698 29996 38093 48322  7032 13130 37168 22118 16735 22242 10775
 16514 41318 48217  5561 28314  3729  6742 11098]
Bottom sampled image indices for blocks.3.hook_resid_post: [34994 25426 12284 21864 40341 36451 36494  3538  4213 43543 42354 25708
 34992 23433  6553 36465 41646 35714 11971 31882]
Neuron 455, Layer 3, Layer Type hook_resid_post
Saved image to /network/scratch/s/sonia.joseph/CLIP_AUDIT/sampled_images/CLIP-ViT-B-32-DataComp.XL-s13B-b90K//layer_3/neuron_455/hook_resid_post/max/top/neuron_455_layer_3_top_max_hook_resid_post.png
Saved image to /network/scratch/s/sonia.joseph/CLIP_AUDIT/sampled_images/CLIP-ViT-B-32-DataComp.XL-s13B-b90K//layer_3/neuron_455/hook_resid_post/max/bottom/neuron_455_layer_3_bottom_max_hook_resid_post.png
Activations shape for blocks.3.mlp.hook_post (49984, 50)
Type of sampling: max
Top sampled image indices for blocks.3.mlp.hook_post: [ 7315 35445   847 33173 17792 40108 33740 38231 13484  9615 29713 29687
 44546 34099 38284 44061 11712 29930 39290 12851]
Bottom sampled image indices for blocks.3.mlp.hook_post: [17031 11500 20129 17607 29932 49110 41209 33982 20401 42810  3324 35751
  2331 42446  2385  6961 11558 29784 33905 21757]
Neuron 455, Layer 3, Layer Type hook_post
Saved image to /network/scratch/s/sonia.joseph/CLIP_AUDIT/sampled_images/CLIP-ViT-B-32-DataComp.XL-s13B-b90K//layer_3/neuron_455/hook_post/max/top/neuron_455_layer_3_top_max_hook_post.png
Saved image to /network/scratch/s/sonia.joseph/CLIP_AUDIT/sampled_images/CLIP-ViT-B-32-DataComp.XL-s13B-b90K//layer_3/neuron_455/hook_post/max/bottom/neuron_455_layer_3_bottom_max_hook_post.png
Activations shape for blocks.3.hook_mlp_out (49984, 50)
Type of sampling: max
Top sampled image indices for blocks.3.hook_mlp_out: [27602 38926 15363 48262 10356 44639 19951 35099 44561 44487  9948 39419
 46909 10329 16122 20257 42355  4170  4073 33600]
Bottom sampled image indices for blocks.3.hook_mlp_out: [29932 31437 11621 24330  1783 48421 23452  8272 14812 28732 25746 22022
 25352 49028  7754 47261  9713 39099  7512 10065]
Neuron 458, Layer 3, Layer Type hook_mlp_out
Saved image to /network/scratch/s/sonia.joseph/CLIP_AUDIT/sampled_images/CLIP-ViT-B-32-DataComp.XL-s13B-b90K//layer_3/neuron_458/hook_mlp_out/max/top/neuron_458_layer_3_top_max_hook_mlp_out.png
Saved image to /network/scratch/s/sonia.joseph/CLIP_AUDIT/sampled_images/CLIP-ViT-B-32-DataComp.XL-s13B-b90K//layer_3/neuron_458/hook_mlp_out/max/bottom/neuron_458_layer_3_bottom_max_hook_mlp_out.png
Activations shape for blocks.3.hook_resid_post (49984, 50)
Type of sampling: max
Top sampled image indices for blocks.3.hook_resid_post: [29321  3531 49392 31314 10223 38579 44162 37885  3441 12907 39484 19891
  8606  2403  6952 37601 39287 24233 23173 48995]
Bottom sampled image indices for blocks.3.hook_resid_post: [30120  9553 43796  8023 48793  5019 37671 23229   376  3841 30557 13776
  9037 10175 30247 29932 31843  6138 19676 18510]
Neuron 458, Layer 3, Layer Type hook_resid_post
Saved image to /network/scratch/s/sonia.joseph/CLIP_AUDIT/sampled_images/CLIP-ViT-B-32-DataComp.XL-s13B-b90K//layer_3/neuron_458/hook_resid_post/max/top/neuron_458_layer_3_top_max_hook_resid_post.png
Saved image to /network/scratch/s/sonia.joseph/CLIP_AUDIT/sampled_images/CLIP-ViT-B-32-DataComp.XL-s13B-b90K//layer_3/neuron_458/hook_resid_post/max/bottom/neuron_458_layer_3_bottom_max_hook_resid_post.png
Activations shape for blocks.3.mlp.hook_post (49984, 50)
Type of sampling: max
Top sampled image indices for blocks.3.mlp.hook_post: [35469 15218 12312 48133 26053 12672 28965 26380 23260 13972 18001 41834
  4467 15643 11510 22536 32970 46684 38495 24881]
Bottom sampled image indices for blocks.3.mlp.hook_post: [24964 29951 34560 25222 33117 45671 41209 48247 20231 24738  8750 30215
  6631  2902 20668 41721  6301 48835 22342 34290]
Neuron 458, Layer 3, Layer Type hook_post
Saved image to /network/scratch/s/sonia.joseph/CLIP_AUDIT/sampled_images/CLIP-ViT-B-32-DataComp.XL-s13B-b90K//layer_3/neuron_458/hook_post/max/top/neuron_458_layer_3_top_max_hook_post.png
Saved image to /network/scratch/s/sonia.joseph/CLIP_AUDIT/sampled_images/CLIP-ViT-B-32-DataComp.XL-s13B-b90K//layer_3/neuron_458/hook_post/max/bottom/neuron_458_layer_3_bottom_max_hook_post.png
Activations shape for blocks.3.hook_mlp_out (49984, 50)
Type of sampling: max
Top sampled image indices for blocks.3.hook_mlp_out: [38449 38856 19165 12211 33888 11131 48069 29262  7292 25514 24786 23526
 42734 46462  9465  8261 26768 18281 13921 47724]
Bottom sampled image indices for blocks.3.hook_mlp_out: [39299  3693 22781 17271 46545 48407  1619 14459 14441  6635 13534 16024
 36870 19242 21502 25303 44386 25134 48423 24427]
Neuron 756, Layer 3, Layer Type hook_mlp_out
Saved image to /network/scratch/s/sonia.joseph/CLIP_AUDIT/sampled_images/CLIP-ViT-B-32-DataComp.XL-s13B-b90K//layer_3/neuron_756/hook_mlp_out/max/top/neuron_756_layer_3_top_max_hook_mlp_out.png
Saved image to /network/scratch/s/sonia.joseph/CLIP_AUDIT/sampled_images/CLIP-ViT-B-32-DataComp.XL-s13B-b90K//layer_3/neuron_756/hook_mlp_out/max/bottom/neuron_756_layer_3_bottom_max_hook_mlp_out.png
Activations shape for blocks.3.hook_resid_post (49984, 50)
Type of sampling: max
Top sampled image indices for blocks.3.hook_resid_post: [38610 44496 34831 44637  8643 22706  7205 49535 41206 42313 37982  8606
 30973  3441 14413 11564 16514 31884 28314 11098]
Bottom sampled image indices for blocks.3.hook_resid_post: [43404 19778 17271 48633  5962 40627 36634 32786 41889 13266 43487 27414
 24473 31590 34994  7532 29837 34534 40292 28574]
Neuron 756, Layer 3, Layer Type hook_resid_post
Saved image to /network/scratch/s/sonia.joseph/CLIP_AUDIT/sampled_images/CLIP-ViT-B-32-DataComp.XL-s13B-b90K//layer_3/neuron_756/hook_resid_post/max/top/neuron_756_layer_3_top_max_hook_resid_post.png
Saved image to /network/scratch/s/sonia.joseph/CLIP_AUDIT/sampled_images/CLIP-ViT-B-32-DataComp.XL-s13B-b90K//layer_3/neuron_756/hook_resid_post/max/bottom/neuron_756_layer_3_bottom_max_hook_resid_post.png
Activations shape for blocks.3.mlp.hook_post (49984, 50)
Type of sampling: max
Top sampled image indices for blocks.3.mlp.hook_post: [31045 16738 31633 49868  5186 20327 16991 27783 39779 48937  9158  2153
 44073 16102 10295  6283 39489 34866 42757 47503]
Bottom sampled image indices for blocks.3.mlp.hook_post: [49428 45275 10196 10749  2277 21305 47538 32616  3975 13919   131 36642
 45503 24551  2092 49155  3798    84 20568 38791]
Neuron 756, Layer 3, Layer Type hook_post
Saved image to /network/scratch/s/sonia.joseph/CLIP_AUDIT/sampled_images/CLIP-ViT-B-32-DataComp.XL-s13B-b90K//layer_3/neuron_756/hook_post/max/top/neuron_756_layer_3_top_max_hook_post.png
Saved image to /network/scratch/s/sonia.joseph/CLIP_AUDIT/sampled_images/CLIP-ViT-B-32-DataComp.XL-s13B-b90K//layer_3/neuron_756/hook_post/max/bottom/neuron_756_layer_3_bottom_max_hook_post.png
Activations shape for blocks.3.hook_mlp_out (49984, 50)
Type of sampling: max
Top sampled image indices for blocks.3.hook_mlp_out: [44859 48372 44588  3165  3511 29322   117 12299 32080 37755 44460 29800
 20509  8437 48521 22750 47446 29706 37760 30973]
Bottom sampled image indices for blocks.3.hook_mlp_out: [ 3453 17746 31791 13791 31741 38926 15663 31201 49028 15000 35968 41580
 39099   631    86 21192 14739  7466 38995 43529]
Neuron 406, Layer 3, Layer Type hook_mlp_out
Saved image to /network/scratch/s/sonia.joseph/CLIP_AUDIT/sampled_images/CLIP-ViT-B-32-DataComp.XL-s13B-b90K//layer_3/neuron_406/hook_mlp_out/max/top/neuron_406_layer_3_top_max_hook_mlp_out.png
Saved image to /network/scratch/s/sonia.joseph/CLIP_AUDIT/sampled_images/CLIP-ViT-B-32-DataComp.XL-s13B-b90K//layer_3/neuron_406/hook_mlp_out/max/bottom/neuron_406_layer_3_bottom_max_hook_mlp_out.png
Activations shape for blocks.3.hook_resid_post (49984, 50)
Type of sampling: max
Top sampled image indices for blocks.3.hook_resid_post: [44052  9632 47867 16910 18733 23939 24538  8643 46971   117 21348 34650
 11098 19889 31884 30973 44496  6742 48217  2023]
Bottom sampled image indices for blocks.3.hook_resid_post: [46983  9830 23814 28762 20309 18372 42230  9207 15605 28085 29698  2492
 25905 43141 23628  2761 17302  7934 47345 26575]
Neuron 406, Layer 3, Layer Type hook_resid_post
Saved image to /network/scratch/s/sonia.joseph/CLIP_AUDIT/sampled_images/CLIP-ViT-B-32-DataComp.XL-s13B-b90K//layer_3/neuron_406/hook_resid_post/max/top/neuron_406_layer_3_top_max_hook_resid_post.png
Saved image to /network/scratch/s/sonia.joseph/CLIP_AUDIT/sampled_images/CLIP-ViT-B-32-DataComp.XL-s13B-b90K//layer_3/neuron_406/hook_resid_post/max/bottom/neuron_406_layer_3_bottom_max_hook_resid_post.png
Activations shape for blocks.3.mlp.hook_post (49984, 50)
Type of sampling: max
Top sampled image indices for blocks.3.mlp.hook_post: [21299 40006 49060  9668  6999 37520  9877 28584 37845 43451 16884 35422
 10644 16593 30206 35020  6462 34752 46471 22395]
Bottom sampled image indices for blocks.3.mlp.hook_post: [14441 18109 35475 37175 32392 38989  7649  9683  2901 39286 22764  4757
 37421 16982  9548 19593  7979 33773 19689 10087]
Neuron 406, Layer 3, Layer Type hook_post
Saved image to /network/scratch/s/sonia.joseph/CLIP_AUDIT/sampled_images/CLIP-ViT-B-32-DataComp.XL-s13B-b90K//layer_3/neuron_406/hook_post/max/top/neuron_406_layer_3_top_max_hook_post.png
Saved image to /network/scratch/s/sonia.joseph/CLIP_AUDIT/sampled_images/CLIP-ViT-B-32-DataComp.XL-s13B-b90K//layer_3/neuron_406/hook_post/max/bottom/neuron_406_layer_3_bottom_max_hook_post.png
Activations shape for blocks.3.hook_mlp_out (49984, 50)
Type of sampling: max
Top sampled image indices for blocks.3.hook_mlp_out: [21023  1636  3609 44109 44083 46794 46929 24247 39203 29994  4332  6742
 20025 37816   752 19295 26962 22468 41014 34800]
Bottom sampled image indices for blocks.3.hook_mlp_out: [37062 39454 24480 45453  2946 17852 10430 10469  7384 35285 36437 28923
 27708 31281  1091 45645 23119  9091 36486  5968]
Neuron 537, Layer 3, Layer Type hook_mlp_out
Saved image to /network/scratch/s/sonia.joseph/CLIP_AUDIT/sampled_images/CLIP-ViT-B-32-DataComp.XL-s13B-b90K//layer_3/neuron_537/hook_mlp_out/max/top/neuron_537_layer_3_top_max_hook_mlp_out.png
Saved image to /network/scratch/s/sonia.joseph/CLIP_AUDIT/sampled_images/CLIP-ViT-B-32-DataComp.XL-s13B-b90K//layer_3/neuron_537/hook_mlp_out/max/bottom/neuron_537_layer_3_bottom_max_hook_mlp_out.png
Activations shape for blocks.3.hook_resid_post (49984, 50)
Type of sampling: max
Top sampled image indices for blocks.3.hook_resid_post: [38320  3130  6786 23804 38862  5075 27389 37255 30459 27512  3441 27807
 30412  8606 30973 28507  5664 31391 11098  5561]
Bottom sampled image indices for blocks.3.hook_resid_post: [35186 48905 36634 43361 39286 10661 29134 39128 34819  7381 21929 22394
  9713 17871 44028 29032 47154 24081 38821 16085]
Neuron 537, Layer 3, Layer Type hook_resid_post
Saved image to /network/scratch/s/sonia.joseph/CLIP_AUDIT/sampled_images/CLIP-ViT-B-32-DataComp.XL-s13B-b90K//layer_3/neuron_537/hook_resid_post/max/top/neuron_537_layer_3_top_max_hook_resid_post.png
Saved image to /network/scratch/s/sonia.joseph/CLIP_AUDIT/sampled_images/CLIP-ViT-B-32-DataComp.XL-s13B-b90K//layer_3/neuron_537/hook_resid_post/max/bottom/neuron_537_layer_3_bottom_max_hook_resid_post.png
Activations shape for blocks.3.mlp.hook_post (49984, 50)
Type of sampling: max
Top sampled image indices for blocks.3.mlp.hook_post: [43547 21979 11876  6346 18213 17535 44804 33303 10878 44901 39823 47390
  7463 12528 19273 28334 12895 23173  9165 37656]
Bottom sampled image indices for blocks.3.mlp.hook_post: [19160 43190 21095    45 39404  4066 47154  6162 49349 16260 48615 29157
 33284  7043  1795 29051 23324 44929 29410 41850]
Neuron 537, Layer 3, Layer Type hook_post
Saved image to /network/scratch/s/sonia.joseph/CLIP_AUDIT/sampled_images/CLIP-ViT-B-32-DataComp.XL-s13B-b90K//layer_3/neuron_537/hook_post/max/top/neuron_537_layer_3_top_max_hook_post.png
Saved image to /network/scratch/s/sonia.joseph/CLIP_AUDIT/sampled_images/CLIP-ViT-B-32-DataComp.XL-s13B-b90K//layer_3/neuron_537/hook_post/max/bottom/neuron_537_layer_3_bottom_max_hook_post.png
Activations shape for blocks.3.hook_mlp_out (49984, 50)
Type of sampling: max
Top sampled image indices for blocks.3.hook_mlp_out: [43012 42398 47829  5810 22959 36726 21100 12361 31378 49231 28528 31579
 46535 23507 19190 46526 18530  7484  8634 39300]
Bottom sampled image indices for blocks.3.hook_mlp_out: [37062 17607  3513 29932 25145 14441 48244 17271  9683 22728 35751 22937
  7579 15759 20524 25524 41889 15181 44859 40688]
Neuron 117, Layer 3, Layer Type hook_mlp_out
Saved image to /network/scratch/s/sonia.joseph/CLIP_AUDIT/sampled_images/CLIP-ViT-B-32-DataComp.XL-s13B-b90K//layer_3/neuron_117/hook_mlp_out/max/top/neuron_117_layer_3_top_max_hook_mlp_out.png
Saved image to /network/scratch/s/sonia.joseph/CLIP_AUDIT/sampled_images/CLIP-ViT-B-32-DataComp.XL-s13B-b90K//layer_3/neuron_117/hook_mlp_out/max/bottom/neuron_117_layer_3_bottom_max_hook_mlp_out.png
Activations shape for blocks.3.hook_resid_post (49984, 50)
Type of sampling: max
Top sampled image indices for blocks.3.hook_resid_post: [46333 29617 17404  4766 35879 45784 38330   218 11818 13618 41694 15674
 32073 20090 21782  9947 46642  2202 48718 34591]
Bottom sampled image indices for blocks.3.hook_resid_post: [ 6635 33145 29567 10639 25967 10472  9778 25211 24480 45579 31778 39199
 17932 34316 44812 16600  3237 19697  7196 43126]
Neuron 117, Layer 3, Layer Type hook_resid_post
Saved image to /network/scratch/s/sonia.joseph/CLIP_AUDIT/sampled_images/CLIP-ViT-B-32-DataComp.XL-s13B-b90K//layer_3/neuron_117/hook_resid_post/max/top/neuron_117_layer_3_top_max_hook_resid_post.png
Saved image to /network/scratch/s/sonia.joseph/CLIP_AUDIT/sampled_images/CLIP-ViT-B-32-DataComp.XL-s13B-b90K//layer_3/neuron_117/hook_resid_post/max/bottom/neuron_117_layer_3_bottom_max_hook_resid_post.png
Activations shape for blocks.3.mlp.hook_post (49984, 50)
Type of sampling: max
Top sampled image indices for blocks.3.mlp.hook_post: [44034 12348 44859  2000 21293 49679 22682 28627 10567 22774 23531 25118
 30236 21067 24492 40132 27590 18717 28669 45907]
Bottom sampled image indices for blocks.3.mlp.hook_post: [43516 12943 36800 20085 34964   419 41062 49556 17607 25072 33160 28251
 10817 24663 11539 40681 20938 17019 35285 44155]
Neuron 117, Layer 3, Layer Type hook_post
Saved image to /network/scratch/s/sonia.joseph/CLIP_AUDIT/sampled_images/CLIP-ViT-B-32-DataComp.XL-s13B-b90K//layer_3/neuron_117/hook_post/max/top/neuron_117_layer_3_top_max_hook_post.png
Saved image to /network/scratch/s/sonia.joseph/CLIP_AUDIT/sampled_images/CLIP-ViT-B-32-DataComp.XL-s13B-b90K//layer_3/neuron_117/hook_post/max/bottom/neuron_117_layer_3_bottom_max_hook_post.png
Activations shape for blocks.3.hook_mlp_out (49984, 50)
Type of sampling: max
Top sampled image indices for blocks.3.hook_mlp_out: [34565 28123 48505  2927  8801 38095 10694 24381 18054 17116  6996 44799
 44391 12351 18796  2702 21974 10054 14975 47649]
Bottom sampled image indices for blocks.3.hook_mlp_out: [23181 37319 36723 12114 27817 39553 49725 47828 23073 14477  4359 24964
 32392 37046 10501 22391 18518 42188  1868 49574]
Neuron 663, Layer 3, Layer Type hook_mlp_out
Saved image to /network/scratch/s/sonia.joseph/CLIP_AUDIT/sampled_images/CLIP-ViT-B-32-DataComp.XL-s13B-b90K//layer_3/neuron_663/hook_mlp_out/max/top/neuron_663_layer_3_top_max_hook_mlp_out.png
Saved image to /network/scratch/s/sonia.joseph/CLIP_AUDIT/sampled_images/CLIP-ViT-B-32-DataComp.XL-s13B-b90K//layer_3/neuron_663/hook_mlp_out/max/bottom/neuron_663_layer_3_bottom_max_hook_mlp_out.png
Activations shape for blocks.3.hook_resid_post (49984, 50)
Type of sampling: max
Top sampled image indices for blocks.3.hook_resid_post: [21890 11732 18164 17829 37982 47733 31884 11670 42865 18904  6372 38924
 32073  8182  5756 47105  9376  8606 37047 14156]
Bottom sampled image indices for blocks.3.hook_resid_post: [41180 17505 28251 22596 28243 21967 11917 11269 16936 43327 33585 32579
 29322 12494 48007  1893 35727 33147 24099 12796]
Neuron 663, Layer 3, Layer Type hook_resid_post
Saved image to /network/scratch/s/sonia.joseph/CLIP_AUDIT/sampled_images/CLIP-ViT-B-32-DataComp.XL-s13B-b90K//layer_3/neuron_663/hook_resid_post/max/top/neuron_663_layer_3_top_max_hook_resid_post.png
Saved image to /network/scratch/s/sonia.joseph/CLIP_AUDIT/sampled_images/CLIP-ViT-B-32-DataComp.XL-s13B-b90K//layer_3/neuron_663/hook_resid_post/max/bottom/neuron_663_layer_3_bottom_max_hook_resid_post.png
Activations shape for blocks.3.mlp.hook_post (49984, 50)
Type of sampling: max
Top sampled image indices for blocks.3.mlp.hook_post: [22347 18445 24002 42175  4468 40698 24065  8456  6971 22072 42836 42788
  6773  9536 41203 26397 36142 23323 41306 22884]
Bottom sampled image indices for blocks.3.mlp.hook_post: [30470 36154  1974  3520 10899 14850 37368 26348 28270  5338 39949 21502
 37357 42700 15890 13578 44532 10557 48827 36568]
Neuron 663, Layer 3, Layer Type hook_post
Saved image to /network/scratch/s/sonia.joseph/CLIP_AUDIT/sampled_images/CLIP-ViT-B-32-DataComp.XL-s13B-b90K//layer_3/neuron_663/hook_post/max/top/neuron_663_layer_3_top_max_hook_post.png
Saved image to /network/scratch/s/sonia.joseph/CLIP_AUDIT/sampled_images/CLIP-ViT-B-32-DataComp.XL-s13B-b90K//layer_3/neuron_663/hook_post/max/bottom/neuron_663_layer_3_bottom_max_hook_post.png
Activations shape for blocks.3.hook_mlp_out (49984, 50)
Type of sampling: max
Top sampled image indices for blocks.3.hook_mlp_out: [46666 31444  2056 21415 19713  8295 36585 29540 26505   117 15429 13601
  3032  6019 31772  9669 39837 23761 35676 22735]
Bottom sampled image indices for blocks.3.hook_mlp_out: [18635 33797 43489 45278 29144 46353 32793  6011 12845 49258  9576 37358
 14584 39951 46471  5827  5531 43545  5859 30058]
Neuron 159, Layer 3, Layer Type hook_mlp_out
Saved image to /network/scratch/s/sonia.joseph/CLIP_AUDIT/sampled_images/CLIP-ViT-B-32-DataComp.XL-s13B-b90K//layer_3/neuron_159/hook_mlp_out/max/top/neuron_159_layer_3_top_max_hook_mlp_out.png
Saved image to /network/scratch/s/sonia.joseph/CLIP_AUDIT/sampled_images/CLIP-ViT-B-32-DataComp.XL-s13B-b90K//layer_3/neuron_159/hook_mlp_out/max/bottom/neuron_159_layer_3_bottom_max_hook_mlp_out.png
Activations shape for blocks.3.hook_resid_post (49984, 50)
Type of sampling: max
Top sampled image indices for blocks.3.hook_resid_post: [45650 35540 28314  5460  3233 15294 43307 29321 18082 37130 40328 12998
 40029 32505 40271  1126  2132 17463 30973 25584]
Bottom sampled image indices for blocks.3.hook_resid_post: [ 6895 37627 20410 17962 19075 40351  5531 39682 41487 17746 21838 14996
 43489 49204 21527 38220 32359  4455 46306 18742]
Neuron 159, Layer 3, Layer Type hook_resid_post
Saved image to /network/scratch/s/sonia.joseph/CLIP_AUDIT/sampled_images/CLIP-ViT-B-32-DataComp.XL-s13B-b90K//layer_3/neuron_159/hook_resid_post/max/top/neuron_159_layer_3_top_max_hook_resid_post.png
Saved image to /network/scratch/s/sonia.joseph/CLIP_AUDIT/sampled_images/CLIP-ViT-B-32-DataComp.XL-s13B-b90K//layer_3/neuron_159/hook_resid_post/max/bottom/neuron_159_layer_3_bottom_max_hook_resid_post.png
Activations shape for blocks.3.mlp.hook_post (49984, 50)
Type of sampling: max
Top sampled image indices for blocks.3.mlp.hook_post: [24374  3691  1452 22304 42252 27915 47411 39405  1586 20341 35754  9869
 44486 14274 11451 46156 17040 14857 33538 38377]
Bottom sampled image indices for blocks.3.mlp.hook_post: [ 9259 19400 29070  4921 19778  8067 13055 29336 34962  7579 20700 37553
 17271 46619 22086  3593 43102 16600 38590  8474]
Neuron 159, Layer 3, Layer Type hook_post
Saved image to /network/scratch/s/sonia.joseph/CLIP_AUDIT/sampled_images/CLIP-ViT-B-32-DataComp.XL-s13B-b90K//layer_3/neuron_159/hook_post/max/top/neuron_159_layer_3_top_max_hook_post.png
Saved image to /network/scratch/s/sonia.joseph/CLIP_AUDIT/sampled_images/CLIP-ViT-B-32-DataComp.XL-s13B-b90K//layer_3/neuron_159/hook_post/max/bottom/neuron_159_layer_3_bottom_max_hook_post.png
Activations shape for blocks.3.hook_mlp_out (49984, 50)
Type of sampling: max
Top sampled image indices for blocks.3.hook_mlp_out: [47753 10177 27979 49223 26618 49435 20637 49778 21796 23786  6888 19889
 36699 24523 41285 42608 11134 14451 14246 12995]
Bottom sampled image indices for blocks.3.hook_mlp_out: [10811 11975 28233  8389 12278  5364 15574 38927 33441 34014 19102 25872
 12888 20271  5082 34720 33063  6415 29933  7282]
Neuron 628, Layer 3, Layer Type hook_mlp_out
Saved image to /network/scratch/s/sonia.joseph/CLIP_AUDIT/sampled_images/CLIP-ViT-B-32-DataComp.XL-s13B-b90K//layer_3/neuron_628/hook_mlp_out/max/top/neuron_628_layer_3_top_max_hook_mlp_out.png
Saved image to /network/scratch/s/sonia.joseph/CLIP_AUDIT/sampled_images/CLIP-ViT-B-32-DataComp.XL-s13B-b90K//layer_3/neuron_628/hook_mlp_out/max/bottom/neuron_628_layer_3_bottom_max_hook_mlp_out.png
Activations shape for blocks.3.hook_resid_post (49984, 50)
Type of sampling: max
Top sampled image indices for blocks.3.hook_resid_post: [ 3700 43960 47006 23645 44357 23939 29583 36949 47665 16548 24122  7952
 21678 12586 46474 44496 14156 30973 11756 28314]
Bottom sampled image indices for blocks.3.hook_resid_post: [21871 48114 29784 29767 45795 47817 14472 20848 17061 43136 39341  3922
 19987 24693 43592 28139 24081 47977 17610 16747]
Neuron 628, Layer 3, Layer Type hook_resid_post
Saved image to /network/scratch/s/sonia.joseph/CLIP_AUDIT/sampled_images/CLIP-ViT-B-32-DataComp.XL-s13B-b90K//layer_3/neuron_628/hook_resid_post/max/top/neuron_628_layer_3_top_max_hook_resid_post.png
Saved image to /network/scratch/s/sonia.joseph/CLIP_AUDIT/sampled_images/CLIP-ViT-B-32-DataComp.XL-s13B-b90K//layer_3/neuron_628/hook_resid_post/max/bottom/neuron_628_layer_3_bottom_max_hook_resid_post.png
Activations shape for blocks.3.mlp.hook_post (49984, 50)
Type of sampling: max
Top sampled image indices for blocks.3.mlp.hook_post: [28333 23795 46522 42463 49130  9858  7024 13868 43106 39100 19843   762
   221 31743 22481 43176 35510  9844  6326  3815]
Bottom sampled image indices for blocks.3.mlp.hook_post: [40794 37121 14334 45179 30120 22217 39099  7512 25746 27452 36734 15377
  4016 40604 11814  5626 48259 45660 22282  9680]
Neuron 628, Layer 3, Layer Type hook_post
Saved image to /network/scratch/s/sonia.joseph/CLIP_AUDIT/sampled_images/CLIP-ViT-B-32-DataComp.XL-s13B-b90K//layer_3/neuron_628/hook_post/max/top/neuron_628_layer_3_top_max_hook_post.png
Saved image to /network/scratch/s/sonia.joseph/CLIP_AUDIT/sampled_images/CLIP-ViT-B-32-DataComp.XL-s13B-b90K//layer_3/neuron_628/hook_post/max/bottom/neuron_628_layer_3_bottom_max_hook_post.png
Activations shape for blocks.3.hook_mlp_out (49984, 50)
Type of sampling: max
Top sampled image indices for blocks.3.hook_mlp_out: [40894  7868 20658 37421 18925 38989 45971 42422  3460 23761 34224 17744
  6501 20093  8899 47633 47286 25943 44859  8472]
Bottom sampled image indices for blocks.3.hook_mlp_out: [43945 17852 28233 25653 27708 44670 20718 39058 34334  1762 27695 29932
 10596 11317  6028 32188 15569 45470 41448 26311]
Neuron 486, Layer 3, Layer Type hook_mlp_out
Saved image to /network/scratch/s/sonia.joseph/CLIP_AUDIT/sampled_images/CLIP-ViT-B-32-DataComp.XL-s13B-b90K//layer_3/neuron_486/hook_mlp_out/max/top/neuron_486_layer_3_top_max_hook_mlp_out.png
Saved image to /network/scratch/s/sonia.joseph/CLIP_AUDIT/sampled_images/CLIP-ViT-B-32-DataComp.XL-s13B-b90K//layer_3/neuron_486/hook_mlp_out/max/bottom/neuron_486_layer_3_bottom_max_hook_mlp_out.png
Activations shape for blocks.3.hook_resid_post (49984, 50)
Type of sampling: max
Top sampled image indices for blocks.3.hook_resid_post: [22889 35270  7497 27122 13428 37130 44496  2257 46374 34300  6468 27098
 11429 34407 48864 19242  6742 11756 28314 14156]
Bottom sampled image indices for blocks.3.hook_resid_post: [48068 34200 12498  7887  3063 22495 38729  5531 20527 36238 25570 19561
 26704 26382 30291  8078  5805 21946 41871 10419]
Neuron 486, Layer 3, Layer Type hook_resid_post
Saved image to /network/scratch/s/sonia.joseph/CLIP_AUDIT/sampled_images/CLIP-ViT-B-32-DataComp.XL-s13B-b90K//layer_3/neuron_486/hook_resid_post/max/top/neuron_486_layer_3_top_max_hook_resid_post.png
Saved image to /network/scratch/s/sonia.joseph/CLIP_AUDIT/sampled_images/CLIP-ViT-B-32-DataComp.XL-s13B-b90K//layer_3/neuron_486/hook_resid_post/max/bottom/neuron_486_layer_3_bottom_max_hook_resid_post.png
Activations shape for blocks.3.mlp.hook_post (49984, 50)
Type of sampling: max
Top sampled image indices for blocks.3.mlp.hook_post: [41265 23998  4523 47078 45296 43714 17497 44824 17292   294 17342 27959
 41964 36143 44055 25617 38823 17120 48959  1142]
Bottom sampled image indices for blocks.3.mlp.hook_post: [14938 19778  4921  9259 10798 11865 24406 41506 43418 16346  2526 42366
  5609 28236  1033 23902 23461  4763  9701 19004]
Neuron 486, Layer 3, Layer Type hook_post
Saved image to /network/scratch/s/sonia.joseph/CLIP_AUDIT/sampled_images/CLIP-ViT-B-32-DataComp.XL-s13B-b90K//layer_3/neuron_486/hook_post/max/top/neuron_486_layer_3_top_max_hook_post.png
Saved image to /network/scratch/s/sonia.joseph/CLIP_AUDIT/sampled_images/CLIP-ViT-B-32-DataComp.XL-s13B-b90K//layer_3/neuron_486/hook_post/max/bottom/neuron_486_layer_3_bottom_max_hook_post.png
Activations shape for blocks.3.hook_mlp_out (49984, 50)
Type of sampling: max
Top sampled image indices for blocks.3.hook_mlp_out: [ 3165 12524 31130 15097 17986 33946 28267 49189 34653 48375 25071 42792
 37922  7634 25737 39453  4863  9004 22950 12297]
Bottom sampled image indices for blocks.3.hook_mlp_out: [43394 10811 38520 23528 39494 16701 12533 31371 43823 15514 10143  5160
  3619 12796  4081 33661 39534 48355 12000  5905]
Neuron 640, Layer 3, Layer Type hook_mlp_out
Saved image to /network/scratch/s/sonia.joseph/CLIP_AUDIT/sampled_images/CLIP-ViT-B-32-DataComp.XL-s13B-b90K//layer_3/neuron_640/hook_mlp_out/max/top/neuron_640_layer_3_top_max_hook_mlp_out.png
Saved image to /network/scratch/s/sonia.joseph/CLIP_AUDIT/sampled_images/CLIP-ViT-B-32-DataComp.XL-s13B-b90K//layer_3/neuron_640/hook_mlp_out/max/bottom/neuron_640_layer_3_bottom_max_hook_mlp_out.png
Activations shape for blocks.3.hook_resid_post (49984, 50)
Type of sampling: max
Top sampled image indices for blocks.3.hook_resid_post: [44937 38014 20709 22488 39843 40178 11732 18866 44910 37594 14413 44496
 29385 21063  4396 18625  4390 15912 12615 49535]
Bottom sampled image indices for blocks.3.hook_resid_post: [22394  5165 23582  7440  1345 36751 15523 18372 14759 39603  2224 41155
 12972 28836 23933 13718  5963 36651 29932  9152]
Neuron 640, Layer 3, Layer Type hook_resid_post
Saved image to /network/scratch/s/sonia.joseph/CLIP_AUDIT/sampled_images/CLIP-ViT-B-32-DataComp.XL-s13B-b90K//layer_3/neuron_640/hook_resid_post/max/top/neuron_640_layer_3_top_max_hook_resid_post.png
Saved image to /network/scratch/s/sonia.joseph/CLIP_AUDIT/sampled_images/CLIP-ViT-B-32-DataComp.XL-s13B-b90K//layer_3/neuron_640/hook_resid_post/max/bottom/neuron_640_layer_3_bottom_max_hook_resid_post.png
Activations shape for blocks.3.mlp.hook_post (49984, 50)
Type of sampling: max
Top sampled image indices for blocks.3.mlp.hook_post: [11579 10920 34723 39254 36947 15644 11360 40738 33650  9466  1251 13111
 47903 16130 44038 45665  9359  9422  1010 48069]
Bottom sampled image indices for blocks.3.mlp.hook_post: [ 3522  9688 28258 29932 11179 43394 11500 29026 17852 29874 29982 37361
 34334  3102 16169 40986 12747 47644 37723 11947]
Neuron 640, Layer 3, Layer Type hook_post
Saved image to /network/scratch/s/sonia.joseph/CLIP_AUDIT/sampled_images/CLIP-ViT-B-32-DataComp.XL-s13B-b90K//layer_3/neuron_640/hook_post/max/top/neuron_640_layer_3_top_max_hook_post.png
Saved image to /network/scratch/s/sonia.joseph/CLIP_AUDIT/sampled_images/CLIP-ViT-B-32-DataComp.XL-s13B-b90K//layer_3/neuron_640/hook_post/max/bottom/neuron_640_layer_3_bottom_max_hook_post.png
Activations shape for blocks.3.hook_mlp_out (49984, 50)
Type of sampling: max
Top sampled image indices for blocks.3.hook_mlp_out: [10634 16990 16365  3779 30459 41618 33567 12850 46547  5979 22984 21125
  4774 12328 25453 46620  5387 12363 23035 20675]
Bottom sampled image indices for blocks.3.hook_mlp_out: [24423 30247 43724  3685 47769  4030 12534 40537 21358 47718 37150 10956
 33009 40191   129 41913 12103 46521 46356 34212]
Neuron 553, Layer 3, Layer Type hook_mlp_out
Saved image to /network/scratch/s/sonia.joseph/CLIP_AUDIT/sampled_images/CLIP-ViT-B-32-DataComp.XL-s13B-b90K//layer_3/neuron_553/hook_mlp_out/max/top/neuron_553_layer_3_top_max_hook_mlp_out.png
Saved image to /network/scratch/s/sonia.joseph/CLIP_AUDIT/sampled_images/CLIP-ViT-B-32-DataComp.XL-s13B-b90K//layer_3/neuron_553/hook_mlp_out/max/bottom/neuron_553_layer_3_bottom_max_hook_mlp_out.png
Activations shape for blocks.3.hook_resid_post (49984, 50)
Type of sampling: max
Top sampled image indices for blocks.3.hook_resid_post: [44156 46945 42076 48908 28645 23433 41360 14530 16876 12521 27153  1883
 32025 14277  1997  9754  1592 27734 22889  7205]
Bottom sampled image indices for blocks.3.hook_resid_post: [ 3513  5554 11449  9683 49556  6084 38946 17724 27524 15588  8866 46614
 39170 20401 41935 15730 38947 15236  9363 35466]
Neuron 553, Layer 3, Layer Type hook_resid_post
Saved image to /network/scratch/s/sonia.joseph/CLIP_AUDIT/sampled_images/CLIP-ViT-B-32-DataComp.XL-s13B-b90K//layer_3/neuron_553/hook_resid_post/max/top/neuron_553_layer_3_top_max_hook_resid_post.png
Saved image to /network/scratch/s/sonia.joseph/CLIP_AUDIT/sampled_images/CLIP-ViT-B-32-DataComp.XL-s13B-b90K//layer_3/neuron_553/hook_resid_post/max/bottom/neuron_553_layer_3_bottom_max_hook_resid_post.png
Activations shape for blocks.3.mlp.hook_post (49984, 50)
Type of sampling: max
Top sampled image indices for blocks.3.mlp.hook_post: [28442  5364 41014 37469 24042  2214 41474 41551  8044   752 46162 16085
  9961 41318 31884 46952 34800 41690 42902 21734]
Bottom sampled image indices for blocks.3.mlp.hook_post: [31437 18302  9924 47648 35128 10032  3171  9825  6863 24330 32873 44445
 13953 32282 21864 11001 31542 33948 27570 49204]
Neuron 553, Layer 3, Layer Type hook_post
Saved image to /network/scratch/s/sonia.joseph/CLIP_AUDIT/sampled_images/CLIP-ViT-B-32-DataComp.XL-s13B-b90K//layer_3/neuron_553/hook_post/max/top/neuron_553_layer_3_top_max_hook_post.png
Saved image to /network/scratch/s/sonia.joseph/CLIP_AUDIT/sampled_images/CLIP-ViT-B-32-DataComp.XL-s13B-b90K//layer_3/neuron_553/hook_post/max/bottom/neuron_553_layer_3_bottom_max_hook_post.png
Activations shape for blocks.3.hook_mlp_out (49984, 50)
Type of sampling: max
Top sampled image indices for blocks.3.hook_mlp_out: [34148 43433 15627  8916 23129 12648 25543   701 19294 17447 20576 21321
  7248 18766 35010 18693 49327  5789 17211  5882]
Bottom sampled image indices for blocks.3.hook_mlp_out: [25872 17271  6635 48853 25145 26124 19242 44737 41411  3849  1862 47846
 14441 27926 20097 48793 32247   407 17389 13024]
Neuron 351, Layer 3, Layer Type hook_mlp_out
Saved image to /network/scratch/s/sonia.joseph/CLIP_AUDIT/sampled_images/CLIP-ViT-B-32-DataComp.XL-s13B-b90K//layer_3/neuron_351/hook_mlp_out/max/top/neuron_351_layer_3_top_max_hook_mlp_out.png
Saved image to /network/scratch/s/sonia.joseph/CLIP_AUDIT/sampled_images/CLIP-ViT-B-32-DataComp.XL-s13B-b90K//layer_3/neuron_351/hook_mlp_out/max/bottom/neuron_351_layer_3_bottom_max_hook_mlp_out.png
Activations shape for blocks.3.hook_resid_post (49984, 50)
Type of sampling: max
Top sampled image indices for blocks.3.hook_resid_post: [23458 12731 44634 37518 32648 18613 19877 43600 37365 44693 27518  4742
 25426 16108 19156 39944 39054  3617 14053  8916]
Bottom sampled image indices for blocks.3.hook_resid_post: [21052  5805 25512 17506 26124 24941 44970 46356 42169 48994 25876   227
 14456  4744 43319 15759 48246 34346 43972 29270]
Neuron 351, Layer 3, Layer Type hook_resid_post
Saved image to /network/scratch/s/sonia.joseph/CLIP_AUDIT/sampled_images/CLIP-ViT-B-32-DataComp.XL-s13B-b90K//layer_3/neuron_351/hook_resid_post/max/top/neuron_351_layer_3_top_max_hook_resid_post.png
Saved image to /network/scratch/s/sonia.joseph/CLIP_AUDIT/sampled_images/CLIP-ViT-B-32-DataComp.XL-s13B-b90K//layer_3/neuron_351/hook_resid_post/max/bottom/neuron_351_layer_3_bottom_max_hook_resid_post.png
Activations shape for blocks.3.mlp.hook_post (49984, 50)
Type of sampling: max
Top sampled image indices for blocks.3.mlp.hook_post: [20416  2791 27495  1942 16438 42777 25071  4007  7522 25278 47256  3570
 13700 28465 44854 27795 18343  7655 33759 43158]
Bottom sampled image indices for blocks.3.mlp.hook_post: [37553 17922 19036 22991  9487 27436 31350  3798 25286 27508 16649  7863
 14918  1395 33372 24119 22495 22309 45697 35384]
Neuron 351, Layer 3, Layer Type hook_post
Saved image to /network/scratch/s/sonia.joseph/CLIP_AUDIT/sampled_images/CLIP-ViT-B-32-DataComp.XL-s13B-b90K//layer_3/neuron_351/hook_post/max/top/neuron_351_layer_3_top_max_hook_post.png
Saved image to /network/scratch/s/sonia.joseph/CLIP_AUDIT/sampled_images/CLIP-ViT-B-32-DataComp.XL-s13B-b90K//layer_3/neuron_351/hook_post/max/bottom/neuron_351_layer_3_bottom_max_hook_post.png
Activations shape for blocks.3.hook_mlp_out (49984, 50)
Type of sampling: max
Top sampled image indices for blocks.3.hook_mlp_out: [40735 32124 26236 17775 12184 25997  4390 24098 19294 15359 11680  8916
 22194  2023 25307 16161 48217 13111 24277 21373]
Bottom sampled image indices for blocks.3.hook_mlp_out: [ 2427 28169 39107 45834 30175 16996 19057  6486 17299 37761 49509 19129
 45389  2159 46593 33545 23545 47071 17682 49093]
Neuron 446, Layer 3, Layer Type hook_mlp_out
Saved image to /network/scratch/s/sonia.joseph/CLIP_AUDIT/sampled_images/CLIP-ViT-B-32-DataComp.XL-s13B-b90K//layer_3/neuron_446/hook_mlp_out/max/top/neuron_446_layer_3_top_max_hook_mlp_out.png
Saved image to /network/scratch/s/sonia.joseph/CLIP_AUDIT/sampled_images/CLIP-ViT-B-32-DataComp.XL-s13B-b90K//layer_3/neuron_446/hook_mlp_out/max/bottom/neuron_446_layer_3_bottom_max_hook_mlp_out.png
Activations shape for blocks.3.hook_resid_post (49984, 50)
Type of sampling: max
Top sampled image indices for blocks.3.hook_resid_post: [ 3441 33181 43697 14437 15186 41207  1473 19294 45201 46841  2257 19215
  9587 38372 30973 49535 11935 19242  8606 23939]
Bottom sampled image indices for blocks.3.hook_resid_post: [38401  7214 17031 48278 25746 38040 10837 39380  2159 22470 29906  2361
 39099 18502 29285 24140 46987 11219 36369 11126]
Neuron 446, Layer 3, Layer Type hook_resid_post
Saved image to /network/scratch/s/sonia.joseph/CLIP_AUDIT/sampled_images/CLIP-ViT-B-32-DataComp.XL-s13B-b90K//layer_3/neuron_446/hook_resid_post/max/top/neuron_446_layer_3_top_max_hook_resid_post.png
Saved image to /network/scratch/s/sonia.joseph/CLIP_AUDIT/sampled_images/CLIP-ViT-B-32-DataComp.XL-s13B-b90K//layer_3/neuron_446/hook_resid_post/max/bottom/neuron_446_layer_3_bottom_max_hook_resid_post.png
Activations shape for blocks.3.mlp.hook_post (49984, 50)
Type of sampling: max
Top sampled image indices for blocks.3.mlp.hook_post: [12369 35664 12909 37857 17323 49966 27102 12067  9334 34591 35045 28360
 15874 46109 26049  9339 22005 25417 38949  8402]
Bottom sampled image indices for blocks.3.mlp.hook_post: [19613 18055 31407 42111  1470 15287 15004 14855 39865 16936 40489 47408
 16449 46162 33257 38448 41413  9285 14762 47398]
Neuron 446, Layer 3, Layer Type hook_post
Saved image to /network/scratch/s/sonia.joseph/CLIP_AUDIT/sampled_images/CLIP-ViT-B-32-DataComp.XL-s13B-b90K//layer_3/neuron_446/hook_post/max/top/neuron_446_layer_3_top_max_hook_post.png
Saved image to /network/scratch/s/sonia.joseph/CLIP_AUDIT/sampled_images/CLIP-ViT-B-32-DataComp.XL-s13B-b90K//layer_3/neuron_446/hook_post/max/bottom/neuron_446_layer_3_bottom_max_hook_post.png
Activations shape for blocks.3.hook_mlp_out (49984, 50)
Type of sampling: max
Top sampled image indices for blocks.3.hook_mlp_out: [29570 25364  6549  1215 29407 15627 10652 33493 17545   565  2990 39773
 21560 12573 29381 48995 27498  5117 48975  1855]
Bottom sampled image indices for blocks.3.hook_mlp_out: [31542   311 26261 41314 30120 25463 34065 45933 39469 27625 45111 38603
 24864  8443 38520 30272 10033 18457 45205 46966]
Neuron 105, Layer 3, Layer Type hook_mlp_out
Saved image to /network/scratch/s/sonia.joseph/CLIP_AUDIT/sampled_images/CLIP-ViT-B-32-DataComp.XL-s13B-b90K//layer_3/neuron_105/hook_mlp_out/max/top/neuron_105_layer_3_top_max_hook_mlp_out.png
Saved image to /network/scratch/s/sonia.joseph/CLIP_AUDIT/sampled_images/CLIP-ViT-B-32-DataComp.XL-s13B-b90K//layer_3/neuron_105/hook_mlp_out/max/bottom/neuron_105_layer_3_bottom_max_hook_mlp_out.png
Activations shape for blocks.3.hook_resid_post (49984, 50)
Type of sampling: max
Top sampled image indices for blocks.3.hook_resid_post: [11678 41599 30973  8327 11756 45981  3537   565 49076 38087  3135  1195
 11098 35510  1228 42502 28314 29583  3815  2023]
Bottom sampled image indices for blocks.3.hook_resid_post: [34651 13512 30006 30215 43754 33257 32047 34560 36256  5648 11950 16330
 39976 31954 13536 28810  8053 15626 32117 30183]
Neuron 105, Layer 3, Layer Type hook_resid_post
Saved image to /network/scratch/s/sonia.joseph/CLIP_AUDIT/sampled_images/CLIP-ViT-B-32-DataComp.XL-s13B-b90K//layer_3/neuron_105/hook_resid_post/max/top/neuron_105_layer_3_top_max_hook_resid_post.png
Saved image to /network/scratch/s/sonia.joseph/CLIP_AUDIT/sampled_images/CLIP-ViT-B-32-DataComp.XL-s13B-b90K//layer_3/neuron_105/hook_resid_post/max/bottom/neuron_105_layer_3_bottom_max_hook_resid_post.png
Activations shape for blocks.3.mlp.hook_post (49984, 50)
Type of sampling: max
Top sampled image indices for blocks.3.mlp.hook_post: [ 4469 15918 17367 49141 25983  3446 41898 21533 30784  5985 23903 45137
 45991   733  1677 43881 32785 12842 12536  1422]
Bottom sampled image indices for blocks.3.mlp.hook_post: [25963 30349 10153 47256 23235 23077 30891 11549 47318 45574 42638 40018
 33646 48406 17238 45510   298 36874 49435 23433]
Neuron 105, Layer 3, Layer Type hook_post
Saved image to /network/scratch/s/sonia.joseph/CLIP_AUDIT/sampled_images/CLIP-ViT-B-32-DataComp.XL-s13B-b90K//layer_3/neuron_105/hook_post/max/top/neuron_105_layer_3_top_max_hook_post.png
Saved image to /network/scratch/s/sonia.joseph/CLIP_AUDIT/sampled_images/CLIP-ViT-B-32-DataComp.XL-s13B-b90K//layer_3/neuron_105/hook_post/max/bottom/neuron_105_layer_3_bottom_max_hook_post.png
Activations shape for blocks.3.hook_mlp_out (49984, 50)
Type of sampling: max
Top sampled image indices for blocks.3.hook_mlp_out: [22213 26203 45185    37 29136 12339 21408 27125 40556  5631 32464 31557
  2253 31686  5053 36414 24616  3688 44496 37616]
Bottom sampled image indices for blocks.3.hook_mlp_out: [11035 41377  3030 48259 49215 13953 11379 26093   622 49913 41073 14481
 16600 37277 38122 39099 47150 13088 16190  1870]
Neuron 654, Layer 3, Layer Type hook_mlp_out
Saved image to /network/scratch/s/sonia.joseph/CLIP_AUDIT/sampled_images/CLIP-ViT-B-32-DataComp.XL-s13B-b90K//layer_3/neuron_654/hook_mlp_out/max/top/neuron_654_layer_3_top_max_hook_mlp_out.png
Saved image to /network/scratch/s/sonia.joseph/CLIP_AUDIT/sampled_images/CLIP-ViT-B-32-DataComp.XL-s13B-b90K//layer_3/neuron_654/hook_mlp_out/max/bottom/neuron_654_layer_3_bottom_max_hook_mlp_out.png
Activations shape for blocks.3.hook_resid_post (49984, 50)
Type of sampling: max
Top sampled image indices for blocks.3.hook_resid_post: [46952 12615 41206  5561 34831 32073 14413  8606 31884 28633 16023 28314
 11564 46376  5664  2023 44496 30973 49535 42141]
Bottom sampled image indices for blocks.3.hook_resid_post: [23049 28058 30831  8649 29932 42276 48855 21115 49246 47210 30086 43404
 40134 14880 24964 13720 28251 35342 34093 12736]
Neuron 654, Layer 3, Layer Type hook_resid_post
Saved image to /network/scratch/s/sonia.joseph/CLIP_AUDIT/sampled_images/CLIP-ViT-B-32-DataComp.XL-s13B-b90K//layer_3/neuron_654/hook_resid_post/max/top/neuron_654_layer_3_top_max_hook_resid_post.png
Saved image to /network/scratch/s/sonia.joseph/CLIP_AUDIT/sampled_images/CLIP-ViT-B-32-DataComp.XL-s13B-b90K//layer_3/neuron_654/hook_resid_post/max/bottom/neuron_654_layer_3_bottom_max_hook_resid_post.png
Activations shape for blocks.3.mlp.hook_post (49984, 50)
Type of sampling: max
Top sampled image indices for blocks.3.mlp.hook_post: [ 7245 11623    75 48607 27007 40004 42307 25024 45297 10905 23963 31359
 29551 49983  9282 29720 38178 35283 32978 35401]
Bottom sampled image indices for blocks.3.mlp.hook_post: [19793 25426  5356 29343 39070 11472 24424 27005  4819 36076 16693 27977
  2170 47427  7952  2066 49759 30935 47512 12894]
Neuron 654, Layer 3, Layer Type hook_post
Saved image to /network/scratch/s/sonia.joseph/CLIP_AUDIT/sampled_images/CLIP-ViT-B-32-DataComp.XL-s13B-b90K//layer_3/neuron_654/hook_post/max/top/neuron_654_layer_3_top_max_hook_post.png
Saved image to /network/scratch/s/sonia.joseph/CLIP_AUDIT/sampled_images/CLIP-ViT-B-32-DataComp.XL-s13B-b90K//layer_3/neuron_654/hook_post/max/bottom/neuron_654_layer_3_bottom_max_hook_post.png
Activations shape for blocks.3.hook_mlp_out (49984, 50)
Type of sampling: max
Top sampled image indices for blocks.3.hook_mlp_out: [27601 46087  5147 40281 36255 27055  7855 30751 15476 16828 47009 43368
 26564 18708  2597 24365 46367 17979 19409 44676]
Bottom sampled image indices for blocks.3.hook_mlp_out: [ 4052 39099    17 27626 31231 43980 33148 16859 12002 20877 34600 21864
 10639 11235  7389  2757 12554 36487 24628 17533]
Neuron 344, Layer 3, Layer Type hook_mlp_out
Saved image to /network/scratch/s/sonia.joseph/CLIP_AUDIT/sampled_images/CLIP-ViT-B-32-DataComp.XL-s13B-b90K//layer_3/neuron_344/hook_mlp_out/max/top/neuron_344_layer_3_top_max_hook_mlp_out.png
Saved image to /network/scratch/s/sonia.joseph/CLIP_AUDIT/sampled_images/CLIP-ViT-B-32-DataComp.XL-s13B-b90K//layer_3/neuron_344/hook_mlp_out/max/bottom/neuron_344_layer_3_bottom_max_hook_mlp_out.png
Activations shape for blocks.3.hook_resid_post (49984, 50)
Type of sampling: max
Top sampled image indices for blocks.3.hook_resid_post: [32229 24267 30233  4577 38923  8294 15967 37047 27659 47843 30735 11788
 35044 46566 43045 43981 34859 29683 12682  2607]
Bottom sampled image indices for blocks.3.hook_resid_post: [22777  1881 29615 19013 28258   886 43965 39024 48429 44469 38635 14253
 37384 46757  5243 42253 49504 22153 27265 38622]
Neuron 344, Layer 3, Layer Type hook_resid_post
Saved image to /network/scratch/s/sonia.joseph/CLIP_AUDIT/sampled_images/CLIP-ViT-B-32-DataComp.XL-s13B-b90K//layer_3/neuron_344/hook_resid_post/max/top/neuron_344_layer_3_top_max_hook_resid_post.png
Saved image to /network/scratch/s/sonia.joseph/CLIP_AUDIT/sampled_images/CLIP-ViT-B-32-DataComp.XL-s13B-b90K//layer_3/neuron_344/hook_resid_post/max/bottom/neuron_344_layer_3_bottom_max_hook_resid_post.png
Activations shape for blocks.3.mlp.hook_post (49984, 50)
Type of sampling: max
Top sampled image indices for blocks.3.mlp.hook_post: [ 5357 37145 13738 23518 45958 26462 34388 44769  3119  2929  6325 41793
 24613 36071 11188  7978 49028 17507  2419 12487]
Bottom sampled image indices for blocks.3.mlp.hook_post: [13442  4564  3849 36579 35384  9688 34467 32954 36251 36142 28762 13491
 12757  8578 45470 10171 10842 37561 29165 15739]
Neuron 344, Layer 3, Layer Type hook_post
Saved image to /network/scratch/s/sonia.joseph/CLIP_AUDIT/sampled_images/CLIP-ViT-B-32-DataComp.XL-s13B-b90K//layer_3/neuron_344/hook_post/max/top/neuron_344_layer_3_top_max_hook_post.png
Saved image to /network/scratch/s/sonia.joseph/CLIP_AUDIT/sampled_images/CLIP-ViT-B-32-DataComp.XL-s13B-b90K//layer_3/neuron_344/hook_post/max/bottom/neuron_344_layer_3_bottom_max_hook_post.png
Activations shape for blocks.3.hook_mlp_out (49984, 50)
Type of sampling: max
Top sampled image indices for blocks.3.hook_mlp_out: [29220 32868  1833 45878 34915 25886 24903 41536 16485 11351 32645 13465
 42539 49482  8806 13530 36219  8570 48268  8089]
Bottom sampled image indices for blocks.3.hook_mlp_out: [27044  7427 41245 38280  7466 12077 43602 33980 18657 18902 41015 39826
  4328 32576  4057 32128 24335 44440 49011 26319]
Neuron 18, Layer 3, Layer Type hook_mlp_out
Saved image to /network/scratch/s/sonia.joseph/CLIP_AUDIT/sampled_images/CLIP-ViT-B-32-DataComp.XL-s13B-b90K//layer_3/neuron_18/hook_mlp_out/max/top/neuron_18_layer_3_top_max_hook_mlp_out.png
Saved image to /network/scratch/s/sonia.joseph/CLIP_AUDIT/sampled_images/CLIP-ViT-B-32-DataComp.XL-s13B-b90K//layer_3/neuron_18/hook_mlp_out/max/bottom/neuron_18_layer_3_bottom_max_hook_mlp_out.png
Activations shape for blocks.3.hook_resid_post (49984, 50)
Type of sampling: max
Top sampled image indices for blocks.3.hook_resid_post: [48566 40328 43819   342  5862 39424 18015 23531 20480 38421 31011 27208
 33977 21127  6322 43960 24329 30165 17535  6346]
Bottom sampled image indices for blocks.3.hook_resid_post: [42040 40930 41566 10659 42244  6544 32169   165 17098 21567 37246 17201
 10753  3303 25256  5103 19042  5860 35274 14441]
Neuron 18, Layer 3, Layer Type hook_resid_post
Saved image to /network/scratch/s/sonia.joseph/CLIP_AUDIT/sampled_images/CLIP-ViT-B-32-DataComp.XL-s13B-b90K//layer_3/neuron_18/hook_resid_post/max/top/neuron_18_layer_3_top_max_hook_resid_post.png
Saved image to /network/scratch/s/sonia.joseph/CLIP_AUDIT/sampled_images/CLIP-ViT-B-32-DataComp.XL-s13B-b90K//layer_3/neuron_18/hook_resid_post/max/bottom/neuron_18_layer_3_bottom_max_hook_resid_post.png
Activations shape for blocks.3.mlp.hook_post (49984, 50)
Type of sampling: max
Top sampled image indices for blocks.3.mlp.hook_post: [23786 31549 28872 22290 12139 45870 34535 20040 16884 42313 45881 28093
 17786 40906 15944 29446 45389 14364 17841  4415]
Bottom sampled image indices for blocks.3.mlp.hook_post: [44806 28336 12944 45805 23700 31437 33037 17932 20841 15282 24312 24942
 26290  9207 27708 17527 44670  2892 49624 35970]
Neuron 18, Layer 3, Layer Type hook_post
Saved image to /network/scratch/s/sonia.joseph/CLIP_AUDIT/sampled_images/CLIP-ViT-B-32-DataComp.XL-s13B-b90K//layer_3/neuron_18/hook_post/max/top/neuron_18_layer_3_top_max_hook_post.png
Saved image to /network/scratch/s/sonia.joseph/CLIP_AUDIT/sampled_images/CLIP-ViT-B-32-DataComp.XL-s13B-b90K//layer_3/neuron_18/hook_post/max/bottom/neuron_18_layer_3_bottom_max_hook_post.png
Activations shape for blocks.3.hook_mlp_out (49984, 50)
Type of sampling: max
Top sampled image indices for blocks.3.hook_mlp_out: [36706 44126 29887 45223  8747   186 31115 32380 27043 29230 45568 49022
  9454 25428 21006 33291 26834 34190 17187 43332]
Bottom sampled image indices for blocks.3.hook_mlp_out: [ 2859 28762 48244 39099 18069 11738 38482 39286 17852 33948 23228 42313
 10811 47134 32311 39454 29715 10787 38152 20718]
Neuron 198, Layer 3, Layer Type hook_mlp_out
Saved image to /network/scratch/s/sonia.joseph/CLIP_AUDIT/sampled_images/CLIP-ViT-B-32-DataComp.XL-s13B-b90K//layer_3/neuron_198/hook_mlp_out/max/top/neuron_198_layer_3_top_max_hook_mlp_out.png
Saved image to /network/scratch/s/sonia.joseph/CLIP_AUDIT/sampled_images/CLIP-ViT-B-32-DataComp.XL-s13B-b90K//layer_3/neuron_198/hook_mlp_out/max/bottom/neuron_198_layer_3_bottom_max_hook_mlp_out.png
Activations shape for blocks.3.hook_resid_post (49984, 50)
Type of sampling: max
Top sampled image indices for blocks.3.hook_resid_post: [17207 37814 29943 31362 49391 20713 18386 46494 33462 28469 47418  2467
 25055 11098 37885 45296  9862 37503 45066 38490]
Bottom sampled image indices for blocks.3.hook_resid_post: [34334 26715 45576  3884 27665 19220 39516 48637 33812  5047 30189 30573
 10266  8419 45461 30240 16653 26787  2751 32454]
Neuron 198, Layer 3, Layer Type hook_resid_post
Saved image to /network/scratch/s/sonia.joseph/CLIP_AUDIT/sampled_images/CLIP-ViT-B-32-DataComp.XL-s13B-b90K//layer_3/neuron_198/hook_resid_post/max/top/neuron_198_layer_3_top_max_hook_resid_post.png
Saved image to /network/scratch/s/sonia.joseph/CLIP_AUDIT/sampled_images/CLIP-ViT-B-32-DataComp.XL-s13B-b90K//layer_3/neuron_198/hook_resid_post/max/bottom/neuron_198_layer_3_bottom_max_hook_resid_post.png
Activations shape for blocks.3.mlp.hook_post (49984, 50)
Type of sampling: max
Top sampled image indices for blocks.3.mlp.hook_post: [ 9531 11001 30104 16627  5675 44435 26194  5086 43039 38886 31532 17009
 19170 21681  7394 25507 21379 35574 38951 29777]
Bottom sampled image indices for blocks.3.mlp.hook_post: [34518 24447 30573 17686 11377 35081 28734 10715 11500 25349  6069 16717
  8260 48578 22086 25746  7579 16769 17420 20388]
Neuron 198, Layer 3, Layer Type hook_post
Saved image to /network/scratch/s/sonia.joseph/CLIP_AUDIT/sampled_images/CLIP-ViT-B-32-DataComp.XL-s13B-b90K//layer_3/neuron_198/hook_post/max/top/neuron_198_layer_3_top_max_hook_post.png
Saved image to /network/scratch/s/sonia.joseph/CLIP_AUDIT/sampled_images/CLIP-ViT-B-32-DataComp.XL-s13B-b90K//layer_3/neuron_198/hook_post/max/bottom/neuron_198_layer_3_bottom_max_hook_post.png
Activations shape for blocks.3.hook_mlp_out (49984, 50)
Type of sampling: max
Top sampled image indices for blocks.3.hook_mlp_out: [32108 17159 36201 11423 44650 25241  1673 44491 30022  7980 30387 42502
 39359 31121 17646 32921 28260 36460 45137  1056]
Bottom sampled image indices for blocks.3.hook_mlp_out: [ 2055 17852 10190  7813 11500 26838 29195 44897 48278  7579  9159 35917
 25341  7649 34070  3987 20422 38177 37537 11677]
Neuron 331, Layer 3, Layer Type hook_mlp_out
Saved image to /network/scratch/s/sonia.joseph/CLIP_AUDIT/sampled_images/CLIP-ViT-B-32-DataComp.XL-s13B-b90K//layer_3/neuron_331/hook_mlp_out/max/top/neuron_331_layer_3_top_max_hook_mlp_out.png
Saved image to /network/scratch/s/sonia.joseph/CLIP_AUDIT/sampled_images/CLIP-ViT-B-32-DataComp.XL-s13B-b90K//layer_3/neuron_331/hook_mlp_out/max/bottom/neuron_331_layer_3_bottom_max_hook_mlp_out.png
Activations shape for blocks.3.hook_resid_post (49984, 50)
Type of sampling: max
Top sampled image indices for blocks.3.hook_resid_post: [ 1877  2018 40689 27473 15162    83 45103 46780 22837 22889 11087 39308
 30346 15170 16053  6884  7014 47418 28182  6419]
Bottom sampled image indices for blocks.3.hook_resid_post: [35072 24092 37304 34084 18135 48021   282 39740 27897 45108   401  9433
 38012 11527  2690  8131 49606 36323 26579 39693]
Neuron 331, Layer 3, Layer Type hook_resid_post
Saved image to /network/scratch/s/sonia.joseph/CLIP_AUDIT/sampled_images/CLIP-ViT-B-32-DataComp.XL-s13B-b90K//layer_3/neuron_331/hook_resid_post/max/top/neuron_331_layer_3_top_max_hook_resid_post.png
Saved image to /network/scratch/s/sonia.joseph/CLIP_AUDIT/sampled_images/CLIP-ViT-B-32-DataComp.XL-s13B-b90K//layer_3/neuron_331/hook_resid_post/max/bottom/neuron_331_layer_3_bottom_max_hook_resid_post.png
Activations shape for blocks.3.mlp.hook_post (49984, 50)
Type of sampling: max
Top sampled image indices for blocks.3.mlp.hook_post: [ 4416 49957 17932 19733 36209  3445  2251 25961 38940 25175  9388 49844
 26375 39280 39292 11328 12358 33252 36761 39612]
Bottom sampled image indices for blocks.3.mlp.hook_post: [30348 16570 17607 23460 11659 41952 11536 47691  7446 26981 46737 16523
 45907 21475 47689 32342  3264 33309  7264 32201]
Neuron 331, Layer 3, Layer Type hook_post
Saved image to /network/scratch/s/sonia.joseph/CLIP_AUDIT/sampled_images/CLIP-ViT-B-32-DataComp.XL-s13B-b90K//layer_3/neuron_331/hook_post/max/top/neuron_331_layer_3_top_max_hook_post.png
Saved image to /network/scratch/s/sonia.joseph/CLIP_AUDIT/sampled_images/CLIP-ViT-B-32-DataComp.XL-s13B-b90K//layer_3/neuron_331/hook_post/max/bottom/neuron_331_layer_3_bottom_max_hook_post.png
Activations shape for blocks.3.hook_mlp_out (49984, 50)
Type of sampling: max
Top sampled image indices for blocks.3.hook_mlp_out: [49822 47420   871 27146  8402 15257 25970 12955  4085 47100 25849 27782
 15900 44699 38012 38552 43416 43720 12595 15236]
Bottom sampled image indices for blocks.3.hook_mlp_out: [31043 30349  6741 37524 47993 19148 43231 43607 10760 28495 36113  1509
 43953 26951 23692  9691 41293 48975 43623 10795]
Neuron 590, Layer 3, Layer Type hook_mlp_out
Saved image to /network/scratch/s/sonia.joseph/CLIP_AUDIT/sampled_images/CLIP-ViT-B-32-DataComp.XL-s13B-b90K//layer_3/neuron_590/hook_mlp_out/max/top/neuron_590_layer_3_top_max_hook_mlp_out.png
Saved image to /network/scratch/s/sonia.joseph/CLIP_AUDIT/sampled_images/CLIP-ViT-B-32-DataComp.XL-s13B-b90K//layer_3/neuron_590/hook_mlp_out/max/bottom/neuron_590_layer_3_bottom_max_hook_mlp_out.png
Activations shape for blocks.3.hook_resid_post (49984, 50)
Type of sampling: max
Top sampled image indices for blocks.3.hook_resid_post: [14221 27962  1975  8875  3542  9374  1834  4594 37391  2768 13598 29891
 46816 21715 29283 33871  2720 12925 43672 40214]
Bottom sampled image indices for blocks.3.hook_resid_post: [48633 15476 47013  6554 37709 43945 17607 14449 15898 44077 35285 49480
  4721 14477  4921  3567  7312 36703  9688 34765]
Neuron 590, Layer 3, Layer Type hook_resid_post
Saved image to /network/scratch/s/sonia.joseph/CLIP_AUDIT/sampled_images/CLIP-ViT-B-32-DataComp.XL-s13B-b90K//layer_3/neuron_590/hook_resid_post/max/top/neuron_590_layer_3_top_max_hook_resid_post.png
Saved image to /network/scratch/s/sonia.joseph/CLIP_AUDIT/sampled_images/CLIP-ViT-B-32-DataComp.XL-s13B-b90K//layer_3/neuron_590/hook_resid_post/max/bottom/neuron_590_layer_3_bottom_max_hook_resid_post.png
Activations shape for blocks.3.mlp.hook_post (49984, 50)
Type of sampling: max
Top sampled image indices for blocks.3.mlp.hook_post: [34725 34420 26284 11552 49317 39635  4866 12857 15462 12499 20480 45624
 21273 44036 29046  6501 49302 48984 10953 46793]
Bottom sampled image indices for blocks.3.mlp.hook_post: [20347 36288  1812 49110 46890 15233  6539 32143 18545  8940 48135 17446
 19660 46025 17251  5106 22804 21476 48793  9122]
Neuron 590, Layer 3, Layer Type hook_post
Saved image to /network/scratch/s/sonia.joseph/CLIP_AUDIT/sampled_images/CLIP-ViT-B-32-DataComp.XL-s13B-b90K//layer_3/neuron_590/hook_post/max/top/neuron_590_layer_3_top_max_hook_post.png
Saved image to /network/scratch/s/sonia.joseph/CLIP_AUDIT/sampled_images/CLIP-ViT-B-32-DataComp.XL-s13B-b90K//layer_3/neuron_590/hook_post/max/bottom/neuron_590_layer_3_bottom_max_hook_post.png
Activations shape for blocks.3.hook_mlp_out (49984, 50)
Type of sampling: max
Top sampled image indices for blocks.3.hook_mlp_out: [43456 48764 28855 23127 36519 17285 47103  2286  8313 11081 27682 44737
 26670 13296 15560  4516  3806 15407  2257 15583]
Bottom sampled image indices for blocks.3.hook_mlp_out: [22750  5755 12500 12547  8750 16265 43585 22414  9449 27185  6052 45251
  2084 20543 13392 31243 25269 49305 39480 41448]
Neuron 532, Layer 3, Layer Type hook_mlp_out
Saved image to /network/scratch/s/sonia.joseph/CLIP_AUDIT/sampled_images/CLIP-ViT-B-32-DataComp.XL-s13B-b90K//layer_3/neuron_532/hook_mlp_out/max/top/neuron_532_layer_3_top_max_hook_mlp_out.png
Saved image to /network/scratch/s/sonia.joseph/CLIP_AUDIT/sampled_images/CLIP-ViT-B-32-DataComp.XL-s13B-b90K//layer_3/neuron_532/hook_mlp_out/max/bottom/neuron_532_layer_3_bottom_max_hook_mlp_out.png
Activations shape for blocks.3.hook_resid_post (49984, 50)
Type of sampling: max
Top sampled image indices for blocks.3.hook_resid_post: [ 3488 24542 39416 41206  2257  6273 17503 25426 32073 38860 49535 23939
 44496 31884  3441  5664 28314  8606  2023 37282]
Bottom sampled image indices for blocks.3.hook_resid_post: [  622  2309 33727 45951 37805 41932 31698 45005 20690 12664 26559 15137
  4480 49721  3292 11179 11317  4234 17760  8514]
Neuron 532, Layer 3, Layer Type hook_resid_post
Saved image to /network/scratch/s/sonia.joseph/CLIP_AUDIT/sampled_images/CLIP-ViT-B-32-DataComp.XL-s13B-b90K//layer_3/neuron_532/hook_resid_post/max/top/neuron_532_layer_3_top_max_hook_resid_post.png
Saved image to /network/scratch/s/sonia.joseph/CLIP_AUDIT/sampled_images/CLIP-ViT-B-32-DataComp.XL-s13B-b90K//layer_3/neuron_532/hook_resid_post/max/bottom/neuron_532_layer_3_bottom_max_hook_resid_post.png
Activations shape for blocks.3.mlp.hook_post (49984, 50)
Type of sampling: max
Top sampled image indices for blocks.3.mlp.hook_post: [45427  5454 34271 39203 34674   638 37348  4325 29735 26397  9119 37130
 22064 23680 49803 17646 15258 10167 14691 41618]
Bottom sampled image indices for blocks.3.mlp.hook_post: [24406 16211 29932  4878  8425 32813 44117  3513 21305 32616 22425 48966
 39656 46514  5048 45199 41881 34710 10105 28923]
Neuron 532, Layer 3, Layer Type hook_post
Saved image to /network/scratch/s/sonia.joseph/CLIP_AUDIT/sampled_images/CLIP-ViT-B-32-DataComp.XL-s13B-b90K//layer_3/neuron_532/hook_post/max/top/neuron_532_layer_3_top_max_hook_post.png
Saved image to /network/scratch/s/sonia.joseph/CLIP_AUDIT/sampled_images/CLIP-ViT-B-32-DataComp.XL-s13B-b90K//layer_3/neuron_532/hook_post/max/bottom/neuron_532_layer_3_bottom_max_hook_post.png
Activations shape for blocks.3.hook_mlp_out (49984, 50)
Type of sampling: max
Top sampled image indices for blocks.3.hook_mlp_out: [49803 36936 20341 47111 21461 19759 31562   847 10763 42647  2289 18181
  3528 36023 42301  7851 38837 31696 32362 46896]
Bottom sampled image indices for blocks.3.hook_mlp_out: [48217  5531 39603 40149 17852 45201 45596 46389 34285  2159 15890 16996
 38463 15285 38495 18789  2257 31638 21946 29818]
Neuron 208, Layer 3, Layer Type hook_mlp_out
Saved image to /network/scratch/s/sonia.joseph/CLIP_AUDIT/sampled_images/CLIP-ViT-B-32-DataComp.XL-s13B-b90K//layer_3/neuron_208/hook_mlp_out/max/top/neuron_208_layer_3_top_max_hook_mlp_out.png
Saved image to /network/scratch/s/sonia.joseph/CLIP_AUDIT/sampled_images/CLIP-ViT-B-32-DataComp.XL-s13B-b90K//layer_3/neuron_208/hook_mlp_out/max/bottom/neuron_208_layer_3_bottom_max_hook_mlp_out.png
Activations shape for blocks.3.hook_resid_post (49984, 50)
Type of sampling: max
Top sampled image indices for blocks.3.hook_resid_post: [44404 39342 10641 12615 44038 32797 28633  2023 37282 44496 30973 11098
 11564  5655  6786  8606 14413 32073 14156 28314]
Bottom sampled image indices for blocks.3.hook_resid_post: [29070  7501 12138 27686 14441  6751 20907 24480 35962 36411   768 43883
  4484 36285 32237 13734 48429 19888  3251 33052]
Neuron 208, Layer 3, Layer Type hook_resid_post
Saved image to /network/scratch/s/sonia.joseph/CLIP_AUDIT/sampled_images/CLIP-ViT-B-32-DataComp.XL-s13B-b90K//layer_3/neuron_208/hook_resid_post/max/top/neuron_208_layer_3_top_max_hook_resid_post.png
Saved image to /network/scratch/s/sonia.joseph/CLIP_AUDIT/sampled_images/CLIP-ViT-B-32-DataComp.XL-s13B-b90K//layer_3/neuron_208/hook_resid_post/max/bottom/neuron_208_layer_3_bottom_max_hook_resid_post.png
Activations shape for blocks.3.mlp.hook_post (49984, 50)
Type of sampling: max
Top sampled image indices for blocks.3.mlp.hook_post: [ 3455 16919 19216 39522 12593 24174 34842 32018    13  8874 23063 16590
  2463 28446 40865 42444 10906 32925 36351 22601]
Bottom sampled image indices for blocks.3.mlp.hook_post: [20973 27728  1323  5116 24042 24995 33233  8928 42040 39984 22376  5152
 38565 10798 32430 34769  2027 45286 16660 31569]
Neuron 208, Layer 3, Layer Type hook_post
Saved image to /network/scratch/s/sonia.joseph/CLIP_AUDIT/sampled_images/CLIP-ViT-B-32-DataComp.XL-s13B-b90K//layer_3/neuron_208/hook_post/max/top/neuron_208_layer_3_top_max_hook_post.png
Saved image to /network/scratch/s/sonia.joseph/CLIP_AUDIT/sampled_images/CLIP-ViT-B-32-DataComp.XL-s13B-b90K//layer_3/neuron_208/hook_post/max/bottom/neuron_208_layer_3_bottom_max_hook_post.png

======== GPU REPORT ========

==============NVSMI LOG==============

Timestamp                                 : Mon Sep 16 01:50:22 2024
Driver Version                            : 535.183.06
CUDA Version                              : 12.2

Attached GPUs                             : 1
GPU 00000000:C3:00.0
    Accounting Mode                       : Enabled
    Accounting Mode Buffer Size           : 4000
    Accounted Processes
        Process ID                        : 2263187
            GPU Utilization               : 0 %
            Memory Utilization            : 0 %
            Max memory usage              : 594 MiB
            Time                          : 5186586 ms
            Is Running                    : 0

Mon Sep 16 01:50:22 2024       
+---------------------------------------------------------------------------------------+
| NVIDIA-SMI 535.183.06             Driver Version: 535.183.06   CUDA Version: 12.2     |
|-----------------------------------------+----------------------+----------------------+
| GPU  Name                 Persistence-M | Bus-Id        Disp.A | Volatile Uncorr. ECC |
| Fan  Temp   Perf          Pwr:Usage/Cap |         Memory-Usage | GPU-Util  Compute M. |
|                                         |                      |               MIG M. |
|=========================================+======================+======================|
|   0  Quadro RTX 8000                On  | 00000000:C3:00.0 Off |                    0 |
| 34%   31C    P2              64W / 260W |      1MiB / 46080MiB |      8%      Default |
|                                         |                      |                  N/A |
+-----------------------------------------+----------------------+----------------------+
                                                                                         
+---------------------------------------------------------------------------------------+
| Processes:                                                                            |
|  GPU   GI   CI        PID   Type   Process name                            GPU Memory |
|        ID   ID                                                             Usage      |
|=======================================================================================|
|  No running processes found                                                           |
+---------------------------------------------------------------------------------------+
