model_id download_pretrained_from_hf: laion/CLIP-ViT-B-32-DataComp.XL-s13B-b90K
Official model name open-clip:laion/CLIP-ViT-B-32-DataComp.XL-s13B-b90K
Converting OpenCLIP weights
model_id download_pretrained_from_hf: laion/CLIP-ViT-B-32-DataComp.XL-s13B-b90K
visual projection shape torch.Size([768, 512])
Setting center_writing_weights to False for OpenCLIP
Setting fold_ln to False for OpenCLIP
Loaded pretrained model open-clip:laion/CLIP-ViT-B-32-DataComp.XL-s13B-b90K into HookedTransformer
Processing neuron 13 in layer 2
Processing neuron 375 in layer 2
Processing neuron 585 in layer 2
Processing neuron 122 in layer 2
Processing neuron 762 in layer 2
Processing neuron 50 in layer 2
Processing neuron 425 in layer 2
Processing neuron 734 in layer 2
Processing neuron 202 in layer 2
Processing neuron 468 in layer 2
Processing neuron 21 in layer 2
Processing neuron 303 in layer 2
Processing neuron 639 in layer 2
Processing neuron 320 in layer 2
Processing neuron 333 in layer 2
Processing neuron 446 in layer 2
Processing neuron 342 in layer 2
Processing neuron 195 in layer 2
Processing neuron 485 in layer 2
Processing neuron 642 in layer 2
Processing neuron 740 in layer 2
Processing neuron 252 in layer 2
Processing neuron 24 in layer 2
Processing neuron 354 in layer 2
Processing neuron 723 in layer 2
Processing neuron 359 in layer 2
Processing neuron 724 in layer 2
Processing neuron 68 in layer 2
Processing neuron 207 in layer 2
Processing neuron 751 in layer 2

======== GPU REPORT ========

==============NVSMI LOG==============

Timestamp                                 : Sat Nov  2 15:10:48 2024
Driver Version                            : 560.35.03
CUDA Version                              : 12.6

Attached GPUs                             : 1
GPU 00000000:A3:00.0
    Accounting Mode                       : Enabled
    Accounting Mode Buffer Size           : 4000
    Accounted Processes
        Process ID                        : 3544205
            GPU Utilization               : 0 %
            Memory Utilization            : 0 %
            Max memory usage              : 544 MiB
            Time                          : 3354344 ms
            Is Running                    : 0

Sat Nov  2 15:10:48 2024       
+-----------------------------------------------------------------------------------------+
| NVIDIA-SMI 560.35.03              Driver Version: 560.35.03      CUDA Version: 12.6     |
|-----------------------------------------+------------------------+----------------------+
| GPU  Name                 Persistence-M | Bus-Id          Disp.A | Volatile Uncorr. ECC |
| Fan  Temp   Perf          Pwr:Usage/Cap |           Memory-Usage | GPU-Util  Compute M. |
|                                         |                        |               MIG M. |
|=========================================+========================+======================|
|   0  Quadro RTX 8000                On  |   00000000:A3:00.0 Off |                    0 |
| 33%   27C    P8             27W /  260W |       1MiB /  46080MiB |     17%      Default |
|                                         |                        |                  N/A |
+-----------------------------------------+------------------------+----------------------+
                                                                                         
+-----------------------------------------------------------------------------------------+
| Processes:                                                                              |
|  GPU   GI   CI        PID   Type   Process name                              GPU Memory |
|        ID   ID                                                               Usage      |
|=========================================================================================|
|  No running processes found                                                             |
+-----------------------------------------------------------------------------------------+
