{'n_layers': 12, 'd_model': 512, 'd_head': 64, 'model_name': '', 'n_heads': 8, 'd_mlp': 2048, 'activation_name': 'gelu', 'eps': 1e-05, 'original_architecture': 'vit_clip_vision_encoder', 'initializer_range': 0.02, 'n_channels': 3, 'patch_size': 32, 'image_size': 224, 'n_classes': 512, 'n_params': None, 'layer_norm_pre': True, 'return_type': 'class_logits'}
LayerNorm folded.
Centered weights writing to residual stream
Loaded pretrained model wkcn/TinyCLIP-ViT-40M-32-Text-19M-LAION400M into HookedTransformer
Neuron 80, Layer 1, SD intervals: (5.0, 7.0)
Saved image to /network/scratch/s/sonia.joseph/CLIP_AUDIT/sampled_images/TinyCLIP40M/layer_1/neuron_80/neuron_80_layer_1_top_k_only.png
Neuron 274, Layer 1, SD intervals: (5.0, 7.0)
Saved image to /network/scratch/s/sonia.joseph/CLIP_AUDIT/sampled_images/TinyCLIP40M/layer_1/neuron_274/neuron_274_layer_1_top_k_only.png
Neuron 206, Layer 1, SD intervals: (4.0, 6.0)
Saved image to /network/scratch/s/sonia.joseph/CLIP_AUDIT/sampled_images/TinyCLIP40M/layer_1/neuron_206/neuron_206_layer_1_top_k_only.png
Neuron 479, Layer 1, SD intervals: (5.0, 7.0)
Saved image to /network/scratch/s/sonia.joseph/CLIP_AUDIT/sampled_images/TinyCLIP40M/layer_1/neuron_479/neuron_479_layer_1_top_k_only.png
Neuron 58, Layer 1, SD intervals: (5.0, 7.0)
Saved image to /network/scratch/s/sonia.joseph/CLIP_AUDIT/sampled_images/TinyCLIP40M/layer_1/neuron_58/neuron_58_layer_1_top_k_only.png
Neuron 310, Layer 1, SD intervals: (5.0, 7.0)
Saved image to /network/scratch/s/sonia.joseph/CLIP_AUDIT/sampled_images/TinyCLIP40M/layer_1/neuron_310/neuron_310_layer_1_top_k_only.png
Neuron 342, Layer 1, SD intervals: (5.0, 7.0)
Saved image to /network/scratch/s/sonia.joseph/CLIP_AUDIT/sampled_images/TinyCLIP40M/layer_1/neuron_342/neuron_342_layer_1_top_k_only.png
Neuron 87, Layer 1, SD intervals: (5.0, 8.0)
Saved image to /network/scratch/s/sonia.joseph/CLIP_AUDIT/sampled_images/TinyCLIP40M/layer_1/neuron_87/neuron_87_layer_1_top_k_only.png
Neuron 157, Layer 1, SD intervals: (5.0, 6.0)
Saved image to /network/scratch/s/sonia.joseph/CLIP_AUDIT/sampled_images/TinyCLIP40M/layer_1/neuron_157/neuron_157_layer_1_top_k_only.png
Neuron 496, Layer 1, SD intervals: (5.0, 7.0)
Saved image to /network/scratch/s/sonia.joseph/CLIP_AUDIT/sampled_images/TinyCLIP40M/layer_1/neuron_496/neuron_496_layer_1_top_k_only.png
Neuron 39, Layer 1, SD intervals: (5.0, 8.0)
Saved image to /network/scratch/s/sonia.joseph/CLIP_AUDIT/sampled_images/TinyCLIP40M/layer_1/neuron_39/neuron_39_layer_1_top_k_only.png
Neuron 483, Layer 1, SD intervals: (5.0, 7.0)
Saved image to /network/scratch/s/sonia.joseph/CLIP_AUDIT/sampled_images/TinyCLIP40M/layer_1/neuron_483/neuron_483_layer_1_top_k_only.png
Neuron 412, Layer 1, SD intervals: (5.0, 7.0)
Saved image to /network/scratch/s/sonia.joseph/CLIP_AUDIT/sampled_images/TinyCLIP40M/layer_1/neuron_412/neuron_412_layer_1_top_k_only.png
Neuron 26, Layer 1, SD intervals: (5.0, 7.0)
Saved image to /network/scratch/s/sonia.joseph/CLIP_AUDIT/sampled_images/TinyCLIP40M/layer_1/neuron_26/neuron_26_layer_1_top_k_only.png
Neuron 265, Layer 1, SD intervals: (4.0, 6.0)
Saved image to /network/scratch/s/sonia.joseph/CLIP_AUDIT/sampled_images/TinyCLIP40M/layer_1/neuron_265/neuron_265_layer_1_top_k_only.png
Neuron 57, Layer 1, SD intervals: (5.0, 7.0)
Saved image to /network/scratch/s/sonia.joseph/CLIP_AUDIT/sampled_images/TinyCLIP40M/layer_1/neuron_57/neuron_57_layer_1_top_k_only.png
Neuron 203, Layer 1, SD intervals: (4.0, 6.0)
Saved image to /network/scratch/s/sonia.joseph/CLIP_AUDIT/sampled_images/TinyCLIP40M/layer_1/neuron_203/neuron_203_layer_1_top_k_only.png
Neuron 511, Layer 1, SD intervals: (5.0, 8.0)
Saved image to /network/scratch/s/sonia.joseph/CLIP_AUDIT/sampled_images/TinyCLIP40M/layer_1/neuron_511/neuron_511_layer_1_top_k_only.png
Neuron 426, Layer 1, SD intervals: (5.0, 7.0)
Saved image to /network/scratch/s/sonia.joseph/CLIP_AUDIT/sampled_images/TinyCLIP40M/layer_1/neuron_426/neuron_426_layer_1_top_k_only.png
Neuron 169, Layer 1, SD intervals: (5.0, 7.0)
Saved image to /network/scratch/s/sonia.joseph/CLIP_AUDIT/sampled_images/TinyCLIP40M/layer_1/neuron_169/neuron_169_layer_1_top_k_only.png
Neuron 354, Layer 1, SD intervals: (4.0, 6.0)
Saved image to /network/scratch/s/sonia.joseph/CLIP_AUDIT/sampled_images/TinyCLIP40M/layer_1/neuron_354/neuron_354_layer_1_top_k_only.png
Neuron 189, Layer 1, SD intervals: (5.0, 7.0)
Saved image to /network/scratch/s/sonia.joseph/CLIP_AUDIT/sampled_images/TinyCLIP40M/layer_1/neuron_189/neuron_189_layer_1_top_k_only.png
Neuron 351, Layer 1, SD intervals: (5.0, 7.0)
Saved image to /network/scratch/s/sonia.joseph/CLIP_AUDIT/sampled_images/TinyCLIP40M/layer_1/neuron_351/neuron_351_layer_1_top_k_only.png
Neuron 495, Layer 1, SD intervals: (5.0, 7.0)
Saved image to /network/scratch/s/sonia.joseph/CLIP_AUDIT/sampled_images/TinyCLIP40M/layer_1/neuron_495/neuron_495_layer_1_top_k_only.png
Neuron 445, Layer 1, SD intervals: (5.0, 6.0)
Saved image to /network/scratch/s/sonia.joseph/CLIP_AUDIT/sampled_images/TinyCLIP40M/layer_1/neuron_445/neuron_445_layer_1_top_k_only.png
Neuron 508, Layer 1, SD intervals: (6.0, 10.0)
Saved image to /network/scratch/s/sonia.joseph/CLIP_AUDIT/sampled_images/TinyCLIP40M/layer_1/neuron_508/neuron_508_layer_1_top_k_only.png
Neuron 17, Layer 1, SD intervals: (5.0, 7.0)
Saved image to /network/scratch/s/sonia.joseph/CLIP_AUDIT/sampled_images/TinyCLIP40M/layer_1/neuron_17/neuron_17_layer_1_top_k_only.png
Neuron 360, Layer 1, SD intervals: (5.0, 7.0)
Saved image to /network/scratch/s/sonia.joseph/CLIP_AUDIT/sampled_images/TinyCLIP40M/layer_1/neuron_360/neuron_360_layer_1_top_k_only.png
Neuron 254, Layer 1, SD intervals: (5.0, 6.0)
Saved image to /network/scratch/s/sonia.joseph/CLIP_AUDIT/sampled_images/TinyCLIP40M/layer_1/neuron_254/neuron_254_layer_1_top_k_only.png
Neuron 301, Layer 1, SD intervals: (6.0, 18.0)
Saved image to /network/scratch/s/sonia.joseph/CLIP_AUDIT/sampled_images/TinyCLIP40M/layer_1/neuron_301/neuron_301_layer_1_top_k_only.png
Neuron 108, Layer 1, SD intervals: (6.0, 8.0)
Saved image to /network/scratch/s/sonia.joseph/CLIP_AUDIT/sampled_images/TinyCLIP40M/layer_1/neuron_108/neuron_108_layer_1_top_k_only.png
Neuron 270, Layer 1, SD intervals: (6.0, 8.0)
Saved image to /network/scratch/s/sonia.joseph/CLIP_AUDIT/sampled_images/TinyCLIP40M/layer_1/neuron_270/neuron_270_layer_1_top_k_only.png
Neuron 184, Layer 1, SD intervals: (4.0, 5.0)
Saved image to /network/scratch/s/sonia.joseph/CLIP_AUDIT/sampled_images/TinyCLIP40M/layer_1/neuron_184/neuron_184_layer_1_top_k_only.png
Neuron 209, Layer 1, SD intervals: (5.0, 8.0)
Saved image to /network/scratch/s/sonia.joseph/CLIP_AUDIT/sampled_images/TinyCLIP40M/layer_1/neuron_209/neuron_209_layer_1_top_k_only.png
Neuron 303, Layer 1, SD intervals: (5.0, 8.0)
Saved image to /network/scratch/s/sonia.joseph/CLIP_AUDIT/sampled_images/TinyCLIP40M/layer_1/neuron_303/neuron_303_layer_1_top_k_only.png
Neuron 446, Layer 1, SD intervals: (5.0, 12.0)
Saved image to /network/scratch/s/sonia.joseph/CLIP_AUDIT/sampled_images/TinyCLIP40M/layer_1/neuron_446/neuron_446_layer_1_top_k_only.png
Neuron 140, Layer 1, SD intervals: (4.0, 7.0)
Saved image to /network/scratch/s/sonia.joseph/CLIP_AUDIT/sampled_images/TinyCLIP40M/layer_1/neuron_140/neuron_140_layer_1_top_k_only.png
Neuron 101, Layer 1, SD intervals: (5.0, 7.0)
Saved image to /network/scratch/s/sonia.joseph/CLIP_AUDIT/sampled_images/TinyCLIP40M/layer_1/neuron_101/neuron_101_layer_1_top_k_only.png
Neuron 48, Layer 1, SD intervals: (5.0, 7.0)
Saved image to /network/scratch/s/sonia.joseph/CLIP_AUDIT/sampled_images/TinyCLIP40M/layer_1/neuron_48/neuron_48_layer_1_top_k_only.png
Neuron 230, Layer 1, SD intervals: (4.0, 6.0)
Saved image to /network/scratch/s/sonia.joseph/CLIP_AUDIT/sampled_images/TinyCLIP40M/layer_1/neuron_230/neuron_230_layer_1_top_k_only.png
Neuron 43, Layer 1, SD intervals: (4.0, 6.0)
Saved image to /network/scratch/s/sonia.joseph/CLIP_AUDIT/sampled_images/TinyCLIP40M/layer_1/neuron_43/neuron_43_layer_1_top_k_only.png
Neuron 3, Layer 1, SD intervals: (5.0, 6.0)
Saved image to /network/scratch/s/sonia.joseph/CLIP_AUDIT/sampled_images/TinyCLIP40M/layer_1/neuron_3/neuron_3_layer_1_top_k_only.png
Neuron 321, Layer 1, SD intervals: (5.0, 7.0)
Saved image to /network/scratch/s/sonia.joseph/CLIP_AUDIT/sampled_images/TinyCLIP40M/layer_1/neuron_321/neuron_321_layer_1_top_k_only.png
Neuron 129, Layer 1, SD intervals: (5.0, 7.0)
Saved image to /network/scratch/s/sonia.joseph/CLIP_AUDIT/sampled_images/TinyCLIP40M/layer_1/neuron_129/neuron_129_layer_1_top_k_only.png
Neuron 317, Layer 1, SD intervals: (4.0, 6.0)
Saved image to /network/scratch/s/sonia.joseph/CLIP_AUDIT/sampled_images/TinyCLIP40M/layer_1/neuron_317/neuron_317_layer_1_top_k_only.png
Neuron 268, Layer 1, SD intervals: (4.0, 7.0)
Saved image to /network/scratch/s/sonia.joseph/CLIP_AUDIT/sampled_images/TinyCLIP40M/layer_1/neuron_268/neuron_268_layer_1_top_k_only.png
Neuron 74, Layer 1, SD intervals: (5.0, 7.0)
Saved image to /network/scratch/s/sonia.joseph/CLIP_AUDIT/sampled_images/TinyCLIP40M/layer_1/neuron_74/neuron_74_layer_1_top_k_only.png
Neuron 113, Layer 1, SD intervals: (5.0, 7.0)
Saved image to /network/scratch/s/sonia.joseph/CLIP_AUDIT/sampled_images/TinyCLIP40M/layer_1/neuron_113/neuron_113_layer_1_top_k_only.png
Neuron 92, Layer 1, SD intervals: (5.0, 7.0)
Saved image to /network/scratch/s/sonia.joseph/CLIP_AUDIT/sampled_images/TinyCLIP40M/layer_1/neuron_92/neuron_92_layer_1_top_k_only.png
Neuron 10, Layer 1, SD intervals: (5.0, 7.0)
Saved image to /network/scratch/s/sonia.joseph/CLIP_AUDIT/sampled_images/TinyCLIP40M/layer_1/neuron_10/neuron_10_layer_1_top_k_only.png
Neuron 53, Layer 1, SD intervals: (5.0, 7.0)
Saved image to /network/scratch/s/sonia.joseph/CLIP_AUDIT/sampled_images/TinyCLIP40M/layer_1/neuron_53/neuron_53_layer_1_top_k_only.png
Neuron 429, Layer 1, SD intervals: (5.0, 7.0)
Saved image to /network/scratch/s/sonia.joseph/CLIP_AUDIT/sampled_images/TinyCLIP40M/layer_1/neuron_429/neuron_429_layer_1_top_k_only.png
Neuron 211, Layer 1, SD intervals: (5.0, 6.0)
Saved image to /network/scratch/s/sonia.joseph/CLIP_AUDIT/sampled_images/TinyCLIP40M/layer_1/neuron_211/neuron_211_layer_1_top_k_only.png
Neuron 98, Layer 1, SD intervals: (5.0, 7.0)
Saved image to /network/scratch/s/sonia.joseph/CLIP_AUDIT/sampled_images/TinyCLIP40M/layer_1/neuron_98/neuron_98_layer_1_top_k_only.png
Neuron 311, Layer 1, SD intervals: (5.0, 7.0)
Saved image to /network/scratch/s/sonia.joseph/CLIP_AUDIT/sampled_images/TinyCLIP40M/layer_1/neuron_311/neuron_311_layer_1_top_k_only.png
Neuron 388, Layer 1, SD intervals: (5.0, 8.0)
Saved image to /network/scratch/s/sonia.joseph/CLIP_AUDIT/sampled_images/TinyCLIP40M/layer_1/neuron_388/neuron_388_layer_1_top_k_only.png
Neuron 93, Layer 1, SD intervals: (6.0, 14.0)
Saved image to /network/scratch/s/sonia.joseph/CLIP_AUDIT/sampled_images/TinyCLIP40M/layer_1/neuron_93/neuron_93_layer_1_top_k_only.png
Neuron 369, Layer 1, SD intervals: (5.0, 8.0)
Saved image to /network/scratch/s/sonia.joseph/CLIP_AUDIT/sampled_images/TinyCLIP40M/layer_1/neuron_369/neuron_369_layer_1_top_k_only.png
Neuron 99, Layer 1, SD intervals: (5.0, 7.0)
Saved image to /network/scratch/s/sonia.joseph/CLIP_AUDIT/sampled_images/TinyCLIP40M/layer_1/neuron_99/neuron_99_layer_1_top_k_only.png
Neuron 154, Layer 1, SD intervals: (4.0, 6.0)
Saved image to /network/scratch/s/sonia.joseph/CLIP_AUDIT/sampled_images/TinyCLIP40M/layer_1/neuron_154/neuron_154_layer_1_top_k_only.png
Neuron 261, Layer 1, SD intervals: (4.0, 6.0)
Saved image to /network/scratch/s/sonia.joseph/CLIP_AUDIT/sampled_images/TinyCLIP40M/layer_1/neuron_261/neuron_261_layer_1_top_k_only.png
Neuron 170, Layer 1, SD intervals: (5.0, 7.0)
Saved image to /network/scratch/s/sonia.joseph/CLIP_AUDIT/sampled_images/TinyCLIP40M/layer_1/neuron_170/neuron_170_layer_1_top_k_only.png
Neuron 291, Layer 1, SD intervals: (4.0, 6.0)
Saved image to /network/scratch/s/sonia.joseph/CLIP_AUDIT/sampled_images/TinyCLIP40M/layer_1/neuron_291/neuron_291_layer_1_top_k_only.png
Neuron 456, Layer 1, SD intervals: (5.0, 7.0)
Saved image to /network/scratch/s/sonia.joseph/CLIP_AUDIT/sampled_images/TinyCLIP40M/layer_1/neuron_456/neuron_456_layer_1_top_k_only.png
Neuron 205, Layer 1, SD intervals: (5.0, 8.0)
Saved image to /network/scratch/s/sonia.joseph/CLIP_AUDIT/sampled_images/TinyCLIP40M/layer_1/neuron_205/neuron_205_layer_1_top_k_only.png
Neuron 441, Layer 1, SD intervals: (5.0, 19.0)
Saved image to /network/scratch/s/sonia.joseph/CLIP_AUDIT/sampled_images/TinyCLIP40M/layer_1/neuron_441/neuron_441_layer_1_top_k_only.png
Neuron 50, Layer 1, SD intervals: (5.0, 7.0)
Saved image to /network/scratch/s/sonia.joseph/CLIP_AUDIT/sampled_images/TinyCLIP40M/layer_1/neuron_50/neuron_50_layer_1_top_k_only.png
Neuron 266, Layer 1, SD intervals: (5.0, 7.0)
Saved image to /network/scratch/s/sonia.joseph/CLIP_AUDIT/sampled_images/TinyCLIP40M/layer_1/neuron_266/neuron_266_layer_1_top_k_only.png
Neuron 332, Layer 1, SD intervals: (4.0, 6.0)
Saved image to /network/scratch/s/sonia.joseph/CLIP_AUDIT/sampled_images/TinyCLIP40M/layer_1/neuron_332/neuron_332_layer_1_top_k_only.png
Neuron 381, Layer 1, SD intervals: (5.0, 7.0)
Saved image to /network/scratch/s/sonia.joseph/CLIP_AUDIT/sampled_images/TinyCLIP40M/layer_1/neuron_381/neuron_381_layer_1_top_k_only.png
Neuron 423, Layer 1, SD intervals: (4.0, 7.0)
Saved image to /network/scratch/s/sonia.joseph/CLIP_AUDIT/sampled_images/TinyCLIP40M/layer_1/neuron_423/neuron_423_layer_1_top_k_only.png
Neuron 283, Layer 1, SD intervals: (5.0, 7.0)
Saved image to /network/scratch/s/sonia.joseph/CLIP_AUDIT/sampled_images/TinyCLIP40M/layer_1/neuron_283/neuron_283_layer_1_top_k_only.png
Neuron 41, Layer 1, SD intervals: (6.0, 9.0)
Saved image to /network/scratch/s/sonia.joseph/CLIP_AUDIT/sampled_images/TinyCLIP40M/layer_1/neuron_41/neuron_41_layer_1_top_k_only.png
Neuron 227, Layer 1, SD intervals: (5.0, 7.0)
Saved image to /network/scratch/s/sonia.joseph/CLIP_AUDIT/sampled_images/TinyCLIP40M/layer_1/neuron_227/neuron_227_layer_1_top_k_only.png
Neuron 160, Layer 1, SD intervals: (5.0, 7.0)
Saved image to /network/scratch/s/sonia.joseph/CLIP_AUDIT/sampled_images/TinyCLIP40M/layer_1/neuron_160/neuron_160_layer_1_top_k_only.png
Neuron 231, Layer 1, SD intervals: (5.0, 9.0)
Saved image to /network/scratch/s/sonia.joseph/CLIP_AUDIT/sampled_images/TinyCLIP40M/layer_1/neuron_231/neuron_231_layer_1_top_k_only.png
Neuron 374, Layer 1, SD intervals: (5.0, 7.0)
Saved image to /network/scratch/s/sonia.joseph/CLIP_AUDIT/sampled_images/TinyCLIP40M/layer_1/neuron_374/neuron_374_layer_1_top_k_only.png
Neuron 259, Layer 1, SD intervals: (5.0, 7.0)
Saved image to /network/scratch/s/sonia.joseph/CLIP_AUDIT/sampled_images/TinyCLIP40M/layer_1/neuron_259/neuron_259_layer_1_top_k_only.png
Neuron 94, Layer 1, SD intervals: (5.0, 8.0)
Saved image to /network/scratch/s/sonia.joseph/CLIP_AUDIT/sampled_images/TinyCLIP40M/layer_1/neuron_94/neuron_94_layer_1_top_k_only.png
Neuron 172, Layer 1, SD intervals: (4.0, 6.0)
Saved image to /network/scratch/s/sonia.joseph/CLIP_AUDIT/sampled_images/TinyCLIP40M/layer_1/neuron_172/neuron_172_layer_1_top_k_only.png
Neuron 422, Layer 1, SD intervals: (5.0, 7.0)
Saved image to /network/scratch/s/sonia.joseph/CLIP_AUDIT/sampled_images/TinyCLIP40M/layer_1/neuron_422/neuron_422_layer_1_top_k_only.png
Neuron 391, Layer 1, SD intervals: (5.0, 8.0)
Saved image to /network/scratch/s/sonia.joseph/CLIP_AUDIT/sampled_images/TinyCLIP40M/layer_1/neuron_391/neuron_391_layer_1_top_k_only.png
Neuron 434, Layer 1, SD intervals: (4.0, 7.0)
Saved image to /network/scratch/s/sonia.joseph/CLIP_AUDIT/sampled_images/TinyCLIP40M/layer_1/neuron_434/neuron_434_layer_1_top_k_only.png
Neuron 117, Layer 1, SD intervals: (5.0, 7.0)
Saved image to /network/scratch/s/sonia.joseph/CLIP_AUDIT/sampled_images/TinyCLIP40M/layer_1/neuron_117/neuron_117_layer_1_top_k_only.png
Neuron 379, Layer 1, SD intervals: (5.0, 9.0)
Saved image to /network/scratch/s/sonia.joseph/CLIP_AUDIT/sampled_images/TinyCLIP40M/layer_1/neuron_379/neuron_379_layer_1_top_k_only.png
Neuron 279, Layer 1, SD intervals: (5.0, 6.0)
Saved image to /network/scratch/s/sonia.joseph/CLIP_AUDIT/sampled_images/TinyCLIP40M/layer_1/neuron_279/neuron_279_layer_1_top_k_only.png
Neuron 386, Layer 1, SD intervals: (5.0, 6.0)
Saved image to /network/scratch/s/sonia.joseph/CLIP_AUDIT/sampled_images/TinyCLIP40M/layer_1/neuron_386/neuron_386_layer_1_top_k_only.png
Neuron 450, Layer 1, SD intervals: (4.0, 6.0)
Saved image to /network/scratch/s/sonia.joseph/CLIP_AUDIT/sampled_images/TinyCLIP40M/layer_1/neuron_450/neuron_450_layer_1_top_k_only.png
Neuron 377, Layer 1, SD intervals: (4.0, 7.0)
Saved image to /network/scratch/s/sonia.joseph/CLIP_AUDIT/sampled_images/TinyCLIP40M/layer_1/neuron_377/neuron_377_layer_1_top_k_only.png
Neuron 138, Layer 1, SD intervals: (5.0, 7.0)
Saved image to /network/scratch/s/sonia.joseph/CLIP_AUDIT/sampled_images/TinyCLIP40M/layer_1/neuron_138/neuron_138_layer_1_top_k_only.png
Neuron 424, Layer 1, SD intervals: (5.0, 7.0)
Saved image to /network/scratch/s/sonia.joseph/CLIP_AUDIT/sampled_images/TinyCLIP40M/layer_1/neuron_424/neuron_424_layer_1_top_k_only.png
Neuron 152, Layer 1, SD intervals: (5.0, 7.0)
Saved image to /network/scratch/s/sonia.joseph/CLIP_AUDIT/sampled_images/TinyCLIP40M/layer_1/neuron_152/neuron_152_layer_1_top_k_only.png
Neuron 218, Layer 1, SD intervals: (4.0, 6.0)
Saved image to /network/scratch/s/sonia.joseph/CLIP_AUDIT/sampled_images/TinyCLIP40M/layer_1/neuron_218/neuron_218_layer_1_top_k_only.png
Neuron 439, Layer 1, SD intervals: (5.0, 8.0)
Saved image to /network/scratch/s/sonia.joseph/CLIP_AUDIT/sampled_images/TinyCLIP40M/layer_1/neuron_439/neuron_439_layer_1_top_k_only.png
Neuron 307, Layer 1, SD intervals: (4.0, 6.0)
Saved image to /network/scratch/s/sonia.joseph/CLIP_AUDIT/sampled_images/TinyCLIP40M/layer_1/neuron_307/neuron_307_layer_1_top_k_only.png
Neuron 271, Layer 1, SD intervals: (5.0, 7.0)
Saved image to /network/scratch/s/sonia.joseph/CLIP_AUDIT/sampled_images/TinyCLIP40M/layer_1/neuron_271/neuron_271_layer_1_top_k_only.png
Neuron 298, Layer 1, SD intervals: (4.0, 6.0)
Saved image to /network/scratch/s/sonia.joseph/CLIP_AUDIT/sampled_images/TinyCLIP40M/layer_1/neuron_298/neuron_298_layer_1_top_k_only.png
Neuron 290, Layer 1, SD intervals: (5.0, 7.0)
Saved image to /network/scratch/s/sonia.joseph/CLIP_AUDIT/sampled_images/TinyCLIP40M/layer_1/neuron_290/neuron_290_layer_1_top_k_only.png
Neuron 220, Layer 1, SD intervals: (5.0, 8.0)
Saved image to /network/scratch/s/sonia.joseph/CLIP_AUDIT/sampled_images/TinyCLIP40M/layer_1/neuron_220/neuron_220_layer_1_top_k_only.png
Neuron 468, Layer 1, SD intervals: (5.0, 7.0)
Saved image to /network/scratch/s/sonia.joseph/CLIP_AUDIT/sampled_images/TinyCLIP40M/layer_1/neuron_468/neuron_468_layer_1_top_k_only.png

======== GPU REPORT ========

==============NVSMI LOG==============

Timestamp                                 : Thu Jul 11 11:27:07 2024
Driver Version                            : 535.161.08
CUDA Version                              : 12.2

Attached GPUs                             : 1
GPU 00000000:44:00.0
    Accounting Mode                       : Enabled
    Accounting Mode Buffer Size           : 4000
    Accounted Processes
        Process ID                        : 2197499
            GPU Utilization               : 0 %
            Memory Utilization            : 0 %
            Max memory usage              : 382 MiB
            Time                          : 2065524 ms
            Is Running                    : 0

Thu Jul 11 11:27:07 2024       
+---------------------------------------------------------------------------------------+
| NVIDIA-SMI 535.161.08             Driver Version: 535.161.08   CUDA Version: 12.2     |
|-----------------------------------------+----------------------+----------------------+
| GPU  Name                 Persistence-M | Bus-Id        Disp.A | Volatile Uncorr. ECC |
| Fan  Temp   Perf          Pwr:Usage/Cap |         Memory-Usage | GPU-Util  Compute M. |
|                                         |                      |               MIG M. |
|=========================================+======================+======================|
|   0  Quadro RTX 8000                On  | 00000000:44:00.0 Off |                    0 |
| 33%   43C    P2              63W / 260W |      1MiB / 46080MiB |      5%      Default |
|                                         |                      |                  N/A |
+-----------------------------------------+----------------------+----------------------+
                                                                                         
+---------------------------------------------------------------------------------------+
| Processes:                                                                            |
|  GPU   GI   CI        PID   Type   Process name                            GPU Memory |
|        ID   ID                                                             Usage      |
|=======================================================================================|
|  No running processes found                                                           |
+---------------------------------------------------------------------------------------+
