{'n_layers': 12, 'd_model': 512, 'd_head': 64, 'model_name': '', 'n_heads': 8, 'd_mlp': 2048, 'activation_name': 'gelu', 'eps': 1e-05, 'original_architecture': 'vit_clip_vision_encoder', 'initializer_range': 0.02, 'n_channels': 3, 'patch_size': 32, 'image_size': 224, 'n_classes': 512, 'n_params': None, 'layer_norm_pre': True, 'return_type': 'class_logits'}
LayerNorm folded.
Centered weights writing to residual stream
Loaded pretrained model wkcn/TinyCLIP-ViT-40M-32-Text-19M-LAION400M into HookedTransformer

======== GPU REPORT ========

==============NVSMI LOG==============

Timestamp                                 : Wed Jul 10 23:58:30 2024
Driver Version                            : 535.161.08
CUDA Version                              : 12.2

Attached GPUs                             : 1
GPU 00000000:41:00.0
    Accounting Mode                       : Enabled
    Accounting Mode Buffer Size           : 4000
    Accounted Processes
        Process ID                        : 3153509
            GPU Utilization               : 0 %
            Memory Utilization            : 0 %
            Max memory usage              : 684 MiB
            Time                          : 0 ms
            Is Running                    : 1

Wed Jul 10 23:58:30 2024       
+---------------------------------------------------------------------------------------+
| NVIDIA-SMI 535.161.08             Driver Version: 535.161.08   CUDA Version: 12.2     |
|-----------------------------------------+----------------------+----------------------+
| GPU  Name                 Persistence-M | Bus-Id        Disp.A | Volatile Uncorr. ECC |
| Fan  Temp   Perf          Pwr:Usage/Cap |         Memory-Usage | GPU-Util  Compute M. |
|                                         |                      |               MIG M. |
|=========================================+======================+======================|
|   0  NVIDIA A100-SXM4-80GB          On  | 00000000:41:00.0 Off |                    0 |
| N/A   27C    P0              79W / 500W |    692MiB / 81920MiB |      0%      Default |
|                                         |                      |             Disabled |
+-----------------------------------------+----------------------+----------------------+
                                                                                         
+---------------------------------------------------------------------------------------+
| Processes:                                                                            |
|  GPU   GI   CI        PID   Type   Process name                            GPU Memory |
|        ID   ID                                                             Usage      |
|=======================================================================================|
|    0   N/A  N/A   3153509      C   python                                      684MiB |
+---------------------------------------------------------------------------------------+
{'n_layers': 12, 'd_model': 512, 'd_head': 64, 'model_name': '', 'n_heads': 8, 'd_mlp': 2048, 'activation_name': 'gelu', 'eps': 1e-05, 'original_architecture': 'vit_clip_vision_encoder', 'initializer_range': 0.02, 'n_channels': 3, 'patch_size': 32, 'image_size': 224, 'n_classes': 512, 'n_params': None, 'layer_norm_pre': True, 'return_type': 'class_logits'}
LayerNorm folded.
Centered weights writing to residual stream
Loaded pretrained model wkcn/TinyCLIP-ViT-40M-32-Text-19M-LAION400M into HookedTransformer
Neuron 447 in layer 8 already processed. Skipping.
Neuron 70 in layer 8 already processed. Skipping.
Neuron 53 in layer 8 already processed. Skipping.
Neuron 123 in layer 8 already processed. Skipping.
Neuron 218 in layer 8 already processed. Skipping.
Neuron 481 in layer 8 already processed. Skipping.
Neuron 114 in layer 8 already processed. Skipping.
Neuron 168 in layer 8 already processed. Skipping.
Neuron 98 in layer 8 already processed. Skipping.
Neuron 62 in layer 8 already processed. Skipping.
Neuron 250 in layer 8 already processed. Skipping.
Neuron 264 in layer 8 already processed. Skipping.
Neuron 68 in layer 8 already processed. Skipping.
Neuron 56 in layer 8 already processed. Skipping.
Neuron 259 in layer 8 already processed. Skipping.
Neuron 501 in layer 8 already processed. Skipping.
Neuron 399 in layer 8 already processed. Skipping.
Neuron 105 in layer 8 already processed. Skipping.
Neuron 71 in layer 8 already processed. Skipping.
Neuron 126 in layer 8 already processed. Skipping.
Neuron 385 in layer 8 already processed. Skipping.
Neuron 104 in layer 8 already processed. Skipping.
Neuron 253 in layer 8 already processed. Skipping.
Neuron 319 in layer 8 already processed. Skipping.
Neuron 163 in layer 8 already processed. Skipping.
Neuron 131 in layer 8 already processed. Skipping.
Neuron 198 in layer 8 already processed. Skipping.
Neuron 189 in layer 8 already processed. Skipping.
Neuron 358 in layer 8 already processed. Skipping.
Neuron 6 in layer 8 already processed. Skipping.
Neuron 191 in layer 8 already processed. Skipping.
Neuron 147 in layer 8 already processed. Skipping.
Neuron 468 in layer 8 already processed. Skipping.
Skipping interval (-7.0, -6.0, -0.5502094626426697, -0.5129398107528687) as it has less than 20 images
Skipping interval (7.0, 8.0, 0.5101558566093445, 0.5359244346618652) as it has less than 20 images
Neuron 466 in layer 8 already processed. Skipping.
Skipping interval (-7.0, -6.0, -0.4969905018806457, -0.4273524284362793) as it has less than 20 images
Skipping interval (6.0, 7.0, 0.5053945183753967, 0.5718699097633362) as it has less than 20 images
Skipping interval (-7.0, -6.0, -0.4251392185688019, -0.3907782435417175) as it has less than 20 images
Skipping interval (-8.0, -7.0, -0.5827776193618774, -0.5827776193618774) as it has less than 20 images
Skipping interval (-7.0, -6.0, -0.5385053157806396, -0.49020516872406) as it has less than 20 images
Skipping interval (-6.0, -5.0, -0.4816245436668396, -0.4111108779907226) as it has less than 20 images
Skipping interval (6.0, 7.0, 0.4487915635108948, 0.4883821010589599) as it has less than 20 images
Skipping interval (-6.0, -5.0, -0.4811203479766845, -0.4390071034431457) as it has less than 20 images
Skipping interval (-7.0, -6.0, -0.454753041267395, -0.4267571568489074) as it has less than 20 images
Skipping interval (8.0, 9.0, 0.5708911418914795, 0.6081978678703308) as it has less than 20 images
Skipping interval (9.0, 10.0, 0.6614543199539185, 0.6614543199539185) as it has less than 20 images
Skipping interval (-7.0, -6.0, -0.4786927700042724, -0.4786927700042724) as it has less than 20 images
Skipping interval (7.0, 8.0, 0.5370340347290039, 0.544235348701477) as it has less than 20 images
Skipping interval (-8.0, -7.0, -0.5173318982124329, -0.5173318982124329) as it has less than 20 images
Skipping interval (-7.0, -6.0, -0.4665915966033935, -0.3954647183418274) as it has less than 20 images
Skipping interval (6.0, 7.0, 0.5450013279914856, 0.6114041209220886) as it has less than 20 images
Skipping interval (7.0, 8.0, 0.638305127620697, 0.638305127620697) as it has less than 20 images
Skipping interval (-7.0, -6.0, -0.2047686576843261, -0.2047686576843261) as it has less than 20 images
Skipping interval (-6.0, -5.0, -0.1946747899055481, -0.1257938742637634) as it has less than 20 images
Skipping interval (6.0, 7.0, 0.6871126890182495, 0.7366142868995667) as it has less than 20 images
Skipping interval (-7.0, -6.0, -0.4661675095558166, -0.457543671131134) as it has less than 20 images
Skipping interval (6.0, 7.0, 0.4589050114154815, 0.5241654515266418) as it has less than 20 images
Skipping interval (-8.0, -7.0, -0.4514918923377991, -0.4514918923377991) as it has less than 20 images
Skipping interval (-7.0, -6.0, -0.3856286406517029, -0.3674500584602356) as it has less than 20 images
Skipping interval (7.0, 8.0, 0.6508092284202576, 0.7196435332298279) as it has less than 20 images
Skipping interval (-8.0, -7.0, -0.5092673897743225, -0.4659541845321655) as it has less than 20 images
Skipping interval (6.0, 7.0, 0.4975378513336181, 0.5571666359901428) as it has less than 20 images
Skipping interval (7.0, 8.0, 0.5698334574699402, 0.6413179039955139) as it has less than 20 images
Skipping interval (8.0, 9.0, 0.6995778679847717, 0.6995778679847717) as it has less than 20 images
Skipping interval (9.0, 10.0, 0.7199494242668152, 0.7199494242668152) as it has less than 20 images
Skipping interval (-8.0, -7.0, -0.6373263597488403, -0.5891513824462891) as it has less than 20 images
Skipping interval (6.0, 7.0, 0.4526278376579284, 0.4526278376579284) as it has less than 20 images
Skipping interval (-8.0, -7.0, -0.690424382686615, -0.6266462206840515) as it has less than 20 images
Skipping interval (-7.0, -6.0, -0.60102778673172, -0.5375775098800659) as it has less than 20 images
Skipping interval (7.0, 8.0, 0.5062859654426575, 0.579603374004364) as it has less than 20 images
Skipping interval (8.0, 9.0, 0.5897098183631897, 0.6219476461410522) as it has less than 20 images
Skipping interval (-7.0, -6.0, -0.5739801526069641, -0.5118794441223145) as it has less than 20 images
Skipping interval (7.0, 8.0, 0.4824727177619934, 0.5438551902770996) as it has less than 20 images
Skipping interval (8.0, 9.0, 0.56537264585495, 0.596220076084137) as it has less than 20 images
Neuron 81 in layer 8 already processed. Skipping.
Skipping interval (-8.0, -7.0, -0.5214597582817078, -0.5214597582817078) as it has less than 20 images
Skipping interval (-7.0, -6.0, -0.5004174113273621, -0.4280132055282593) as it has less than 20 images
Skipping interval (6.0, 7.0, 0.5090292096138, 0.5724610090255737) as it has less than 20 images
Neuron 228 in layer 8 already processed. Skipping.
Skipping interval (-7.0, -6.0, -0.5424863696098328, -0.525834858417511) as it has less than 20 images
Skipping interval (5.0, 6.0, 0.326442688703537, 0.3713403642177582) as it has less than 20 images
Neuron 42 in layer 8 already processed. Skipping.
Skipping interval (-7.0, -6.0, -0.5077788233757019, -0.4865407943725586) as it has less than 20 images
Skipping interval (6.0, 7.0, 0.4501662850379944, 0.521260678768158) as it has less than 20 images
Skipping interval (7.0, 8.0, 0.5374271869659424, 0.5831076502799988) as it has less than 20 images
Skipping interval (8.0, 9.0, 0.648251473903656, 0.6775650382041931) as it has less than 20 images
Neuron 182 in layer 8 already processed. Skipping.
Skipping interval (-9.0, -8.0, -0.5793912410736084, -0.5793912410736084) as it has less than 20 images
Skipping interval (-8.0, -7.0, -0.5713876485824585, -0.5035125613212585) as it has less than 20 images
Skipping interval (7.0, 8.0, 0.5434931516647339, 0.591096043586731) as it has less than 20 images
Neuron 12 in layer 8 already processed. Skipping.
Skipping interval (-8.0, -7.0, -0.6530052423477173, -0.5964259505271912) as it has less than 20 images
Skipping interval (7.0, 8.0, 0.5152981877326965, 0.5354952216148376) as it has less than 20 images
Neuron 113 in layer 8 already processed. Skipping.
Skipping interval (-9.0, -8.0, -0.5299810171127319, -0.5299810171127319) as it has less than 20 images
Skipping interval (-8.0, -7.0, -0.5127689242362976, -0.4439536929130554) as it has less than 20 images
Skipping interval (6.0, 7.0, 0.5745366811752319, 0.6492829918861389) as it has less than 20 images
Skipping interval (7.0, 8.0, 0.5234220623970032, 0.575001060962677) as it has less than 20 images
Neuron 300 in layer 8 already processed. Skipping.
Skipping interval (6.0, 7.0, 0.6157781481742859, 0.6313477754592896) as it has less than 20 images
Neuron 360 in layer 8 already processed. Skipping.
Skipping interval (-10.0, -9.0, -0.6840477585792542, -0.6604771614074707) as it has less than 20 images
Skipping interval (7.0, 8.0, 0.502454400062561, 0.502454400062561) as it has less than 20 images
Neuron 353 in layer 8 already processed. Skipping.
Skipping interval (-7.0, -6.0, -0.4800978600978851, -0.4800978600978851) as it has less than 20 images
Skipping interval (-6.0, -5.0, -0.4686647355556488, -0.4049559235572815) as it has less than 20 images
Skipping interval (6.0, 7.0, 0.4855409264564514, 0.4855409264564514) as it has less than 20 images
Skipping interval (-10.0, -9.0, -0.6163739562034607, -0.5928123593330383) as it has less than 20 images
Skipping interval (6.0, 7.0, 0.5029186010360718, 0.533025324344635) as it has less than 20 images
Skipping interval (-8.0, -7.0, -0.523457944393158, -0.523457944393158) as it has less than 20 images
Skipping interval (-7.0, -6.0, -0.5183814764022827, -0.4513167440891266) as it has less than 20 images
Skipping interval (7.0, 8.0, 0.4870002865791321, 0.5150699019432068) as it has less than 20 images
Neuron 506 in layer 8 already processed. Skipping.
Skipping interval (-7.0, -6.0, -0.2696227431297302, -0.2147387713193893) as it has less than 20 images
Skipping interval (7.0, 8.0, 0.5394348502159119, 0.5487217307090759) as it has less than 20 images
Neuron 390 in layer 8 already processed. Skipping.
Skipping interval (6.0, 7.0, 0.4471227526664734, 0.4744107723236084) as it has less than 20 images
Neuron 90 in layer 8 already processed. Skipping.
Skipping interval (-9.0, -8.0, -0.5719244480133057, -0.5357871055603027) as it has less than 20 images
Skipping interval (-8.0, -7.0, -0.5248953700065613, -0.4628405570983886) as it has less than 20 images
Skipping interval (8.0, 9.0, 0.638518214225769, 0.6428351998329163) as it has less than 20 images
Neuron 443 in layer 8 already processed. Skipping.
Skipping interval (-7.0, -6.0, -0.4702066779136657, -0.4285175800323486) as it has less than 20 images
Skipping interval (6.0, 7.0, 0.3629812002182007, 0.3944118320941925) as it has less than 20 images
Neuron 18 in layer 8 already processed. Skipping.
Skipping interval (-8.0, -7.0, -0.6565098166465759, -0.6565098166465759) as it has less than 20 images
Skipping interval (-7.0, -6.0, -0.6248239874839783, -0.5769238471984863) as it has less than 20 images
Skipping interval (7.0, 8.0, 0.4551246166229248, 0.4698536992073059) as it has less than 20 images
Skipping interval (-8.0, -7.0, -0.5466951131820679, -0.5466951131820679) as it has less than 20 images
Skipping interval (-7.0, -6.0, -0.4775717556476593, -0.4323559105396271) as it has less than 20 images
Skipping interval (6.0, 7.0, 0.5174400210380554, 0.55702143907547) as it has less than 20 images
Skipping interval (7.0, 8.0, 0.5962700247764587, 0.6077942252159119) as it has less than 20 images
Neuron 272 in layer 8 already processed. Skipping.
Skipping interval (6.0, 7.0, 0.4894996881484985, 0.5394884943962097) as it has less than 20 images
Neuron 331 in layer 8 already processed. Skipping.
Skipping interval (-7.0, -6.0, -0.5214910507202148, -0.4858091473579407) as it has less than 20 images
Skipping interval (6.0, 7.0, 0.4839790761470794, 0.5549856424331665) as it has less than 20 images
Skipping interval (7.0, 8.0, 0.6053147912025452, 0.6053147912025452) as it has less than 20 images
Neuron 85 in layer 8 already processed. Skipping.
Skipping interval (-7.0, -6.0, -0.5038542151451111, -0.5038542151451111) as it has less than 20 images
Skipping interval (6.0, 7.0, 0.4354475736618042, 0.495316743850708) as it has less than 20 images
Skipping interval (7.0, 8.0, 0.5226158499717712, 0.5226158499717712) as it has less than 20 images
Neuron 30 in layer 8 already processed. Skipping.
Skipping interval (-8.0, -7.0, -0.4636741578578949, -0.4636741578578949) as it has less than 20 images
Skipping interval (-7.0, -6.0, -0.4597116410732269, -0.3942709565162658) as it has less than 20 images
Skipping interval (8.0, 9.0, 0.5705029368400574, 0.6330580711364746) as it has less than 20 images
Skipping interval (9.0, 10.0, 0.642449140548706, 0.642449140548706) as it has less than 20 images
Neuron 497 in layer 8 already processed. Skipping.
Skipping interval (-7.0, -6.0, -0.4770889282226562, -0.4277729392051697) as it has less than 20 images
Skipping interval (7.0, 8.0, 0.5645110607147217, 0.614413321018219) as it has less than 20 images
Neuron 233 in layer 8 already processed. Skipping.
Skipping interval (-7.0, -6.0, -0.4239377975463867, -0.4153202772140503) as it has less than 20 images
Skipping interval (6.0, 7.0, 0.4908490478992462, 0.5223488807678223) as it has less than 20 images
Neuron 206 in layer 8 already processed. Skipping.
Skipping interval (-7.0, -6.0, -0.454725444316864, -0.4314685463905334) as it has less than 20 images
Skipping interval (7.0, 8.0, 0.5854243636131287, 0.6299586892127991) as it has less than 20 images
Skipping interval (8.0, 9.0, 0.7134788036346436, 0.7134788036346436) as it has less than 20 images
Neuron 136 in layer 8 already processed. Skipping.
Skipping interval (-9.0, -8.0, -0.5686555504798889, -0.5686555504798889) as it has less than 20 images
Skipping interval (-8.0, -7.0, -0.4796873331069946, -0.475786030292511) as it has less than 20 images
Skipping interval (6.0, 7.0, 0.5043371319770813, 0.5568932890892029) as it has less than 20 images
Skipping interval (-7.0, -6.0, -0.4663817882537842, -0.4125588536262512) as it has less than 20 images
Skipping interval (6.0, 7.0, 0.5152208805084229, 0.5393948554992676) as it has less than 20 images
Neuron 156 in layer 8 already processed. Skipping.
Skipping interval (-7.0, -6.0, -0.5782082676887512, -0.5420114398002625) as it has less than 20 images
Skipping interval (7.0, 8.0, 0.4377723932266235, 0.4827675819396972) as it has less than 20 images

======== GPU REPORT ========

==============NVSMI LOG==============

Timestamp                                 : Thu Jul 11 02:14:51 2024
Driver Version                            : 535.161.08
CUDA Version                              : 12.2

Attached GPUs                             : 1
GPU 00000000:A3:00.0
    Accounting Mode                       : Enabled
    Accounting Mode Buffer Size           : 4000
    Accounted Processes
        Process ID                        : 365654
            GPU Utilization               : 0 %
            Memory Utilization            : 0 %
            Max memory usage              : 382 MiB
            Time                          : 8031800 ms
            Is Running                    : 0

Thu Jul 11 02:14:51 2024       
+---------------------------------------------------------------------------------------+
| NVIDIA-SMI 535.161.08             Driver Version: 535.161.08   CUDA Version: 12.2     |
|-----------------------------------------+----------------------+----------------------+
| GPU  Name                 Persistence-M | Bus-Id        Disp.A | Volatile Uncorr. ECC |
| Fan  Temp   Perf          Pwr:Usage/Cap |         Memory-Usage | GPU-Util  Compute M. |
|                                         |                      |               MIG M. |
|=========================================+======================+======================|
|   0  Quadro RTX 8000                On  | 00000000:A3:00.0 Off |                    0 |
| 33%   34C    P2              68W / 260W |      1MiB / 46080MiB |      5%      Default |
|                                         |                      |                  N/A |
+-----------------------------------------+----------------------+----------------------+
                                                                                         
+---------------------------------------------------------------------------------------+
| Processes:                                                                            |
|  GPU   GI   CI        PID   Type   Process name                            GPU Memory |
|        ID   ID                                                             Usage      |
|=======================================================================================|
|  No running processes found                                                           |
+---------------------------------------------------------------------------------------+
